[1.634s] Invoking command in '/root/FallDetect2_ws/src/fall_detection_pkg': PYTHONPATH=/root/FallDetect2_ws/build/fall_detection_pkg/prefix_override:/usr/lib/python3/dist-packages/colcon_core/task/python/colcon_distutils_commands:/root/FallDetect2_ws/install/fall_detection_pkg/lib/python3.10/site-packages:${PYTHONPATH} /usr/bin/python3 -W ignore:setup.py install is deprecated -W ignore:easy_install command is deprecated setup.py egg_info --egg-base ../../build/fall_detection_pkg build --build-base /root/FallDetect2_ws/build/fall_detection_pkg/build install --record /root/FallDetect2_ws/build/fall_detection_pkg/install.log --single-version-externally-managed install_data
[1.990s] running egg_info
[2.008s] writing ../../build/fall_detection_pkg/fall_detection_pkg.egg-info/PKG-INFO
[2.011s] writing dependency_links to ../../build/fall_detection_pkg/fall_detection_pkg.egg-info/dependency_links.txt
[2.012s] writing entry points to ../../build/fall_detection_pkg/fall_detection_pkg.egg-info/entry_points.txt
[2.013s] writing requirements to ../../build/fall_detection_pkg/fall_detection_pkg.egg-info/requires.txt
[2.014s] writing top-level names to ../../build/fall_detection_pkg/fall_detection_pkg.egg-info/top_level.txt
[2.071s] reading manifest file '../../build/fall_detection_pkg/fall_detection_pkg.egg-info/SOURCES.txt'
[2.075s] writing manifest file '../../build/fall_detection_pkg/fall_detection_pkg.egg-info/SOURCES.txt'
[2.075s] running build
[2.076s] running build_py
[2.077s] copying fall_detection_pkg/camera_node.py -> /root/FallDetect2_ws/build/fall_detection_pkg/build/lib/fall_detection_pkg
[2.078s] copying fall_detection_pkg/__init__.py -> /root/FallDetect2_ws/build/fall_detection_pkg/build/lib/fall_detection_pkg
[2.079s] copying fall_detection_pkg/test_node.py -> /root/FallDetect2_ws/build/fall_detection_pkg/build/lib/fall_detection_pkg
[2.079s] copying fall_detection_pkg/fall_detection_node.py -> /root/FallDetect2_ws/build/fall_detection_pkg/build/lib/fall_detection_pkg
[2.080s] copying fall_detection_pkg/image_preview_node.py -> /root/FallDetect2_ws/build/fall_detection_pkg/build/lib/fall_detection_pkg
[2.080s] running install
[2.087s] running install_lib
[2.108s] copying /root/FallDetect2_ws/build/fall_detection_pkg/build/lib/fall_detection_pkg/camera_node.py -> /root/FallDetect2_ws/install/fall_detection_pkg/lib/python3.10/site-packages/fall_detection_pkg
[2.109s] byte-compiling /root/FallDetect2_ws/install/fall_detection_pkg/lib/python3.10/site-packages/fall_detection_pkg/camera_node.py to camera_node.cpython-310.pyc
[2.114s] running install_data
[2.115s] copying resource/fall_detection_pkg -> /root/FallDetect2_ws/install/fall_detection_pkg/share/ament_index/resource_index/packages
[2.115s] copying package.xml -> /root/FallDetect2_ws/install/fall_detection_pkg/share/fall_detection_pkg
[2.116s] copying launch/complete_system_launch.py -> /root/FallDetect2_ws/install/fall_detection_pkg/share/fall_detection_pkg/launch
[2.116s] copying launch/camera_launch.py -> /root/FallDetect2_ws/install/fall_detection_pkg/share/fall_detection_pkg/launch
[2.116s] copying launch/fall_detection_with_preview_launch.py -> /root/FallDetect2_ws/install/fall_detection_pkg/share/fall_detection_pkg/launch
[2.117s] copying launch/hf867_system_launch_fixed.py -> /root/FallDetect2_ws/install/fall_detection_pkg/share/fall_detection_pkg/launch
[2.117s] copying launch/hf867_optimized_launch.py -> /root/FallDetect2_ws/install/fall_detection_pkg/share/fall_detection_pkg/launch
[2.118s] copying launch/hf867_system_launch.py -> /root/FallDetect2_ws/install/fall_detection_pkg/share/fall_detection_pkg/launch
[2.118s] copying models/README.md -> /root/FallDetect2_ws/install/fall_detection_pkg/share/fall_detection_pkg/models
[2.119s] copying models/mobilenet_ssd.tflite -> /root/FallDetect2_ws/install/fall_detection_pkg/share/fall_detection_pkg/models
[2.227s] copying calibration_data/hf867_dist_coeffs.npy -> /root/FallDetect2_ws/install/fall_detection_pkg/share/fall_detection_pkg/calibration_data
[2.230s] copying calibration_data/hf867_camera_matrix.npy -> /root/FallDetect2_ws/install/fall_detection_pkg/share/fall_detection_pkg/calibration_data
[2.233s] copying calibration_data/README.md -> /root/FallDetect2_ws/install/fall_detection_pkg/share/fall_detection_pkg/calibration_data
[2.237s] copying scripts/reset_hf867_factory.py -> /root/FallDetect2_ws/install/fall_detection_pkg/share/fall_detection_pkg/scripts
[2.238s] copying scripts/hf867_camera_tuner.py -> /root/FallDetect2_ws/install/fall_detection_pkg/share/fall_detection_pkg/scripts
[2.239s] copying scripts/create_test_model.py -> /root/FallDetect2_ws/install/fall_detection_pkg/share/fall_detection_pkg/scripts
[2.240s] copying scripts/download_model.py -> /root/FallDetect2_ws/install/fall_detection_pkg/share/fall_detection_pkg/scripts
[2.242s] copying scripts/camera_calibration.py -> /root/FallDetect2_ws/install/fall_detection_pkg/share/fall_detection_pkg/scripts
[2.243s] copying scripts/preview_camera.py -> /root/FallDetect2_ws/install/fall_detection_pkg/share/fall_detection_pkg/scripts
[2.245s] copying scripts/hf867_calibration.py -> /root/FallDetect2_ws/install/fall_detection_pkg/share/fall_detection_pkg/scripts
[2.246s] copying scripts/camera_exposure_test.py -> /root/FallDetect2_ws/install/fall_detection_pkg/share/fall_detection_pkg/scripts
[2.248s] copying scripts/test_fall_detection.py -> /root/FallDetect2_ws/install/fall_detection_pkg/share/fall_detection_pkg/scripts
[2.249s] copying scripts/aggressive_exposure_fix.py -> /root/FallDetect2_ws/install/fall_detection_pkg/share/fall_detection_pkg/scripts
[2.249s] running install_egg_info
[2.279s] removing '/root/FallDetect2_ws/install/fall_detection_pkg/lib/python3.10/site-packages/fall_detection_pkg-1.0.0-py3.10.egg-info' (and everything under it)
[2.279s] Copying ../../build/fall_detection_pkg/fall_detection_pkg.egg-info to /root/FallDetect2_ws/install/fall_detection_pkg/lib/python3.10/site-packages/fall_detection_pkg-1.0.0-py3.10.egg-info
[2.280s] running install_scripts
[2.429s] Installing camera_node script to /root/FallDetect2_ws/install/fall_detection_pkg/bin
[2.429s] Installing fall_detection_node script to /root/FallDetect2_ws/install/fall_detection_pkg/bin
[2.430s] Installing image_preview_node script to /root/FallDetect2_ws/install/fall_detection_pkg/bin
[2.431s] Installing test_node script to /root/FallDetect2_ws/install/fall_detection_pkg/bin
[2.433s] writing list of installed files to '/root/FallDetect2_ws/build/fall_detection_pkg/install.log'
[2.547s] Invoked command in '/root/FallDetect2_ws/src/fall_detection_pkg' returned '0': PYTHONPATH=/root/FallDetect2_ws/build/fall_detection_pkg/prefix_override:/usr/lib/python3/dist-packages/colcon_core/task/python/colcon_distutils_commands:/root/FallDetect2_ws/install/fall_detection_pkg/lib/python3.10/site-packages:${PYTHONPATH} /usr/bin/python3 -W ignore:setup.py install is deprecated -W ignore:easy_install command is deprecated setup.py egg_info --egg-base ../../build/fall_detection_pkg build --build-base /root/FallDetect2_ws/build/fall_detection_pkg/build install --record /root/FallDetect2_ws/build/fall_detection_pkg/install.log --single-version-externally-managed install_data
