[2.191s] DEBUG:colcon:Command line arguments: ['/usr/bin/colcon', 'build']
[2.198s] DEBUG:colcon:Parsed command line arguments: Namespace(log_base=None, log_level=None, verb_name='build', build_base='build', install_base='install', merge_install=False, symlink_install=False, test_result_base=None, continue_on_error=False, executor='parallel', parallel_workers=8, event_handlers=None, ignore_user_meta=False, metas=['./colcon.meta'], base_paths=['.'], packages_ignore=None, packages_ignore_regex=None, paths=None, packages_up_to=None, packages_up_to_regex=None, packages_above=None, packages_above_and_dependencies=None, packages_above_depth=None, packages_select_by_dep=None, packages_skip_by_dep=None, packages_skip_up_to=None, packages_select_build_failed=False, packages_skip_build_finished=False, packages_select_test_failures=False, packages_skip_test_passed=False, packages_select=None, packages_skip=None, packages_select_regex=None, packages_skip_regex=None, packages_start=None, packages_end=None, allow_overriding=[], bazel_args=None, bazel_task=None, cmake_args=None, cmake_target=None, cmake_target_skip_unavailable=False, cmake_clean_cache=False, cmake_clean_first=False, cmake_force_configure=False, meson_args=[], ament_cmake_args=None, catkin_cmake_args=None, catkin_skip_building_tests=False, mixin_files=None, mixin=None, verb_parser=<colcon_alias.argument_parser.alias.AliasArgumentDecorator object at 0xffffbbb9c9d0>, verb_extension=<colcon_core.verb.build.BuildVerb object at 0xffffbbe1b250>, main=<bound method BuildVerb.main of <colcon_core.verb.build.BuildVerb object at 0xffffbbe1b250>>, mixin_verb=('build',))
[3.682s] Level 1:colcon.colcon_core.package_discovery:discover_packages(colcon_meta) check parameters
[3.682s] Level 1:colcon.colcon_core.package_discovery:discover_packages(recursive) check parameters
[3.683s] Level 1:colcon.colcon_core.package_discovery:discover_packages(ignore) check parameters
[3.683s] Level 1:colcon.colcon_core.package_discovery:discover_packages(path) check parameters
[3.683s] Level 1:colcon.colcon_core.package_discovery:discover_packages(colcon_meta) discover
[3.684s] Level 1:colcon.colcon_core.package_discovery:discover_packages(recursive) discover
[3.684s] INFO:colcon.colcon_core.package_discovery:Crawling recursively for packages in '/root/home_label'
[3.684s] Level 1:colcon.colcon_core.package_identification:_identify(.) by extensions ['ignore', 'ignore_ament_install']
[3.685s] Level 1:colcon.colcon_core.package_identification:_identify(.) by extension 'ignore'
[3.685s] Level 1:colcon.colcon_core.package_identification:_identify(.) by extension 'ignore_ament_install'
[3.686s] Level 1:colcon.colcon_core.package_identification:_identify(.) by extensions ['colcon_pkg']
[3.686s] Level 1:colcon.colcon_core.package_identification:_identify(.) by extension 'colcon_pkg'
[3.686s] Level 1:colcon.colcon_core.package_identification:_identify(.) by extensions ['colcon_meta']
[3.686s] Level 1:colcon.colcon_core.package_identification:_identify(.) by extension 'colcon_meta'
[3.687s] Level 1:colcon.colcon_core.package_identification:_identify(.) by extensions ['ros']
[3.687s] Level 1:colcon.colcon_core.package_identification:_identify(.) by extension 'ros'
[3.711s] Level 1:colcon.colcon_core.package_identification:_identify(.) by extensions ['bazel', 'cmake', 'meson', 'python']
[3.711s] Level 1:colcon.colcon_core.package_identification:_identify(.) by extension 'bazel'
[3.712s] Level 1:colcon.colcon_core.package_identification:_identify(.) by extension 'cmake'
[3.712s] Level 1:colcon.colcon_core.package_identification:_identify(.) by extension 'meson'
[3.713s] Level 1:colcon.colcon_core.package_identification:_identify(.) by extension 'python'
[3.713s] Level 1:colcon.colcon_core.package_identification:_identify(.) by extensions ['python_setup_py']
[3.713s] Level 1:colcon.colcon_core.package_identification:_identify(.) by extension 'python_setup_py'
[3.714s] Level 1:colcon.colcon_core.package_identification:_identify(build) by extensions ['ignore', 'ignore_ament_install']
[3.714s] Level 1:colcon.colcon_core.package_identification:_identify(build) by extension 'ignore'
[3.714s] Level 1:colcon.colcon_core.package_identification:_identify(build) ignored
[3.715s] Level 1:colcon.colcon_core.package_identification:_identify(install) by extensions ['ignore', 'ignore_ament_install']
[3.716s] Level 1:colcon.colcon_core.package_identification:_identify(install) by extension 'ignore'
[3.716s] Level 1:colcon.colcon_core.package_identification:_identify(install) ignored
[3.716s] Level 1:colcon.colcon_core.package_identification:_identify(log) by extensions ['ignore', 'ignore_ament_install']
[3.717s] Level 1:colcon.colcon_core.package_identification:_identify(log) by extension 'ignore'
[3.717s] Level 1:colcon.colcon_core.package_identification:_identify(log) ignored
[3.717s] Level 1:colcon.colcon_core.package_identification:_identify(src) by extensions ['ignore', 'ignore_ament_install']
[3.718s] Level 1:colcon.colcon_core.package_identification:_identify(src) by extension 'ignore'
[3.718s] Level 1:colcon.colcon_core.package_identification:_identify(src) by extension 'ignore_ament_install'
[3.718s] Level 1:colcon.colcon_core.package_identification:_identify(src) by extensions ['colcon_pkg']
[3.719s] Level 1:colcon.colcon_core.package_identification:_identify(src) by extension 'colcon_pkg'
[3.719s] Level 1:colcon.colcon_core.package_identification:_identify(src) by extensions ['colcon_meta']
[3.719s] Level 1:colcon.colcon_core.package_identification:_identify(src) by extension 'colcon_meta'
[3.719s] Level 1:colcon.colcon_core.package_identification:_identify(src) by extensions ['ros']
[3.720s] Level 1:colcon.colcon_core.package_identification:_identify(src) by extension 'ros'
[3.720s] Level 1:colcon.colcon_core.package_identification:_identify(src) by extensions ['bazel', 'cmake', 'meson', 'python']
[3.720s] Level 1:colcon.colcon_core.package_identification:_identify(src) by extension 'bazel'
[3.721s] Level 1:colcon.colcon_core.package_identification:_identify(src) by extension 'cmake'
[3.721s] Level 1:colcon.colcon_core.package_identification:_identify(src) by extension 'meson'
[3.721s] Level 1:colcon.colcon_core.package_identification:_identify(src) by extension 'python'
[3.721s] Level 1:colcon.colcon_core.package_identification:_identify(src) by extensions ['python_setup_py']
[3.722s] Level 1:colcon.colcon_core.package_identification:_identify(src) by extension 'python_setup_py'
[3.722s] Level 1:colcon.colcon_core.package_identification:_identify(src/home_label_package) by extensions ['ignore', 'ignore_ament_install']
[3.723s] Level 1:colcon.colcon_core.package_identification:_identify(src/home_label_package) by extension 'ignore'
[3.723s] Level 1:colcon.colcon_core.package_identification:_identify(src/home_label_package) by extension 'ignore_ament_install'
[3.723s] Level 1:colcon.colcon_core.package_identification:_identify(src/home_label_package) by extensions ['colcon_pkg']
[3.723s] Level 1:colcon.colcon_core.package_identification:_identify(src/home_label_package) by extension 'colcon_pkg'
[3.724s] Level 1:colcon.colcon_core.package_identification:_identify(src/home_label_package) by extensions ['colcon_meta']
[3.724s] Level 1:colcon.colcon_core.package_identification:_identify(src/home_label_package) by extension 'colcon_meta'
[3.724s] Level 1:colcon.colcon_core.package_identification:_identify(src/home_label_package) by extensions ['ros']
[3.724s] Level 1:colcon.colcon_core.package_identification:_identify(src/home_label_package) by extension 'ros'
[3.740s] DEBUG:colcon.colcon_core.package_identification:Package 'src/home_label_package' with type 'ros.ament_python' and name 'home_label_package'
[3.741s] Level 1:colcon.colcon_core.package_identification:_identify(src/home_label_publisher) by extensions ['ignore', 'ignore_ament_install']
[3.742s] Level 1:colcon.colcon_core.package_identification:_identify(src/home_label_publisher) by extension 'ignore'
[3.742s] Level 1:colcon.colcon_core.package_identification:_identify(src/home_label_publisher) by extension 'ignore_ament_install'
[3.742s] Level 1:colcon.colcon_core.package_identification:_identify(src/home_label_publisher) by extensions ['colcon_pkg']
[3.743s] Level 1:colcon.colcon_core.package_identification:_identify(src/home_label_publisher) by extension 'colcon_pkg'
[3.743s] Level 1:colcon.colcon_core.package_identification:_identify(src/home_label_publisher) by extensions ['colcon_meta']
[3.743s] Level 1:colcon.colcon_core.package_identification:_identify(src/home_label_publisher) by extension 'colcon_meta'
[3.743s] Level 1:colcon.colcon_core.package_identification:_identify(src/home_label_publisher) by extensions ['ros']
[3.744s] Level 1:colcon.colcon_core.package_identification:_identify(src/home_label_publisher) by extension 'ros'
[3.744s] Level 1:colcon.colcon_core.package_identification:_identify(src/home_label_publisher) by extensions ['bazel', 'cmake', 'meson', 'python']
[3.744s] Level 1:colcon.colcon_core.package_identification:_identify(src/home_label_publisher) by extension 'bazel'
[3.745s] Level 1:colcon.colcon_core.package_identification:_identify(src/home_label_publisher) by extension 'cmake'
[3.745s] Level 1:colcon.colcon_core.package_identification:_identify(src/home_label_publisher) by extension 'meson'
[3.745s] Level 1:colcon.colcon_core.package_identification:_identify(src/home_label_publisher) by extension 'python'
[3.746s] Level 1:colcon.colcon_core.package_identification:_identify(src/home_label_publisher) by extensions ['python_setup_py']
[3.746s] Level 1:colcon.colcon_core.package_identification:_identify(src/home_label_publisher) by extension 'python_setup_py'
[3.746s] Level 1:colcon.colcon_core.package_discovery:discover_packages(recursive) using defaults
[3.746s] Level 1:colcon.colcon_core.package_discovery:discover_packages(ignore) discover
[3.747s] Level 1:colcon.colcon_core.package_discovery:discover_packages(ignore) using defaults
[3.747s] Level 1:colcon.colcon_core.package_discovery:discover_packages(path) discover
[3.747s] Level 1:colcon.colcon_core.package_discovery:discover_packages(path) using defaults
[3.874s] Level 1:colcon.colcon_core.package_discovery:discover_packages(prefix_path) check parameters
[3.875s] Level 1:colcon.colcon_core.package_discovery:discover_packages(prefix_path) discover
[3.893s] DEBUG:colcon.colcon_installed_package_information.package_discovery:Found 3 installed packages in /root/uros_ws/install
[3.899s] DEBUG:colcon.colcon_installed_package_information.package_discovery:Found 15 installed packages in /userdata/dev_ws/install
[3.902s] DEBUG:colcon.colcon_installed_package_information.package_discovery:Found 55 installed packages in /opt/tros/humble
[3.913s] DEBUG:colcon.colcon_installed_package_information.package_discovery:Found 264 installed packages in /opt/ros/humble
[3.924s] Level 1:colcon.colcon_core.package_discovery:discover_packages(prefix_path) using defaults
[4.318s] Level 5:colcon.colcon_core.verb:set package 'home_label_package' build argument 'bazel_args' from command line to 'None'
[4.318s] Level 5:colcon.colcon_core.verb:set package 'home_label_package' build argument 'bazel_task' from command line to 'None'
[4.318s] Level 5:colcon.colcon_core.verb:set package 'home_label_package' build argument 'cmake_args' from command line to 'None'
[4.319s] Level 5:colcon.colcon_core.verb:set package 'home_label_package' build argument 'cmake_target' from command line to 'None'
[4.319s] Level 5:colcon.colcon_core.verb:set package 'home_label_package' build argument 'cmake_target_skip_unavailable' from command line to 'False'
[4.319s] Level 5:colcon.colcon_core.verb:set package 'home_label_package' build argument 'cmake_clean_cache' from command line to 'False'
[4.319s] Level 5:colcon.colcon_core.verb:set package 'home_label_package' build argument 'cmake_clean_first' from command line to 'False'
[4.320s] Level 5:colcon.colcon_core.verb:set package 'home_label_package' build argument 'cmake_force_configure' from command line to 'False'
[4.320s] Level 5:colcon.colcon_core.verb:set package 'home_label_package' build argument 'meson_args' from command line to '[]'
[4.320s] Level 5:colcon.colcon_core.verb:set package 'home_label_package' build argument 'ament_cmake_args' from command line to 'None'
[4.320s] Level 5:colcon.colcon_core.verb:set package 'home_label_package' build argument 'catkin_cmake_args' from command line to 'None'
[4.320s] Level 5:colcon.colcon_core.verb:set package 'home_label_package' build argument 'catkin_skip_building_tests' from command line to 'False'
[4.321s] DEBUG:colcon.colcon_core.verb:Building package 'home_label_package' with the following arguments: {'ament_cmake_args': None, 'bazel_args': None, 'bazel_task': None, 'build_base': '/root/home_label/build/home_label_package', 'catkin_cmake_args': None, 'catkin_skip_building_tests': False, 'cmake_args': None, 'cmake_clean_cache': False, 'cmake_clean_first': False, 'cmake_force_configure': False, 'cmake_target': None, 'cmake_target_skip_unavailable': False, 'install_base': '/root/home_label/install/home_label_package', 'merge_install': False, 'meson_args': [], 'path': '/root/home_label/src/home_label_package', 'symlink_install': False, 'test_result_base': None}
[4.322s] INFO:colcon.colcon_core.executor:Executing jobs using 'parallel' executor
[4.326s] DEBUG:colcon.colcon_parallel_executor.executor.parallel:run_until_complete
[4.328s] INFO:colcon.colcon_ros.task.ament_python.build:Building ROS package in '/root/home_label/src/home_label_package' with build type 'ament_python'
[4.328s] Level 1:colcon.colcon_core.shell:create_environment_hook('home_label_package', 'ament_prefix_path')
[4.352s] INFO:colcon.colcon_core.plugin_system:Skipping extension 'colcon_core.shell.bat': Not used on non-Windows systems
[4.355s] INFO:colcon.colcon_core.shell:Creating environment hook '/root/home_label/install/home_label_package/share/home_label_package/hook/ament_prefix_path.ps1'
[4.360s] INFO:colcon.colcon_core.shell:Creating environment descriptor '/root/home_label/install/home_label_package/share/home_label_package/hook/ament_prefix_path.dsv'
[4.363s] INFO:colcon.colcon_core.shell:Creating environment hook '/root/home_label/install/home_label_package/share/home_label_package/hook/ament_prefix_path.sh'
[4.369s] DEBUG:colcon.colcon_ros_domain_id_coordinator.shell.ros_domain_id:Allocated ROS_DOMAIN_ID=67 for '/root/home_label/build/home_label_package'
[4.369s] INFO:colcon.colcon_core.shell:Skip shell extension 'ros_domain_id' for command environment: 
[4.369s] INFO:colcon.colcon_core.shell:Skip shell extension 'powershell' for command environment: Not usable outside of PowerShell
[4.369s] DEBUG:colcon.colcon_core.shell:Skip shell extension 'dsv' for command environment
[6.117s] INFO:colcon.colcon_core.task.python.build:Building Python package in '/root/home_label/src/home_label_package'
[6.119s] DEBUG:colcon.colcon_ros_domain_id_coordinator.shell.ros_domain_id:Allocated ROS_DOMAIN_ID=67 for '/root/home_label/build/home_label_package'
[6.119s] INFO:colcon.colcon_core.shell:Skip shell extension 'ros_domain_id' for command environment: 
[6.119s] INFO:colcon.colcon_core.shell:Skip shell extension 'powershell' for command environment: Not usable outside of PowerShell
[6.120s] DEBUG:colcon.colcon_core.shell:Skip shell extension 'dsv' for command environment
[8.649s] DEBUG:colcon.colcon_core.event_handler.log_command:Invoking command in '/root/home_label/src/home_label_package': PYTHONPATH=/root/home_label/build/home_label_package/prefix_override:/usr/lib/python3/dist-packages/colcon_core/task/python/colcon_distutils_commands:/root/home_label/install/home_label_package/lib/python3.10/site-packages:${PYTHONPATH} /usr/bin/python3 -W ignore:setup.py install is deprecated -W ignore:easy_install command is deprecated setup.py egg_info --egg-base ../../build/home_label_package build --build-base /root/home_label/build/home_label_package/build install --record /root/home_label/build/home_label_package/install.log --single-version-externally-managed install_data
[10.614s] DEBUG:colcon.colcon_core.event_handler.log_command:Invoked command in '/root/home_label/src/home_label_package' returned '0': PYTHONPATH=/root/home_label/build/home_label_package/prefix_override:/usr/lib/python3/dist-packages/colcon_core/task/python/colcon_distutils_commands:/root/home_label/install/home_label_package/lib/python3.10/site-packages:${PYTHONPATH} /usr/bin/python3 -W ignore:setup.py install is deprecated -W ignore:easy_install command is deprecated setup.py egg_info --egg-base ../../build/home_label_package build --build-base /root/home_label/build/home_label_package/build install --record /root/home_label/build/home_label_package/install.log --single-version-externally-managed install_data
[10.651s] Level 1:colcon.colcon_core.environment:checking '/root/home_label/install/home_label_package' for CMake module files
[10.656s] Level 1:colcon.colcon_core.environment:checking '/root/home_label/install/home_label_package' for CMake config files
[10.662s] Level 1:colcon.colcon_core.environment:checking '/root/home_label/install/home_label_package/lib'
[10.664s] Level 1:colcon.colcon_core.environment:checking '/root/home_label/install/home_label_package/bin'
[10.665s] Level 1:colcon.colcon_core.environment:checking '/root/home_label/install/home_label_package/lib/pkgconfig/home_label_package.pc'
[10.668s] Level 1:colcon.colcon_core.environment:checking '/root/home_label/install/home_label_package/lib/python3.10/site-packages'
[10.669s] Level 1:colcon.colcon_core.shell:create_environment_hook('home_label_package', 'pythonpath')
[10.672s] INFO:colcon.colcon_core.shell:Creating environment hook '/root/home_label/install/home_label_package/share/home_label_package/hook/pythonpath.ps1'
[10.676s] INFO:colcon.colcon_core.shell:Creating environment descriptor '/root/home_label/install/home_label_package/share/home_label_package/hook/pythonpath.dsv'
[10.678s] INFO:colcon.colcon_core.shell:Creating environment hook '/root/home_label/install/home_label_package/share/home_label_package/hook/pythonpath.sh'
[10.681s] Level 1:colcon.colcon_core.environment:checking '/root/home_label/install/home_label_package/bin'
[10.682s] Level 1:colcon.colcon_core.environment:create_environment_scripts_only(home_label_package)
[10.685s] INFO:colcon.colcon_core.shell:Creating package script '/root/home_label/install/home_label_package/share/home_label_package/package.ps1'
[10.692s] INFO:colcon.colcon_core.shell:Creating package descriptor '/root/home_label/install/home_label_package/share/home_label_package/package.dsv'
[10.696s] INFO:colcon.colcon_core.shell:Creating package script '/root/home_label/install/home_label_package/share/home_label_package/package.sh'
[10.702s] INFO:colcon.colcon_core.shell:Creating package script '/root/home_label/install/home_label_package/share/home_label_package/package.bash'
[10.708s] INFO:colcon.colcon_core.shell:Creating package script '/root/home_label/install/home_label_package/share/home_label_package/package.zsh'
[10.713s] Level 1:colcon.colcon_core.environment:create_file_with_runtime_dependencies(/root/home_label/install/home_label_package/share/colcon-core/packages/home_label_package)
[10.715s] DEBUG:colcon.colcon_parallel_executor.executor.parallel:closing loop
[10.716s] DEBUG:colcon.colcon_ros_domain_id_coordinator.shell.ros_domain_id:Released ROS_DOMAIN_ID=67 for '/root/home_label/build/home_label_package'
[10.717s] DEBUG:colcon.colcon_parallel_executor.executor.parallel:loop closed
[10.718s] DEBUG:colcon.colcon_parallel_executor.executor.parallel:run_until_complete finished with '0'
[10.718s] DEBUG:colcon.colcon_core.event_reactor:joining thread
[10.763s] INFO:colcon.colcon_core.plugin_system:Skipping extension 'colcon_notification.desktop_notification.notify_send': Could not find 'notify-send'
[10.764s] INFO:colcon.colcon_core.plugin_system:Skipping extension 'colcon_notification.desktop_notification.terminal_notifier': Not used on non-Darwin systems
[10.764s] INFO:colcon.colcon_core.plugin_system:Skipping extension 'colcon_notification.desktop_notification.win32': Not used on non-Windows systems
[10.764s] INFO:colcon.colcon_notification.desktop_notification:Sending desktop notification using 'notify2'
[35.885s] DEBUG:colcon.colcon_notification.desktop_notification.notify2:Failed to initialize notify2: org.freedesktop.DBus.Error.NoReply: Did not receive a reply. Possible causes include: the remote application did not send a reply, the message bus security policy blocked the reply, the reply timeout expired, or the network connection was broken.
[35.886s] DEBUG:colcon.colcon_core.event_reactor:joined thread
[35.890s] INFO:colcon.colcon_core.shell:Creating prefix script '/root/home_label/install/local_setup.ps1'
[35.900s] INFO:colcon.colcon_core.shell:Creating prefix util module '/root/home_label/install/_local_setup_util_ps1.py'
[35.911s] INFO:colcon.colcon_core.shell:Creating prefix chain script '/root/home_label/install/setup.ps1'
[35.924s] INFO:colcon.colcon_core.shell:Creating prefix script '/root/home_label/install/local_setup.sh'
[35.928s] INFO:colcon.colcon_core.shell:Creating prefix util module '/root/home_label/install/_local_setup_util_sh.py'
[35.933s] INFO:colcon.colcon_core.shell:Creating prefix chain script '/root/home_label/install/setup.sh'
[35.944s] INFO:colcon.colcon_core.shell:Creating prefix script '/root/home_label/install/local_setup.bash'
[35.948s] INFO:colcon.colcon_core.shell:Creating prefix chain script '/root/home_label/install/setup.bash'
[35.961s] INFO:colcon.colcon_core.shell:Creating prefix script '/root/home_label/install/local_setup.zsh'
[35.965s] INFO:colcon.colcon_core.shell:Creating prefix chain script '/root/home_label/install/setup.zsh'
[35.976s] INFO:colcon.colcon_core.shell:Creating '/root/home_label/install/spawn_shell.bash'
