[4.035s] Invoking command in '/root/home_label/src/home_label_package': PYTHONPATH=/root/home_label/build/home_label_package/prefix_override:/usr/lib/python3/dist-packages/colcon_core/task/python/colcon_distutils_commands:/root/home_label/install/home_label_package/lib/python3.10/site-packages:${PYTHONPATH} /usr/bin/python3 -W ignore:setup.py install is deprecated -W ignore:easy_install command is deprecated setup.py egg_info --egg-base ../../build/home_label_package build --build-base /root/home_label/build/home_label_package/build install --record /root/home_label/build/home_label_package/install.log --single-version-externally-managed install_data
[5.560s] running egg_info
[5.565s] writing ../../build/home_label_package/home_label_package.egg-info/PKG-INFO
[5.566s] writing dependency_links to ../../build/home_label_package/home_label_package.egg-info/dependency_links.txt
[5.567s] writing entry points to ../../build/home_label_package/home_label_package.egg-info/entry_points.txt
[5.568s] writing requirements to ../../build/home_label_package/home_label_package.egg-info/requires.txt
[5.568s] writing top-level names to ../../build/home_label_package/home_label_package.egg-info/top_level.txt
[5.578s] reading manifest file '../../build/home_label_package/home_label_package.egg-info/SOURCES.txt'
[5.582s] writing manifest file '../../build/home_label_package/home_label_package.egg-info/SOURCES.txt'
[5.583s] running build
[5.584s] running build_py
[5.584s] copying home_label_package/home_label_publisher.py -> /root/home_label/build/home_label_package/build/lib/home_label_package
[5.585s] running install
[5.586s] running install_lib
[5.590s] copying /root/home_label/build/home_label_package/build/lib/home_label_package/home_label_publisher.py -> /root/home_label/install/home_label_package/lib/python3.10/site-packages/home_label_package
[5.593s] byte-compiling /root/home_label/install/home_label_package/lib/python3.10/site-packages/home_label_package/home_label_publisher.py to home_label_publisher.cpython-310.pyc
[5.597s] running install_data
[5.598s] copying package.xml -> /root/home_label/install/home_label_package/share/home_label_package
[5.598s] running install_egg_info
[5.608s] removing '/root/home_label/install/home_label_package/lib/python3.10/site-packages/home_label_package-0.0.0-py3.10.egg-info' (and everything under it)
[5.609s] Copying ../../build/home_label_package/home_label_package.egg-info to /root/home_label/install/home_label_package/lib/python3.10/site-packages/home_label_package-0.0.0-py3.10.egg-info
[5.613s] running install_scripts
[5.730s] Installing home_label_node script to /root/home_label/install/home_label_package/lib/home_label_package
[5.731s] writing list of installed files to '/root/home_label/build/home_label_package/install.log'
[5.937s] Invoked command in '/root/home_label/src/home_label_package' returned '0': PYTHONPATH=/root/home_label/build/home_label_package/prefix_override:/usr/lib/python3/dist-packages/colcon_core/task/python/colcon_distutils_commands:/root/home_label/install/home_label_package/lib/python3.10/site-packages:${PYTHONPATH} /usr/bin/python3 -W ignore:setup.py install is deprecated -W ignore:easy_install command is deprecated setup.py egg_info --egg-base ../../build/home_label_package build --build-base /root/home_label/build/home_label_package/build install --record /root/home_label/build/home_label_package/install.log --single-version-externally-managed install_data
