[2.732s] DEBUG:colcon:Command line arguments: ['/usr/bin/colcon', 'build', '--packages-select', 'label_goal_package']
[2.739s] DEBUG:colcon:Parsed command line arguments: Namespace(log_base=None, log_level=None, verb_name='build', build_base='build', install_base='install', merge_install=False, symlink_install=False, test_result_base=None, continue_on_error=False, executor='parallel', parallel_workers=8, event_handlers=None, ignore_user_meta=False, metas=['./colcon.meta'], base_paths=['.'], packages_ignore=None, packages_ignore_regex=None, paths=None, packages_up_to=None, packages_up_to_regex=None, packages_above=None, packages_above_and_dependencies=None, packages_above_depth=None, packages_select_by_dep=None, packages_skip_by_dep=None, packages_skip_up_to=None, packages_select_build_failed=False, packages_skip_build_finished=False, packages_select_test_failures=False, packages_skip_test_passed=False, packages_select=['label_goal_package'], packages_skip=None, packages_select_regex=None, packages_skip_regex=None, packages_start=None, packages_end=None, allow_overriding=[], bazel_args=None, bazel_task=None, cmake_args=None, cmake_target=None, cmake_target_skip_unavailable=False, cmake_clean_cache=False, cmake_clean_first=False, cmake_force_configure=False, meson_args=[], ament_cmake_args=None, catkin_cmake_args=None, catkin_skip_building_tests=False, mixin_files=None, mixin=None, verb_parser=<colcon_alias.argument_parser.alias.AliasArgumentDecorator object at 0xffffaa071510>, verb_extension=<colcon_core.verb.build.BuildVerb object at 0xffffaa50bdc0>, main=<bound method BuildVerb.main of <colcon_core.verb.build.BuildVerb object at 0xffffaa50bdc0>>, mixin_verb=('build',))
[792509754.945s] Level 1:colcon.colcon_core.package_discovery:discover_packages(colcon_meta) check parameters
[792509754.946s] Level 1:colcon.colcon_core.package_discovery:discover_packages(recursive) check parameters
[792509754.946s] Level 1:colcon.colcon_core.package_discovery:discover_packages(ignore) check parameters
[792509754.946s] Level 1:colcon.colcon_core.package_discovery:discover_packages(path) check parameters
[792509754.946s] Level 1:colcon.colcon_core.package_discovery:discover_packages(colcon_meta) discover
[792509754.947s] Level 1:colcon.colcon_core.package_discovery:discover_packages(recursive) discover
[792509754.947s] INFO:colcon.colcon_core.package_discovery:Crawling recursively for packages in '/root/label_goal'
[792509754.948s] Level 1:colcon.colcon_core.package_identification:_identify(.) by extensions ['ignore', 'ignore_ament_install']
[792509754.948s] Level 1:colcon.colcon_core.package_identification:_identify(.) by extension 'ignore'
[792509754.948s] Level 1:colcon.colcon_core.package_identification:_identify(.) by extension 'ignore_ament_install'
[792509754.949s] Level 1:colcon.colcon_core.package_identification:_identify(.) by extensions ['colcon_pkg']
[792509754.949s] Level 1:colcon.colcon_core.package_identification:_identify(.) by extension 'colcon_pkg'
[792509754.949s] Level 1:colcon.colcon_core.package_identification:_identify(.) by extensions ['colcon_meta']
[792509754.949s] Level 1:colcon.colcon_core.package_identification:_identify(.) by extension 'colcon_meta'
[792509754.950s] Level 1:colcon.colcon_core.package_identification:_identify(.) by extensions ['ros']
[792509754.950s] Level 1:colcon.colcon_core.package_identification:_identify(.) by extension 'ros'
[792509754.968s] Level 1:colcon.colcon_core.package_identification:_identify(.) by extensions ['bazel', 'cmake', 'meson', 'python']
[792509754.968s] Level 1:colcon.colcon_core.package_identification:_identify(.) by extension 'bazel'
[792509754.969s] Level 1:colcon.colcon_core.package_identification:_identify(.) by extension 'cmake'
[792509754.969s] Level 1:colcon.colcon_core.package_identification:_identify(.) by extension 'meson'
[792509754.969s] Level 1:colcon.colcon_core.package_identification:_identify(.) by extension 'python'
[792509754.970s] Level 1:colcon.colcon_core.package_identification:_identify(.) by extensions ['python_setup_py']
[792509754.970s] Level 1:colcon.colcon_core.package_identification:_identify(.) by extension 'python_setup_py'
[792509754.971s] Level 1:colcon.colcon_core.package_identification:_identify(build) by extensions ['ignore', 'ignore_ament_install']
[792509754.971s] Level 1:colcon.colcon_core.package_identification:_identify(build) by extension 'ignore'
[792509754.972s] Level 1:colcon.colcon_core.package_identification:_identify(build) ignored
[792509754.972s] Level 1:colcon.colcon_core.package_identification:_identify(install) by extensions ['ignore', 'ignore_ament_install']
[792509754.973s] Level 1:colcon.colcon_core.package_identification:_identify(install) by extension 'ignore'
[792509754.973s] Level 1:colcon.colcon_core.package_identification:_identify(install) ignored
[792509754.974s] Level 1:colcon.colcon_core.package_identification:_identify(log) by extensions ['ignore', 'ignore_ament_install']
[792509754.974s] Level 1:colcon.colcon_core.package_identification:_identify(log) by extension 'ignore'
[792509754.974s] Level 1:colcon.colcon_core.package_identification:_identify(log) ignored
[792509754.975s] Level 1:colcon.colcon_core.package_identification:_identify(src) by extensions ['ignore', 'ignore_ament_install']
[792509754.975s] Level 1:colcon.colcon_core.package_identification:_identify(src) by extension 'ignore'
[792509754.975s] Level 1:colcon.colcon_core.package_identification:_identify(src) by extension 'ignore_ament_install'
[792509754.976s] Level 1:colcon.colcon_core.package_identification:_identify(src) by extensions ['colcon_pkg']
[792509754.976s] Level 1:colcon.colcon_core.package_identification:_identify(src) by extension 'colcon_pkg'
[792509754.976s] Level 1:colcon.colcon_core.package_identification:_identify(src) by extensions ['colcon_meta']
[792509754.976s] Level 1:colcon.colcon_core.package_identification:_identify(src) by extension 'colcon_meta'
[792509754.977s] Level 1:colcon.colcon_core.package_identification:_identify(src) by extensions ['ros']
[792509754.977s] Level 1:colcon.colcon_core.package_identification:_identify(src) by extension 'ros'
[792509754.977s] Level 1:colcon.colcon_core.package_identification:_identify(src) by extensions ['bazel', 'cmake', 'meson', 'python']
[792509754.977s] Level 1:colcon.colcon_core.package_identification:_identify(src) by extension 'bazel'
[792509754.978s] Level 1:colcon.colcon_core.package_identification:_identify(src) by extension 'cmake'
[792509754.978s] Level 1:colcon.colcon_core.package_identification:_identify(src) by extension 'meson'
[792509754.978s] Level 1:colcon.colcon_core.package_identification:_identify(src) by extension 'python'
[792509754.979s] Level 1:colcon.colcon_core.package_identification:_identify(src) by extensions ['python_setup_py']
[792509754.979s] Level 1:colcon.colcon_core.package_identification:_identify(src) by extension 'python_setup_py'
[792509754.979s] Level 1:colcon.colcon_core.package_identification:_identify(src/label_goal_package) by extensions ['ignore', 'ignore_ament_install']
[792509754.980s] Level 1:colcon.colcon_core.package_identification:_identify(src/label_goal_package) by extension 'ignore'
[792509754.980s] Level 1:colcon.colcon_core.package_identification:_identify(src/label_goal_package) by extension 'ignore_ament_install'
[792509754.980s] Level 1:colcon.colcon_core.package_identification:_identify(src/label_goal_package) by extensions ['colcon_pkg']
[792509754.981s] Level 1:colcon.colcon_core.package_identification:_identify(src/label_goal_package) by extension 'colcon_pkg'
[792509754.981s] Level 1:colcon.colcon_core.package_identification:_identify(src/label_goal_package) by extensions ['colcon_meta']
[792509754.981s] Level 1:colcon.colcon_core.package_identification:_identify(src/label_goal_package) by extension 'colcon_meta'
[792509754.981s] Level 1:colcon.colcon_core.package_identification:_identify(src/label_goal_package) by extensions ['ros']
[792509754.981s] Level 1:colcon.colcon_core.package_identification:_identify(src/label_goal_package) by extension 'ros'
[792509754.999s] DEBUG:colcon.colcon_core.package_identification:Package 'src/label_goal_package' with type 'ros.ament_python' and name 'label_goal_package'
[792509754.999s] Level 1:colcon.colcon_core.package_discovery:discover_packages(recursive) using defaults
[792509754.999s] Level 1:colcon.colcon_core.package_discovery:discover_packages(ignore) discover
[792509754.999s] Level 1:colcon.colcon_core.package_discovery:discover_packages(ignore) using defaults
[792509755.000s] Level 1:colcon.colcon_core.package_discovery:discover_packages(path) discover
[792509755.000s] Level 1:colcon.colcon_core.package_discovery:discover_packages(path) using defaults
[792509755.136s] Level 1:colcon.colcon_core.package_discovery:discover_packages(prefix_path) check parameters
[792509755.136s] Level 1:colcon.colcon_core.package_discovery:discover_packages(prefix_path) discover
[792509755.163s] DEBUG:colcon.colcon_installed_package_information.package_discovery:Found 7 installed packages in /root/ros2_ws/install
[792509755.166s] DEBUG:colcon.colcon_installed_package_information.package_discovery:Found 1 installed packages in /root/label_goal/install
[792509755.169s] DEBUG:colcon.colcon_installed_package_information.package_discovery:Found 1 installed packages in /root/home_label/install
[792509755.172s] DEBUG:colcon.colcon_installed_package_information.package_discovery:Found 3 installed packages in /root/uros_ws/install
[792509755.177s] DEBUG:colcon.colcon_installed_package_information.package_discovery:Found 15 installed packages in /userdata/dev_ws/install
[792509755.181s] DEBUG:colcon.colcon_installed_package_information.package_discovery:Found 55 installed packages in /opt/tros/humble
[792509755.192s] DEBUG:colcon.colcon_installed_package_information.package_discovery:Found 273 installed packages in /opt/ros/humble
[792509755.203s] Level 1:colcon.colcon_core.package_discovery:discover_packages(prefix_path) using defaults
[792509755.617s] Level 5:colcon.colcon_core.verb:set package 'label_goal_package' build argument 'bazel_args' from command line to 'None'
[792509755.617s] Level 5:colcon.colcon_core.verb:set package 'label_goal_package' build argument 'bazel_task' from command line to 'None'
[792509755.618s] Level 5:colcon.colcon_core.verb:set package 'label_goal_package' build argument 'cmake_args' from command line to 'None'
[792509755.618s] Level 5:colcon.colcon_core.verb:set package 'label_goal_package' build argument 'cmake_target' from command line to 'None'
[792509755.618s] Level 5:colcon.colcon_core.verb:set package 'label_goal_package' build argument 'cmake_target_skip_unavailable' from command line to 'False'
[792509755.618s] Level 5:colcon.colcon_core.verb:set package 'label_goal_package' build argument 'cmake_clean_cache' from command line to 'False'
[792509755.618s] Level 5:colcon.colcon_core.verb:set package 'label_goal_package' build argument 'cmake_clean_first' from command line to 'False'
[792509755.618s] Level 5:colcon.colcon_core.verb:set package 'label_goal_package' build argument 'cmake_force_configure' from command line to 'False'
[792509755.619s] Level 5:colcon.colcon_core.verb:set package 'label_goal_package' build argument 'meson_args' from command line to '[]'
[792509755.619s] Level 5:colcon.colcon_core.verb:set package 'label_goal_package' build argument 'ament_cmake_args' from command line to 'None'
[792509755.619s] Level 5:colcon.colcon_core.verb:set package 'label_goal_package' build argument 'catkin_cmake_args' from command line to 'None'
[792509755.619s] Level 5:colcon.colcon_core.verb:set package 'label_goal_package' build argument 'catkin_skip_building_tests' from command line to 'False'
[792509755.619s] DEBUG:colcon.colcon_core.verb:Building package 'label_goal_package' with the following arguments: {'ament_cmake_args': None, 'bazel_args': None, 'bazel_task': None, 'build_base': '/root/label_goal/build/label_goal_package', 'catkin_cmake_args': None, 'catkin_skip_building_tests': False, 'cmake_args': None, 'cmake_clean_cache': False, 'cmake_clean_first': False, 'cmake_force_configure': False, 'cmake_target': None, 'cmake_target_skip_unavailable': False, 'install_base': '/root/label_goal/install/label_goal_package', 'merge_install': False, 'meson_args': [], 'path': '/root/label_goal/src/label_goal_package', 'symlink_install': False, 'test_result_base': None}
[792509755.620s] INFO:colcon.colcon_core.executor:Executing jobs using 'parallel' executor
[792509755.626s] DEBUG:colcon.colcon_parallel_executor.executor.parallel:run_until_complete
[792509755.627s] INFO:colcon.colcon_ros.task.ament_python.build:Building ROS package in '/root/label_goal/src/label_goal_package' with build type 'ament_python'
[792509755.628s] Level 1:colcon.colcon_core.shell:create_environment_hook('label_goal_package', 'ament_prefix_path')
[792509755.655s] INFO:colcon.colcon_core.plugin_system:Skipping extension 'colcon_core.shell.bat': Not used on non-Windows systems
[792509755.658s] INFO:colcon.colcon_core.shell:Creating environment hook '/root/label_goal/install/label_goal_package/share/label_goal_package/hook/ament_prefix_path.ps1'
[792509755.663s] INFO:colcon.colcon_core.shell:Creating environment descriptor '/root/label_goal/install/label_goal_package/share/label_goal_package/hook/ament_prefix_path.dsv'
[792509755.668s] INFO:colcon.colcon_core.shell:Creating environment hook '/root/label_goal/install/label_goal_package/share/label_goal_package/hook/ament_prefix_path.sh'
[792509755.674s] DEBUG:colcon.colcon_ros_domain_id_coordinator.shell.ros_domain_id:Allocated ROS_DOMAIN_ID=3 for '/root/label_goal/build/label_goal_package'
[792509755.674s] INFO:colcon.colcon_core.shell:Skip shell extension 'ros_domain_id' for command environment: 
[792509755.674s] INFO:colcon.colcon_core.shell:Skip shell extension 'powershell' for command environment: Not usable outside of PowerShell
[792509755.675s] DEBUG:colcon.colcon_core.shell:Skip shell extension 'dsv' for command environment
[792509757.553s] INFO:colcon.colcon_core.task.python.build:Building Python package in '/root/label_goal/src/label_goal_package'
[792509757.555s] DEBUG:colcon.colcon_ros_domain_id_coordinator.shell.ros_domain_id:Allocated ROS_DOMAIN_ID=3 for '/root/label_goal/build/label_goal_package'
[792509757.555s] INFO:colcon.colcon_core.shell:Skip shell extension 'ros_domain_id' for command environment: 
[792509757.555s] INFO:colcon.colcon_core.shell:Skip shell extension 'powershell' for command environment: Not usable outside of PowerShell
[792509757.555s] DEBUG:colcon.colcon_core.shell:Skip shell extension 'dsv' for command environment
[792509760.305s] DEBUG:colcon.colcon_core.event_handler.log_command:Invoking command in '/root/label_goal/src/label_goal_package': PYTHONPATH=/root/label_goal/build/label_goal_package/prefix_override:/usr/lib/python3/dist-packages/colcon_core/task/python/colcon_distutils_commands:/root/label_goal/install/label_goal_package/lib/python3.10/site-packages:${PYTHONPATH} /usr/bin/python3 -W ignore:setup.py install is deprecated -W ignore:easy_install command is deprecated setup.py egg_info --egg-base ../../build/label_goal_package build --build-base /root/label_goal/build/label_goal_package/build install --record /root/label_goal/build/label_goal_package/install.log --single-version-externally-managed install_data
[792509762.397s] DEBUG:colcon.colcon_core.event_handler.log_command:Invoked command in '/root/label_goal/src/label_goal_package' returned '0': PYTHONPATH=/root/label_goal/build/label_goal_package/prefix_override:/usr/lib/python3/dist-packages/colcon_core/task/python/colcon_distutils_commands:/root/label_goal/install/label_goal_package/lib/python3.10/site-packages:${PYTHONPATH} /usr/bin/python3 -W ignore:setup.py install is deprecated -W ignore:easy_install command is deprecated setup.py egg_info --egg-base ../../build/label_goal_package build --build-base /root/label_goal/build/label_goal_package/build install --record /root/label_goal/build/label_goal_package/install.log --single-version-externally-managed install_data
[792509762.426s] Level 1:colcon.colcon_core.environment:checking '/root/label_goal/install/label_goal_package' for CMake module files
[792509762.429s] Level 1:colcon.colcon_core.environment:checking '/root/label_goal/install/label_goal_package' for CMake config files
[792509762.432s] Level 1:colcon.colcon_core.environment:checking '/root/label_goal/install/label_goal_package/lib'
[792509762.433s] Level 1:colcon.colcon_core.environment:checking '/root/label_goal/install/label_goal_package/bin'
[792509762.433s] Level 1:colcon.colcon_core.environment:checking '/root/label_goal/install/label_goal_package/lib/pkgconfig/label_goal_package.pc'
[792509762.435s] Level 1:colcon.colcon_core.environment:checking '/root/label_goal/install/label_goal_package/lib/python3.10/site-packages'
[792509762.435s] Level 1:colcon.colcon_core.shell:create_environment_hook('label_goal_package', 'pythonpath')
[792509762.437s] INFO:colcon.colcon_core.shell:Creating environment hook '/root/label_goal/install/label_goal_package/share/label_goal_package/hook/pythonpath.ps1'
[792509762.440s] INFO:colcon.colcon_core.shell:Creating environment descriptor '/root/label_goal/install/label_goal_package/share/label_goal_package/hook/pythonpath.dsv'
[792509762.442s] INFO:colcon.colcon_core.shell:Creating environment hook '/root/label_goal/install/label_goal_package/share/label_goal_package/hook/pythonpath.sh'
[792509762.445s] Level 1:colcon.colcon_core.environment:checking '/root/label_goal/install/label_goal_package/bin'
[792509762.445s] Level 1:colcon.colcon_core.environment:create_environment_scripts_only(label_goal_package)
[792509762.448s] INFO:colcon.colcon_core.shell:Creating package script '/root/label_goal/install/label_goal_package/share/label_goal_package/package.ps1'
[792509762.484s] INFO:colcon.colcon_core.shell:Creating package descriptor '/root/label_goal/install/label_goal_package/share/label_goal_package/package.dsv'
[792509762.503s] INFO:colcon.colcon_core.shell:Creating package script '/root/label_goal/install/label_goal_package/share/label_goal_package/package.sh'
[792509762.523s] INFO:colcon.colcon_core.shell:Creating package script '/root/label_goal/install/label_goal_package/share/label_goal_package/package.bash'
[792509762.564s] INFO:colcon.colcon_core.shell:Creating package script '/root/label_goal/install/label_goal_package/share/label_goal_package/package.zsh'
[792509762.589s] Level 1:colcon.colcon_core.environment:create_file_with_runtime_dependencies(/root/label_goal/install/label_goal_package/share/colcon-core/packages/label_goal_package)
[792509762.591s] DEBUG:colcon.colcon_parallel_executor.executor.parallel:closing loop
[792509762.591s] DEBUG:colcon.colcon_ros_domain_id_coordinator.shell.ros_domain_id:Released ROS_DOMAIN_ID=3 for '/root/label_goal/build/label_goal_package'
[792509762.592s] DEBUG:colcon.colcon_parallel_executor.executor.parallel:loop closed
[792509762.593s] DEBUG:colcon.colcon_parallel_executor.executor.parallel:run_until_complete finished with '0'
[792509762.593s] DEBUG:colcon.colcon_core.event_reactor:joining thread
[792509762.696s] INFO:colcon.colcon_core.plugin_system:Skipping extension 'colcon_notification.desktop_notification.notify_send': Could not find 'notify-send'
[792509762.697s] INFO:colcon.colcon_core.plugin_system:Skipping extension 'colcon_notification.desktop_notification.terminal_notifier': Not used on non-Darwin systems
[792509762.697s] INFO:colcon.colcon_core.plugin_system:Skipping extension 'colcon_notification.desktop_notification.win32': Not used on non-Windows systems
[792509762.697s] INFO:colcon.colcon_notification.desktop_notification:Sending desktop notification using 'notify2'
[792509787.828s] DEBUG:colcon.colcon_notification.desktop_notification.notify2:Failed to initialize notify2: org.freedesktop.DBus.Error.NoReply: Did not receive a reply. Possible causes include: the remote application did not send a reply, the message bus security policy blocked the reply, the reply timeout expired, or the network connection was broken.
[792509787.829s] DEBUG:colcon.colcon_core.event_reactor:joined thread
[792509787.833s] INFO:colcon.colcon_core.shell:Creating prefix script '/root/label_goal/install/local_setup.ps1'
[792509787.845s] INFO:colcon.colcon_core.shell:Creating prefix util module '/root/label_goal/install/_local_setup_util_ps1.py'
[792509787.884s] INFO:colcon.colcon_core.shell:Creating prefix chain script '/root/label_goal/install/setup.ps1'
[792509787.911s] INFO:colcon.colcon_core.shell:Creating prefix script '/root/label_goal/install/local_setup.sh'
[792509787.934s] INFO:colcon.colcon_core.shell:Creating prefix util module '/root/label_goal/install/_local_setup_util_sh.py'
[792509787.942s] INFO:colcon.colcon_core.shell:Creating prefix chain script '/root/label_goal/install/setup.sh'
[792509787.978s] INFO:colcon.colcon_core.shell:Creating prefix script '/root/label_goal/install/local_setup.bash'
[792509787.999s] INFO:colcon.colcon_core.shell:Creating prefix chain script '/root/label_goal/install/setup.bash'
[792509788.025s] INFO:colcon.colcon_core.shell:Creating prefix script '/root/label_goal/install/local_setup.zsh'
[792509788.048s] INFO:colcon.colcon_core.shell:Creating prefix chain script '/root/label_goal/install/setup.zsh'
[792509788.077s] INFO:colcon.colcon_core.shell:Creating '/root/label_goal/install/spawn_shell.bash'
