[3.982s] Invoking command in '/root/label_goal/src/label_goal_package': PYTHONPATH=/root/label_goal/build/label_goal_package/prefix_override:/usr/lib/python3/dist-packages/colcon_core/task/python/colcon_distutils_commands:/root/label_goal/install/label_goal_package/lib/python3.10/site-packages:${PYTHONPATH} /usr/bin/python3 -W ignore:setup.py install is deprecated -W ignore:easy_install command is deprecated setup.py egg_info --egg-base ../../build/label_goal_package build --build-base /root/label_goal/build/label_goal_package/build install --record /root/label_goal/build/label_goal_package/install.log --single-version-externally-managed install_data
[5.511s] running egg_info
[5.517s] writing ../../build/label_goal_package/label_goal_package.egg-info/PKG-INFO
[5.518s] writing dependency_links to ../../build/label_goal_package/label_goal_package.egg-info/dependency_links.txt
[5.518s] writing entry points to ../../build/label_goal_package/label_goal_package.egg-info/entry_points.txt
[5.519s] writing requirements to ../../build/label_goal_package/label_goal_package.egg-info/requires.txt
[5.520s] writing top-level names to ../../build/label_goal_package/label_goal_package.egg-info/top_level.txt
[5.529s] reading manifest file '../../build/label_goal_package/label_goal_package.egg-info/SOURCES.txt'
[5.533s] writing manifest file '../../build/label_goal_package/label_goal_package.egg-info/SOURCES.txt'
[5.534s] running build
[5.535s] running build_py
[5.535s] running install
[5.537s] running install_lib
[5.544s] running install_data
[5.544s] running install_egg_info
[5.554s] removing '/root/label_goal/install/label_goal_package/lib/python3.10/site-packages/label_goal_package-0.0.0-py3.10.egg-info' (and everything under it)
[5.555s] Copying ../../build/label_goal_package/label_goal_package.egg-info to /root/label_goal/install/label_goal_package/lib/python3.10/site-packages/label_goal_package-0.0.0-py3.10.egg-info
[5.559s] running install_scripts
[5.676s] Installing label_goal_node script to /root/label_goal/install/label_goal_package/lib/label_goal_package
[5.678s] writing list of installed files to '/root/label_goal/build/label_goal_package/install.log'
[5.883s] Invoked command in '/root/label_goal/src/label_goal_package' returned '0': PYTHONPATH=/root/label_goal/build/label_goal_package/prefix_override:/usr/lib/python3/dist-packages/colcon_core/task/python/colcon_distutils_commands:/root/label_goal/install/label_goal_package/lib/python3.10/site-packages:${PYTHONPATH} /usr/bin/python3 -W ignore:setup.py install is deprecated -W ignore:easy_install command is deprecated setup.py egg_info --egg-base ../../build/label_goal_package build --build-base /root/label_goal/build/label_goal_package/build install --record /root/label_goal/build/label_goal_package/install.log --single-version-externally-managed install_data
