[1.672s] DEBUG:colcon:Command line arguments: ['/usr/bin/colcon', 'build', '--packages-select', 'label_goal_package']
[1.672s] DEBUG:colcon:Parsed command line arguments: Namespace(log_base=None, log_level=None, verb_name='build', build_base='build', install_base='install', merge_install=False, symlink_install=False, test_result_base=None, continue_on_error=False, executor='parallel', parallel_workers=8, event_handlers=None, ignore_user_meta=False, metas=['./colcon.meta'], base_paths=['.'], packages_ignore=None, packages_ignore_regex=None, paths=None, packages_up_to=None, packages_up_to_regex=None, packages_above=None, packages_above_and_dependencies=None, packages_above_depth=None, packages_select_by_dep=None, packages_skip_by_dep=None, packages_skip_up_to=None, packages_select_build_failed=False, packages_skip_build_finished=False, packages_select_test_failures=False, packages_skip_test_passed=False, packages_select=['label_goal_package'], packages_skip=None, packages_select_regex=None, packages_skip_regex=None, packages_start=None, packages_end=None, allow_overriding=[], bazel_args=None, bazel_task=None, cmake_args=None, cmake_target=None, cmake_target_skip_unavailable=False, cmake_clean_cache=False, cmake_clean_first=False, cmake_force_configure=False, meson_args=[], ament_cmake_args=None, catkin_cmake_args=None, catkin_skip_building_tests=False, mixin_files=None, mixin=None, verb_parser=<colcon_alias.argument_parser.alias.AliasArgumentDecorator object at 0xffff96251540>, verb_extension=<colcon_core.verb.build.BuildVerb object at 0xffff966ebdc0>, main=<bound method BuildVerb.main of <colcon_core.verb.build.BuildVerb object at 0xffff966ebdc0>>, mixin_verb=('build',))
[2.867s] Level 1:colcon.colcon_core.package_discovery:discover_packages(colcon_meta) check parameters
[2.867s] Level 1:colcon.colcon_core.package_discovery:discover_packages(recursive) check parameters
[2.868s] Level 1:colcon.colcon_core.package_discovery:discover_packages(ignore) check parameters
[2.868s] Level 1:colcon.colcon_core.package_discovery:discover_packages(path) check parameters
[2.868s] Level 1:colcon.colcon_core.package_discovery:discover_packages(colcon_meta) discover
[2.868s] Level 1:colcon.colcon_core.package_discovery:discover_packages(recursive) discover
[2.868s] INFO:colcon.colcon_core.package_discovery:Crawling recursively for packages in '/root/label_goal'
[2.869s] Level 1:colcon.colcon_core.package_identification:_identify(.) by extensions ['ignore', 'ignore_ament_install']
[2.869s] Level 1:colcon.colcon_core.package_identification:_identify(.) by extension 'ignore'
[2.870s] Level 1:colcon.colcon_core.package_identification:_identify(.) by extension 'ignore_ament_install'
[2.870s] Level 1:colcon.colcon_core.package_identification:_identify(.) by extensions ['colcon_pkg']
[2.870s] Level 1:colcon.colcon_core.package_identification:_identify(.) by extension 'colcon_pkg'
[2.871s] Level 1:colcon.colcon_core.package_identification:_identify(.) by extensions ['colcon_meta']
[2.871s] Level 1:colcon.colcon_core.package_identification:_identify(.) by extension 'colcon_meta'
[2.871s] Level 1:colcon.colcon_core.package_identification:_identify(.) by extensions ['ros']
[2.871s] Level 1:colcon.colcon_core.package_identification:_identify(.) by extension 'ros'
[2.885s] Level 1:colcon.colcon_core.package_identification:_identify(.) by extensions ['bazel', 'cmake', 'meson', 'python']
[2.885s] Level 1:colcon.colcon_core.package_identification:_identify(.) by extension 'bazel'
[2.885s] Level 1:colcon.colcon_core.package_identification:_identify(.) by extension 'cmake'
[2.886s] Level 1:colcon.colcon_core.package_identification:_identify(.) by extension 'meson'
[2.886s] Level 1:colcon.colcon_core.package_identification:_identify(.) by extension 'python'
[2.886s] Level 1:colcon.colcon_core.package_identification:_identify(.) by extensions ['python_setup_py']
[2.886s] Level 1:colcon.colcon_core.package_identification:_identify(.) by extension 'python_setup_py'
[2.887s] Level 1:colcon.colcon_core.package_identification:_identify(build) by extensions ['ignore', 'ignore_ament_install']
[2.887s] Level 1:colcon.colcon_core.package_identification:_identify(build) by extension 'ignore'
[2.888s] Level 1:colcon.colcon_core.package_identification:_identify(build) ignored
[2.888s] Level 1:colcon.colcon_core.package_identification:_identify(install) by extensions ['ignore', 'ignore_ament_install']
[2.889s] Level 1:colcon.colcon_core.package_identification:_identify(install) by extension 'ignore'
[2.889s] Level 1:colcon.colcon_core.package_identification:_identify(install) ignored
[2.889s] Level 1:colcon.colcon_core.package_identification:_identify(log) by extensions ['ignore', 'ignore_ament_install']
[2.890s] Level 1:colcon.colcon_core.package_identification:_identify(log) by extension 'ignore'
[2.890s] Level 1:colcon.colcon_core.package_identification:_identify(log) ignored
[2.891s] Level 1:colcon.colcon_core.package_identification:_identify(src) by extensions ['ignore', 'ignore_ament_install']
[2.891s] Level 1:colcon.colcon_core.package_identification:_identify(src) by extension 'ignore'
[2.891s] Level 1:colcon.colcon_core.package_identification:_identify(src) by extension 'ignore_ament_install'
[2.892s] Level 1:colcon.colcon_core.package_identification:_identify(src) by extensions ['colcon_pkg']
[2.892s] Level 1:colcon.colcon_core.package_identification:_identify(src) by extension 'colcon_pkg'
[2.892s] Level 1:colcon.colcon_core.package_identification:_identify(src) by extensions ['colcon_meta']
[2.892s] Level 1:colcon.colcon_core.package_identification:_identify(src) by extension 'colcon_meta'
[2.892s] Level 1:colcon.colcon_core.package_identification:_identify(src) by extensions ['ros']
[2.893s] Level 1:colcon.colcon_core.package_identification:_identify(src) by extension 'ros'
[2.893s] Level 1:colcon.colcon_core.package_identification:_identify(src) by extensions ['bazel', 'cmake', 'meson', 'python']
[2.893s] Level 1:colcon.colcon_core.package_identification:_identify(src) by extension 'bazel'
[2.894s] Level 1:colcon.colcon_core.package_identification:_identify(src) by extension 'cmake'
[2.894s] Level 1:colcon.colcon_core.package_identification:_identify(src) by extension 'meson'
[2.894s] Level 1:colcon.colcon_core.package_identification:_identify(src) by extension 'python'
[2.894s] Level 1:colcon.colcon_core.package_identification:_identify(src) by extensions ['python_setup_py']
[2.895s] Level 1:colcon.colcon_core.package_identification:_identify(src) by extension 'python_setup_py'
[2.895s] Level 1:colcon.colcon_core.package_identification:_identify(src/label_goal_package) by extensions ['ignore', 'ignore_ament_install']
[2.896s] Level 1:colcon.colcon_core.package_identification:_identify(src/label_goal_package) by extension 'ignore'
[2.896s] Level 1:colcon.colcon_core.package_identification:_identify(src/label_goal_package) by extension 'ignore_ament_install'
[2.896s] Level 1:colcon.colcon_core.package_identification:_identify(src/label_goal_package) by extensions ['colcon_pkg']
[2.896s] Level 1:colcon.colcon_core.package_identification:_identify(src/label_goal_package) by extension 'colcon_pkg'
[2.897s] Level 1:colcon.colcon_core.package_identification:_identify(src/label_goal_package) by extensions ['colcon_meta']
[2.897s] Level 1:colcon.colcon_core.package_identification:_identify(src/label_goal_package) by extension 'colcon_meta'
[2.897s] Level 1:colcon.colcon_core.package_identification:_identify(src/label_goal_package) by extensions ['ros']
[2.897s] Level 1:colcon.colcon_core.package_identification:_identify(src/label_goal_package) by extension 'ros'
[2.910s] DEBUG:colcon.colcon_core.package_identification:Package 'src/label_goal_package' with type 'ros.ament_python' and name 'label_goal_package'
[2.910s] Level 1:colcon.colcon_core.package_discovery:discover_packages(recursive) using defaults
[2.911s] Level 1:colcon.colcon_core.package_discovery:discover_packages(ignore) discover
[2.911s] Level 1:colcon.colcon_core.package_discovery:discover_packages(ignore) using defaults
[2.911s] Level 1:colcon.colcon_core.package_discovery:discover_packages(path) discover
[2.911s] Level 1:colcon.colcon_core.package_discovery:discover_packages(path) using defaults
[3.026s] Level 1:colcon.colcon_core.package_discovery:discover_packages(prefix_path) check parameters
[3.026s] Level 1:colcon.colcon_core.package_discovery:discover_packages(prefix_path) discover
[3.050s] DEBUG:colcon.colcon_installed_package_information.package_discovery:Found 7 installed packages in /root/ros2_ws/install
[3.052s] DEBUG:colcon.colcon_installed_package_information.package_discovery:Found 1 installed packages in /root/label_goal/install
[3.055s] DEBUG:colcon.colcon_installed_package_information.package_discovery:Found 1 installed packages in /root/home_label/install
[3.057s] DEBUG:colcon.colcon_installed_package_information.package_discovery:Found 3 installed packages in /root/uros_ws/install
[3.063s] DEBUG:colcon.colcon_installed_package_information.package_discovery:Found 15 installed packages in /userdata/dev_ws/install
[3.066s] DEBUG:colcon.colcon_installed_package_information.package_discovery:Found 55 installed packages in /opt/tros/humble
[3.076s] DEBUG:colcon.colcon_installed_package_information.package_discovery:Found 273 installed packages in /opt/ros/humble
[3.087s] Level 1:colcon.colcon_core.package_discovery:discover_packages(prefix_path) using defaults
[3.480s] Level 5:colcon.colcon_core.verb:set package 'label_goal_package' build argument 'bazel_args' from command line to 'None'
[3.480s] Level 5:colcon.colcon_core.verb:set package 'label_goal_package' build argument 'bazel_task' from command line to 'None'
[3.481s] Level 5:colcon.colcon_core.verb:set package 'label_goal_package' build argument 'cmake_args' from command line to 'None'
[3.481s] Level 5:colcon.colcon_core.verb:set package 'label_goal_package' build argument 'cmake_target' from command line to 'None'
[3.481s] Level 5:colcon.colcon_core.verb:set package 'label_goal_package' build argument 'cmake_target_skip_unavailable' from command line to 'False'
[3.481s] Level 5:colcon.colcon_core.verb:set package 'label_goal_package' build argument 'cmake_clean_cache' from command line to 'False'
[3.481s] Level 5:colcon.colcon_core.verb:set package 'label_goal_package' build argument 'cmake_clean_first' from command line to 'False'
[3.481s] Level 5:colcon.colcon_core.verb:set package 'label_goal_package' build argument 'cmake_force_configure' from command line to 'False'
[3.482s] Level 5:colcon.colcon_core.verb:set package 'label_goal_package' build argument 'meson_args' from command line to '[]'
[3.482s] Level 5:colcon.colcon_core.verb:set package 'label_goal_package' build argument 'ament_cmake_args' from command line to 'None'
[3.482s] Level 5:colcon.colcon_core.verb:set package 'label_goal_package' build argument 'catkin_cmake_args' from command line to 'None'
[3.482s] Level 5:colcon.colcon_core.verb:set package 'label_goal_package' build argument 'catkin_skip_building_tests' from command line to 'False'
[3.482s] DEBUG:colcon.colcon_core.verb:Building package 'label_goal_package' with the following arguments: {'ament_cmake_args': None, 'bazel_args': None, 'bazel_task': None, 'build_base': '/root/label_goal/build/label_goal_package', 'catkin_cmake_args': None, 'catkin_skip_building_tests': False, 'cmake_args': None, 'cmake_clean_cache': False, 'cmake_clean_first': False, 'cmake_force_configure': False, 'cmake_target': None, 'cmake_target_skip_unavailable': False, 'install_base': '/root/label_goal/install/label_goal_package', 'merge_install': False, 'meson_args': [], 'path': '/root/label_goal/src/label_goal_package', 'symlink_install': False, 'test_result_base': None}
[3.483s] INFO:colcon.colcon_core.executor:Executing jobs using 'parallel' executor
[3.488s] DEBUG:colcon.colcon_parallel_executor.executor.parallel:run_until_complete
[3.489s] INFO:colcon.colcon_ros.task.ament_python.build:Building ROS package in '/root/label_goal/src/label_goal_package' with build type 'ament_python'
[3.490s] Level 1:colcon.colcon_core.shell:create_environment_hook('label_goal_package', 'ament_prefix_path')
[3.514s] INFO:colcon.colcon_core.plugin_system:Skipping extension 'colcon_core.shell.bat': Not used on non-Windows systems
[3.517s] INFO:colcon.colcon_core.shell:Creating environment hook '/root/label_goal/install/label_goal_package/share/label_goal_package/hook/ament_prefix_path.ps1'
[3.521s] INFO:colcon.colcon_core.shell:Creating environment descriptor '/root/label_goal/install/label_goal_package/share/label_goal_package/hook/ament_prefix_path.dsv'
[3.532s] INFO:colcon.colcon_core.shell:Creating environment hook '/root/label_goal/install/label_goal_package/share/label_goal_package/hook/ament_prefix_path.sh'
[3.548s] DEBUG:colcon.colcon_ros_domain_id_coordinator.shell.ros_domain_id:Allocated ROS_DOMAIN_ID=52 for '/root/label_goal/build/label_goal_package'
[3.549s] INFO:colcon.colcon_core.shell:Skip shell extension 'ros_domain_id' for command environment: 
[3.549s] INFO:colcon.colcon_core.shell:Skip shell extension 'powershell' for command environment: Not usable outside of PowerShell
[3.549s] DEBUG:colcon.colcon_core.shell:Skip shell extension 'dsv' for command environment
[5.344s] INFO:colcon.colcon_core.task.python.build:Building Python package in '/root/label_goal/src/label_goal_package'
[5.346s] DEBUG:colcon.colcon_ros_domain_id_coordinator.shell.ros_domain_id:Allocated ROS_DOMAIN_ID=52 for '/root/label_goal/build/label_goal_package'
[5.346s] INFO:colcon.colcon_core.shell:Skip shell extension 'ros_domain_id' for command environment: 
[5.347s] INFO:colcon.colcon_core.shell:Skip shell extension 'powershell' for command environment: Not usable outside of PowerShell
[5.347s] DEBUG:colcon.colcon_core.shell:Skip shell extension 'dsv' for command environment
[7.939s] DEBUG:colcon.colcon_core.event_handler.log_command:Invoking command in '/root/label_goal/src/label_goal_package': PYTHONPATH=/root/label_goal/build/label_goal_package/prefix_override:/usr/lib/python3/dist-packages/colcon_core/task/python/colcon_distutils_commands:/root/label_goal/install/label_goal_package/lib/python3.10/site-packages:${PYTHONPATH} /usr/bin/python3 -W ignore:setup.py install is deprecated -W ignore:easy_install command is deprecated setup.py egg_info --egg-base ../../build/label_goal_package build --build-base /root/label_goal/build/label_goal_package/build install --record /root/label_goal/build/label_goal_package/install.log --single-version-externally-managed install_data
[10.024s] DEBUG:colcon.colcon_core.event_handler.log_command:Invoked command in '/root/label_goal/src/label_goal_package' returned '0': PYTHONPATH=/root/label_goal/build/label_goal_package/prefix_override:/usr/lib/python3/dist-packages/colcon_core/task/python/colcon_distutils_commands:/root/label_goal/install/label_goal_package/lib/python3.10/site-packages:${PYTHONPATH} /usr/bin/python3 -W ignore:setup.py install is deprecated -W ignore:easy_install command is deprecated setup.py egg_info --egg-base ../../build/label_goal_package build --build-base /root/label_goal/build/label_goal_package/build install --record /root/label_goal/build/label_goal_package/install.log --single-version-externally-managed install_data
[10.073s] Level 1:colcon.colcon_core.environment:checking '/root/label_goal/install/label_goal_package' for CMake module files
[10.079s] Level 1:colcon.colcon_core.environment:checking '/root/label_goal/install/label_goal_package' for CMake config files
[10.086s] Level 1:colcon.colcon_core.environment:checking '/root/label_goal/install/label_goal_package/lib'
[10.087s] Level 1:colcon.colcon_core.environment:checking '/root/label_goal/install/label_goal_package/bin'
[10.088s] Level 1:colcon.colcon_core.environment:checking '/root/label_goal/install/label_goal_package/lib/pkgconfig/label_goal_package.pc'
[10.091s] Level 1:colcon.colcon_core.environment:checking '/root/label_goal/install/label_goal_package/lib/python3.10/site-packages'
[10.092s] Level 1:colcon.colcon_core.shell:create_environment_hook('label_goal_package', 'pythonpath')
[10.095s] INFO:colcon.colcon_core.shell:Creating environment hook '/root/label_goal/install/label_goal_package/share/label_goal_package/hook/pythonpath.ps1'
[10.100s] INFO:colcon.colcon_core.shell:Creating environment descriptor '/root/label_goal/install/label_goal_package/share/label_goal_package/hook/pythonpath.dsv'
[10.102s] INFO:colcon.colcon_core.shell:Creating environment hook '/root/label_goal/install/label_goal_package/share/label_goal_package/hook/pythonpath.sh'
[10.105s] Level 1:colcon.colcon_core.environment:checking '/root/label_goal/install/label_goal_package/bin'
[10.106s] Level 1:colcon.colcon_core.environment:create_environment_scripts_only(label_goal_package)
[10.109s] INFO:colcon.colcon_core.shell:Creating package script '/root/label_goal/install/label_goal_package/share/label_goal_package/package.ps1'
[10.145s] INFO:colcon.colcon_core.shell:Creating package descriptor '/root/label_goal/install/label_goal_package/share/label_goal_package/package.dsv'
[10.190s] INFO:colcon.colcon_core.shell:Creating package script '/root/label_goal/install/label_goal_package/share/label_goal_package/package.sh'
[10.221s] INFO:colcon.colcon_core.shell:Creating package script '/root/label_goal/install/label_goal_package/share/label_goal_package/package.bash'
[10.254s] INFO:colcon.colcon_core.shell:Creating package script '/root/label_goal/install/label_goal_package/share/label_goal_package/package.zsh'
[10.283s] Level 1:colcon.colcon_core.environment:create_file_with_runtime_dependencies(/root/label_goal/install/label_goal_package/share/colcon-core/packages/label_goal_package)
[10.286s] DEBUG:colcon.colcon_parallel_executor.executor.parallel:closing loop
[10.286s] DEBUG:colcon.colcon_ros_domain_id_coordinator.shell.ros_domain_id:Released ROS_DOMAIN_ID=52 for '/root/label_goal/build/label_goal_package'
[10.287s] DEBUG:colcon.colcon_parallel_executor.executor.parallel:loop closed
[10.290s] DEBUG:colcon.colcon_parallel_executor.executor.parallel:run_until_complete finished with '0'
[10.292s] DEBUG:colcon.colcon_core.event_reactor:joining thread
[10.403s] INFO:colcon.colcon_core.plugin_system:Skipping extension 'colcon_notification.desktop_notification.notify_send': Could not find 'notify-send'
[10.404s] INFO:colcon.colcon_core.plugin_system:Skipping extension 'colcon_notification.desktop_notification.terminal_notifier': Not used on non-Darwin systems
[10.405s] INFO:colcon.colcon_core.plugin_system:Skipping extension 'colcon_notification.desktop_notification.win32': Not used on non-Windows systems
[10.406s] INFO:colcon.colcon_notification.desktop_notification:Sending desktop notification using 'notify2'
[35.532s] DEBUG:colcon.colcon_notification.desktop_notification.notify2:Failed to initialize notify2: org.freedesktop.DBus.Error.NoReply: Did not receive a reply. Possible causes include: the remote application did not send a reply, the message bus security policy blocked the reply, the reply timeout expired, or the network connection was broken.
[35.534s] DEBUG:colcon.colcon_core.event_reactor:joined thread
[35.541s] INFO:colcon.colcon_core.shell:Creating prefix script '/root/label_goal/install/local_setup.ps1'
[35.564s] INFO:colcon.colcon_core.shell:Creating prefix util module '/root/label_goal/install/_local_setup_util_ps1.py'
[35.589s] INFO:colcon.colcon_core.shell:Creating prefix chain script '/root/label_goal/install/setup.ps1'
[35.603s] INFO:colcon.colcon_core.shell:Creating prefix script '/root/label_goal/install/local_setup.sh'
[35.607s] INFO:colcon.colcon_core.shell:Creating prefix util module '/root/label_goal/install/_local_setup_util_sh.py'
[35.612s] INFO:colcon.colcon_core.shell:Creating prefix chain script '/root/label_goal/install/setup.sh'
[35.628s] INFO:colcon.colcon_core.shell:Creating prefix script '/root/label_goal/install/local_setup.bash'
[35.632s] INFO:colcon.colcon_core.shell:Creating prefix chain script '/root/label_goal/install/setup.bash'
[35.645s] INFO:colcon.colcon_core.shell:Creating prefix script '/root/label_goal/install/local_setup.zsh'
[35.649s] INFO:colcon.colcon_core.shell:Creating prefix chain script '/root/label_goal/install/setup.zsh'
[35.662s] INFO:colcon.colcon_core.shell:Creating '/root/label_goal/install/spawn_shell.bash'
