[0.000000] (-) TimerEvent: {}
[0.001781] (label_goal_package) JobQueued: {'identifier': 'label_goal_package', 'dependencies': OrderedDict()}
[0.002620] (label_goal_package) JobStarted: {'identifier': 'label_goal_package'}
[0.098670] (-) TimerEvent: {}
[0.199498] (-) TimerEvent: {}
[0.300314] (-) TimerEvent: {}
[0.401113] (-) TimerEvent: {}
[0.501930] (-) TimerEvent: {}
[0.602744] (-) TimerEvent: {}
[0.703553] (-) TimerEvent: {}
[0.804365] (-) TimerEvent: {}
[0.905209] (-) TimerEvent: {}
[1.006026] (-) TimerEvent: {}
[1.106837] (-) TimerEvent: {}
[1.207651] (-) TimerEvent: {}
[1.308447] (-) TimerEvent: {}
[1.409270] (-) TimerEvent: {}
[1.510089] (-) TimerEvent: {}
[1.610893] (-) TimerEvent: {}
[1.711782] (-) TimerEvent: {}
[1.812897] (-) TimerEvent: {}
[1.914049] (-) TimerEvent: {}
[2.014930] (-) TimerEvent: {}
[2.115715] (-) TimerEvent: {}
[2.216521] (-) TimerEvent: {}
[2.317347] (-) TimerEvent: {}
[2.418156] (-) TimerEvent: {}
[2.518960] (-) TimerEvent: {}
[2.619758] (-) TimerEvent: {}
[2.720530] (-) TimerEvent: {}
[2.821361] (-) TimerEvent: {}
[2.922165] (-) TimerEvent: {}
[3.022956] (-) TimerEvent: {}
[3.123767] (-) TimerEvent: {}
[3.224616] (-) TimerEvent: {}
[3.325411] (-) TimerEvent: {}
[3.426213] (-) TimerEvent: {}
[3.527003] (-) TimerEvent: {}
[3.627821] (-) TimerEvent: {}
[3.728616] (-) TimerEvent: {}
[3.829437] (-) TimerEvent: {}
[3.930296] (-) TimerEvent: {}
[4.031278] (-) TimerEvent: {}
[4.132253] (-) TimerEvent: {}
[4.175565] (label_goal_package) Command: {'cmd': ['/usr/bin/python3', '-W', 'ignore:setup.py install is deprecated', '-W', 'ignore:easy_install command is deprecated', 'setup.py', 'egg_info', '--egg-base', '../../build/label_goal_package', 'build', '--build-base', '/root/label_goal/build/label_goal_package/build', 'install', '--record', '/root/label_goal/build/label_goal_package/install.log', '--single-version-externally-managed', 'install_data'], 'cwd': '/root/label_goal/src/label_goal_package', 'env': {'MAIL': '/var/mail/root', 'LANGUAGE': 'en_US.UTF-8', 'USER': 'root', 'XDG_SESSION_TYPE': 'tty', 'SHLVL': '1', 'LD_LIBRARY_PATH': '/userdata/dev_ws/install/serial/lib:/userdata/dev_ws/install/originbot_msgs/lib:/root/uros_ws/install/micro_ros_agent/lib:/root/uros_ws/install/micro_ros_msgs/lib:/opt/tros/humble/lib/aarch64-linux-gnu:/opt/tros/humble/lib:/opt/ros/humble/opt/rviz_ogre_vendor/lib:/opt/ros/humble/lib/aarch64-linux-gnu:/opt/ros/humble/lib:/usr/hobot/lib:/app/lib:/app/pub/lib:/middleware/lib:/middleware/pub/lib:/usr/hobot/lib/sensor:/system/lib:/system/usr/lib:/lib:', 'MOTD_SHOWN': 'pam', 'HOME': '/root', 'OLDPWD': '/root', 'HUSHLOGIN': 'FALSE', 'ROS_PYTHON_VERSION': '3', 'SYSTEMD_EXEC_PID': '1124', 'DBUS_SESSION_BUS_ADDRESS': 'unix:path=/run/user/0/bus', 'DEBUGINFOD_URLS': '', 'TROS_DISTRO': 'humble', 'COLCON_PREFIX_PATH': '/root/home_label/install:/root/uros_ws/install:/userdata/dev_ws/install', 'ROS_DISTRO': 'humble', 'LOGNAME': 'root', 'JOURNAL_STREAM': '8:10616', '_': '/usr/bin/colcon', 'ROS_VERSION': '2', 'XDG_SESSION_CLASS': 'user', 'TERM': 'vt220', 'XDG_SESSION_ID': '2', 'ROS_LOCALHOST_ONLY': '0', 'PATH': '/opt/tros/humble/bin:/opt/ros/humble/bin:/usr/hobot/bin/:/usr/local/sbin:/usr/local/bin:/usr/sbin:/usr/bin:/sbin:/bin:/usr/games:/usr/local/games:/snap/bin', 'INVOCATION_ID': 'ad5e9dcbd6b0495486bffc840ad0ad93', 'CAM_TYPE': 'usb', 'XDG_RUNTIME_DIR': '/run/user/0', 'LANG': 'en_US.UTF-8', 'LS_COLORS': '', 'AMENT_PREFIX_PATH': '/userdata/dev_ws/install/vp100_ros2:/userdata/dev_ws/install/originbot_base:/userdata/dev_ws/install/serial:/userdata/dev_ws/install/originbot_teleop:/userdata/dev_ws/install/originbot_send_goal:/userdata/dev_ws/install/originbot_qrcode_detect:/userdata/dev_ws/install/originbot_navigation:/userdata/dev_ws/install/originbot_linefollower:/userdata/dev_ws/install/originbot_demo:/userdata/dev_ws/install/originbot_msgs:/userdata/dev_ws/install/originbot_bringup:/userdata/dev_ws/install/line_follower_perception:/userdata/dev_ws/install/gesture_control:/userdata/dev_ws/install/body_tracking:/root/uros_ws/install/micro_ros_setup:/root/uros_ws/install/micro_ros_agent:/root/uros_ws/install/micro_ros_msgs:/root/home_label/install/home_label_package:/opt/tros/humble:/opt/ros/humble', 'ROS_DOMAIN_ID': '54', 'SHELL': '/bin/bash', 'PWD': '/root/label_goal/build/label_goal_package', 'XDG_DATA_DIRS': '/usr/local/share:/usr/share:/var/lib/snapd/desktop', 'PYTHONPATH': '/root/label_goal/build/label_goal_package/prefix_override:/usr/lib/python3/dist-packages/colcon_core/task/python/colcon_distutils_commands:/root/label_goal/install/label_goal_package/lib/python3.10/site-packages:/userdata/dev_ws/install/originbot_linefollower/lib/python3.10/site-packages:/userdata/dev_ws/install/originbot_demo/lib/python3.10/site-packages:/userdata/dev_ws/install/originbot_msgs/local/lib/python3.10/dist-packages:/root/uros_ws/install/micro_ros_msgs/local/lib/python3.10/dist-packages:/root/home_label/install/home_label_package/lib/python3.10/site-packages:/opt/tros/humble/lib/python3.10/site-packages:/opt/tros/humble/local/lib/python3.10/dist-packages:/opt/ros/humble/lib/python3.10/site-packages:/opt/ros/humble/local/lib/python3.10/dist-packages', 'COLCON': '1', 'CMAKE_PREFIX_PATH': '/userdata/dev_ws/install/vp100_ros2:/userdata/dev_ws/install/originbot_base:/userdata/dev_ws/install/serial:/userdata/dev_ws/install/originbot_teleop:/userdata/dev_ws/install/originbot_send_goal:/userdata/dev_ws/install/originbot_qrcode_detect:/userdata/dev_ws/install/originbot_navigation:/userdata/dev_ws/install/originbot_msgs:/userdata/dev_ws/install/originbot_bringup:/userdata/dev_ws/install/line_follower_perception:/userdata/dev_ws/install/gesture_control:/userdata/dev_ws/install/body_tracking:/root/uros_ws/install/micro_ros_setup:/root/uros_ws/install/micro_ros_agent:/root/uros_ws/install/micro_ros_msgs'}, 'shell': False}
[4.232392] (-) TimerEvent: {}
[4.333187] (-) TimerEvent: {}
[4.433979] (-) TimerEvent: {}
[4.534814] (-) TimerEvent: {}
[4.635602] (-) TimerEvent: {}
[4.736377] (-) TimerEvent: {}
[4.837158] (-) TimerEvent: {}
[4.937932] (-) TimerEvent: {}
[5.038719] (-) TimerEvent: {}
[5.139503] (-) TimerEvent: {}
[5.240267] (-) TimerEvent: {}
[5.341045] (-) TimerEvent: {}
[5.441833] (-) TimerEvent: {}
[5.542605] (-) TimerEvent: {}
[5.643373] (-) TimerEvent: {}
[5.744150] (-) TimerEvent: {}
[5.802832] (label_goal_package) StdoutLine: {'line': b'running egg_info\n'}
[5.808654] (label_goal_package) StdoutLine: {'line': b'writing ../../build/label_goal_package/label_goal_package.egg-info/PKG-INFO\n'}
[5.809831] (label_goal_package) StdoutLine: {'line': b'writing dependency_links to ../../build/label_goal_package/label_goal_package.egg-info/dependency_links.txt\n'}
[5.810694] (label_goal_package) StdoutLine: {'line': b'writing entry points to ../../build/label_goal_package/label_goal_package.egg-info/entry_points.txt\n'}
[5.811407] (label_goal_package) StdoutLine: {'line': b'writing requirements to ../../build/label_goal_package/label_goal_package.egg-info/requires.txt\n'}
[5.812003] (label_goal_package) StdoutLine: {'line': b'writing top-level names to ../../build/label_goal_package/label_goal_package.egg-info/top_level.txt\n'}
[5.821743] (label_goal_package) StdoutLine: {'line': b"reading manifest file '../../build/label_goal_package/label_goal_package.egg-info/SOURCES.txt'\n"}
[5.826767] (label_goal_package) StdoutLine: {'line': b"writing manifest file '../../build/label_goal_package/label_goal_package.egg-info/SOURCES.txt'\n"}
[5.827518] (label_goal_package) StdoutLine: {'line': b'running build\n'}
[5.828060] (label_goal_package) StdoutLine: {'line': b'running build_py\n'}
[5.828640] (label_goal_package) StdoutLine: {'line': b'copying label_goal_package/navigation_label_node.py -> /root/label_goal/build/label_goal_package/build/lib/label_goal_package\n'}
[5.829555] (label_goal_package) StdoutLine: {'line': b'running install\n'}
[5.831305] (label_goal_package) StdoutLine: {'line': b'running install_lib\n'}
[5.835079] (label_goal_package) StdoutLine: {'line': b'copying /root/label_goal/build/label_goal_package/build/lib/label_goal_package/navigation_label_node.py -> /root/label_goal/install/label_goal_package/lib/python3.10/site-packages/label_goal_package\n'}
[5.838558] (label_goal_package) StdoutLine: {'line': b'byte-compiling /root/label_goal/install/label_goal_package/lib/python3.10/site-packages/label_goal_package/navigation_label_node.py to navigation_label_node.cpython-310.pyc\n'}
[5.842216] (label_goal_package) StdoutLine: {'line': b'running install_data\n'}
[5.842919] (label_goal_package) StdoutLine: {'line': b'running install_egg_info\n'}
[5.844229] (-) TimerEvent: {}
[5.853110] (label_goal_package) StdoutLine: {'line': b"removing '/root/label_goal/install/label_goal_package/lib/python3.10/site-packages/label_goal_package-0.0.0-py3.10.egg-info' (and everything under it)\n"}
[5.854922] (label_goal_package) StdoutLine: {'line': b'Copying ../../build/label_goal_package/label_goal_package.egg-info to /root/label_goal/install/label_goal_package/lib/python3.10/site-packages/label_goal_package-0.0.0-py3.10.egg-info\n'}
[5.859358] (label_goal_package) StdoutLine: {'line': b'running install_scripts\n'}
[5.944433] (-) TimerEvent: {}
[5.982798] (label_goal_package) StdoutLine: {'line': b'Installing label_goal_node script to /root/label_goal/install/label_goal_package/lib/label_goal_package\n'}
[5.984651] (label_goal_package) StdoutLine: {'line': b"writing list of installed files to '/root/label_goal/build/label_goal_package/install.log'\n"}
[6.044682] (-) TimerEvent: {}
[6.145551] (-) TimerEvent: {}
[6.189744] (label_goal_package) CommandEnded: {'returncode': 0}
[6.245823] (-) TimerEvent: {}
[6.299236] (label_goal_package) JobEnded: {'identifier': 'label_goal_package', 'rc': 0}
[6.301812] (-) EventReactorShutdown: {}
