[1.951s] DEBUG:colcon:Command line arguments: ['/usr/bin/colcon', 'build']
[1.959s] DEBUG:colcon:Parsed command line arguments: Namespace(log_base=None, log_level=None, verb_name='build', build_base='build', install_base='install', merge_install=False, symlink_install=False, test_result_base=None, continue_on_error=False, executor='parallel', parallel_workers=8, event_handlers=None, ignore_user_meta=False, metas=['./colcon.meta'], base_paths=['.'], packages_ignore=None, packages_ignore_regex=None, paths=None, packages_up_to=None, packages_up_to_regex=None, packages_above=None, packages_above_and_dependencies=None, packages_above_depth=None, packages_select_by_dep=None, packages_skip_by_dep=None, packages_skip_up_to=None, packages_select_build_failed=False, packages_skip_build_finished=False, packages_select_test_failures=False, packages_skip_test_passed=False, packages_select=None, packages_skip=None, packages_select_regex=None, packages_skip_regex=None, packages_start=None, packages_end=None, allow_overriding=[], bazel_args=None, bazel_task=None, cmake_args=None, cmake_target=None, cmake_target_skip_unavailable=False, cmake_clean_cache=False, cmake_clean_first=False, cmake_force_configure=False, meson_args=[], ament_cmake_args=None, catkin_cmake_args=None, catkin_skip_building_tests=False, mixin_files=None, mixin=None, verb_parser=<colcon_alias.argument_parser.alias.AliasArgumentDecorator object at 0xffffb2021840>, verb_extension=<colcon_core.verb.build.BuildVerb object at 0xffffb24e4100>, main=<bound method BuildVerb.main of <colcon_core.verb.build.BuildVerb object at 0xffffb24e4100>>, mixin_verb=('build',))
[3.384s] Level 1:colcon.colcon_core.package_discovery:discover_packages(colcon_meta) check parameters
[3.384s] Level 1:colcon.colcon_core.package_discovery:discover_packages(recursive) check parameters
[3.385s] Level 1:colcon.colcon_core.package_discovery:discover_packages(ignore) check parameters
[3.385s] Level 1:colcon.colcon_core.package_discovery:discover_packages(path) check parameters
[3.385s] Level 1:colcon.colcon_core.package_discovery:discover_packages(colcon_meta) discover
[3.385s] Level 1:colcon.colcon_core.package_discovery:discover_packages(recursive) discover
[3.386s] INFO:colcon.colcon_core.package_discovery:Crawling recursively for packages in '/root/home_label'
[3.386s] Level 1:colcon.colcon_core.package_identification:_identify(.) by extensions ['ignore', 'ignore_ament_install']
[3.387s] Level 1:colcon.colcon_core.package_identification:_identify(.) by extension 'ignore'
[3.387s] Level 1:colcon.colcon_core.package_identification:_identify(.) by extension 'ignore_ament_install'
[3.388s] Level 1:colcon.colcon_core.package_identification:_identify(.) by extensions ['colcon_pkg']
[3.389s] Level 1:colcon.colcon_core.package_identification:_identify(.) by extension 'colcon_pkg'
[3.389s] Level 1:colcon.colcon_core.package_identification:_identify(.) by extensions ['colcon_meta']
[3.390s] Level 1:colcon.colcon_core.package_identification:_identify(.) by extension 'colcon_meta'
[3.390s] Level 1:colcon.colcon_core.package_identification:_identify(.) by extensions ['ros']
[3.390s] Level 1:colcon.colcon_core.package_identification:_identify(.) by extension 'ros'
[3.408s] Level 1:colcon.colcon_core.package_identification:_identify(.) by extensions ['bazel', 'cmake', 'meson', 'python']
[3.408s] Level 1:colcon.colcon_core.package_identification:_identify(.) by extension 'bazel'
[3.409s] Level 1:colcon.colcon_core.package_identification:_identify(.) by extension 'cmake'
[3.409s] Level 1:colcon.colcon_core.package_identification:_identify(.) by extension 'meson'
[3.409s] Level 1:colcon.colcon_core.package_identification:_identify(.) by extension 'python'
[3.410s] Level 1:colcon.colcon_core.package_identification:_identify(.) by extensions ['python_setup_py']
[3.410s] Level 1:colcon.colcon_core.package_identification:_identify(.) by extension 'python_setup_py'
[3.410s] Level 1:colcon.colcon_core.package_identification:_identify(build) by extensions ['ignore', 'ignore_ament_install']
[3.411s] Level 1:colcon.colcon_core.package_identification:_identify(build) by extension 'ignore'
[3.411s] Level 1:colcon.colcon_core.package_identification:_identify(build) ignored
[3.412s] Level 1:colcon.colcon_core.package_identification:_identify(install) by extensions ['ignore', 'ignore_ament_install']
[3.412s] Level 1:colcon.colcon_core.package_identification:_identify(install) by extension 'ignore'
[3.412s] Level 1:colcon.colcon_core.package_identification:_identify(install) ignored
[3.413s] Level 1:colcon.colcon_core.package_identification:_identify(log) by extensions ['ignore', 'ignore_ament_install']
[3.414s] Level 1:colcon.colcon_core.package_identification:_identify(log) by extension 'ignore'
[3.414s] Level 1:colcon.colcon_core.package_identification:_identify(log) ignored
[3.415s] Level 1:colcon.colcon_core.package_identification:_identify(src) by extensions ['ignore', 'ignore_ament_install']
[3.415s] Level 1:colcon.colcon_core.package_identification:_identify(src) by extension 'ignore'
[3.416s] Level 1:colcon.colcon_core.package_identification:_identify(src) by extension 'ignore_ament_install'
[3.416s] Level 1:colcon.colcon_core.package_identification:_identify(src) by extensions ['colcon_pkg']
[3.417s] Level 1:colcon.colcon_core.package_identification:_identify(src) by extension 'colcon_pkg'
[3.417s] Level 1:colcon.colcon_core.package_identification:_identify(src) by extensions ['colcon_meta']
[3.417s] Level 1:colcon.colcon_core.package_identification:_identify(src) by extension 'colcon_meta'
[3.418s] Level 1:colcon.colcon_core.package_identification:_identify(src) by extensions ['ros']
[3.418s] Level 1:colcon.colcon_core.package_identification:_identify(src) by extension 'ros'
[3.419s] Level 1:colcon.colcon_core.package_identification:_identify(src) by extensions ['bazel', 'cmake', 'meson', 'python']
[3.419s] Level 1:colcon.colcon_core.package_identification:_identify(src) by extension 'bazel'
[3.419s] Level 1:colcon.colcon_core.package_identification:_identify(src) by extension 'cmake'
[3.420s] Level 1:colcon.colcon_core.package_identification:_identify(src) by extension 'meson'
[3.420s] Level 1:colcon.colcon_core.package_identification:_identify(src) by extension 'python'
[3.420s] Level 1:colcon.colcon_core.package_identification:_identify(src) by extensions ['python_setup_py']
[3.420s] Level 1:colcon.colcon_core.package_identification:_identify(src) by extension 'python_setup_py'
[3.421s] Level 1:colcon.colcon_core.package_identification:_identify(src/home_label_package) by extensions ['ignore', 'ignore_ament_install']
[3.421s] Level 1:colcon.colcon_core.package_identification:_identify(src/home_label_package) by extension 'ignore'
[3.422s] Level 1:colcon.colcon_core.package_identification:_identify(src/home_label_package) by extension 'ignore_ament_install'
[3.422s] Level 1:colcon.colcon_core.package_identification:_identify(src/home_label_package) by extensions ['colcon_pkg']
[3.422s] Level 1:colcon.colcon_core.package_identification:_identify(src/home_label_package) by extension 'colcon_pkg'
[3.422s] Level 1:colcon.colcon_core.package_identification:_identify(src/home_label_package) by extensions ['colcon_meta']
[3.423s] Level 1:colcon.colcon_core.package_identification:_identify(src/home_label_package) by extension 'colcon_meta'
[3.423s] Level 1:colcon.colcon_core.package_identification:_identify(src/home_label_package) by extensions ['ros']
[3.423s] Level 1:colcon.colcon_core.package_identification:_identify(src/home_label_package) by extension 'ros'
[3.438s] DEBUG:colcon.colcon_core.package_identification:Package 'src/home_label_package' with type 'ros.ament_python' and name 'home_label_package'
[3.439s] Level 1:colcon.colcon_core.package_discovery:discover_packages(recursive) using defaults
[3.439s] Level 1:colcon.colcon_core.package_discovery:discover_packages(ignore) discover
[3.439s] Level 1:colcon.colcon_core.package_discovery:discover_packages(ignore) using defaults
[3.439s] Level 1:colcon.colcon_core.package_discovery:discover_packages(path) discover
[3.439s] Level 1:colcon.colcon_core.package_discovery:discover_packages(path) using defaults
[3.551s] Level 1:colcon.colcon_core.package_discovery:discover_packages(prefix_path) check parameters
[3.551s] Level 1:colcon.colcon_core.package_discovery:discover_packages(prefix_path) discover
[3.569s] DEBUG:colcon.colcon_installed_package_information.package_discovery:Found 1 installed packages in /root/us100_sensor_ws/install
[3.574s] DEBUG:colcon.colcon_installed_package_information.package_discovery:Found 7 installed packages in /root/ros2_ws/install
[3.577s] DEBUG:colcon.colcon_installed_package_information.package_discovery:Found 1 installed packages in /root/label_goal/install
[3.579s] DEBUG:colcon.colcon_installed_package_information.package_discovery:Found 1 installed packages in /root/home_label/install
[3.582s] DEBUG:colcon.colcon_installed_package_information.package_discovery:Found 3 installed packages in /root/uros_ws/install
[3.589s] DEBUG:colcon.colcon_installed_package_information.package_discovery:Found 15 installed packages in /userdata/dev_ws/install
[3.593s] DEBUG:colcon.colcon_installed_package_information.package_discovery:Found 55 installed packages in /opt/tros/humble
[3.604s] DEBUG:colcon.colcon_installed_package_information.package_discovery:Found 275 installed packages in /opt/ros/humble
[3.617s] Level 1:colcon.colcon_core.package_discovery:discover_packages(prefix_path) using defaults
[4.028s] Level 5:colcon.colcon_core.verb:set package 'home_label_package' build argument 'bazel_args' from command line to 'None'
[4.029s] Level 5:colcon.colcon_core.verb:set package 'home_label_package' build argument 'bazel_task' from command line to 'None'
[4.029s] Level 5:colcon.colcon_core.verb:set package 'home_label_package' build argument 'cmake_args' from command line to 'None'
[4.029s] Level 5:colcon.colcon_core.verb:set package 'home_label_package' build argument 'cmake_target' from command line to 'None'
[4.030s] Level 5:colcon.colcon_core.verb:set package 'home_label_package' build argument 'cmake_target_skip_unavailable' from command line to 'False'
[4.030s] Level 5:colcon.colcon_core.verb:set package 'home_label_package' build argument 'cmake_clean_cache' from command line to 'False'
[4.030s] Level 5:colcon.colcon_core.verb:set package 'home_label_package' build argument 'cmake_clean_first' from command line to 'False'
[4.031s] Level 5:colcon.colcon_core.verb:set package 'home_label_package' build argument 'cmake_force_configure' from command line to 'False'
[4.031s] Level 5:colcon.colcon_core.verb:set package 'home_label_package' build argument 'meson_args' from command line to '[]'
[4.031s] Level 5:colcon.colcon_core.verb:set package 'home_label_package' build argument 'ament_cmake_args' from command line to 'None'
[4.031s] Level 5:colcon.colcon_core.verb:set package 'home_label_package' build argument 'catkin_cmake_args' from command line to 'None'
[4.031s] Level 5:colcon.colcon_core.verb:set package 'home_label_package' build argument 'catkin_skip_building_tests' from command line to 'False'
[4.032s] DEBUG:colcon.colcon_core.verb:Building package 'home_label_package' with the following arguments: {'ament_cmake_args': None, 'bazel_args': None, 'bazel_task': None, 'build_base': '/root/home_label/build/home_label_package', 'catkin_cmake_args': None, 'catkin_skip_building_tests': False, 'cmake_args': None, 'cmake_clean_cache': False, 'cmake_clean_first': False, 'cmake_force_configure': False, 'cmake_target': None, 'cmake_target_skip_unavailable': False, 'install_base': '/root/home_label/install/home_label_package', 'merge_install': False, 'meson_args': [], 'path': '/root/home_label/src/home_label_package', 'symlink_install': False, 'test_result_base': None}
[4.033s] INFO:colcon.colcon_core.executor:Executing jobs using 'parallel' executor
[4.039s] DEBUG:colcon.colcon_parallel_executor.executor.parallel:run_until_complete
[4.040s] INFO:colcon.colcon_ros.task.ament_python.build:Building ROS package in '/root/home_label/src/home_label_package' with build type 'ament_python'
[4.041s] Level 1:colcon.colcon_core.shell:create_environment_hook('home_label_package', 'ament_prefix_path')
[4.059s] INFO:colcon.colcon_core.plugin_system:Skipping extension 'colcon_core.shell.bat': Not used on non-Windows systems
[4.062s] INFO:colcon.colcon_core.shell:Creating environment hook '/root/home_label/install/home_label_package/share/home_label_package/hook/ament_prefix_path.ps1'
[4.066s] INFO:colcon.colcon_core.shell:Creating environment descriptor '/root/home_label/install/home_label_package/share/home_label_package/hook/ament_prefix_path.dsv'
[4.069s] INFO:colcon.colcon_core.shell:Creating environment hook '/root/home_label/install/home_label_package/share/home_label_package/hook/ament_prefix_path.sh'
[4.075s] DEBUG:colcon.colcon_ros_domain_id_coordinator.shell.ros_domain_id:Allocated ROS_DOMAIN_ID=55 for '/root/home_label/build/home_label_package'
[4.076s] INFO:colcon.colcon_core.shell:Skip shell extension 'ros_domain_id' for command environment: 
[4.076s] INFO:colcon.colcon_core.shell:Skip shell extension 'powershell' for command environment: Not usable outside of PowerShell
[4.076s] DEBUG:colcon.colcon_core.shell:Skip shell extension 'dsv' for command environment
[6.176s] INFO:colcon.colcon_core.task.python.build:Building Python package in '/root/home_label/src/home_label_package'
[6.178s] DEBUG:colcon.colcon_ros_domain_id_coordinator.shell.ros_domain_id:Allocated ROS_DOMAIN_ID=55 for '/root/home_label/build/home_label_package'
[6.178s] INFO:colcon.colcon_core.shell:Skip shell extension 'ros_domain_id' for command environment: 
[6.179s] INFO:colcon.colcon_core.shell:Skip shell extension 'powershell' for command environment: Not usable outside of PowerShell
[6.179s] DEBUG:colcon.colcon_core.shell:Skip shell extension 'dsv' for command environment
[8.801s] DEBUG:colcon.colcon_core.event_handler.log_command:Invoking command in '/root/home_label/src/home_label_package': PYTHONPATH=/root/home_label/build/home_label_package/prefix_override:/usr/lib/python3/dist-packages/colcon_core/task/python/colcon_distutils_commands:/root/home_label/install/home_label_package/lib/python3.10/site-packages:${PYTHONPATH} /usr/bin/python3 -W ignore:setup.py install is deprecated -W ignore:easy_install command is deprecated setup.py egg_info --egg-base ../../build/home_label_package build --build-base /root/home_label/build/home_label_package/build install --record /root/home_label/build/home_label_package/install.log --single-version-externally-managed install_data
[11.062s] DEBUG:colcon.colcon_core.event_handler.log_command:Invoked command in '/root/home_label/src/home_label_package' returned '0': PYTHONPATH=/root/home_label/build/home_label_package/prefix_override:/usr/lib/python3/dist-packages/colcon_core/task/python/colcon_distutils_commands:/root/home_label/install/home_label_package/lib/python3.10/site-packages:${PYTHONPATH} /usr/bin/python3 -W ignore:setup.py install is deprecated -W ignore:easy_install command is deprecated setup.py egg_info --egg-base ../../build/home_label_package build --build-base /root/home_label/build/home_label_package/build install --record /root/home_label/build/home_label_package/install.log --single-version-externally-managed install_data
[11.076s] Level 1:colcon.colcon_core.environment:checking '/root/home_label/install/home_label_package' for CMake module files
[11.080s] Level 1:colcon.colcon_core.environment:checking '/root/home_label/install/home_label_package' for CMake config files
[11.083s] Level 1:colcon.colcon_core.environment:checking '/root/home_label/install/home_label_package/lib'
[11.085s] Level 1:colcon.colcon_core.environment:checking '/root/home_label/install/home_label_package/bin'
[11.086s] Level 1:colcon.colcon_core.environment:checking '/root/home_label/install/home_label_package/lib/pkgconfig/home_label_package.pc'
[11.087s] Level 1:colcon.colcon_core.environment:checking '/root/home_label/install/home_label_package/lib/python3.10/site-packages'
[11.088s] Level 1:colcon.colcon_core.shell:create_environment_hook('home_label_package', 'pythonpath')
[11.090s] INFO:colcon.colcon_core.shell:Creating environment hook '/root/home_label/install/home_label_package/share/home_label_package/hook/pythonpath.ps1'
[11.092s] INFO:colcon.colcon_core.shell:Creating environment descriptor '/root/home_label/install/home_label_package/share/home_label_package/hook/pythonpath.dsv'
[11.094s] INFO:colcon.colcon_core.shell:Creating environment hook '/root/home_label/install/home_label_package/share/home_label_package/hook/pythonpath.sh'
[11.099s] Level 1:colcon.colcon_core.environment:checking '/root/home_label/install/home_label_package/bin'
[11.100s] Level 1:colcon.colcon_core.environment:create_environment_scripts_only(home_label_package)
[11.103s] INFO:colcon.colcon_core.shell:Creating package script '/root/home_label/install/home_label_package/share/home_label_package/package.ps1'
[11.111s] INFO:colcon.colcon_core.shell:Creating package descriptor '/root/home_label/install/home_label_package/share/home_label_package/package.dsv'
[11.115s] INFO:colcon.colcon_core.shell:Creating package script '/root/home_label/install/home_label_package/share/home_label_package/package.sh'
[11.120s] INFO:colcon.colcon_core.shell:Creating package script '/root/home_label/install/home_label_package/share/home_label_package/package.bash'
[11.125s] INFO:colcon.colcon_core.shell:Creating package script '/root/home_label/install/home_label_package/share/home_label_package/package.zsh'
[11.130s] Level 1:colcon.colcon_core.environment:create_file_with_runtime_dependencies(/root/home_label/install/home_label_package/share/colcon-core/packages/home_label_package)
[11.132s] DEBUG:colcon.colcon_parallel_executor.executor.parallel:closing loop
[11.132s] DEBUG:colcon.colcon_ros_domain_id_coordinator.shell.ros_domain_id:Released ROS_DOMAIN_ID=55 for '/root/home_label/build/home_label_package'
[11.134s] DEBUG:colcon.colcon_parallel_executor.executor.parallel:loop closed
[11.135s] DEBUG:colcon.colcon_parallel_executor.executor.parallel:run_until_complete finished with '0'
[11.136s] DEBUG:colcon.colcon_core.event_reactor:joining thread
[11.169s] INFO:colcon.colcon_core.plugin_system:Skipping extension 'colcon_notification.desktop_notification.notify_send': Could not find 'notify-send'
[11.169s] INFO:colcon.colcon_core.plugin_system:Skipping extension 'colcon_notification.desktop_notification.terminal_notifier': Not used on non-Darwin systems
[11.170s] INFO:colcon.colcon_core.plugin_system:Skipping extension 'colcon_notification.desktop_notification.win32': Not used on non-Windows systems
[11.170s] INFO:colcon.colcon_notification.desktop_notification:Sending desktop notification using 'notify2'
[36.184s] DEBUG:colcon.colcon_notification.desktop_notification.notify2:Failed to initialize notify2: org.freedesktop.DBus.Error.NoReply: Did not receive a reply. Possible causes include: the remote application did not send a reply, the message bus security policy blocked the reply, the reply timeout expired, or the network connection was broken.
[36.184s] DEBUG:colcon.colcon_core.event_reactor:joined thread
[36.187s] INFO:colcon.colcon_core.shell:Creating prefix script '/root/home_label/install/local_setup.ps1'
[36.193s] INFO:colcon.colcon_core.shell:Creating prefix util module '/root/home_label/install/_local_setup_util_ps1.py'
[36.203s] INFO:colcon.colcon_core.shell:Creating prefix chain script '/root/home_label/install/setup.ps1'
[36.217s] INFO:colcon.colcon_core.shell:Creating prefix script '/root/home_label/install/local_setup.sh'
[36.221s] INFO:colcon.colcon_core.shell:Creating prefix util module '/root/home_label/install/_local_setup_util_sh.py'
[36.225s] INFO:colcon.colcon_core.shell:Creating prefix chain script '/root/home_label/install/setup.sh'
[36.239s] INFO:colcon.colcon_core.shell:Creating prefix script '/root/home_label/install/local_setup.bash'
[36.243s] INFO:colcon.colcon_core.shell:Creating prefix chain script '/root/home_label/install/setup.bash'
[36.256s] INFO:colcon.colcon_core.shell:Creating prefix script '/root/home_label/install/local_setup.zsh'
[36.259s] INFO:colcon.colcon_core.shell:Creating prefix chain script '/root/home_label/install/setup.zsh'
[36.273s] INFO:colcon.colcon_core.shell:Creating '/root/home_label/install/spawn_shell.bash'
