running egg_info
creating ../../build/mqtt_navigation/mqtt_navigation.egg-info
writing ../../build/mqtt_navigation/mqtt_navigation.egg-info/PKG-INFO
writing dependency_links to ../../build/mqtt_navigation/mqtt_navigation.egg-info/dependency_links.txt
writing entry points to ../../build/mqtt_navigation/mqtt_navigation.egg-info/entry_points.txt
writing requirements to ../../build/mqtt_navigation/mqtt_navigation.egg-info/requires.txt
writing top-level names to ../../build/mqtt_navigation/mqtt_navigation.egg-info/top_level.txt
writing manifest file '../../build/mqtt_navigation/mqtt_navigation.egg-info/SOURCES.txt'
reading manifest file '../../build/mqtt_navigation/mqtt_navigation.egg-info/SOURCES.txt'
writing manifest file '../../build/mqtt_navigation/mqtt_navigation.egg-info/SOURCES.txt'
running build
running build_py
creating /root/mqtt_goal_ws/build/mqtt_navigation/build
creating /root/mqtt_goal_ws/build/mqtt_navigation/build/lib
creating /root/mqtt_goal_ws/build/mqtt_navigation/build/lib/mqtt_navigation
copying mqtt_navigation/mqtt_navigation_node.py -> /root/mqtt_goal_ws/build/mqtt_navigation/build/lib/mqtt_navigation
copying mqtt_navigation/__init__.py -> /root/mqtt_goal_ws/build/mqtt_navigation/build/lib/mqtt_navigation
running install
running install_lib
creating /root/mqtt_goal_ws/install/mqtt_navigation/lib/python3.10/site-packages/mqtt_navigation
copying /root/mqtt_goal_ws/build/mqtt_navigation/build/lib/mqtt_navigation/mqtt_navigation_node.py -> /root/mqtt_goal_ws/install/mqtt_navigation/lib/python3.10/site-packages/mqtt_navigation
copying /root/mqtt_goal_ws/build/mqtt_navigation/build/lib/mqtt_navigation/__init__.py -> /root/mqtt_goal_ws/install/mqtt_navigation/lib/python3.10/site-packages/mqtt_navigation
byte-compiling /root/mqtt_goal_ws/install/mqtt_navigation/lib/python3.10/site-packages/mqtt_navigation/mqtt_navigation_node.py to mqtt_navigation_node.cpython-310.pyc
byte-compiling /root/mqtt_goal_ws/install/mqtt_navigation/lib/python3.10/site-packages/mqtt_navigation/__init__.py to __init__.cpython-310.pyc
running install_data
creating /root/mqtt_goal_ws/install/mqtt_navigation/share/ament_index
creating /root/mqtt_goal_ws/install/mqtt_navigation/share/ament_index/resource_index
creating /root/mqtt_goal_ws/install/mqtt_navigation/share/ament_index/resource_index/packages
copying resource/mqtt_navigation -> /root/mqtt_goal_ws/install/mqtt_navigation/share/ament_index/resource_index/packages
copying package.xml -> /root/mqtt_goal_ws/install/mqtt_navigation/share/mqtt_navigation
creating /root/mqtt_goal_ws/install/mqtt_navigation/share/mqtt_navigation/launch
copying launch/mqtt_navigation.launch.py -> /root/mqtt_goal_ws/install/mqtt_navigation/share/mqtt_navigation/launch
running install_egg_info
Copying ../../build/mqtt_navigation/mqtt_navigation.egg-info to /root/mqtt_goal_ws/install/mqtt_navigation/lib/python3.10/site-packages/mqtt_navigation-0.0.1-py3.10.egg-info
running install_scripts
Installing mqtt_navigation_node script to /root/mqtt_goal_ws/install/mqtt_navigation/lib/mqtt_navigation
writing list of installed files to '/root/mqtt_goal_ws/build/mqtt_navigation/install.log'
