[1.656s] DEBUG:colcon:Command line arguments: ['/usr/bin/colcon', 'build']
[1.662s] DEBUG:colcon:Parsed command line arguments: Namespace(log_base=None, log_level=None, verb_name='build', build_base='build', install_base='install', merge_install=False, symlink_install=False, test_result_base=None, continue_on_error=False, executor='parallel', parallel_workers=8, event_handlers=None, ignore_user_meta=False, metas=['./colcon.meta'], base_paths=['.'], packages_ignore=None, packages_ignore_regex=None, paths=None, packages_up_to=None, packages_up_to_regex=None, packages_above=None, packages_above_and_dependencies=None, packages_above_depth=None, packages_select_by_dep=None, packages_skip_by_dep=None, packages_skip_up_to=None, packages_select_build_failed=False, packages_skip_build_finished=False, packages_select_test_failures=False, packages_skip_test_passed=False, packages_select=None, packages_skip=None, packages_select_regex=None, packages_skip_regex=None, packages_start=None, packages_end=None, allow_overriding=[], bazel_args=None, bazel_task=None, cmake_args=None, cmake_target=None, cmake_target_skip_unavailable=False, cmake_clean_cache=False, cmake_clean_first=False, cmake_force_configure=False, meson_args=[], ament_cmake_args=None, catkin_cmake_args=None, catkin_skip_building_tests=False, mixin_files=None, mixin=None, verb_parser=<colcon_alias.argument_parser.alias.AliasArgumentDecorator object at 0xffff901e1060>, verb_extension=<colcon_core.verb.build.BuildVerb object at 0xffff9067b8b0>, main=<bound method BuildVerb.main of <colcon_core.verb.build.BuildVerb object at 0xffff9067b8b0>>, mixin_verb=('build',))
[2.834s] Level 1:colcon.colcon_core.package_discovery:discover_packages(colcon_meta) check parameters
[2.835s] Level 1:colcon.colcon_core.package_discovery:discover_packages(recursive) check parameters
[2.835s] Level 1:colcon.colcon_core.package_discovery:discover_packages(ignore) check parameters
[2.835s] Level 1:colcon.colcon_core.package_discovery:discover_packages(path) check parameters
[2.836s] Level 1:colcon.colcon_core.package_discovery:discover_packages(colcon_meta) discover
[2.836s] Level 1:colcon.colcon_core.package_discovery:discover_packages(recursive) discover
[2.836s] INFO:colcon.colcon_core.package_discovery:Crawling recursively for packages in '/root/label_goal'
[2.837s] Level 1:colcon.colcon_core.package_identification:_identify(.) by extensions ['ignore', 'ignore_ament_install']
[2.837s] Level 1:colcon.colcon_core.package_identification:_identify(.) by extension 'ignore'
[2.837s] Level 1:colcon.colcon_core.package_identification:_identify(.) by extension 'ignore_ament_install'
[2.838s] Level 1:colcon.colcon_core.package_identification:_identify(.) by extensions ['colcon_pkg']
[2.838s] Level 1:colcon.colcon_core.package_identification:_identify(.) by extension 'colcon_pkg'
[2.838s] Level 1:colcon.colcon_core.package_identification:_identify(.) by extensions ['colcon_meta']
[2.838s] Level 1:colcon.colcon_core.package_identification:_identify(.) by extension 'colcon_meta'
[2.839s] Level 1:colcon.colcon_core.package_identification:_identify(.) by extensions ['ros']
[2.839s] Level 1:colcon.colcon_core.package_identification:_identify(.) by extension 'ros'
[2.852s] Level 1:colcon.colcon_core.package_identification:_identify(.) by extensions ['bazel', 'cmake', 'meson', 'python']
[2.853s] Level 1:colcon.colcon_core.package_identification:_identify(.) by extension 'bazel'
[2.853s] Level 1:colcon.colcon_core.package_identification:_identify(.) by extension 'cmake'
[2.853s] Level 1:colcon.colcon_core.package_identification:_identify(.) by extension 'meson'
[2.854s] Level 1:colcon.colcon_core.package_identification:_identify(.) by extension 'python'
[2.854s] Level 1:colcon.colcon_core.package_identification:_identify(.) by extensions ['python_setup_py']
[2.854s] Level 1:colcon.colcon_core.package_identification:_identify(.) by extension 'python_setup_py'
[2.855s] Level 1:colcon.colcon_core.package_identification:_identify(build) by extensions ['ignore', 'ignore_ament_install']
[2.855s] Level 1:colcon.colcon_core.package_identification:_identify(build) by extension 'ignore'
[2.855s] Level 1:colcon.colcon_core.package_identification:_identify(build) ignored
[2.856s] Level 1:colcon.colcon_core.package_identification:_identify(install) by extensions ['ignore', 'ignore_ament_install']
[2.856s] Level 1:colcon.colcon_core.package_identification:_identify(install) by extension 'ignore'
[2.857s] Level 1:colcon.colcon_core.package_identification:_identify(install) ignored
[2.857s] Level 1:colcon.colcon_core.package_identification:_identify(log) by extensions ['ignore', 'ignore_ament_install']
[2.858s] Level 1:colcon.colcon_core.package_identification:_identify(log) by extension 'ignore'
[2.858s] Level 1:colcon.colcon_core.package_identification:_identify(log) ignored
[2.858s] Level 1:colcon.colcon_core.package_identification:_identify(src) by extensions ['ignore', 'ignore_ament_install']
[2.859s] Level 1:colcon.colcon_core.package_identification:_identify(src) by extension 'ignore'
[2.859s] Level 1:colcon.colcon_core.package_identification:_identify(src) by extension 'ignore_ament_install'
[2.859s] Level 1:colcon.colcon_core.package_identification:_identify(src) by extensions ['colcon_pkg']
[2.859s] Level 1:colcon.colcon_core.package_identification:_identify(src) by extension 'colcon_pkg'
[2.860s] Level 1:colcon.colcon_core.package_identification:_identify(src) by extensions ['colcon_meta']
[2.860s] Level 1:colcon.colcon_core.package_identification:_identify(src) by extension 'colcon_meta'
[2.860s] Level 1:colcon.colcon_core.package_identification:_identify(src) by extensions ['ros']
[2.860s] Level 1:colcon.colcon_core.package_identification:_identify(src) by extension 'ros'
[2.861s] Level 1:colcon.colcon_core.package_identification:_identify(src) by extensions ['bazel', 'cmake', 'meson', 'python']
[2.861s] Level 1:colcon.colcon_core.package_identification:_identify(src) by extension 'bazel'
[2.861s] Level 1:colcon.colcon_core.package_identification:_identify(src) by extension 'cmake'
[2.861s] Level 1:colcon.colcon_core.package_identification:_identify(src) by extension 'meson'
[2.862s] Level 1:colcon.colcon_core.package_identification:_identify(src) by extension 'python'
[2.862s] Level 1:colcon.colcon_core.package_identification:_identify(src) by extensions ['python_setup_py']
[2.862s] Level 1:colcon.colcon_core.package_identification:_identify(src) by extension 'python_setup_py'
[2.863s] Level 1:colcon.colcon_core.package_identification:_identify(src/label_goal_package) by extensions ['ignore', 'ignore_ament_install']
[2.863s] Level 1:colcon.colcon_core.package_identification:_identify(src/label_goal_package) by extension 'ignore'
[2.863s] Level 1:colcon.colcon_core.package_identification:_identify(src/label_goal_package) by extension 'ignore_ament_install'
[2.864s] Level 1:colcon.colcon_core.package_identification:_identify(src/label_goal_package) by extensions ['colcon_pkg']
[2.864s] Level 1:colcon.colcon_core.package_identification:_identify(src/label_goal_package) by extension 'colcon_pkg'
[2.864s] Level 1:colcon.colcon_core.package_identification:_identify(src/label_goal_package) by extensions ['colcon_meta']
[2.864s] Level 1:colcon.colcon_core.package_identification:_identify(src/label_goal_package) by extension 'colcon_meta'
[2.865s] Level 1:colcon.colcon_core.package_identification:_identify(src/label_goal_package) by extensions ['ros']
[2.865s] Level 1:colcon.colcon_core.package_identification:_identify(src/label_goal_package) by extension 'ros'
[2.878s] DEBUG:colcon.colcon_core.package_identification:Package 'src/label_goal_package' with type 'ros.ament_python' and name 'label_goal_package'
[2.878s] Level 1:colcon.colcon_core.package_discovery:discover_packages(recursive) using defaults
[2.879s] Level 1:colcon.colcon_core.package_discovery:discover_packages(ignore) discover
[2.879s] Level 1:colcon.colcon_core.package_discovery:discover_packages(ignore) using defaults
[2.879s] Level 1:colcon.colcon_core.package_discovery:discover_packages(path) discover
[2.879s] Level 1:colcon.colcon_core.package_discovery:discover_packages(path) using defaults
[2.976s] Level 1:colcon.colcon_core.package_discovery:discover_packages(prefix_path) check parameters
[2.976s] Level 1:colcon.colcon_core.package_discovery:discover_packages(prefix_path) discover
[2.980s] WARNING:colcon.colcon_core.prefix_path.colcon:The path '/root/label_goal_ws/install/install' in the environment variable COLCON_PREFIX_PATH doesn't exist
[2.981s] WARNING:colcon.colcon_core.prefix_path.colcon:The path '/root/label_goal/install/install' in the environment variable COLCON_PREFIX_PATH doesn't exist
[2.981s] WARNING:colcon.colcon_core.prefix_path.colcon:The path '/root/label_goal_ws/install' in the environment variable COLCON_PREFIX_PATH doesn't exist
[2.982s] WARNING:colcon.colcon_ros.prefix_path.ament:The path '/root/label_goal_ws/install/label_goal' in the environment variable AMENT_PREFIX_PATH doesn't exist
[2.991s] DEBUG:colcon.colcon_installed_package_information.package_discovery:Found 3 installed packages in /root/uros_ws/install
[2.997s] DEBUG:colcon.colcon_installed_package_information.package_discovery:Found 15 installed packages in /userdata/dev_ws/install
[3.000s] DEBUG:colcon.colcon_installed_package_information.package_discovery:Found 1 installed packages in /root/home_label/install
[3.002s] DEBUG:colcon.colcon_installed_package_information.package_discovery:Found 55 installed packages in /opt/tros/humble
[3.012s] DEBUG:colcon.colcon_installed_package_information.package_discovery:Found 264 installed packages in /opt/ros/humble
[3.023s] Level 1:colcon.colcon_core.package_discovery:discover_packages(prefix_path) using defaults
[3.374s] Level 5:colcon.colcon_core.verb:set package 'label_goal_package' build argument 'bazel_args' from command line to 'None'
[3.375s] Level 5:colcon.colcon_core.verb:set package 'label_goal_package' build argument 'bazel_task' from command line to 'None'
[3.375s] Level 5:colcon.colcon_core.verb:set package 'label_goal_package' build argument 'cmake_args' from command line to 'None'
[3.375s] Level 5:colcon.colcon_core.verb:set package 'label_goal_package' build argument 'cmake_target' from command line to 'None'
[3.375s] Level 5:colcon.colcon_core.verb:set package 'label_goal_package' build argument 'cmake_target_skip_unavailable' from command line to 'False'
[3.375s] Level 5:colcon.colcon_core.verb:set package 'label_goal_package' build argument 'cmake_clean_cache' from command line to 'False'
[3.376s] Level 5:colcon.colcon_core.verb:set package 'label_goal_package' build argument 'cmake_clean_first' from command line to 'False'
[3.376s] Level 5:colcon.colcon_core.verb:set package 'label_goal_package' build argument 'cmake_force_configure' from command line to 'False'
[3.376s] Level 5:colcon.colcon_core.verb:set package 'label_goal_package' build argument 'meson_args' from command line to '[]'
[3.376s] Level 5:colcon.colcon_core.verb:set package 'label_goal_package' build argument 'ament_cmake_args' from command line to 'None'
[3.376s] Level 5:colcon.colcon_core.verb:set package 'label_goal_package' build argument 'catkin_cmake_args' from command line to 'None'
[3.376s] Level 5:colcon.colcon_core.verb:set package 'label_goal_package' build argument 'catkin_skip_building_tests' from command line to 'False'
[3.377s] DEBUG:colcon.colcon_core.verb:Building package 'label_goal_package' with the following arguments: {'ament_cmake_args': None, 'bazel_args': None, 'bazel_task': None, 'build_base': '/root/label_goal/build/label_goal_package', 'catkin_cmake_args': None, 'catkin_skip_building_tests': False, 'cmake_args': None, 'cmake_clean_cache': False, 'cmake_clean_first': False, 'cmake_force_configure': False, 'cmake_target': None, 'cmake_target_skip_unavailable': False, 'install_base': '/root/label_goal/install/label_goal_package', 'merge_install': False, 'meson_args': [], 'path': '/root/label_goal/src/label_goal_package', 'symlink_install': False, 'test_result_base': None}
[3.378s] INFO:colcon.colcon_core.executor:Executing jobs using 'parallel' executor
[3.382s] DEBUG:colcon.colcon_parallel_executor.executor.parallel:run_until_complete
[3.384s] INFO:colcon.colcon_ros.task.ament_python.build:Building ROS package in '/root/label_goal/src/label_goal_package' with build type 'ament_python'
[3.384s] Level 1:colcon.colcon_core.shell:create_environment_hook('label_goal_package', 'ament_prefix_path')
[3.397s] INFO:colcon.colcon_core.plugin_system:Skipping extension 'colcon_core.shell.bat': Not used on non-Windows systems
[3.400s] INFO:colcon.colcon_core.shell:Creating environment hook '/root/label_goal/install/label_goal_package/share/label_goal_package/hook/ament_prefix_path.ps1'
[3.404s] INFO:colcon.colcon_core.shell:Creating environment descriptor '/root/label_goal/install/label_goal_package/share/label_goal_package/hook/ament_prefix_path.dsv'
[3.406s] INFO:colcon.colcon_core.shell:Creating environment hook '/root/label_goal/install/label_goal_package/share/label_goal_package/hook/ament_prefix_path.sh'
[3.411s] DEBUG:colcon.colcon_ros_domain_id_coordinator.shell.ros_domain_id:Allocated ROS_DOMAIN_ID=15 for '/root/label_goal/build/label_goal_package'
[3.411s] INFO:colcon.colcon_core.shell:Skip shell extension 'ros_domain_id' for command environment: 
[3.412s] INFO:colcon.colcon_core.shell:Skip shell extension 'powershell' for command environment: Not usable outside of PowerShell
[3.412s] DEBUG:colcon.colcon_core.shell:Skip shell extension 'dsv' for command environment
[5.137s] INFO:colcon.colcon_core.task.python.build:Building Python package in '/root/label_goal/src/label_goal_package'
[5.139s] DEBUG:colcon.colcon_ros_domain_id_coordinator.shell.ros_domain_id:Allocated ROS_DOMAIN_ID=15 for '/root/label_goal/build/label_goal_package'
[5.139s] INFO:colcon.colcon_core.shell:Skip shell extension 'ros_domain_id' for command environment: 
[5.139s] INFO:colcon.colcon_core.shell:Skip shell extension 'powershell' for command environment: Not usable outside of PowerShell
[5.139s] DEBUG:colcon.colcon_core.shell:Skip shell extension 'dsv' for command environment
[7.514s] DEBUG:colcon.colcon_core.event_handler.log_command:Invoking command in '/root/label_goal/src/label_goal_package': PYTHONPATH=/root/label_goal/build/label_goal_package/prefix_override:/usr/lib/python3/dist-packages/colcon_core/task/python/colcon_distutils_commands:/root/label_goal/install/label_goal_package/lib/python3.10/site-packages:${PYTHONPATH} /usr/bin/python3 -W ignore:setup.py install is deprecated -W ignore:easy_install command is deprecated setup.py egg_info --egg-base ../../build/label_goal_package build --build-base /root/label_goal/build/label_goal_package/build install --record /root/label_goal/build/label_goal_package/install.log --single-version-externally-managed install_data
[9.483s] DEBUG:colcon.colcon_core.event_handler.log_command:Invoked command in '/root/label_goal/src/label_goal_package' returned '0': PYTHONPATH=/root/label_goal/build/label_goal_package/prefix_override:/usr/lib/python3/dist-packages/colcon_core/task/python/colcon_distutils_commands:/root/label_goal/install/label_goal_package/lib/python3.10/site-packages:${PYTHONPATH} /usr/bin/python3 -W ignore:setup.py install is deprecated -W ignore:easy_install command is deprecated setup.py egg_info --egg-base ../../build/label_goal_package build --build-base /root/label_goal/build/label_goal_package/build install --record /root/label_goal/build/label_goal_package/install.log --single-version-externally-managed install_data
[9.527s] Level 1:colcon.colcon_core.environment:checking '/root/label_goal/install/label_goal_package' for CMake module files
[9.534s] Level 1:colcon.colcon_core.environment:checking '/root/label_goal/install/label_goal_package' for CMake config files
[9.538s] Level 1:colcon.colcon_core.environment:checking '/root/label_goal/install/label_goal_package/lib'
[9.538s] Level 1:colcon.colcon_core.environment:checking '/root/label_goal/install/label_goal_package/bin'
[9.539s] Level 1:colcon.colcon_core.environment:checking '/root/label_goal/install/label_goal_package/lib/pkgconfig/label_goal_package.pc'
[9.540s] Level 1:colcon.colcon_core.environment:checking '/root/label_goal/install/label_goal_package/lib/python3.10/site-packages'
[9.540s] Level 1:colcon.colcon_core.shell:create_environment_hook('label_goal_package', 'pythonpath')
[9.542s] INFO:colcon.colcon_core.shell:Creating environment hook '/root/label_goal/install/label_goal_package/share/label_goal_package/hook/pythonpath.ps1'
[9.545s] INFO:colcon.colcon_core.shell:Creating environment descriptor '/root/label_goal/install/label_goal_package/share/label_goal_package/hook/pythonpath.dsv'
[9.548s] INFO:colcon.colcon_core.shell:Creating environment hook '/root/label_goal/install/label_goal_package/share/label_goal_package/hook/pythonpath.sh'
[9.554s] Level 1:colcon.colcon_core.environment:checking '/root/label_goal/install/label_goal_package/bin'
[9.555s] Level 1:colcon.colcon_core.environment:create_environment_scripts_only(label_goal_package)
[9.560s] INFO:colcon.colcon_core.shell:Creating package script '/root/label_goal/install/label_goal_package/share/label_goal_package/package.ps1'
[9.568s] INFO:colcon.colcon_core.shell:Creating package descriptor '/root/label_goal/install/label_goal_package/share/label_goal_package/package.dsv'
[9.572s] INFO:colcon.colcon_core.shell:Creating package script '/root/label_goal/install/label_goal_package/share/label_goal_package/package.sh'
[9.578s] INFO:colcon.colcon_core.shell:Creating package script '/root/label_goal/install/label_goal_package/share/label_goal_package/package.bash'
[9.583s] INFO:colcon.colcon_core.shell:Creating package script '/root/label_goal/install/label_goal_package/share/label_goal_package/package.zsh'
[9.588s] Level 1:colcon.colcon_core.environment:create_file_with_runtime_dependencies(/root/label_goal/install/label_goal_package/share/colcon-core/packages/label_goal_package)
[9.590s] DEBUG:colcon.colcon_parallel_executor.executor.parallel:closing loop
[9.590s] DEBUG:colcon.colcon_ros_domain_id_coordinator.shell.ros_domain_id:Released ROS_DOMAIN_ID=15 for '/root/label_goal/build/label_goal_package'
[9.591s] DEBUG:colcon.colcon_parallel_executor.executor.parallel:loop closed
[9.592s] DEBUG:colcon.colcon_parallel_executor.executor.parallel:run_until_complete finished with '0'
[9.592s] DEBUG:colcon.colcon_core.event_reactor:joining thread
[9.620s] INFO:colcon.colcon_core.plugin_system:Skipping extension 'colcon_notification.desktop_notification.notify_send': Could not find 'notify-send'
[9.620s] INFO:colcon.colcon_core.plugin_system:Skipping extension 'colcon_notification.desktop_notification.terminal_notifier': Not used on non-Darwin systems
[9.621s] INFO:colcon.colcon_core.plugin_system:Skipping extension 'colcon_notification.desktop_notification.win32': Not used on non-Windows systems
[9.621s] INFO:colcon.colcon_notification.desktop_notification:Sending desktop notification using 'notify2'
