[1.890s] DEBUG:colcon:Command line arguments: ['/usr/bin/colcon', 'build', '--packages-select', 'mqtt_navigation']
[1.890s] DEBUG:colcon:Parsed command line arguments: Namespace(log_base=None, log_level=None, verb_name='build', build_base='build', install_base='install', merge_install=False, symlink_install=False, test_result_base=None, continue_on_error=False, executor='parallel', parallel_workers=8, event_handlers=None, ignore_user_meta=False, metas=['./colcon.meta'], base_paths=['.'], packages_ignore=None, packages_ignore_regex=None, paths=None, packages_up_to=None, packages_up_to_regex=None, packages_above=None, packages_above_and_dependencies=None, packages_above_depth=None, packages_select_by_dep=None, packages_skip_by_dep=None, packages_skip_up_to=None, packages_select_build_failed=False, packages_skip_build_finished=False, packages_select_test_failures=False, packages_skip_test_passed=False, packages_select=['mqtt_navigation'], packages_skip=None, packages_select_regex=None, packages_skip_regex=None, packages_start=None, packages_end=None, allow_overriding=[], bazel_args=None, bazel_task=None, cmake_args=None, cmake_target=None, cmake_target_skip_unavailable=False, cmake_clean_cache=False, cmake_clean_first=False, cmake_force_configure=False, meson_args=[], ament_cmake_args=None, catkin_cmake_args=None, catkin_skip_building_tests=False, mixin_files=None, mixin=None, verb_parser=<colcon_alias.argument_parser.alias.AliasArgumentDecorator object at 0xffff8c4a2680>, verb_extension=<colcon_core.verb.build.BuildVerb object at 0xffff8c4a18d0>, main=<bound method BuildVerb.main of <colcon_core.verb.build.BuildVerb object at 0xffff8c4a18d0>>, mixin_verb=('build',))
[3.258s] Level 1:colcon.colcon_core.package_discovery:discover_packages(colcon_meta) check parameters
[3.259s] Level 1:colcon.colcon_core.package_discovery:discover_packages(recursive) check parameters
[3.259s] Level 1:colcon.colcon_core.package_discovery:discover_packages(ignore) check parameters
[3.259s] Level 1:colcon.colcon_core.package_discovery:discover_packages(path) check parameters
[3.259s] Level 1:colcon.colcon_core.package_discovery:discover_packages(colcon_meta) discover
[3.260s] Level 1:colcon.colcon_core.package_discovery:discover_packages(recursive) discover
[3.260s] INFO:colcon.colcon_core.package_discovery:Crawling recursively for packages in '/root/mqtt_goal_ws'
[3.261s] Level 1:colcon.colcon_core.package_identification:_identify(.) by extensions ['ignore', 'ignore_ament_install']
[3.261s] Level 1:colcon.colcon_core.package_identification:_identify(.) by extension 'ignore'
[3.262s] Level 1:colcon.colcon_core.package_identification:_identify(.) by extension 'ignore_ament_install'
[3.262s] Level 1:colcon.colcon_core.package_identification:_identify(.) by extensions ['colcon_pkg']
[3.263s] Level 1:colcon.colcon_core.package_identification:_identify(.) by extension 'colcon_pkg'
[3.263s] Level 1:colcon.colcon_core.package_identification:_identify(.) by extensions ['colcon_meta']
[3.263s] Level 1:colcon.colcon_core.package_identification:_identify(.) by extension 'colcon_meta'
[3.263s] Level 1:colcon.colcon_core.package_identification:_identify(.) by extensions ['ros']
[3.264s] Level 1:colcon.colcon_core.package_identification:_identify(.) by extension 'ros'
[3.282s] Level 1:colcon.colcon_core.package_identification:_identify(.) by extensions ['bazel', 'cmake', 'meson', 'python']
[3.282s] Level 1:colcon.colcon_core.package_identification:_identify(.) by extension 'bazel'
[3.282s] Level 1:colcon.colcon_core.package_identification:_identify(.) by extension 'cmake'
[3.283s] Level 1:colcon.colcon_core.package_identification:_identify(.) by extension 'meson'
[3.283s] Level 1:colcon.colcon_core.package_identification:_identify(.) by extension 'python'
[3.284s] Level 1:colcon.colcon_core.package_identification:_identify(.) by extensions ['python_setup_py']
[3.284s] Level 1:colcon.colcon_core.package_identification:_identify(.) by extension 'python_setup_py'
[3.284s] Level 1:colcon.colcon_core.package_identification:_identify(build) by extensions ['ignore', 'ignore_ament_install']
[3.285s] Level 1:colcon.colcon_core.package_identification:_identify(build) by extension 'ignore'
[3.285s] Level 1:colcon.colcon_core.package_identification:_identify(build) ignored
[3.286s] Level 1:colcon.colcon_core.package_identification:_identify(install) by extensions ['ignore', 'ignore_ament_install']
[3.286s] Level 1:colcon.colcon_core.package_identification:_identify(install) by extension 'ignore'
[3.287s] Level 1:colcon.colcon_core.package_identification:_identify(install) ignored
[3.287s] Level 1:colcon.colcon_core.package_identification:_identify(log) by extensions ['ignore', 'ignore_ament_install']
[3.288s] Level 1:colcon.colcon_core.package_identification:_identify(log) by extension 'ignore'
[3.288s] Level 1:colcon.colcon_core.package_identification:_identify(log) ignored
[3.288s] Level 1:colcon.colcon_core.package_identification:_identify(src) by extensions ['ignore', 'ignore_ament_install']
[3.289s] Level 1:colcon.colcon_core.package_identification:_identify(src) by extension 'ignore'
[3.289s] Level 1:colcon.colcon_core.package_identification:_identify(src) by extension 'ignore_ament_install'
[3.289s] Level 1:colcon.colcon_core.package_identification:_identify(src) by extensions ['colcon_pkg']
[3.290s] Level 1:colcon.colcon_core.package_identification:_identify(src) by extension 'colcon_pkg'
[3.290s] Level 1:colcon.colcon_core.package_identification:_identify(src) by extensions ['colcon_meta']
[3.290s] Level 1:colcon.colcon_core.package_identification:_identify(src) by extension 'colcon_meta'
[3.290s] Level 1:colcon.colcon_core.package_identification:_identify(src) by extensions ['ros']
[3.291s] Level 1:colcon.colcon_core.package_identification:_identify(src) by extension 'ros'
[3.291s] Level 1:colcon.colcon_core.package_identification:_identify(src) by extensions ['bazel', 'cmake', 'meson', 'python']
[3.292s] Level 1:colcon.colcon_core.package_identification:_identify(src) by extension 'bazel'
[3.292s] Level 1:colcon.colcon_core.package_identification:_identify(src) by extension 'cmake'
[3.292s] Level 1:colcon.colcon_core.package_identification:_identify(src) by extension 'meson'
[3.293s] Level 1:colcon.colcon_core.package_identification:_identify(src) by extension 'python'
[3.293s] Level 1:colcon.colcon_core.package_identification:_identify(src) by extensions ['python_setup_py']
[3.293s] Level 1:colcon.colcon_core.package_identification:_identify(src) by extension 'python_setup_py'
[3.294s] Level 1:colcon.colcon_core.package_identification:_identify(src/mqtt_navigation) by extensions ['ignore', 'ignore_ament_install']
[3.294s] Level 1:colcon.colcon_core.package_identification:_identify(src/mqtt_navigation) by extension 'ignore'
[3.295s] Level 1:colcon.colcon_core.package_identification:_identify(src/mqtt_navigation) by extension 'ignore_ament_install'
[3.295s] Level 1:colcon.colcon_core.package_identification:_identify(src/mqtt_navigation) by extensions ['colcon_pkg']
[3.295s] Level 1:colcon.colcon_core.package_identification:_identify(src/mqtt_navigation) by extension 'colcon_pkg'
[3.296s] Level 1:colcon.colcon_core.package_identification:_identify(src/mqtt_navigation) by extensions ['colcon_meta']
[3.296s] Level 1:colcon.colcon_core.package_identification:_identify(src/mqtt_navigation) by extension 'colcon_meta'
[3.296s] Level 1:colcon.colcon_core.package_identification:_identify(src/mqtt_navigation) by extensions ['ros']
[3.297s] Level 1:colcon.colcon_core.package_identification:_identify(src/mqtt_navigation) by extension 'ros'
[3.314s] DEBUG:colcon.colcon_core.package_identification:Package 'src/mqtt_navigation' with type 'ros.ament_python' and name 'mqtt_navigation'
[3.314s] Level 1:colcon.colcon_core.package_discovery:discover_packages(recursive) using defaults
[3.315s] Level 1:colcon.colcon_core.package_discovery:discover_packages(ignore) discover
[3.315s] Level 1:colcon.colcon_core.package_discovery:discover_packages(ignore) using defaults
[3.315s] Level 1:colcon.colcon_core.package_discovery:discover_packages(path) discover
[3.315s] Level 1:colcon.colcon_core.package_discovery:discover_packages(path) using defaults
[3.423s] Level 1:colcon.colcon_core.package_discovery:discover_packages(prefix_path) check parameters
[3.424s] Level 1:colcon.colcon_core.package_discovery:discover_packages(prefix_path) discover
[3.441s] DEBUG:colcon.colcon_installed_package_information.package_discovery:Found 1 installed packages in /root/mqtt_goal_ws/install
[3.444s] DEBUG:colcon.colcon_installed_package_information.package_discovery:Found 1 installed packages in /root/us100_sensor_ws/install
[3.448s] DEBUG:colcon.colcon_installed_package_information.package_discovery:Found 7 installed packages in /root/ros2_ws/install
[3.451s] DEBUG:colcon.colcon_installed_package_information.package_discovery:Found 1 installed packages in /root/label_goal/install
[3.454s] DEBUG:colcon.colcon_installed_package_information.package_discovery:Found 1 installed packages in /root/home_label/install
[3.456s] DEBUG:colcon.colcon_installed_package_information.package_discovery:Found 3 installed packages in /root/uros_ws/install
[3.462s] DEBUG:colcon.colcon_installed_package_information.package_discovery:Found 15 installed packages in /userdata/dev_ws/install
[3.466s] DEBUG:colcon.colcon_installed_package_information.package_discovery:Found 55 installed packages in /opt/tros/humble
[3.479s] DEBUG:colcon.colcon_installed_package_information.package_discovery:Found 320 installed packages in /opt/ros/humble
[3.493s] Level 1:colcon.colcon_core.package_discovery:discover_packages(prefix_path) using defaults
[3.924s] Level 5:colcon.colcon_core.verb:set package 'mqtt_navigation' build argument 'bazel_args' from command line to 'None'
[3.924s] Level 5:colcon.colcon_core.verb:set package 'mqtt_navigation' build argument 'bazel_task' from command line to 'None'
[3.925s] Level 5:colcon.colcon_core.verb:set package 'mqtt_navigation' build argument 'cmake_args' from command line to 'None'
[3.925s] Level 5:colcon.colcon_core.verb:set package 'mqtt_navigation' build argument 'cmake_target' from command line to 'None'
[3.925s] Level 5:colcon.colcon_core.verb:set package 'mqtt_navigation' build argument 'cmake_target_skip_unavailable' from command line to 'False'
[3.925s] Level 5:colcon.colcon_core.verb:set package 'mqtt_navigation' build argument 'cmake_clean_cache' from command line to 'False'
[3.925s] Level 5:colcon.colcon_core.verb:set package 'mqtt_navigation' build argument 'cmake_clean_first' from command line to 'False'
[3.926s] Level 5:colcon.colcon_core.verb:set package 'mqtt_navigation' build argument 'cmake_force_configure' from command line to 'False'
[3.926s] Level 5:colcon.colcon_core.verb:set package 'mqtt_navigation' build argument 'meson_args' from command line to '[]'
[3.926s] Level 5:colcon.colcon_core.verb:set package 'mqtt_navigation' build argument 'ament_cmake_args' from command line to 'None'
[3.926s] Level 5:colcon.colcon_core.verb:set package 'mqtt_navigation' build argument 'catkin_cmake_args' from command line to 'None'
[3.926s] Level 5:colcon.colcon_core.verb:set package 'mqtt_navigation' build argument 'catkin_skip_building_tests' from command line to 'False'
[3.927s] DEBUG:colcon.colcon_core.verb:Building package 'mqtt_navigation' with the following arguments: {'ament_cmake_args': None, 'bazel_args': None, 'bazel_task': None, 'build_base': '/root/mqtt_goal_ws/build/mqtt_navigation', 'catkin_cmake_args': None, 'catkin_skip_building_tests': False, 'cmake_args': None, 'cmake_clean_cache': False, 'cmake_clean_first': False, 'cmake_force_configure': False, 'cmake_target': None, 'cmake_target_skip_unavailable': False, 'install_base': '/root/mqtt_goal_ws/install/mqtt_navigation', 'merge_install': False, 'meson_args': [], 'path': '/root/mqtt_goal_ws/src/mqtt_navigation', 'symlink_install': False, 'test_result_base': None}
[3.928s] INFO:colcon.colcon_core.executor:Executing jobs using 'parallel' executor
[3.933s] DEBUG:colcon.colcon_parallel_executor.executor.parallel:run_until_complete
[3.934s] INFO:colcon.colcon_ros.task.ament_python.build:Building ROS package in '/root/mqtt_goal_ws/src/mqtt_navigation' with build type 'ament_python'
[3.935s] Level 1:colcon.colcon_core.shell:create_environment_hook('mqtt_navigation', 'ament_prefix_path')
[3.952s] INFO:colcon.colcon_core.plugin_system:Skipping extension 'colcon_core.shell.bat': Not used on non-Windows systems
[3.953s] INFO:colcon.colcon_core.shell:Creating environment hook '/root/mqtt_goal_ws/install/mqtt_navigation/share/mqtt_navigation/hook/ament_prefix_path.ps1'
[3.957s] INFO:colcon.colcon_core.shell:Creating environment descriptor '/root/mqtt_goal_ws/install/mqtt_navigation/share/mqtt_navigation/hook/ament_prefix_path.dsv'
[3.960s] INFO:colcon.colcon_core.shell:Creating environment hook '/root/mqtt_goal_ws/install/mqtt_navigation/share/mqtt_navigation/hook/ament_prefix_path.sh'
[3.967s] DEBUG:colcon.colcon_ros_domain_id_coordinator.shell.ros_domain_id:Allocated ROS_DOMAIN_ID=228 for '/root/mqtt_goal_ws/build/mqtt_navigation'
[3.967s] INFO:colcon.colcon_core.shell:Skip shell extension 'ros_domain_id' for command environment: 
[3.967s] INFO:colcon.colcon_core.shell:Skip shell extension 'powershell' for command environment: Not usable outside of PowerShell
[3.968s] DEBUG:colcon.colcon_core.shell:Skip shell extension 'dsv' for command environment
[5.939s] INFO:colcon.colcon_core.task.python.build:Building Python package in '/root/mqtt_goal_ws/src/mqtt_navigation'
[5.941s] DEBUG:colcon.colcon_ros_domain_id_coordinator.shell.ros_domain_id:Allocated ROS_DOMAIN_ID=228 for '/root/mqtt_goal_ws/build/mqtt_navigation'
[5.942s] INFO:colcon.colcon_core.shell:Skip shell extension 'ros_domain_id' for command environment: 
[5.942s] INFO:colcon.colcon_core.shell:Skip shell extension 'powershell' for command environment: Not usable outside of PowerShell
[5.942s] DEBUG:colcon.colcon_core.shell:Skip shell extension 'dsv' for command environment
[8.835s] DEBUG:colcon.colcon_core.event_handler.log_command:Invoking command in '/root/mqtt_goal_ws/src/mqtt_navigation': PYTHONPATH=/root/mqtt_goal_ws/build/mqtt_navigation/prefix_override:/usr/lib/python3/dist-packages/colcon_core/task/python/colcon_distutils_commands:/root/mqtt_goal_ws/install/mqtt_navigation/lib/python3.10/site-packages:${PYTHONPATH} /usr/bin/python3 -W ignore:setup.py install is deprecated -W ignore:easy_install command is deprecated setup.py egg_info --egg-base ../../build/mqtt_navigation build --build-base /root/mqtt_goal_ws/build/mqtt_navigation/build install --record /root/mqtt_goal_ws/build/mqtt_navigation/install.log --single-version-externally-managed install_data
[11.258s] DEBUG:colcon.colcon_core.event_handler.log_command:Invoked command in '/root/mqtt_goal_ws/src/mqtt_navigation' returned '0': PYTHONPATH=/root/mqtt_goal_ws/build/mqtt_navigation/prefix_override:/usr/lib/python3/dist-packages/colcon_core/task/python/colcon_distutils_commands:/root/mqtt_goal_ws/install/mqtt_navigation/lib/python3.10/site-packages:${PYTHONPATH} /usr/bin/python3 -W ignore:setup.py install is deprecated -W ignore:easy_install command is deprecated setup.py egg_info --egg-base ../../build/mqtt_navigation build --build-base /root/mqtt_goal_ws/build/mqtt_navigation/build install --record /root/mqtt_goal_ws/build/mqtt_navigation/install.log --single-version-externally-managed install_data
[11.277s] Level 1:colcon.colcon_core.environment:checking '/root/mqtt_goal_ws/install/mqtt_navigation' for CMake module files
[11.283s] Level 1:colcon.colcon_core.environment:checking '/root/mqtt_goal_ws/install/mqtt_navigation' for CMake config files
[11.290s] Level 1:colcon.colcon_core.environment:checking '/root/mqtt_goal_ws/install/mqtt_navigation/lib'
[11.292s] Level 1:colcon.colcon_core.environment:checking '/root/mqtt_goal_ws/install/mqtt_navigation/bin'
[11.293s] Level 1:colcon.colcon_core.environment:checking '/root/mqtt_goal_ws/install/mqtt_navigation/lib/pkgconfig/mqtt_navigation.pc'
[11.296s] Level 1:colcon.colcon_core.environment:checking '/root/mqtt_goal_ws/install/mqtt_navigation/lib/python3.10/site-packages'
[11.296s] Level 1:colcon.colcon_core.shell:create_environment_hook('mqtt_navigation', 'pythonpath')
[11.298s] INFO:colcon.colcon_core.shell:Creating environment hook '/root/mqtt_goal_ws/install/mqtt_navigation/share/mqtt_navigation/hook/pythonpath.ps1'
[11.301s] INFO:colcon.colcon_core.shell:Creating environment descriptor '/root/mqtt_goal_ws/install/mqtt_navigation/share/mqtt_navigation/hook/pythonpath.dsv'
[11.304s] INFO:colcon.colcon_core.shell:Creating environment hook '/root/mqtt_goal_ws/install/mqtt_navigation/share/mqtt_navigation/hook/pythonpath.sh'
[11.308s] Level 1:colcon.colcon_core.environment:checking '/root/mqtt_goal_ws/install/mqtt_navigation/bin'
[11.309s] Level 1:colcon.colcon_core.environment:create_environment_scripts_only(mqtt_navigation)
[11.311s] INFO:colcon.colcon_core.shell:Creating package script '/root/mqtt_goal_ws/install/mqtt_navigation/share/mqtt_navigation/package.ps1'
[11.318s] INFO:colcon.colcon_core.shell:Creating package descriptor '/root/mqtt_goal_ws/install/mqtt_navigation/share/mqtt_navigation/package.dsv'
[11.323s] INFO:colcon.colcon_core.shell:Creating package script '/root/mqtt_goal_ws/install/mqtt_navigation/share/mqtt_navigation/package.sh'
[11.328s] INFO:colcon.colcon_core.shell:Creating package script '/root/mqtt_goal_ws/install/mqtt_navigation/share/mqtt_navigation/package.bash'
[11.334s] INFO:colcon.colcon_core.shell:Creating package script '/root/mqtt_goal_ws/install/mqtt_navigation/share/mqtt_navigation/package.zsh'
[11.338s] Level 1:colcon.colcon_core.environment:create_file_with_runtime_dependencies(/root/mqtt_goal_ws/install/mqtt_navigation/share/colcon-core/packages/mqtt_navigation)
[11.340s] DEBUG:colcon.colcon_parallel_executor.executor.parallel:closing loop
[11.341s] DEBUG:colcon.colcon_ros_domain_id_coordinator.shell.ros_domain_id:Released ROS_DOMAIN_ID=228 for '/root/mqtt_goal_ws/build/mqtt_navigation'
[11.342s] DEBUG:colcon.colcon_parallel_executor.executor.parallel:loop closed
[11.342s] DEBUG:colcon.colcon_parallel_executor.executor.parallel:run_until_complete finished with '0'
[11.343s] DEBUG:colcon.colcon_core.event_reactor:joining thread
[11.375s] INFO:colcon.colcon_core.plugin_system:Skipping extension 'colcon_notification.desktop_notification.notify_send': Could not find 'notify-send'
[11.375s] INFO:colcon.colcon_core.plugin_system:Skipping extension 'colcon_notification.desktop_notification.terminal_notifier': Not used on non-Darwin systems
[11.376s] INFO:colcon.colcon_core.plugin_system:Skipping extension 'colcon_notification.desktop_notification.win32': Not used on non-Windows systems
[11.376s] INFO:colcon.colcon_notification.desktop_notification:Sending desktop notification using 'notify2'
[36.398s] DEBUG:colcon.colcon_notification.desktop_notification.notify2:Failed to initialize notify2: org.freedesktop.DBus.Error.NoReply: Did not receive a reply. Possible causes include: the remote application did not send a reply, the message bus security policy blocked the reply, the reply timeout expired, or the network connection was broken.
[36.399s] DEBUG:colcon.colcon_core.event_reactor:joined thread
[36.403s] INFO:colcon.colcon_core.shell:Creating prefix script '/root/mqtt_goal_ws/install/local_setup.ps1'
[36.410s] INFO:colcon.colcon_core.shell:Creating prefix util module '/root/mqtt_goal_ws/install/_local_setup_util_ps1.py'
[36.420s] INFO:colcon.colcon_core.shell:Creating prefix chain script '/root/mqtt_goal_ws/install/setup.ps1'
[36.435s] INFO:colcon.colcon_core.shell:Creating prefix script '/root/mqtt_goal_ws/install/local_setup.sh'
[36.440s] INFO:colcon.colcon_core.shell:Creating prefix util module '/root/mqtt_goal_ws/install/_local_setup_util_sh.py'
[36.445s] INFO:colcon.colcon_core.shell:Creating prefix chain script '/root/mqtt_goal_ws/install/setup.sh'
[36.462s] INFO:colcon.colcon_core.shell:Creating prefix script '/root/mqtt_goal_ws/install/local_setup.bash'
[36.466s] INFO:colcon.colcon_core.shell:Creating prefix chain script '/root/mqtt_goal_ws/install/setup.bash'
[36.480s] INFO:colcon.colcon_core.shell:Creating prefix script '/root/mqtt_goal_ws/install/local_setup.zsh'
[36.484s] INFO:colcon.colcon_core.shell:Creating prefix chain script '/root/mqtt_goal_ws/install/setup.zsh'
[36.498s] INFO:colcon.colcon_core.shell:Creating '/root/mqtt_goal_ws/install/spawn_shell.bash'
