[1.669s] Invoking command in '/root/ros2Ultrasonic_ws/src/ultrasonic_sensors': PYTHONPATH=/root/ros2Ultrasonic_ws/build/ultrasonic_sensors/prefix_override:/usr/lib/python3/dist-packages/colcon_core/task/python/colcon_distutils_commands:/root/ros2Ultrasonic_ws/install/ultrasonic_sensors/lib/python3.10/site-packages:${PYTHONPATH} /usr/bin/python3 -W ignore:setup.py install is deprecated -W ignore:easy_install command is deprecated setup.py egg_info --egg-base ../../build/ultrasonic_sensors build --build-base /root/ros2Ultrasonic_ws/build/ultrasonic_sensors/build install --record /root/ros2Ultrasonic_ws/build/ultrasonic_sensors/install.log --single-version-externally-managed install_data
[2.014s] running egg_info
[2.030s] writing ../../build/ultrasonic_sensors/ultrasonic_sensors.egg-info/PKG-INFO
[2.031s] writing dependency_links to ../../build/ultrasonic_sensors/ultrasonic_sensors.egg-info/dependency_links.txt
[2.048s] writing entry points to ../../build/ultrasonic_sensors/ultrasonic_sensors.egg-info/entry_points.txt
[2.073s] writing requirements to ../../build/ultrasonic_sensors/ultrasonic_sensors.egg-info/requires.txt
[2.090s] writing top-level names to ../../build/ultrasonic_sensors/ultrasonic_sensors.egg-info/top_level.txt
[2.157s] reading manifest file '../../build/ultrasonic_sensors/ultrasonic_sensors.egg-info/SOURCES.txt'
[2.160s] writing manifest file '../../build/ultrasonic_sensors/ultrasonic_sensors.egg-info/SOURCES.txt'
[2.160s] running build
[2.160s] running build_py
[2.192s] copying ultrasonic_sensors/__init__.py -> /root/ros2Ultrasonic_ws/build/ultrasonic_sensors/build/lib/ultrasonic_sensors
[2.193s] copying ultrasonic_sensors/ultrasonic_node.py -> /root/ros2Ultrasonic_ws/build/ultrasonic_sensors/build/lib/ultrasonic_sensors
[2.193s] running install
[2.205s] running install_lib
[2.224s] copying /root/ros2Ultrasonic_ws/build/ultrasonic_sensors/build/lib/ultrasonic_sensors/ultrasonic_node.py -> /root/ros2Ultrasonic_ws/install/ultrasonic_sensors/lib/python3.10/site-packages/ultrasonic_sensors
[2.225s] byte-compiling /root/ros2Ultrasonic_ws/install/ultrasonic_sensors/lib/python3.10/site-packages/ultrasonic_sensors/ultrasonic_node.py to ultrasonic_node.cpython-310.pyc
[2.227s] running install_data
[2.227s] copying resource/ultrasonic_sensors -> /root/ros2Ultrasonic_ws/install/ultrasonic_sensors/share/ament_index/resource_index/packages
[2.228s] copying package.xml -> /root/ros2Ultrasonic_ws/install/ultrasonic_sensors/share/ultrasonic_sensors
[2.228s] running install_egg_info
[2.248s] removing '/root/ros2Ultrasonic_ws/install/ultrasonic_sensors/lib/python3.10/site-packages/ultrasonic_sensors-0.0.0-py3.10.egg-info' (and everything under it)
[2.248s] Copying ../../build/ultrasonic_sensors/ultrasonic_sensors.egg-info to /root/ros2Ultrasonic_ws/install/ultrasonic_sensors/lib/python3.10/site-packages/ultrasonic_sensors-0.0.0-py3.10.egg-info
[2.259s] running install_scripts
[2.411s] Installing ultrasonic_node script to /root/ros2Ultrasonic_ws/install/ultrasonic_sensors/lib/ultrasonic_sensors
[2.411s] writing list of installed files to '/root/ros2Ultrasonic_ws/build/ultrasonic_sensors/install.log'
[2.555s] Invoked command in '/root/ros2Ultrasonic_ws/src/ultrasonic_sensors' returned '0': PYTHONPATH=/root/ros2Ultrasonic_ws/build/ultrasonic_sensors/prefix_override:/usr/lib/python3/dist-packages/colcon_core/task/python/colcon_distutils_commands:/root/ros2Ultrasonic_ws/install/ultrasonic_sensors/lib/python3.10/site-packages:${PYTHONPATH} /usr/bin/python3 -W ignore:setup.py install is deprecated -W ignore:easy_install command is deprecated setup.py egg_info --egg-base ../../build/ultrasonic_sensors build --build-base /root/ros2Ultrasonic_ws/build/ultrasonic_sensors/build install --record /root/ros2Ultrasonic_ws/build/ultrasonic_sensors/install.log --single-version-externally-managed install_data
