[4.149s] Invoking command in '/root/home_label/src/home_label_package': PYTHONPATH=/root/home_label/build/home_label_package/prefix_override:/usr/lib/python3/dist-packages/colcon_core/task/python/colcon_distutils_commands:/root/home_label/install/home_label_package/lib/python3.10/site-packages:${PYTHONPATH} /usr/bin/python3 -W ignore:setup.py install is deprecated -W ignore:easy_install command is deprecated setup.py egg_info --egg-base ../../build/home_label_package build --build-base /root/home_label/build/home_label_package/build install --record /root/home_label/build/home_label_package/install.log --single-version-externally-managed install_data
[5.737s] running egg_info
[5.742s] writing ../../build/home_label_package/home_label_package.egg-info/PKG-INFO
[5.744s] writing dependency_links to ../../build/home_label_package/home_label_package.egg-info/dependency_links.txt
[5.745s] writing entry points to ../../build/home_label_package/home_label_package.egg-info/entry_points.txt
[5.746s] writing requirements to ../../build/home_label_package/home_label_package.egg-info/requires.txt
[5.746s] writing top-level names to ../../build/home_label_package/home_label_package.egg-info/top_level.txt
[5.756s] reading manifest file '../../build/home_label_package/home_label_package.egg-info/SOURCES.txt'
[5.762s] writing manifest file '../../build/home_label_package/home_label_package.egg-info/SOURCES.txt'
[5.763s] running build
[5.763s] running build_py
[5.765s] running install
[5.767s] running install_lib
[5.775s] running install_data
[5.776s] running install_egg_info
[5.786s] removing '/root/home_label/install/home_label_package/lib/python3.10/site-packages/home_label_package-0.0.0-py3.10.egg-info' (and everything under it)
[5.788s] Copying ../../build/home_label_package/home_label_package.egg-info to /root/home_label/install/home_label_package/lib/python3.10/site-packages/home_label_package-0.0.0-py3.10.egg-info
[5.792s] running install_scripts
[5.916s] Installing home_label_node script to /root/home_label/install/home_label_package/lib/home_label_package
[5.918s] writing list of installed files to '/root/home_label/build/home_label_package/install.log'
[6.126s] Invoked command in '/root/home_label/src/home_label_package' returned '0': PYTHONPATH=/root/home_label/build/home_label_package/prefix_override:/usr/lib/python3/dist-packages/colcon_core/task/python/colcon_distutils_commands:/root/home_label/install/home_label_package/lib/python3.10/site-packages:${PYTHONPATH} /usr/bin/python3 -W ignore:setup.py install is deprecated -W ignore:easy_install command is deprecated setup.py egg_info --egg-base ../../build/home_label_package build --build-base /root/home_label/build/home_label_package/build install --record /root/home_label/build/home_label_package/install.log --single-version-externally-managed install_data
