[1.246s] Invoking command in '/root/fallDetect_ws/build/orange_pi_camera': PYTHONPATH=/root/fallDetect_ws/build/orange_pi_camera/prefix_override:/usr/lib/python3/dist-packages/colcon_core/task/python/colcon_distutils_commands:/root/fallDetect_ws/install/orange_pi_camera/lib/python3.10/site-packages:${PYTHONPATH} /usr/bin/python3 -W ignore:setup.py install is deprecated -W ignore:easy_install command is deprecated setup.py develop --editable --build-directory /root/fallDetect_ws/build/orange_pi_camera/build --no-deps symlink_data
[1.687s] running develop
[1.927s] running egg_info
[1.946s] creating orange_pi_camera.egg-info
[1.947s] writing orange_pi_camera.egg-info/PKG-INFO
[1.947s] writing dependency_links to orange_pi_camera.egg-info/dependency_links.txt
[1.948s] writing entry points to orange_pi_camera.egg-info/entry_points.txt
[1.948s] writing requirements to orange_pi_camera.egg-info/requires.txt
[1.948s] writing top-level names to orange_pi_camera.egg-info/top_level.txt
[1.948s] writing manifest file 'orange_pi_camera.egg-info/SOURCES.txt'
[1.989s] reading manifest file 'orange_pi_camera.egg-info/SOURCES.txt'
[1.990s] writing manifest file 'orange_pi_camera.egg-info/SOURCES.txt'
[2.011s] running build_ext
[2.012s] Creating /root/fallDetect_ws/install/orange_pi_camera/lib/python3.10/site-packages/orange-pi-camera.egg-link (link to .)
[2.013s] Installing camera_node script to /root/fallDetect_ws/install/orange_pi_camera/lib/orange_pi_camera
[2.013s] Installing fall_detection_node script to /root/fallDetect_ws/install/orange_pi_camera/lib/orange_pi_camera
[2.014s] 
[2.014s] Installed /root/fallDetect_ws/build/orange_pi_camera
[2.014s] running symlink_data
[2.014s] creating /root/fallDetect_ws/install/orange_pi_camera/share/ament_index/resource_index/packages
[2.015s] symbolically linking /root/fallDetect_ws/build/orange_pi_camera/resource/orange_pi_camera -> /root/fallDetect_ws/install/orange_pi_camera/share/ament_index/resource_index/packages
[2.015s] symbolically linking /root/fallDetect_ws/build/orange_pi_camera/package.xml -> /root/fallDetect_ws/install/orange_pi_camera/share/orange_pi_camera
[2.015s] creating /root/fallDetect_ws/install/orange_pi_camera/share/orange_pi_camera/models
[2.015s] symbolically linking /root/fallDetect_ws/build/orange_pi_camera/models/mobilenet_ssd.tflite -> /root/fallDetect_ws/install/orange_pi_camera/share/orange_pi_camera/models
[2.150s] Invoked command in '/root/fallDetect_ws/build/orange_pi_camera' returned '0': PYTHONPATH=/root/fallDetect_ws/build/orange_pi_camera/prefix_override:/usr/lib/python3/dist-packages/colcon_core/task/python/colcon_distutils_commands:/root/fallDetect_ws/install/orange_pi_camera/lib/python3.10/site-packages:${PYTHONPATH} /usr/bin/python3 -W ignore:setup.py install is deprecated -W ignore:easy_install command is deprecated setup.py develop --editable --build-directory /root/fallDetect_ws/build/orange_pi_camera/build --no-deps symlink_data
