[4.336s] Invoking command in '/root/home_label/src/home_label_package': PYTHONPATH=/root/home_label/build/home_label_package/prefix_override:/usr/lib/python3/dist-packages/colcon_core/task/python/colcon_distutils_commands:/root/home_label/install/home_label_package/lib/python3.10/site-packages:${PYTHONPATH} /usr/bin/python3 -W ignore:setup.py install is deprecated -W ignore:easy_install command is deprecated setup.py egg_info --egg-base ../../build/home_label_package build --build-base /root/home_label/build/home_label_package/build install --record /root/home_label/build/home_label_package/install.log --single-version-externally-managed install_data
[5.994s] running egg_info
[6.000s] writing ../../build/home_label_package/home_label_package.egg-info/PKG-INFO
[6.001s] writing dependency_links to ../../build/home_label_package/home_label_package.egg-info/dependency_links.txt
[6.002s] writing entry points to ../../build/home_label_package/home_label_package.egg-info/entry_points.txt
[6.002s] writing requirements to ../../build/home_label_package/home_label_package.egg-info/requires.txt
[6.003s] writing top-level names to ../../build/home_label_package/home_label_package.egg-info/top_level.txt
[6.013s] reading manifest file '../../build/home_label_package/home_label_package.egg-info/SOURCES.txt'
[6.018s] writing manifest file '../../build/home_label_package/home_label_package.egg-info/SOURCES.txt'
[6.019s] running build
[6.019s] running build_py
[6.020s] copying home_label_package/home_label_publisher.py -> /root/home_label/build/home_label_package/build/lib/home_label_package
[6.021s] running install
[6.023s] running install_lib
[6.027s] copying /root/home_label/build/home_label_package/build/lib/home_label_package/home_label_publisher.py -> /root/home_label/install/home_label_package/lib/python3.10/site-packages/home_label_package
[6.030s] byte-compiling /root/home_label/install/home_label_package/lib/python3.10/site-packages/home_label_package/home_label_publisher.py to home_label_publisher.cpython-310.pyc
[6.035s] running install_data
[6.036s] running install_egg_info
[6.047s] removing '/root/home_label/install/home_label_package/lib/python3.10/site-packages/home_label_package-0.0.0-py3.10.egg-info' (and everything under it)
[6.048s] Copying ../../build/home_label_package/home_label_package.egg-info to /root/home_label/install/home_label_package/lib/python3.10/site-packages/home_label_package-0.0.0-py3.10.egg-info
[6.053s] running install_scripts
[6.181s] Installing home_label_node script to /root/home_label/install/home_label_package/lib/home_label_package
[6.182s] writing list of installed files to '/root/home_label/build/home_label_package/install.log'
[6.403s] Invoked command in '/root/home_label/src/home_label_package' returned '0': PYTHONPATH=/root/home_label/build/home_label_package/prefix_override:/usr/lib/python3/dist-packages/colcon_core/task/python/colcon_distutils_commands:/root/home_label/install/home_label_package/lib/python3.10/site-packages:${PYTHONPATH} /usr/bin/python3 -W ignore:setup.py install is deprecated -W ignore:easy_install command is deprecated setup.py egg_info --egg-base ../../build/home_label_package build --build-base /root/home_label/build/home_label_package/build install --record /root/home_label/build/home_label_package/install.log --single-version-externally-managed install_data
