[0.000000] (-) TimerEvent: {}
[0.000645] (fall_detection_pkg) JobQueued: {'identifier': 'fall_detection_pkg', 'dependencies': OrderedDict()}
[0.000820] (fall_detection_pkg) JobStarted: {'identifier': 'fall_detection_pkg'}
[0.098018] (-) TimerEvent: {}
[0.199049] (-) TimerEvent: {}
[0.299871] (-) TimerEvent: {}
[0.400441] (-) TimerEvent: {}
[0.501250] (-) TimerEvent: {}
[0.602322] (-) TimerEvent: {}
[0.703316] (-) TimerEvent: {}
[0.804377] (-) TimerEvent: {}
[0.905409] (-) TimerEvent: {}
[1.006426] (-) TimerEvent: {}
[1.107448] (-) TimerEvent: {}
[1.208476] (-) TimerEvent: {}
[1.309392] (-) TimerEvent: {}
[1.410142] (-) TimerEvent: {}
[1.511084] (-) TimerEvent: {}
[1.612196] (-) TimerEvent: {}
[1.628685] (fall_detection_pkg) Command: {'cmd': ['/usr/bin/python3', '-W', 'ignore:setup.py install is deprecated', '-W', 'ignore:easy_install command is deprecated', 'setup.py', 'egg_info', '--egg-base', '../../build/fall_detection_pkg', 'build', '--build-base', '/root/FallDetect2_ws/build/fall_detection_pkg/build', 'install', '--record', '/root/FallDetect2_ws/build/fall_detection_pkg/install.log', '--single-version-externally-managed', 'install_data'], 'cwd': '/root/FallDetect2_ws/src/fall_detection_pkg', 'env': {'UMS_MOUNTPOINT': '/mnt/ums', 'GST_V4L2_PREFERRED_FOURCC': 'NV12:YU12:NV16:YUY2', 'LANGUAGE': 'en_US.UTF-8', 'USER': 'root', 'SSH_CLIENT': '192.168.0.138 62488 22', 'XDG_SESSION_TYPE': 'tty', 'SHLVL': '1', 'USB_FUNCS': 'adb', 'LD_LIBRARY_PATH': '/opt/ros/humble/opt/rviz_ogre_vendor/lib:/opt/ros/humble/lib/aarch64-linux-gnu:/opt/ros/humble/lib', 'MOTD_SHOWN': 'pam', 'HOME': '/root', 'OLDPWD': '/root', 'SSH_TTY': '/dev/pts/0', 'GST_INSPECT_NO_COLORS': '1', 'GST_MPP_NO_RGA': '1', 'ROS_PYTHON_VERSION': '3', 'COGL_DRIVER': 'gles2', 'DBUS_SESSION_BUS_ADDRESS': 'unix:path=/run/user/0/bus', 'COLCON_PREFIX_PATH': '/root/FallDetect2_ws/install', 'GST_V4L2SRC_MAX_RESOLUTION': '3840x2160', 'ROS_DISTRO': 'humble', 'LOGNAME': 'root', '_': '/usr/bin/colcon', 'ROS_VERSION': '2', 'XDG_SESSION_CLASS': 'user', 'TERM': 'xterm', 'GST_GL_API': 'gles2', 'XDG_SESSION_ID': '6', 'GST_VIDEO_CONVERT_PREFERRED_FORMAT': 'NV12:NV16:I420:YUY2', 'GST_V4L2SRC_RK_DEVICES': '_mainpath:_selfpath:_bypass:_scale', 'ROS_LOCALHOST_ONLY': '0', 'PATH': '/root/FallDetect2_ws/install/fall_detection_pkg/bin:/opt/ros/humble/bin:/usr/local/sbin:/usr/local/bin:/usr/sbin:/usr/bin:/sbin:/bin:/usr/games:/usr/local/games:/snap/bin', 'XDG_RUNTIME_DIR': '/run/user/0', 'GST_GL_PLATFORM': 'egl', 'GST_DEBUG_NO_COLOR': '1', 'GST_V4L2SRC_DEFAULT_DEVICE': '/dev/video-camera0', 'DISPLAY': 'localhost:10.0', 'LANG': 'en_US.UTF-8', 'GST_V4L2_USE_LIBV4L2': '1', 'UMS_SIZE': '256M', 'AMENT_PREFIX_PATH': '/root/FallDetect2_ws/install/fall_detection_pkg:/opt/ros/humble', 'LC_MESSAGES': 'en_US.UTF-8', 'SHELL': '/bin/bash', 'UMS_RO': '0', 'UMS_FSTYPE': 'vfat', 'PWD': '/root/FallDetect2_ws/build/fall_detection_pkg', 'LC_ALL': 'en_US.UTF-8', 'SSH_CONNECTION': '192.168.0.138 62488 192.168.0.224 22', 'PYTHONPATH': '/root/FallDetect2_ws/build/fall_detection_pkg/prefix_override:/usr/lib/python3/dist-packages/colcon_core/task/python/colcon_distutils_commands:/root/FallDetect2_ws/install/fall_detection_pkg/lib/python3.10/site-packages:/root/FallDetect2_ws/install/fall_detection_pkg/lib/python3.10/site-packages:/opt/ros/humble/lib/python3.10/site-packages:/opt/ros/humble/local/lib/python3.10/dist-packages', 'UMS_MOUNT': '0', 'COLCON': '1', 'UMS_FILE': '/userdata/ums_shared.img'}, 'shell': False}
[1.712525] (-) TimerEvent: {}
[1.813585] (-) TimerEvent: {}
[1.914586] (-) TimerEvent: {}
[1.990536] (fall_detection_pkg) StdoutLine: {'line': b'running egg_info\n'}
[2.008715] (fall_detection_pkg) StdoutLine: {'line': b'writing ../../build/fall_detection_pkg/fall_detection_pkg.egg-info/PKG-INFO\n'}
[2.011446] (fall_detection_pkg) StdoutLine: {'line': b'writing dependency_links to ../../build/fall_detection_pkg/fall_detection_pkg.egg-info/dependency_links.txt\n'}
[2.013136] (fall_detection_pkg) StdoutLine: {'line': b'writing entry points to ../../build/fall_detection_pkg/fall_detection_pkg.egg-info/entry_points.txt\n'}
[2.014101] (fall_detection_pkg) StdoutLine: {'line': b'writing requirements to ../../build/fall_detection_pkg/fall_detection_pkg.egg-info/requires.txt\n'}
[2.014595] (-) TimerEvent: {}
[2.015075] (fall_detection_pkg) StdoutLine: {'line': b'writing top-level names to ../../build/fall_detection_pkg/fall_detection_pkg.egg-info/top_level.txt\n'}
[2.071782] (fall_detection_pkg) StdoutLine: {'line': b"reading manifest file '../../build/fall_detection_pkg/fall_detection_pkg.egg-info/SOURCES.txt'\n"}
[2.075207] (fall_detection_pkg) StdoutLine: {'line': b"writing manifest file '../../build/fall_detection_pkg/fall_detection_pkg.egg-info/SOURCES.txt'\n"}
[2.075886] (fall_detection_pkg) StdoutLine: {'line': b'running build\n'}
[2.076291] (fall_detection_pkg) StdoutLine: {'line': b'running build_py\n'}
[2.077630] (fall_detection_pkg) StdoutLine: {'line': b'copying fall_detection_pkg/camera_node.py -> /root/FallDetect2_ws/build/fall_detection_pkg/build/lib/fall_detection_pkg\n'}
[2.078531] (fall_detection_pkg) StdoutLine: {'line': b'copying fall_detection_pkg/__init__.py -> /root/FallDetect2_ws/build/fall_detection_pkg/build/lib/fall_detection_pkg\n'}
[2.079276] (fall_detection_pkg) StdoutLine: {'line': b'copying fall_detection_pkg/test_node.py -> /root/FallDetect2_ws/build/fall_detection_pkg/build/lib/fall_detection_pkg\n'}
[2.079952] (fall_detection_pkg) StdoutLine: {'line': b'copying fall_detection_pkg/fall_detection_node.py -> /root/FallDetect2_ws/build/fall_detection_pkg/build/lib/fall_detection_pkg\n'}
[2.080411] (fall_detection_pkg) StdoutLine: {'line': b'copying fall_detection_pkg/image_preview_node.py -> /root/FallDetect2_ws/build/fall_detection_pkg/build/lib/fall_detection_pkg\n'}
[2.080788] (fall_detection_pkg) StdoutLine: {'line': b'running install\n'}
[2.087148] (fall_detection_pkg) StdoutLine: {'line': b'running install_lib\n'}
[2.108439] (fall_detection_pkg) StdoutLine: {'line': b'copying /root/FallDetect2_ws/build/fall_detection_pkg/build/lib/fall_detection_pkg/camera_node.py -> /root/FallDetect2_ws/install/fall_detection_pkg/lib/python3.10/site-packages/fall_detection_pkg\n'}
[2.109506] (fall_detection_pkg) StdoutLine: {'line': b'byte-compiling /root/FallDetect2_ws/install/fall_detection_pkg/lib/python3.10/site-packages/fall_detection_pkg/camera_node.py to camera_node.cpython-310.pyc\n'}
[2.113947] (fall_detection_pkg) StdoutLine: {'line': b'running install_data\n'}
[2.114688] (-) TimerEvent: {}
[2.115161] (fall_detection_pkg) StdoutLine: {'line': b'copying resource/fall_detection_pkg -> /root/FallDetect2_ws/install/fall_detection_pkg/share/ament_index/resource_index/packages\n'}
[2.115838] (fall_detection_pkg) StdoutLine: {'line': b'copying package.xml -> /root/FallDetect2_ws/install/fall_detection_pkg/share/fall_detection_pkg\n'}
[2.116364] (fall_detection_pkg) StdoutLine: {'line': b'copying launch/complete_system_launch.py -> /root/FallDetect2_ws/install/fall_detection_pkg/share/fall_detection_pkg/launch\n'}
[2.116752] (fall_detection_pkg) StdoutLine: {'line': b'copying launch/camera_launch.py -> /root/FallDetect2_ws/install/fall_detection_pkg/share/fall_detection_pkg/launch\n'}
[2.117118] (fall_detection_pkg) StdoutLine: {'line': b'copying launch/fall_detection_with_preview_launch.py -> /root/FallDetect2_ws/install/fall_detection_pkg/share/fall_detection_pkg/launch\n'}
[2.117485] (fall_detection_pkg) StdoutLine: {'line': b'copying launch/hf867_system_launch_fixed.py -> /root/FallDetect2_ws/install/fall_detection_pkg/share/fall_detection_pkg/launch\n'}
[2.118016] (fall_detection_pkg) StdoutLine: {'line': b'copying launch/hf867_optimized_launch.py -> /root/FallDetect2_ws/install/fall_detection_pkg/share/fall_detection_pkg/launch\n'}
[2.118406] (fall_detection_pkg) StdoutLine: {'line': b'copying launch/hf867_system_launch.py -> /root/FallDetect2_ws/install/fall_detection_pkg/share/fall_detection_pkg/launch\n'}
[2.118891] (fall_detection_pkg) StdoutLine: {'line': b'copying models/README.md -> /root/FallDetect2_ws/install/fall_detection_pkg/share/fall_detection_pkg/models\n'}
[2.119241] (fall_detection_pkg) StdoutLine: {'line': b'copying models/mobilenet_ssd.tflite -> /root/FallDetect2_ws/install/fall_detection_pkg/share/fall_detection_pkg/models\n'}
[2.215217] (-) TimerEvent: {}
[2.227367] (fall_detection_pkg) StdoutLine: {'line': b'copying calibration_data/hf867_dist_coeffs.npy -> /root/FallDetect2_ws/install/fall_detection_pkg/share/fall_detection_pkg/calibration_data\n'}
[2.230702] (fall_detection_pkg) StdoutLine: {'line': b'copying calibration_data/hf867_camera_matrix.npy -> /root/FallDetect2_ws/install/fall_detection_pkg/share/fall_detection_pkg/calibration_data\n'}
[2.233814] (fall_detection_pkg) StdoutLine: {'line': b'copying calibration_data/README.md -> /root/FallDetect2_ws/install/fall_detection_pkg/share/fall_detection_pkg/calibration_data\n'}
[2.237579] (fall_detection_pkg) StdoutLine: {'line': b'copying scripts/reset_hf867_factory.py -> /root/FallDetect2_ws/install/fall_detection_pkg/share/fall_detection_pkg/scripts\n'}
[2.238491] (fall_detection_pkg) StdoutLine: {'line': b'copying scripts/hf867_camera_tuner.py -> /root/FallDetect2_ws/install/fall_detection_pkg/share/fall_detection_pkg/scripts\n'}
[2.239439] (fall_detection_pkg) StdoutLine: {'line': b'copying scripts/create_test_model.py -> /root/FallDetect2_ws/install/fall_detection_pkg/share/fall_detection_pkg/scripts\n'}
[2.241094] (fall_detection_pkg) StdoutLine: {'line': b'copying scripts/download_model.py -> /root/FallDetect2_ws/install/fall_detection_pkg/share/fall_detection_pkg/scripts\n'}
[2.242599] (fall_detection_pkg) StdoutLine: {'line': b'copying scripts/camera_calibration.py -> /root/FallDetect2_ws/install/fall_detection_pkg/share/fall_detection_pkg/scripts\n'}
[2.244195] (fall_detection_pkg) StdoutLine: {'line': b'copying scripts/preview_camera.py -> /root/FallDetect2_ws/install/fall_detection_pkg/share/fall_detection_pkg/scripts\n'}
[2.245424] (fall_detection_pkg) StdoutLine: {'line': b'copying scripts/hf867_calibration.py -> /root/FallDetect2_ws/install/fall_detection_pkg/share/fall_detection_pkg/scripts\n'}
[2.247037] (fall_detection_pkg) StdoutLine: {'line': b'copying scripts/camera_exposure_test.py -> /root/FallDetect2_ws/install/fall_detection_pkg/share/fall_detection_pkg/scripts\n'}
[2.248383] (fall_detection_pkg) StdoutLine: {'line': b'copying scripts/test_fall_detection.py -> /root/FallDetect2_ws/install/fall_detection_pkg/share/fall_detection_pkg/scripts\n'}
[2.249389] (fall_detection_pkg) StdoutLine: {'line': b'copying scripts/aggressive_exposure_fix.py -> /root/FallDetect2_ws/install/fall_detection_pkg/share/fall_detection_pkg/scripts\n'}
[2.250187] (fall_detection_pkg) StdoutLine: {'line': b'running install_egg_info\n'}
[2.279066] (fall_detection_pkg) StdoutLine: {'line': b"removing '/root/FallDetect2_ws/install/fall_detection_pkg/lib/python3.10/site-packages/fall_detection_pkg-1.0.0-py3.10.egg-info' (and everything under it)\n"}
[2.279961] (fall_detection_pkg) StdoutLine: {'line': b'Copying ../../build/fall_detection_pkg/fall_detection_pkg.egg-info to /root/FallDetect2_ws/install/fall_detection_pkg/lib/python3.10/site-packages/fall_detection_pkg-1.0.0-py3.10.egg-info\n'}
[2.280924] (fall_detection_pkg) StdoutLine: {'line': b'running install_scripts\n'}
[2.315455] (-) TimerEvent: {}
[2.416443] (-) TimerEvent: {}
[2.428995] (fall_detection_pkg) StdoutLine: {'line': b'Installing camera_node script to /root/FallDetect2_ws/install/fall_detection_pkg/bin\n'}
[2.429795] (fall_detection_pkg) StdoutLine: {'line': b'Installing fall_detection_node script to /root/FallDetect2_ws/install/fall_detection_pkg/bin\n'}
[2.430409] (fall_detection_pkg) StdoutLine: {'line': b'Installing image_preview_node script to /root/FallDetect2_ws/install/fall_detection_pkg/bin\n'}
[2.431598] (fall_detection_pkg) StdoutLine: {'line': b'Installing test_node script to /root/FallDetect2_ws/install/fall_detection_pkg/bin\n'}
[2.433264] (fall_detection_pkg) StdoutLine: {'line': b"writing list of installed files to '/root/FallDetect2_ws/build/fall_detection_pkg/install.log'\n"}
[2.516896] (-) TimerEvent: {}
[2.547483] (fall_detection_pkg) CommandEnded: {'returncode': 0}
[2.617332] (-) TimerEvent: {}
[2.634156] (fall_detection_pkg) JobEnded: {'identifier': 'fall_detection_pkg', 'rc': 0}
[2.637060] (-) EventReactorShutdown: {}
