[4.382s] Invoking command in '/root/home_label/src/home_label_package': PYTHONPATH=/root/home_label/build/home_label_package/prefix_override:/usr/lib/python3/dist-packages/colcon_core/task/python/colcon_distutils_commands:/root/home_label/install/home_label_package/lib/python3.10/site-packages:${PYTHONPATH} /usr/bin/python3 -W ignore:setup.py install is deprecated -W ignore:easy_install command is deprecated setup.py egg_info --egg-base ../../build/home_label_package build --build-base /root/home_label/build/home_label_package/build install --record /root/home_label/build/home_label_package/install.log --single-version-externally-managed install_data
[6.021s] running egg_info
[6.027s] writing ../../build/home_label_package/home_label_package.egg-info/PKG-INFO
[6.028s] writing dependency_links to ../../build/home_label_package/home_label_package.egg-info/dependency_links.txt
[6.029s] writing entry points to ../../build/home_label_package/home_label_package.egg-info/entry_points.txt
[6.030s] writing requirements to ../../build/home_label_package/home_label_package.egg-info/requires.txt
[6.031s] writing top-level names to ../../build/home_label_package/home_label_package.egg-info/top_level.txt
[6.041s] reading manifest file '../../build/home_label_package/home_label_package.egg-info/SOURCES.txt'
[6.046s] writing manifest file '../../build/home_label_package/home_label_package.egg-info/SOURCES.txt'
[6.047s] running build
[6.048s] running build_py
[6.048s] running install
[6.051s] running install_lib
[6.058s] running install_data
[6.059s] running install_egg_info
[6.069s] removing '/root/home_label/install/home_label_package/lib/python3.10/site-packages/home_label_package-0.0.0-py3.10.egg-info' (and everything under it)
[6.070s] Copying ../../build/home_label_package/home_label_package.egg-info to /root/home_label/install/home_label_package/lib/python3.10/site-packages/home_label_package-0.0.0-py3.10.egg-info
[6.074s] running install_scripts
[6.200s] Installing home_label_node script to /root/home_label/install/home_label_package/lib/home_label_package
[6.202s] writing list of installed files to '/root/home_label/build/home_label_package/install.log'
[6.418s] Invoked command in '/root/home_label/src/home_label_package' returned '0': PYTHONPATH=/root/home_label/build/home_label_package/prefix_override:/usr/lib/python3/dist-packages/colcon_core/task/python/colcon_distutils_commands:/root/home_label/install/home_label_package/lib/python3.10/site-packages:${PYTHONPATH} /usr/bin/python3 -W ignore:setup.py install is deprecated -W ignore:easy_install command is deprecated setup.py egg_info --egg-base ../../build/home_label_package build --build-base /root/home_label/build/home_label_package/build install --record /root/home_label/build/home_label_package/install.log --single-version-externally-managed install_data
