[1.032s] Invoking command in '/root/FallDetect2_ws/src/fall_detection_pkg': PYTHONPATH=/root/FallDetect2_ws/build/fall_detection_pkg/prefix_override:/usr/lib/python3/dist-packages/colcon_core/task/python/colcon_distutils_commands:/root/FallDetect2_ws/install/fall_detection_pkg/lib/python3.10/site-packages:${PYTHONPATH} /usr/bin/python3 -W ignore:setup.py install is deprecated -W ignore:easy_install command is deprecated setup.py egg_info --egg-base ../../build/fall_detection_pkg build --build-base /root/FallDetect2_ws/build/fall_detection_pkg/build install --record /root/FallDetect2_ws/build/fall_detection_pkg/install.log --single-version-externally-managed install_data
[1.349s] running egg_info
[1.368s] creating ../../build/fall_detection_pkg/fall_detection_pkg.egg-info
[1.369s] writing ../../build/fall_detection_pkg/fall_detection_pkg.egg-info/PKG-INFO
[1.370s] writing dependency_links to ../../build/fall_detection_pkg/fall_detection_pkg.egg-info/dependency_links.txt
[1.370s] writing entry points to ../../build/fall_detection_pkg/fall_detection_pkg.egg-info/entry_points.txt
[1.371s] writing requirements to ../../build/fall_detection_pkg/fall_detection_pkg.egg-info/requires.txt
[1.371s] writing top-level names to ../../build/fall_detection_pkg/fall_detection_pkg.egg-info/top_level.txt
[1.371s] writing manifest file '../../build/fall_detection_pkg/fall_detection_pkg.egg-info/SOURCES.txt'
[1.410s] reading manifest file '../../build/fall_detection_pkg/fall_detection_pkg.egg-info/SOURCES.txt'
[1.412s] writing manifest file '../../build/fall_detection_pkg/fall_detection_pkg.egg-info/SOURCES.txt'
[1.413s] running build
[1.413s] running build_py
[1.414s] creating /root/FallDetect2_ws/build/fall_detection_pkg/build/lib/fall_detection_pkg
[1.414s] copying fall_detection_pkg/camera_node.py -> /root/FallDetect2_ws/build/fall_detection_pkg/build/lib/fall_detection_pkg
[1.414s] copying fall_detection_pkg/__init__.py -> /root/FallDetect2_ws/build/fall_detection_pkg/build/lib/fall_detection_pkg
[1.415s] copying fall_detection_pkg/test_node.py -> /root/FallDetect2_ws/build/fall_detection_pkg/build/lib/fall_detection_pkg
[1.415s] copying fall_detection_pkg/fall_detection_node.py -> /root/FallDetect2_ws/build/fall_detection_pkg/build/lib/fall_detection_pkg
[1.416s] copying fall_detection_pkg/image_preview_node.py -> /root/FallDetect2_ws/build/fall_detection_pkg/build/lib/fall_detection_pkg
[1.416s] running install
[1.421s] running install_lib
[1.441s] creating /root/FallDetect2_ws/install/fall_detection_pkg/lib/python3.10/site-packages/fall_detection_pkg
[1.442s] copying /root/FallDetect2_ws/build/fall_detection_pkg/build/lib/fall_detection_pkg/camera_node.py -> /root/FallDetect2_ws/install/fall_detection_pkg/lib/python3.10/site-packages/fall_detection_pkg
[1.442s] copying /root/FallDetect2_ws/build/fall_detection_pkg/build/lib/fall_detection_pkg/__init__.py -> /root/FallDetect2_ws/install/fall_detection_pkg/lib/python3.10/site-packages/fall_detection_pkg
[1.443s] copying /root/FallDetect2_ws/build/fall_detection_pkg/build/lib/fall_detection_pkg/test_node.py -> /root/FallDetect2_ws/install/fall_detection_pkg/lib/python3.10/site-packages/fall_detection_pkg
[1.443s] copying /root/FallDetect2_ws/build/fall_detection_pkg/build/lib/fall_detection_pkg/fall_detection_node.py -> /root/FallDetect2_ws/install/fall_detection_pkg/lib/python3.10/site-packages/fall_detection_pkg
[1.444s] copying /root/FallDetect2_ws/build/fall_detection_pkg/build/lib/fall_detection_pkg/image_preview_node.py -> /root/FallDetect2_ws/install/fall_detection_pkg/lib/python3.10/site-packages/fall_detection_pkg
[1.444s] byte-compiling /root/FallDetect2_ws/install/fall_detection_pkg/lib/python3.10/site-packages/fall_detection_pkg/camera_node.py to camera_node.cpython-310.pyc
[1.446s] byte-compiling /root/FallDetect2_ws/install/fall_detection_pkg/lib/python3.10/site-packages/fall_detection_pkg/__init__.py to __init__.cpython-310.pyc
[1.447s] byte-compiling /root/FallDetect2_ws/install/fall_detection_pkg/lib/python3.10/site-packages/fall_detection_pkg/test_node.py to test_node.cpython-310.pyc
[1.447s] byte-compiling /root/FallDetect2_ws/install/fall_detection_pkg/lib/python3.10/site-packages/fall_detection_pkg/fall_detection_node.py to fall_detection_node.cpython-310.pyc
[1.449s] byte-compiling /root/FallDetect2_ws/install/fall_detection_pkg/lib/python3.10/site-packages/fall_detection_pkg/image_preview_node.py to image_preview_node.cpython-310.pyc
[1.451s] running install_data
[1.451s] creating /root/FallDetect2_ws/install/fall_detection_pkg/share/ament_index/resource_index/packages
[1.452s] copying resource/fall_detection_pkg -> /root/FallDetect2_ws/install/fall_detection_pkg/share/ament_index/resource_index/packages
[1.453s] copying package.xml -> /root/FallDetect2_ws/install/fall_detection_pkg/share/fall_detection_pkg
[1.453s] creating /root/FallDetect2_ws/install/fall_detection_pkg/share/fall_detection_pkg/launch
[1.454s] copying launch/complete_system_launch.py -> /root/FallDetect2_ws/install/fall_detection_pkg/share/fall_detection_pkg/launch
[1.454s] copying launch/camera_launch.py -> /root/FallDetect2_ws/install/fall_detection_pkg/share/fall_detection_pkg/launch
[1.454s] copying launch/fall_detection_simple_launch.py -> /root/FallDetect2_ws/install/fall_detection_pkg/share/fall_detection_pkg/launch
[1.455s] copying launch/fall_detection_with_preview_launch.py -> /root/FallDetect2_ws/install/fall_detection_pkg/share/fall_detection_pkg/launch
[1.455s] copying launch/hf867_system_launch_fixed.py -> /root/FallDetect2_ws/install/fall_detection_pkg/share/fall_detection_pkg/launch
[1.456s] copying launch/fall_detection_launch.py -> /root/FallDetect2_ws/install/fall_detection_pkg/share/fall_detection_pkg/launch
[1.456s] copying launch/hf867_optimized_launch.py -> /root/FallDetect2_ws/install/fall_detection_pkg/share/fall_detection_pkg/launch
[1.456s] copying launch/hf867_system_launch.py -> /root/FallDetect2_ws/install/fall_detection_pkg/share/fall_detection_pkg/launch
[1.457s] creating /root/FallDetect2_ws/install/fall_detection_pkg/share/fall_detection_pkg/config
[1.457s] copying config/hf867_camera_config.yaml -> /root/FallDetect2_ws/install/fall_detection_pkg/share/fall_detection_pkg/config
[1.457s] creating /root/FallDetect2_ws/install/fall_detection_pkg/share/fall_detection_pkg/models
[1.458s] copying models/README.md -> /root/FallDetect2_ws/install/fall_detection_pkg/share/fall_detection_pkg/models
[1.459s] copying models/mobilenet_ssd.tflite -> /root/FallDetect2_ws/install/fall_detection_pkg/share/fall_detection_pkg/models
[1.459s] creating /root/FallDetect2_ws/install/fall_detection_pkg/share/fall_detection_pkg/calibration_data
[1.460s] copying calibration_data/hf867_dist_coeffs.npy -> /root/FallDetect2_ws/install/fall_detection_pkg/share/fall_detection_pkg/calibration_data
[1.460s] copying calibration_data/hf867_camera_matrix.npy -> /root/FallDetect2_ws/install/fall_detection_pkg/share/fall_detection_pkg/calibration_data
[1.460s] copying calibration_data/README.md -> /root/FallDetect2_ws/install/fall_detection_pkg/share/fall_detection_pkg/calibration_data
[1.461s] creating /root/FallDetect2_ws/install/fall_detection_pkg/share/fall_detection_pkg/scripts
[1.461s] copying scripts/hf867_camera_tuner.py -> /root/FallDetect2_ws/install/fall_detection_pkg/share/fall_detection_pkg/scripts
[1.461s] copying scripts/create_test_model.py -> /root/FallDetect2_ws/install/fall_detection_pkg/share/fall_detection_pkg/scripts
[1.462s] copying scripts/download_model.py -> /root/FallDetect2_ws/install/fall_detection_pkg/share/fall_detection_pkg/scripts
[1.462s] copying scripts/camera_calibration.py -> /root/FallDetect2_ws/install/fall_detection_pkg/share/fall_detection_pkg/scripts
[1.462s] copying scripts/preview_camera.py -> /root/FallDetect2_ws/install/fall_detection_pkg/share/fall_detection_pkg/scripts
[1.463s] copying scripts/hf867_calibration.py -> /root/FallDetect2_ws/install/fall_detection_pkg/share/fall_detection_pkg/scripts
[1.463s] copying scripts/camera_exposure_test.py -> /root/FallDetect2_ws/install/fall_detection_pkg/share/fall_detection_pkg/scripts
[1.463s] copying scripts/test_fall_detection.py -> /root/FallDetect2_ws/install/fall_detection_pkg/share/fall_detection_pkg/scripts
[1.464s] copying scripts/aggressive_exposure_fix.py -> /root/FallDetect2_ws/install/fall_detection_pkg/share/fall_detection_pkg/scripts
[1.464s] running install_egg_info
[1.480s] Copying ../../build/fall_detection_pkg/fall_detection_pkg.egg-info to /root/FallDetect2_ws/install/fall_detection_pkg/lib/python3.10/site-packages/fall_detection_pkg-1.0.0-py3.10.egg-info
[1.481s] running install_scripts
[1.630s] Installing camera_node script to /root/FallDetect2_ws/install/fall_detection_pkg/bin
[1.631s] Installing fall_detection_node script to /root/FallDetect2_ws/install/fall_detection_pkg/bin
[1.631s] Installing image_preview_node script to /root/FallDetect2_ws/install/fall_detection_pkg/bin
[1.632s] Installing test_node script to /root/FallDetect2_ws/install/fall_detection_pkg/bin
[1.632s] writing list of installed files to '/root/FallDetect2_ws/build/fall_detection_pkg/install.log'
[1.705s] Invoked command in '/root/FallDetect2_ws/src/fall_detection_pkg' returned '0': PYTHONPATH=/root/FallDetect2_ws/build/fall_detection_pkg/prefix_override:/usr/lib/python3/dist-packages/colcon_core/task/python/colcon_distutils_commands:/root/FallDetect2_ws/install/fall_detection_pkg/lib/python3.10/site-packages:${PYTHONPATH} /usr/bin/python3 -W ignore:setup.py install is deprecated -W ignore:easy_install command is deprecated setup.py egg_info --egg-base ../../build/fall_detection_pkg build --build-base /root/FallDetect2_ws/build/fall_detection_pkg/build install --record /root/FallDetect2_ws/build/fall_detection_pkg/install.log --single-version-externally-managed install_data
