[2.337s] DEBUG:colcon:Command line arguments: ['/usr/bin/colcon', 'build']
[2.338s] DEBUG:colcon:Parsed command line arguments: Namespace(log_base=None, log_level=None, verb_name='build', build_base='build', install_base='install', merge_install=False, symlink_install=False, test_result_base=None, continue_on_error=False, executor='parallel', parallel_workers=8, event_handlers=None, ignore_user_meta=False, metas=['./colcon.meta'], base_paths=['.'], packages_ignore=None, packages_ignore_regex=None, paths=None, packages_up_to=None, packages_up_to_regex=None, packages_above=None, packages_above_and_dependencies=None, packages_above_depth=None, packages_select_by_dep=None, packages_skip_by_dep=None, packages_skip_up_to=None, packages_select_build_failed=False, packages_skip_build_finished=False, packages_select_test_failures=False, packages_skip_test_passed=False, packages_select=None, packages_skip=None, packages_select_regex=None, packages_skip_regex=None, packages_start=None, packages_end=None, allow_overriding=[], bazel_args=None, bazel_task=None, cmake_args=None, cmake_target=None, cmake_target_skip_unavailable=False, cmake_clean_cache=False, cmake_clean_first=False, cmake_force_configure=False, meson_args=[], ament_cmake_args=None, catkin_cmake_args=None, catkin_skip_building_tests=False, mixin_files=None, mixin=None, verb_parser=<colcon_alias.argument_parser.alias.AliasArgumentDecorator object at 0xffff8fd3c9d0>, verb_extension=<colcon_core.verb.build.BuildVerb object at 0xffff8ffbb280>, main=<bound method BuildVerb.main of <colcon_core.verb.build.BuildVerb object at 0xffff8ffbb280>>, mixin_verb=('build',))
[3.992s] Level 1:colcon.colcon_core.package_discovery:discover_packages(colcon_meta) check parameters
[3.993s] Level 1:colcon.colcon_core.package_discovery:discover_packages(recursive) check parameters
[3.993s] Level 1:colcon.colcon_core.package_discovery:discover_packages(ignore) check parameters
[3.993s] Level 1:colcon.colcon_core.package_discovery:discover_packages(path) check parameters
[3.993s] Level 1:colcon.colcon_core.package_discovery:discover_packages(colcon_meta) discover
[3.994s] Level 1:colcon.colcon_core.package_discovery:discover_packages(recursive) discover
[3.994s] INFO:colcon.colcon_core.package_discovery:Crawling recursively for packages in '/root/home_label'
[3.995s] Level 1:colcon.colcon_core.package_identification:_identify(.) by extensions ['ignore', 'ignore_ament_install']
[3.995s] Level 1:colcon.colcon_core.package_identification:_identify(.) by extension 'ignore'
[3.996s] Level 1:colcon.colcon_core.package_identification:_identify(.) by extension 'ignore_ament_install'
[3.996s] Level 1:colcon.colcon_core.package_identification:_identify(.) by extensions ['colcon_pkg']
[3.996s] Level 1:colcon.colcon_core.package_identification:_identify(.) by extension 'colcon_pkg'
[3.997s] Level 1:colcon.colcon_core.package_identification:_identify(.) by extensions ['colcon_meta']
[3.997s] Level 1:colcon.colcon_core.package_identification:_identify(.) by extension 'colcon_meta'
[3.997s] Level 1:colcon.colcon_core.package_identification:_identify(.) by extensions ['ros']
[3.997s] Level 1:colcon.colcon_core.package_identification:_identify(.) by extension 'ros'
[4.027s] Level 1:colcon.colcon_core.package_identification:_identify(.) by extensions ['bazel', 'cmake', 'meson', 'python']
[4.028s] Level 1:colcon.colcon_core.package_identification:_identify(.) by extension 'bazel'
[4.028s] Level 1:colcon.colcon_core.package_identification:_identify(.) by extension 'cmake'
[4.029s] Level 1:colcon.colcon_core.package_identification:_identify(.) by extension 'meson'
[4.029s] Level 1:colcon.colcon_core.package_identification:_identify(.) by extension 'python'
[4.030s] Level 1:colcon.colcon_core.package_identification:_identify(.) by extensions ['python_setup_py']
[4.030s] Level 1:colcon.colcon_core.package_identification:_identify(.) by extension 'python_setup_py'
[4.031s] Level 1:colcon.colcon_core.package_identification:_identify(build) by extensions ['ignore', 'ignore_ament_install']
[4.031s] Level 1:colcon.colcon_core.package_identification:_identify(build) by extension 'ignore'
[4.032s] Level 1:colcon.colcon_core.package_identification:_identify(build) ignored
[4.032s] Level 1:colcon.colcon_core.package_identification:_identify(install) by extensions ['ignore', 'ignore_ament_install']
[4.033s] Level 1:colcon.colcon_core.package_identification:_identify(install) by extension 'ignore'
[4.033s] Level 1:colcon.colcon_core.package_identification:_identify(install) ignored
[4.034s] Level 1:colcon.colcon_core.package_identification:_identify(log) by extensions ['ignore', 'ignore_ament_install']
[4.034s] Level 1:colcon.colcon_core.package_identification:_identify(log) by extension 'ignore'
[4.035s] Level 1:colcon.colcon_core.package_identification:_identify(log) ignored
[4.035s] Level 1:colcon.colcon_core.package_identification:_identify(src) by extensions ['ignore', 'ignore_ament_install']
[4.036s] Level 1:colcon.colcon_core.package_identification:_identify(src) by extension 'ignore'
[4.036s] Level 1:colcon.colcon_core.package_identification:_identify(src) by extension 'ignore_ament_install'
[4.036s] Level 1:colcon.colcon_core.package_identification:_identify(src) by extensions ['colcon_pkg']
[4.037s] Level 1:colcon.colcon_core.package_identification:_identify(src) by extension 'colcon_pkg'
[4.037s] Level 1:colcon.colcon_core.package_identification:_identify(src) by extensions ['colcon_meta']
[4.037s] Level 1:colcon.colcon_core.package_identification:_identify(src) by extension 'colcon_meta'
[4.038s] Level 1:colcon.colcon_core.package_identification:_identify(src) by extensions ['ros']
[4.038s] Level 1:colcon.colcon_core.package_identification:_identify(src) by extension 'ros'
[4.038s] Level 1:colcon.colcon_core.package_identification:_identify(src) by extensions ['bazel', 'cmake', 'meson', 'python']
[4.039s] Level 1:colcon.colcon_core.package_identification:_identify(src) by extension 'bazel'
[4.039s] Level 1:colcon.colcon_core.package_identification:_identify(src) by extension 'cmake'
[4.039s] Level 1:colcon.colcon_core.package_identification:_identify(src) by extension 'meson'
[4.039s] Level 1:colcon.colcon_core.package_identification:_identify(src) by extension 'python'
[4.040s] Level 1:colcon.colcon_core.package_identification:_identify(src) by extensions ['python_setup_py']
[4.040s] Level 1:colcon.colcon_core.package_identification:_identify(src) by extension 'python_setup_py'
[4.040s] Level 1:colcon.colcon_core.package_discovery:discover_packages(recursive) using defaults
[4.040s] Level 1:colcon.colcon_core.package_discovery:discover_packages(ignore) discover
[4.041s] Level 1:colcon.colcon_core.package_discovery:discover_packages(ignore) using defaults
[4.041s] Level 1:colcon.colcon_core.package_discovery:discover_packages(path) discover
[4.041s] Level 1:colcon.colcon_core.package_discovery:discover_packages(path) using defaults
[4.182s] Level 1:colcon.colcon_core.package_discovery:discover_packages(prefix_path) check parameters
[4.182s] Level 1:colcon.colcon_core.package_discovery:discover_packages(prefix_path) discover
[4.202s] DEBUG:colcon.colcon_installed_package_information.package_discovery:Found 3 installed packages in /root/uros_ws/install
[4.208s] DEBUG:colcon.colcon_installed_package_information.package_discovery:Found 15 installed packages in /userdata/dev_ws/install
[4.212s] DEBUG:colcon.colcon_installed_package_information.package_discovery:Found 55 installed packages in /opt/tros/humble
[4.223s] DEBUG:colcon.colcon_installed_package_information.package_discovery:Found 264 installed packages in /opt/ros/humble
[4.234s] Level 1:colcon.colcon_core.package_discovery:discover_packages(prefix_path) using defaults
[4.537s] INFO:colcon.colcon_core.executor:Executing jobs using 'parallel' executor
[4.542s] DEBUG:colcon.colcon_parallel_executor.executor.parallel:run_until_complete
[4.543s] DEBUG:colcon.colcon_parallel_executor.executor.parallel:closing loop
[4.544s] DEBUG:colcon.colcon_parallel_executor.executor.parallel:loop closed
[4.544s] DEBUG:colcon.colcon_parallel_executor.executor.parallel:run_until_complete finished with '0'
[4.544s] DEBUG:colcon.colcon_core.event_reactor:joining thread
[4.590s] INFO:colcon.colcon_core.plugin_system:Skipping extension 'colcon_notification.desktop_notification.notify_send': Could not find 'notify-send'
[4.591s] INFO:colcon.colcon_core.plugin_system:Skipping extension 'colcon_notification.desktop_notification.terminal_notifier': Not used on non-Darwin systems
[4.591s] INFO:colcon.colcon_core.plugin_system:Skipping extension 'colcon_notification.desktop_notification.win32': Not used on non-Windows systems
[4.592s] INFO:colcon.colcon_notification.desktop_notification:Sending desktop notification using 'notify2'
[29.688s] DEBUG:colcon.colcon_notification.desktop_notification.notify2:Failed to initialize notify2: org.freedesktop.DBus.Error.NoReply: Did not receive a reply. Possible causes include: the remote application did not send a reply, the message bus security policy blocked the reply, the reply timeout expired, or the network connection was broken.
[29.689s] DEBUG:colcon.colcon_core.event_reactor:joined thread
[29.723s] INFO:colcon.colcon_core.plugin_system:Skipping extension 'colcon_core.shell.bat': Not used on non-Windows systems
[29.727s] INFO:colcon.colcon_core.shell:Creating prefix script '/root/home_label/install/local_setup.ps1'
[29.741s] INFO:colcon.colcon_core.shell:Creating prefix util module '/root/home_label/install/_local_setup_util_ps1.py'
[29.753s] INFO:colcon.colcon_core.shell:Creating prefix chain script '/root/home_label/install/setup.ps1'
[29.766s] INFO:colcon.colcon_core.shell:Creating prefix script '/root/home_label/install/local_setup.sh'
[29.771s] INFO:colcon.colcon_core.shell:Creating prefix util module '/root/home_label/install/_local_setup_util_sh.py'
[29.776s] INFO:colcon.colcon_core.shell:Creating prefix chain script '/root/home_label/install/setup.sh'
[29.789s] INFO:colcon.colcon_core.shell:Creating prefix script '/root/home_label/install/local_setup.bash'
[29.793s] INFO:colcon.colcon_core.shell:Creating prefix chain script '/root/home_label/install/setup.bash'
[29.804s] INFO:colcon.colcon_core.shell:Creating prefix script '/root/home_label/install/local_setup.zsh'
[29.809s] INFO:colcon.colcon_core.shell:Creating prefix chain script '/root/home_label/install/setup.zsh'
[29.819s] INFO:colcon.colcon_core.shell:Creating '/root/home_label/install/spawn_shell.bash'
