running egg_info
writing ../../build/mqtt_navigation/mqtt_navigation.egg-info/PKG-INFO
writing dependency_links to ../../build/mqtt_navigation/mqtt_navigation.egg-info/dependency_links.txt
writing entry points to ../../build/mqtt_navigation/mqtt_navigation.egg-info/entry_points.txt
writing requirements to ../../build/mqtt_navigation/mqtt_navigation.egg-info/requires.txt
writing top-level names to ../../build/mqtt_navigation/mqtt_navigation.egg-info/top_level.txt
reading manifest file '../../build/mqtt_navigation/mqtt_navigation.egg-info/SOURCES.txt'
writing manifest file '../../build/mqtt_navigation/mqtt_navigation.egg-info/SOURCES.txt'
running build
running build_py
copying mqtt_navigation/mqtt_navigation_node.py -> /root/mqtt_goal_ws/build/mqtt_navigation/build/lib/mqtt_navigation
running install
running install_lib
copying /root/mqtt_goal_ws/build/mqtt_navigation/build/lib/mqtt_navigation/mqtt_navigation_node.py -> /root/mqtt_goal_ws/install/mqtt_navigation/lib/python3.10/site-packages/mqtt_navigation
byte-compiling /root/mqtt_goal_ws/install/mqtt_navigation/lib/python3.10/site-packages/mqtt_navigation/mqtt_navigation_node.py to mqtt_navigation_node.cpython-310.pyc
Sorry: IndentationError: expected an indented block after function definition on line 129 (mqtt_navigation_node.py, line 130)
running install_data
running install_egg_info
removing '/root/mqtt_goal_ws/install/mqtt_navigation/lib/python3.10/site-packages/mqtt_navigation-0.0.1-py3.10.egg-info' (and everything under it)
Copying ../../build/mqtt_navigation/mqtt_navigation.egg-info to /root/mqtt_goal_ws/install/mqtt_navigation/lib/python3.10/site-packages/mqtt_navigation-0.0.1-py3.10.egg-info
running install_scripts
Installing mqtt_navigation_node script to /root/mqtt_goal_ws/install/mqtt_navigation/lib/mqtt_navigation
writing list of installed files to '/root/mqtt_goal_ws/build/mqtt_navigation/install.log'
