/root/FallDetect2_ws/install/fall_detection_pkg/lib/python3.10/site-packages/fall_detection_pkg/camera_node.py
/root/FallDetect2_ws/install/fall_detection_pkg/lib/python3.10/site-packages/fall_detection_pkg/__init__.py
/root/FallDetect2_ws/install/fall_detection_pkg/lib/python3.10/site-packages/fall_detection_pkg/test_node.py
/root/FallDetect2_ws/install/fall_detection_pkg/lib/python3.10/site-packages/fall_detection_pkg/fall_detection_node.py
/root/FallDetect2_ws/install/fall_detection_pkg/lib/python3.10/site-packages/fall_detection_pkg/image_preview_node.py
/root/FallDetect2_ws/install/fall_detection_pkg/lib/python3.10/site-packages/fall_detection_pkg/__pycache__/camera_node.cpython-310.pyc
/root/FallDetect2_ws/install/fall_detection_pkg/lib/python3.10/site-packages/fall_detection_pkg/__pycache__/__init__.cpython-310.pyc
/root/FallDetect2_ws/install/fall_detection_pkg/lib/python3.10/site-packages/fall_detection_pkg/__pycache__/test_node.cpython-310.pyc
/root/FallDetect2_ws/install/fall_detection_pkg/lib/python3.10/site-packages/fall_detection_pkg/__pycache__/fall_detection_node.cpython-310.pyc
/root/FallDetect2_ws/install/fall_detection_pkg/lib/python3.10/site-packages/fall_detection_pkg/__pycache__/image_preview_node.cpython-310.pyc
/root/FallDetect2_ws/install/fall_detection_pkg/share/ament_index/resource_index/packages/fall_detection_pkg
/root/FallDetect2_ws/install/fall_detection_pkg/share/fall_detection_pkg/package.xml
/root/FallDetect2_ws/install/fall_detection_pkg/share/fall_detection_pkg/launch/complete_system_launch.py
/root/FallDetect2_ws/install/fall_detection_pkg/share/fall_detection_pkg/launch/camera_launch.py
/root/FallDetect2_ws/install/fall_detection_pkg/share/fall_detection_pkg/launch/fall_detection_simple_launch.py
/root/FallDetect2_ws/install/fall_detection_pkg/share/fall_detection_pkg/launch/fall_detection_with_preview_launch.py
/root/FallDetect2_ws/install/fall_detection_pkg/share/fall_detection_pkg/launch/hf867_system_launch_fixed.py
/root/FallDetect2_ws/install/fall_detection_pkg/share/fall_detection_pkg/launch/fall_detection_launch.py
/root/FallDetect2_ws/install/fall_detection_pkg/share/fall_detection_pkg/launch/hf867_optimized_launch.py
/root/FallDetect2_ws/install/fall_detection_pkg/share/fall_detection_pkg/launch/hf867_system_launch.py
/root/FallDetect2_ws/install/fall_detection_pkg/share/fall_detection_pkg/config/hf867_camera_config.yaml
/root/FallDetect2_ws/install/fall_detection_pkg/share/fall_detection_pkg/models/README.md
/root/FallDetect2_ws/install/fall_detection_pkg/share/fall_detection_pkg/models/mobilenet_ssd.tflite
/root/FallDetect2_ws/install/fall_detection_pkg/share/fall_detection_pkg/calibration_data/hf867_dist_coeffs.npy
/root/FallDetect2_ws/install/fall_detection_pkg/share/fall_detection_pkg/calibration_data/hf867_camera_matrix.npy
/root/FallDetect2_ws/install/fall_detection_pkg/share/fall_detection_pkg/calibration_data/README.md
/root/FallDetect2_ws/install/fall_detection_pkg/share/fall_detection_pkg/scripts/reset_hf867_factory.py
/root/FallDetect2_ws/install/fall_detection_pkg/share/fall_detection_pkg/scripts/hf867_camera_tuner.py
/root/FallDetect2_ws/install/fall_detection_pkg/share/fall_detection_pkg/scripts/create_test_model.py
/root/FallDetect2_ws/install/fall_detection_pkg/share/fall_detection_pkg/scripts/download_model.py
/root/FallDetect2_ws/install/fall_detection_pkg/share/fall_detection_pkg/scripts/camera_calibration.py
/root/FallDetect2_ws/install/fall_detection_pkg/share/fall_detection_pkg/scripts/preview_camera.py
/root/FallDetect2_ws/install/fall_detection_pkg/share/fall_detection_pkg/scripts/hf867_calibration.py
/root/FallDetect2_ws/install/fall_detection_pkg/share/fall_detection_pkg/scripts/camera_exposure_test.py
/root/FallDetect2_ws/install/fall_detection_pkg/share/fall_detection_pkg/scripts/test_fall_detection.py
/root/FallDetect2_ws/install/fall_detection_pkg/share/fall_detection_pkg/scripts/aggressive_exposure_fix.py
/root/FallDetect2_ws/install/fall_detection_pkg/lib/python3.10/site-packages/fall_detection_pkg-1.0.0-py3.10.egg-info/requires.txt
/root/FallDetect2_ws/install/fall_detection_pkg/lib/python3.10/site-packages/fall_detection_pkg-1.0.0-py3.10.egg-info/dependency_links.txt
/root/FallDetect2_ws/install/fall_detection_pkg/lib/python3.10/site-packages/fall_detection_pkg-1.0.0-py3.10.egg-info/PKG-INFO
/root/FallDetect2_ws/install/fall_detection_pkg/lib/python3.10/site-packages/fall_detection_pkg-1.0.0-py3.10.egg-info/SOURCES.txt
/root/FallDetect2_ws/install/fall_detection_pkg/lib/python3.10/site-packages/fall_detection_pkg-1.0.0-py3.10.egg-info/zip-safe
/root/FallDetect2_ws/install/fall_detection_pkg/lib/python3.10/site-packages/fall_detection_pkg-1.0.0-py3.10.egg-info/entry_points.txt
/root/FallDetect2_ws/install/fall_detection_pkg/lib/python3.10/site-packages/fall_detection_pkg-1.0.0-py3.10.egg-info/top_level.txt
/root/FallDetect2_ws/install/fall_detection_pkg/bin/camera_node
/root/FallDetect2_ws/install/fall_detection_pkg/bin/fall_detection_node
/root/FallDetect2_ws/install/fall_detection_pkg/bin/image_preview_node
/root/FallDetect2_ws/install/fall_detection_pkg/bin/test_node
