[1.173s] Invoking command in '/root/ros2Ultrasonic_ws/src/ultrasonic_sensors': PYTHONPATH=/root/ros2Ultrasonic_ws/build/ultrasonic_sensors/prefix_override:/usr/lib/python3/dist-packages/colcon_core/task/python/colcon_distutils_commands:/root/ros2Ultrasonic_ws/install/ultrasonic_sensors/lib/python3.10/site-packages:${PYTHONPATH} /usr/bin/python3 -W ignore:setup.py install is deprecated -W ignore:easy_install command is deprecated setup.py egg_info --egg-base ../../build/ultrasonic_sensors build --build-base /root/ros2Ultrasonic_ws/build/ultrasonic_sensors/build install --record /root/ros2Ultrasonic_ws/build/ultrasonic_sensors/install.log --single-version-externally-managed install_data
[1.517s] running egg_info
[1.533s] writing ../../build/ultrasonic_sensors/ultrasonic_sensors.egg-info/PKG-INFO
[1.534s] writing dependency_links to ../../build/ultrasonic_sensors/ultrasonic_sensors.egg-info/dependency_links.txt
[1.536s] writing entry points to ../../build/ultrasonic_sensors/ultrasonic_sensors.egg-info/entry_points.txt
[1.539s] writing requirements to ../../build/ultrasonic_sensors/ultrasonic_sensors.egg-info/requires.txt
[1.546s] writing top-level names to ../../build/ultrasonic_sensors/ultrasonic_sensors.egg-info/top_level.txt
[1.599s] reading manifest file '../../build/ultrasonic_sensors/ultrasonic_sensors.egg-info/SOURCES.txt'
[1.600s] writing manifest file '../../build/ultrasonic_sensors/ultrasonic_sensors.egg-info/SOURCES.txt'
[1.601s] running build
[1.601s] running build_py
[1.601s] copying ultrasonic_sensors/__init__.py -> /root/ros2Ultrasonic_ws/build/ultrasonic_sensors/build/lib/ultrasonic_sensors
[1.601s] copying ultrasonic_sensors/ultrasonic_node.py -> /root/ros2Ultrasonic_ws/build/ultrasonic_sensors/build/lib/ultrasonic_sensors
[1.601s] running install
[1.609s] running install_lib
[1.626s] copying /root/ros2Ultrasonic_ws/build/ultrasonic_sensors/build/lib/ultrasonic_sensors/ultrasonic_node.py -> /root/ros2Ultrasonic_ws/install/ultrasonic_sensors/lib/python3.10/site-packages/ultrasonic_sensors
[1.627s] byte-compiling /root/ros2Ultrasonic_ws/install/ultrasonic_sensors/lib/python3.10/site-packages/ultrasonic_sensors/ultrasonic_node.py to ultrasonic_node.cpython-310.pyc
[1.629s] running install_data
[1.629s] copying resource/ultrasonic_sensors -> /root/ros2Ultrasonic_ws/install/ultrasonic_sensors/share/ament_index/resource_index/packages
[1.629s] copying package.xml -> /root/ros2Ultrasonic_ws/install/ultrasonic_sensors/share/ultrasonic_sensors
[1.630s] running install_egg_info
[1.649s] removing '/root/ros2Ultrasonic_ws/install/ultrasonic_sensors/lib/python3.10/site-packages/ultrasonic_sensors-0.0.0-py3.10.egg-info' (and everything under it)
[1.649s] Copying ../../build/ultrasonic_sensors/ultrasonic_sensors.egg-info to /root/ros2Ultrasonic_ws/install/ultrasonic_sensors/lib/python3.10/site-packages/ultrasonic_sensors-0.0.0-py3.10.egg-info
[1.650s] running install_scripts
[1.789s] Installing ultrasonic_node script to /root/ros2Ultrasonic_ws/install/ultrasonic_sensors/lib/ultrasonic_sensors
[1.790s] writing list of installed files to '/root/ros2Ultrasonic_ws/build/ultrasonic_sensors/install.log'
[1.893s] Invoked command in '/root/ros2Ultrasonic_ws/src/ultrasonic_sensors' returned '0': PYTHONPATH=/root/ros2Ultrasonic_ws/build/ultrasonic_sensors/prefix_override:/usr/lib/python3/dist-packages/colcon_core/task/python/colcon_distutils_commands:/root/ros2Ultrasonic_ws/install/ultrasonic_sensors/lib/python3.10/site-packages:${PYTHONPATH} /usr/bin/python3 -W ignore:setup.py install is deprecated -W ignore:easy_install command is deprecated setup.py egg_info --egg-base ../../build/ultrasonic_sensors build --build-base /root/ros2Ultrasonic_ws/build/ultrasonic_sensors/build install --record /root/ros2Ultrasonic_ws/build/ultrasonic_sensors/install.log --single-version-externally-managed install_data
