[1.597s] DEBUG:colcon:Command line arguments: ['/usr/bin/colcon', 'build']
[1.598s] DEBUG:colcon:Parsed command line arguments: Namespace(log_base=None, log_level=None, verb_name='build', build_base='build', install_base='install', merge_install=False, symlink_install=False, test_result_base=None, continue_on_error=False, executor='parallel', parallel_workers=8, event_handlers=None, ignore_user_meta=False, metas=['./colcon.meta'], base_paths=['.'], packages_ignore=None, packages_ignore_regex=None, paths=None, packages_up_to=None, packages_up_to_regex=None, packages_above=None, packages_above_and_dependencies=None, packages_above_depth=None, packages_select_by_dep=None, packages_skip_by_dep=None, packages_skip_up_to=None, packages_select_build_failed=False, packages_skip_build_finished=False, packages_select_test_failures=False, packages_skip_test_passed=False, packages_select=None, packages_skip=None, packages_select_regex=None, packages_skip_regex=None, packages_start=None, packages_end=None, allow_overriding=[], bazel_args=None, bazel_task=None, cmake_args=None, cmake_target=None, cmake_target_skip_unavailable=False, cmake_clean_cache=False, cmake_clean_first=False, cmake_force_configure=False, meson_args=[], ament_cmake_args=None, catkin_cmake_args=None, catkin_skip_building_tests=False, mixin_files=None, mixin=None, verb_parser=<colcon_alias.argument_parser.alias.AliasArgumentDecorator object at 0xffff9a851000>, verb_extension=<colcon_core.verb.build.BuildVerb object at 0xffff9aceb8b0>, main=<bound method BuildVerb.main of <colcon_core.verb.build.BuildVerb object at 0xffff9aceb8b0>>, mixin_verb=('build',))
[2.742s] Level 1:colcon.colcon_core.package_discovery:discover_packages(colcon_meta) check parameters
[2.742s] Level 1:colcon.colcon_core.package_discovery:discover_packages(recursive) check parameters
[2.743s] Level 1:colcon.colcon_core.package_discovery:discover_packages(ignore) check parameters
[2.743s] Level 1:colcon.colcon_core.package_discovery:discover_packages(path) check parameters
[2.743s] Level 1:colcon.colcon_core.package_discovery:discover_packages(colcon_meta) discover
[2.743s] Level 1:colcon.colcon_core.package_discovery:discover_packages(recursive) discover
[2.744s] INFO:colcon.colcon_core.package_discovery:Crawling recursively for packages in '/root/label_goal'
[2.744s] Level 1:colcon.colcon_core.package_identification:_identify(.) by extensions ['ignore', 'ignore_ament_install']
[2.745s] Level 1:colcon.colcon_core.package_identification:_identify(.) by extension 'ignore'
[2.745s] Level 1:colcon.colcon_core.package_identification:_identify(.) by extension 'ignore_ament_install'
[2.745s] Level 1:colcon.colcon_core.package_identification:_identify(.) by extensions ['colcon_pkg']
[2.745s] Level 1:colcon.colcon_core.package_identification:_identify(.) by extension 'colcon_pkg'
[2.746s] Level 1:colcon.colcon_core.package_identification:_identify(.) by extensions ['colcon_meta']
[2.746s] Level 1:colcon.colcon_core.package_identification:_identify(.) by extension 'colcon_meta'
[2.746s] Level 1:colcon.colcon_core.package_identification:_identify(.) by extensions ['ros']
[2.746s] Level 1:colcon.colcon_core.package_identification:_identify(.) by extension 'ros'
[2.760s] Level 1:colcon.colcon_core.package_identification:_identify(.) by extensions ['bazel', 'cmake', 'meson', 'python']
[2.760s] Level 1:colcon.colcon_core.package_identification:_identify(.) by extension 'bazel'
[2.760s] Level 1:colcon.colcon_core.package_identification:_identify(.) by extension 'cmake'
[2.761s] Level 1:colcon.colcon_core.package_identification:_identify(.) by extension 'meson'
[2.761s] Level 1:colcon.colcon_core.package_identification:_identify(.) by extension 'python'
[2.761s] Level 1:colcon.colcon_core.package_identification:_identify(.) by extensions ['python_setup_py']
[2.761s] Level 1:colcon.colcon_core.package_identification:_identify(.) by extension 'python_setup_py'
[2.762s] Level 1:colcon.colcon_core.package_identification:_identify(build) by extensions ['ignore', 'ignore_ament_install']
[2.762s] Level 1:colcon.colcon_core.package_identification:_identify(build) by extension 'ignore'
[2.763s] Level 1:colcon.colcon_core.package_identification:_identify(build) ignored
[2.763s] Level 1:colcon.colcon_core.package_identification:_identify(install) by extensions ['ignore', 'ignore_ament_install']
[2.764s] Level 1:colcon.colcon_core.package_identification:_identify(install) by extension 'ignore'
[2.764s] Level 1:colcon.colcon_core.package_identification:_identify(install) ignored
[2.764s] Level 1:colcon.colcon_core.package_identification:_identify(log) by extensions ['ignore', 'ignore_ament_install']
[2.765s] Level 1:colcon.colcon_core.package_identification:_identify(log) by extension 'ignore'
[2.765s] Level 1:colcon.colcon_core.package_identification:_identify(log) ignored
[2.765s] Level 1:colcon.colcon_core.package_identification:_identify(src) by extensions ['ignore', 'ignore_ament_install']
[2.766s] Level 1:colcon.colcon_core.package_identification:_identify(src) by extension 'ignore'
[2.766s] Level 1:colcon.colcon_core.package_identification:_identify(src) by extension 'ignore_ament_install'
[2.766s] Level 1:colcon.colcon_core.package_identification:_identify(src) by extensions ['colcon_pkg']
[2.767s] Level 1:colcon.colcon_core.package_identification:_identify(src) by extension 'colcon_pkg'
[2.767s] Level 1:colcon.colcon_core.package_identification:_identify(src) by extensions ['colcon_meta']
[2.767s] Level 1:colcon.colcon_core.package_identification:_identify(src) by extension 'colcon_meta'
[2.767s] Level 1:colcon.colcon_core.package_identification:_identify(src) by extensions ['ros']
[2.767s] Level 1:colcon.colcon_core.package_identification:_identify(src) by extension 'ros'
[2.768s] Level 1:colcon.colcon_core.package_identification:_identify(src) by extensions ['bazel', 'cmake', 'meson', 'python']
[2.768s] Level 1:colcon.colcon_core.package_identification:_identify(src) by extension 'bazel'
[2.768s] Level 1:colcon.colcon_core.package_identification:_identify(src) by extension 'cmake'
[2.769s] Level 1:colcon.colcon_core.package_identification:_identify(src) by extension 'meson'
[2.769s] Level 1:colcon.colcon_core.package_identification:_identify(src) by extension 'python'
[2.769s] Level 1:colcon.colcon_core.package_identification:_identify(src) by extensions ['python_setup_py']
[2.770s] Level 1:colcon.colcon_core.package_identification:_identify(src) by extension 'python_setup_py'
[2.770s] Level 1:colcon.colcon_core.package_identification:_identify(src/label_goal_package) by extensions ['ignore', 'ignore_ament_install']
[2.770s] Level 1:colcon.colcon_core.package_identification:_identify(src/label_goal_package) by extension 'ignore'
[2.771s] Level 1:colcon.colcon_core.package_identification:_identify(src/label_goal_package) by extension 'ignore_ament_install'
[2.771s] Level 1:colcon.colcon_core.package_identification:_identify(src/label_goal_package) by extensions ['colcon_pkg']
[2.771s] Level 1:colcon.colcon_core.package_identification:_identify(src/label_goal_package) by extension 'colcon_pkg'
[2.771s] Level 1:colcon.colcon_core.package_identification:_identify(src/label_goal_package) by extensions ['colcon_meta']
[2.772s] Level 1:colcon.colcon_core.package_identification:_identify(src/label_goal_package) by extension 'colcon_meta'
[2.772s] Level 1:colcon.colcon_core.package_identification:_identify(src/label_goal_package) by extensions ['ros']
[2.772s] Level 1:colcon.colcon_core.package_identification:_identify(src/label_goal_package) by extension 'ros'
[2.785s] DEBUG:colcon.colcon_core.package_identification:Package 'src/label_goal_package' with type 'ros.ament_python' and name 'label_goal_package'
[2.785s] Level 1:colcon.colcon_core.package_identification:_identify(src/label_goal_package2) by extensions ['ignore', 'ignore_ament_install']
[2.786s] Level 1:colcon.colcon_core.package_identification:_identify(src/label_goal_package2) by extension 'ignore'
[2.786s] Level 1:colcon.colcon_core.package_identification:_identify(src/label_goal_package2) by extension 'ignore_ament_install'
[2.787s] Level 1:colcon.colcon_core.package_identification:_identify(src/label_goal_package2) by extensions ['colcon_pkg']
[2.787s] Level 1:colcon.colcon_core.package_identification:_identify(src/label_goal_package2) by extension 'colcon_pkg'
[2.787s] Level 1:colcon.colcon_core.package_identification:_identify(src/label_goal_package2) by extensions ['colcon_meta']
[2.787s] Level 1:colcon.colcon_core.package_identification:_identify(src/label_goal_package2) by extension 'colcon_meta'
[2.787s] Level 1:colcon.colcon_core.package_identification:_identify(src/label_goal_package2) by extensions ['ros']
[2.788s] Level 1:colcon.colcon_core.package_identification:_identify(src/label_goal_package2) by extension 'ros'
[2.788s] Level 1:colcon.colcon_core.package_identification:_identify(src/label_goal_package2) by extensions ['bazel', 'cmake', 'meson', 'python']
[2.788s] Level 1:colcon.colcon_core.package_identification:_identify(src/label_goal_package2) by extension 'bazel'
[2.789s] Level 1:colcon.colcon_core.package_identification:_identify(src/label_goal_package2) by extension 'cmake'
[2.789s] Level 1:colcon.colcon_core.package_identification:_identify(src/label_goal_package2) by extension 'meson'
[2.789s] Level 1:colcon.colcon_core.package_identification:_identify(src/label_goal_package2) by extension 'python'
[2.790s] Level 1:colcon.colcon_core.package_identification:_identify(src/label_goal_package2) by extensions ['python_setup_py']
[2.790s] Level 1:colcon.colcon_core.package_identification:_identify(src/label_goal_package2) by extension 'python_setup_py'
[2.790s] Level 1:colcon.colcon_core.package_discovery:discover_packages(recursive) using defaults
[2.790s] Level 1:colcon.colcon_core.package_discovery:discover_packages(ignore) discover
[2.790s] Level 1:colcon.colcon_core.package_discovery:discover_packages(ignore) using defaults
[2.791s] Level 1:colcon.colcon_core.package_discovery:discover_packages(path) discover
[2.791s] Level 1:colcon.colcon_core.package_discovery:discover_packages(path) using defaults
[2.883s] Level 1:colcon.colcon_core.package_discovery:discover_packages(prefix_path) check parameters
[2.883s] Level 1:colcon.colcon_core.package_discovery:discover_packages(prefix_path) discover
[2.888s] WARNING:colcon.colcon_core.prefix_path.colcon:The path '/root/label_goal_ws/install/install' in the environment variable COLCON_PREFIX_PATH doesn't exist
[2.888s] WARNING:colcon.colcon_core.prefix_path.colcon:The path '/root/label_goal/install/install' in the environment variable COLCON_PREFIX_PATH doesn't exist
[2.889s] WARNING:colcon.colcon_core.prefix_path.colcon:The path '/root/label_goal_ws/install' in the environment variable COLCON_PREFIX_PATH doesn't exist
[2.889s] WARNING:colcon.colcon_ros.prefix_path.ament:The path '/root/label_goal_ws/install/label_goal' in the environment variable AMENT_PREFIX_PATH doesn't exist
[2.898s] DEBUG:colcon.colcon_installed_package_information.package_discovery:Found 3 installed packages in /root/uros_ws/install
[2.904s] DEBUG:colcon.colcon_installed_package_information.package_discovery:Found 15 installed packages in /userdata/dev_ws/install
[2.907s] DEBUG:colcon.colcon_installed_package_information.package_discovery:Found 1 installed packages in /root/home_label/install
[2.909s] DEBUG:colcon.colcon_installed_package_information.package_discovery:Found 55 installed packages in /opt/tros/humble
[2.919s] DEBUG:colcon.colcon_installed_package_information.package_discovery:Found 264 installed packages in /opt/ros/humble
[2.930s] Level 1:colcon.colcon_core.package_discovery:discover_packages(prefix_path) using defaults
[3.271s] Level 5:colcon.colcon_core.verb:set package 'label_goal_package' build argument 'bazel_args' from command line to 'None'
[3.272s] Level 5:colcon.colcon_core.verb:set package 'label_goal_package' build argument 'bazel_task' from command line to 'None'
[3.272s] Level 5:colcon.colcon_core.verb:set package 'label_goal_package' build argument 'cmake_args' from command line to 'None'
[3.272s] Level 5:colcon.colcon_core.verb:set package 'label_goal_package' build argument 'cmake_target' from command line to 'None'
[3.272s] Level 5:colcon.colcon_core.verb:set package 'label_goal_package' build argument 'cmake_target_skip_unavailable' from command line to 'False'
[3.273s] Level 5:colcon.colcon_core.verb:set package 'label_goal_package' build argument 'cmake_clean_cache' from command line to 'False'
[3.273s] Level 5:colcon.colcon_core.verb:set package 'label_goal_package' build argument 'cmake_clean_first' from command line to 'False'
[3.273s] Level 5:colcon.colcon_core.verb:set package 'label_goal_package' build argument 'cmake_force_configure' from command line to 'False'
[3.273s] Level 5:colcon.colcon_core.verb:set package 'label_goal_package' build argument 'meson_args' from command line to '[]'
[3.273s] Level 5:colcon.colcon_core.verb:set package 'label_goal_package' build argument 'ament_cmake_args' from command line to 'None'
[3.273s] Level 5:colcon.colcon_core.verb:set package 'label_goal_package' build argument 'catkin_cmake_args' from command line to 'None'
[3.274s] Level 5:colcon.colcon_core.verb:set package 'label_goal_package' build argument 'catkin_skip_building_tests' from command line to 'False'
[3.274s] DEBUG:colcon.colcon_core.verb:Building package 'label_goal_package' with the following arguments: {'ament_cmake_args': None, 'bazel_args': None, 'bazel_task': None, 'build_base': '/root/label_goal/build/label_goal_package', 'catkin_cmake_args': None, 'catkin_skip_building_tests': False, 'cmake_args': None, 'cmake_clean_cache': False, 'cmake_clean_first': False, 'cmake_force_configure': False, 'cmake_target': None, 'cmake_target_skip_unavailable': False, 'install_base': '/root/label_goal/install/label_goal_package', 'merge_install': False, 'meson_args': [], 'path': '/root/label_goal/src/label_goal_package', 'symlink_install': False, 'test_result_base': None}
[3.275s] INFO:colcon.colcon_core.executor:Executing jobs using 'parallel' executor
[3.280s] DEBUG:colcon.colcon_parallel_executor.executor.parallel:run_until_complete
[3.281s] INFO:colcon.colcon_ros.task.ament_python.build:Building ROS package in '/root/label_goal/src/label_goal_package' with build type 'ament_python'
[3.282s] Level 1:colcon.colcon_core.shell:create_environment_hook('label_goal_package', 'ament_prefix_path')
[3.294s] INFO:colcon.colcon_core.plugin_system:Skipping extension 'colcon_core.shell.bat': Not used on non-Windows systems
[3.296s] INFO:colcon.colcon_core.shell:Creating environment hook '/root/label_goal/install/label_goal_package/share/label_goal_package/hook/ament_prefix_path.ps1'
[3.300s] INFO:colcon.colcon_core.shell:Creating environment descriptor '/root/label_goal/install/label_goal_package/share/label_goal_package/hook/ament_prefix_path.dsv'
[3.302s] INFO:colcon.colcon_core.shell:Creating environment hook '/root/label_goal/install/label_goal_package/share/label_goal_package/hook/ament_prefix_path.sh'
[3.307s] DEBUG:colcon.colcon_ros_domain_id_coordinator.shell.ros_domain_id:Allocated ROS_DOMAIN_ID=27 for '/root/label_goal/build/label_goal_package'
[3.307s] INFO:colcon.colcon_core.shell:Skip shell extension 'ros_domain_id' for command environment: 
[3.308s] INFO:colcon.colcon_core.shell:Skip shell extension 'powershell' for command environment: Not usable outside of PowerShell
[3.308s] DEBUG:colcon.colcon_core.shell:Skip shell extension 'dsv' for command environment
[4.985s] INFO:colcon.colcon_core.task.python.build:Building Python package in '/root/label_goal/src/label_goal_package'
[4.987s] DEBUG:colcon.colcon_ros_domain_id_coordinator.shell.ros_domain_id:Allocated ROS_DOMAIN_ID=27 for '/root/label_goal/build/label_goal_package'
[4.988s] INFO:colcon.colcon_core.shell:Skip shell extension 'ros_domain_id' for command environment: 
[4.988s] INFO:colcon.colcon_core.shell:Skip shell extension 'powershell' for command environment: Not usable outside of PowerShell
[4.988s] DEBUG:colcon.colcon_core.shell:Skip shell extension 'dsv' for command environment
[7.304s] DEBUG:colcon.colcon_core.event_handler.log_command:Invoking command in '/root/label_goal/src/label_goal_package': PYTHONPATH=/root/label_goal/build/label_goal_package/prefix_override:/usr/lib/python3/dist-packages/colcon_core/task/python/colcon_distutils_commands:/root/label_goal/install/label_goal_package/lib/python3.10/site-packages:${PYTHONPATH} /usr/bin/python3 -W ignore:setup.py install is deprecated -W ignore:easy_install command is deprecated setup.py egg_info --egg-base ../../build/label_goal_package build --build-base /root/label_goal/build/label_goal_package/build install --record /root/label_goal/build/label_goal_package/install.log --single-version-externally-managed install_data
[9.217s] DEBUG:colcon.colcon_core.event_handler.log_command:Invoked command in '/root/label_goal/src/label_goal_package' returned '0': PYTHONPATH=/root/label_goal/build/label_goal_package/prefix_override:/usr/lib/python3/dist-packages/colcon_core/task/python/colcon_distutils_commands:/root/label_goal/install/label_goal_package/lib/python3.10/site-packages:${PYTHONPATH} /usr/bin/python3 -W ignore:setup.py install is deprecated -W ignore:easy_install command is deprecated setup.py egg_info --egg-base ../../build/label_goal_package build --build-base /root/label_goal/build/label_goal_package/build install --record /root/label_goal/build/label_goal_package/install.log --single-version-externally-managed install_data
[9.239s] Level 1:colcon.colcon_core.environment:checking '/root/label_goal/install/label_goal_package' for CMake module files
[9.242s] Level 1:colcon.colcon_core.environment:checking '/root/label_goal/install/label_goal_package' for CMake config files
[9.246s] Level 1:colcon.colcon_core.environment:checking '/root/label_goal/install/label_goal_package/lib'
[9.247s] Level 1:colcon.colcon_core.environment:checking '/root/label_goal/install/label_goal_package/bin'
[9.248s] Level 1:colcon.colcon_core.environment:checking '/root/label_goal/install/label_goal_package/lib/pkgconfig/label_goal_package.pc'
[9.251s] Level 1:colcon.colcon_core.environment:checking '/root/label_goal/install/label_goal_package/lib/python3.10/site-packages'
[9.252s] Level 1:colcon.colcon_core.shell:create_environment_hook('label_goal_package', 'pythonpath')
[9.255s] INFO:colcon.colcon_core.shell:Creating environment hook '/root/label_goal/install/label_goal_package/share/label_goal_package/hook/pythonpath.ps1'
[9.259s] INFO:colcon.colcon_core.shell:Creating environment descriptor '/root/label_goal/install/label_goal_package/share/label_goal_package/hook/pythonpath.dsv'
[9.261s] INFO:colcon.colcon_core.shell:Creating environment hook '/root/label_goal/install/label_goal_package/share/label_goal_package/hook/pythonpath.sh'
[9.264s] Level 1:colcon.colcon_core.environment:checking '/root/label_goal/install/label_goal_package/bin'
[9.265s] Level 1:colcon.colcon_core.environment:create_environment_scripts_only(label_goal_package)
[9.268s] INFO:colcon.colcon_core.shell:Creating package script '/root/label_goal/install/label_goal_package/share/label_goal_package/package.ps1'
[9.274s] INFO:colcon.colcon_core.shell:Creating package descriptor '/root/label_goal/install/label_goal_package/share/label_goal_package/package.dsv'
[9.278s] INFO:colcon.colcon_core.shell:Creating package script '/root/label_goal/install/label_goal_package/share/label_goal_package/package.sh'
[9.283s] INFO:colcon.colcon_core.shell:Creating package script '/root/label_goal/install/label_goal_package/share/label_goal_package/package.bash'
[9.288s] INFO:colcon.colcon_core.shell:Creating package script '/root/label_goal/install/label_goal_package/share/label_goal_package/package.zsh'
[9.292s] Level 1:colcon.colcon_core.environment:create_file_with_runtime_dependencies(/root/label_goal/install/label_goal_package/share/colcon-core/packages/label_goal_package)
[9.294s] DEBUG:colcon.colcon_parallel_executor.executor.parallel:closing loop
[9.294s] DEBUG:colcon.colcon_ros_domain_id_coordinator.shell.ros_domain_id:Released ROS_DOMAIN_ID=27 for '/root/label_goal/build/label_goal_package'
[9.295s] DEBUG:colcon.colcon_parallel_executor.executor.parallel:loop closed
[9.296s] DEBUG:colcon.colcon_parallel_executor.executor.parallel:run_until_complete finished with '0'
[9.297s] DEBUG:colcon.colcon_core.event_reactor:joining thread
[9.327s] INFO:colcon.colcon_core.plugin_system:Skipping extension 'colcon_notification.desktop_notification.notify_send': Could not find 'notify-send'
[9.328s] INFO:colcon.colcon_core.plugin_system:Skipping extension 'colcon_notification.desktop_notification.terminal_notifier': Not used on non-Darwin systems
[9.329s] INFO:colcon.colcon_core.plugin_system:Skipping extension 'colcon_notification.desktop_notification.win32': Not used on non-Windows systems
[9.330s] INFO:colcon.colcon_notification.desktop_notification:Sending desktop notification using 'notify2'
[34.357s] DEBUG:colcon.colcon_notification.desktop_notification.notify2:Failed to initialize notify2: org.freedesktop.DBus.Error.NoReply: Did not receive a reply. Possible causes include: the remote application did not send a reply, the message bus security policy blocked the reply, the reply timeout expired, or the network connection was broken.
[34.358s] DEBUG:colcon.colcon_core.event_reactor:joined thread
[34.361s] INFO:colcon.colcon_core.shell:Creating prefix script '/root/label_goal/install/local_setup.ps1'
[34.367s] INFO:colcon.colcon_core.shell:Creating prefix util module '/root/label_goal/install/_local_setup_util_ps1.py'
[34.377s] INFO:colcon.colcon_core.shell:Creating prefix chain script '/root/label_goal/install/setup.ps1'
[34.389s] INFO:colcon.colcon_core.shell:Creating prefix script '/root/label_goal/install/local_setup.sh'
[34.393s] INFO:colcon.colcon_core.shell:Creating prefix util module '/root/label_goal/install/_local_setup_util_sh.py'
[34.397s] INFO:colcon.colcon_core.shell:Creating prefix chain script '/root/label_goal/install/setup.sh'
[34.410s] INFO:colcon.colcon_core.shell:Creating prefix script '/root/label_goal/install/local_setup.bash'
[34.413s] INFO:colcon.colcon_core.shell:Creating prefix chain script '/root/label_goal/install/setup.bash'
[34.425s] INFO:colcon.colcon_core.shell:Creating prefix script '/root/label_goal/install/local_setup.zsh'
[34.428s] INFO:colcon.colcon_core.shell:Creating prefix chain script '/root/label_goal/install/setup.zsh'
[34.438s] INFO:colcon.colcon_core.shell:Creating '/root/label_goal/install/spawn_shell.bash'
