[2.531s] DEBUG:colcon:Command line arguments: ['/usr/bin/colcon', 'build', '--packages-select', 'label_goal']
[2.531s] DEBUG:colcon:Parsed command line arguments: Namespace(log_base=None, log_level=None, verb_name='build', build_base='build', install_base='install', merge_install=False, symlink_install=False, test_result_base=None, continue_on_error=False, executor='parallel', parallel_workers=8, event_handlers=None, ignore_user_meta=False, metas=['./colcon.meta'], base_paths=['.'], packages_ignore=None, packages_ignore_regex=None, paths=None, packages_up_to=None, packages_up_to_regex=None, packages_above=None, packages_above_and_dependencies=None, packages_above_depth=None, packages_select_by_dep=None, packages_skip_by_dep=None, packages_skip_up_to=None, packages_select_build_failed=False, packages_skip_build_finished=False, packages_select_test_failures=False, packages_skip_test_passed=False, packages_select=['label_goal'], packages_skip=None, packages_select_regex=None, packages_skip_regex=None, packages_start=None, packages_end=None, allow_overriding=[], bazel_args=None, bazel_task=None, cmake_args=None, cmake_target=None, cmake_target_skip_unavailable=False, cmake_clean_cache=False, cmake_clean_first=False, cmake_force_configure=False, meson_args=[], ament_cmake_args=None, catkin_cmake_args=None, catkin_skip_building_tests=False, mixin_files=None, mixin=None, verb_parser=<colcon_alias.argument_parser.alias.AliasArgumentDecorator object at 0xffff85cb0d60>, verb_extension=<colcon_core.verb.build.BuildVerb object at 0xffff8614f5e0>, main=<bound method BuildVerb.main of <colcon_core.verb.build.BuildVerb object at 0xffff8614f5e0>>, mixin_verb=('build',))
[4.063s] Level 1:colcon.colcon_core.package_discovery:discover_packages(colcon_meta) check parameters
[4.063s] Level 1:colcon.colcon_core.package_discovery:discover_packages(recursive) check parameters
[4.064s] Level 1:colcon.colcon_core.package_discovery:discover_packages(ignore) check parameters
[4.064s] Level 1:colcon.colcon_core.package_discovery:discover_packages(path) check parameters
[4.064s] Level 1:colcon.colcon_core.package_discovery:discover_packages(colcon_meta) discover
[4.064s] Level 1:colcon.colcon_core.package_discovery:discover_packages(recursive) discover
[4.065s] INFO:colcon.colcon_core.package_discovery:Crawling recursively for packages in '/root/label_goal'
[4.065s] Level 1:colcon.colcon_core.package_identification:_identify(.) by extensions ['ignore', 'ignore_ament_install']
[4.066s] Level 1:colcon.colcon_core.package_identification:_identify(.) by extension 'ignore'
[4.066s] Level 1:colcon.colcon_core.package_identification:_identify(.) by extension 'ignore_ament_install'
[4.066s] Level 1:colcon.colcon_core.package_identification:_identify(.) by extensions ['colcon_pkg']
[4.067s] Level 1:colcon.colcon_core.package_identification:_identify(.) by extension 'colcon_pkg'
[4.067s] Level 1:colcon.colcon_core.package_identification:_identify(.) by extensions ['colcon_meta']
[4.067s] Level 1:colcon.colcon_core.package_identification:_identify(.) by extension 'colcon_meta'
[4.067s] Level 1:colcon.colcon_core.package_identification:_identify(.) by extensions ['ros']
[4.068s] Level 1:colcon.colcon_core.package_identification:_identify(.) by extension 'ros'
[4.084s] Level 1:colcon.colcon_core.package_identification:_identify(.) by extensions ['bazel', 'cmake', 'meson', 'python']
[4.084s] Level 1:colcon.colcon_core.package_identification:_identify(.) by extension 'bazel'
[4.085s] Level 1:colcon.colcon_core.package_identification:_identify(.) by extension 'cmake'
[4.085s] Level 1:colcon.colcon_core.package_identification:_identify(.) by extension 'meson'
[4.085s] Level 1:colcon.colcon_core.package_identification:_identify(.) by extension 'python'
[4.086s] Level 1:colcon.colcon_core.package_identification:_identify(.) by extensions ['python_setup_py']
[4.086s] Level 1:colcon.colcon_core.package_identification:_identify(.) by extension 'python_setup_py'
[4.086s] Level 1:colcon.colcon_core.package_identification:_identify(build) by extensions ['ignore', 'ignore_ament_install']
[4.087s] Level 1:colcon.colcon_core.package_identification:_identify(build) by extension 'ignore'
[4.087s] Level 1:colcon.colcon_core.package_identification:_identify(build) ignored
[4.088s] Level 1:colcon.colcon_core.package_identification:_identify(install) by extensions ['ignore', 'ignore_ament_install']
[4.088s] Level 1:colcon.colcon_core.package_identification:_identify(install) by extension 'ignore'
[4.089s] Level 1:colcon.colcon_core.package_identification:_identify(install) ignored
[4.089s] Level 1:colcon.colcon_core.package_identification:_identify(log) by extensions ['ignore', 'ignore_ament_install']
[4.090s] Level 1:colcon.colcon_core.package_identification:_identify(log) by extension 'ignore'
[4.090s] Level 1:colcon.colcon_core.package_identification:_identify(log) ignored
[4.091s] Level 1:colcon.colcon_core.package_identification:_identify(src) by extensions ['ignore', 'ignore_ament_install']
[4.091s] Level 1:colcon.colcon_core.package_identification:_identify(src) by extension 'ignore'
[4.092s] Level 1:colcon.colcon_core.package_identification:_identify(src) by extension 'ignore_ament_install'
[4.092s] Level 1:colcon.colcon_core.package_identification:_identify(src) by extensions ['colcon_pkg']
[4.092s] Level 1:colcon.colcon_core.package_identification:_identify(src) by extension 'colcon_pkg'
[4.093s] Level 1:colcon.colcon_core.package_identification:_identify(src) by extensions ['colcon_meta']
[4.093s] Level 1:colcon.colcon_core.package_identification:_identify(src) by extension 'colcon_meta'
[4.093s] Level 1:colcon.colcon_core.package_identification:_identify(src) by extensions ['ros']
[4.093s] Level 1:colcon.colcon_core.package_identification:_identify(src) by extension 'ros'
[4.094s] Level 1:colcon.colcon_core.package_identification:_identify(src) by extensions ['bazel', 'cmake', 'meson', 'python']
[4.094s] Level 1:colcon.colcon_core.package_identification:_identify(src) by extension 'bazel'
[4.094s] Level 1:colcon.colcon_core.package_identification:_identify(src) by extension 'cmake'
[4.095s] Level 1:colcon.colcon_core.package_identification:_identify(src) by extension 'meson'
[4.095s] Level 1:colcon.colcon_core.package_identification:_identify(src) by extension 'python'
[4.095s] Level 1:colcon.colcon_core.package_identification:_identify(src) by extensions ['python_setup_py']
[4.095s] Level 1:colcon.colcon_core.package_identification:_identify(src) by extension 'python_setup_py'
[4.096s] Level 1:colcon.colcon_core.package_identification:_identify(src/label_goal_package) by extensions ['ignore', 'ignore_ament_install']
[4.097s] Level 1:colcon.colcon_core.package_identification:_identify(src/label_goal_package) by extension 'ignore'
[4.097s] Level 1:colcon.colcon_core.package_identification:_identify(src/label_goal_package) by extension 'ignore_ament_install'
[4.098s] Level 1:colcon.colcon_core.package_identification:_identify(src/label_goal_package) by extensions ['colcon_pkg']
[4.098s] Level 1:colcon.colcon_core.package_identification:_identify(src/label_goal_package) by extension 'colcon_pkg'
[4.098s] Level 1:colcon.colcon_core.package_identification:_identify(src/label_goal_package) by extensions ['colcon_meta']
[4.098s] Level 1:colcon.colcon_core.package_identification:_identify(src/label_goal_package) by extension 'colcon_meta'
[4.099s] Level 1:colcon.colcon_core.package_identification:_identify(src/label_goal_package) by extensions ['ros']
[4.099s] Level 1:colcon.colcon_core.package_identification:_identify(src/label_goal_package) by extension 'ros'
[4.115s] DEBUG:colcon.colcon_core.package_identification:Package 'src/label_goal_package' with type 'ros.ament_python' and name 'label_goal_package'
[4.116s] Level 1:colcon.colcon_core.package_discovery:discover_packages(recursive) using defaults
[4.116s] Level 1:colcon.colcon_core.package_discovery:discover_packages(ignore) discover
[4.116s] Level 1:colcon.colcon_core.package_discovery:discover_packages(ignore) using defaults
[4.116s] Level 1:colcon.colcon_core.package_discovery:discover_packages(path) discover
[4.117s] Level 1:colcon.colcon_core.package_discovery:discover_packages(path) using defaults
[4.118s] WARNING:colcon.colcon_core.package_selection:ignoring unknown package 'label_goal' in --packages-select
[4.246s] INFO:colcon.colcon_core.package_selection:Skipping not selected package 'label_goal_package' in 'src/label_goal_package'
[4.249s] Level 1:colcon.colcon_core.package_discovery:discover_packages(prefix_path) check parameters
[4.249s] Level 1:colcon.colcon_core.package_discovery:discover_packages(prefix_path) discover
[4.270s] DEBUG:colcon.colcon_installed_package_information.package_discovery:Found 1 installed packages in /root/home_label/install
[4.273s] DEBUG:colcon.colcon_installed_package_information.package_discovery:Found 3 installed packages in /root/uros_ws/install
[4.279s] DEBUG:colcon.colcon_installed_package_information.package_discovery:Found 15 installed packages in /userdata/dev_ws/install
[4.282s] DEBUG:colcon.colcon_installed_package_information.package_discovery:Found 55 installed packages in /opt/tros/humble
[4.292s] DEBUG:colcon.colcon_installed_package_information.package_discovery:Found 264 installed packages in /opt/ros/humble
[4.303s] Level 1:colcon.colcon_core.package_discovery:discover_packages(prefix_path) using defaults
[4.618s] INFO:colcon.colcon_core.executor:Executing jobs using 'parallel' executor
[4.624s] DEBUG:colcon.colcon_parallel_executor.executor.parallel:run_until_complete
[4.624s] DEBUG:colcon.colcon_parallel_executor.executor.parallel:closing loop
[4.625s] DEBUG:colcon.colcon_parallel_executor.executor.parallel:loop closed
[4.625s] DEBUG:colcon.colcon_parallel_executor.executor.parallel:run_until_complete finished with '0'
[4.625s] DEBUG:colcon.colcon_core.event_reactor:joining thread
[4.772s] INFO:colcon.colcon_core.plugin_system:Skipping extension 'colcon_notification.desktop_notification.notify_send': Could not find 'notify-send'
[4.773s] INFO:colcon.colcon_core.plugin_system:Skipping extension 'colcon_notification.desktop_notification.terminal_notifier': Not used on non-Darwin systems
[4.773s] INFO:colcon.colcon_core.plugin_system:Skipping extension 'colcon_notification.desktop_notification.win32': Not used on non-Windows systems
[4.774s] INFO:colcon.colcon_notification.desktop_notification:Sending desktop notification using 'notify2'
[29.892s] DEBUG:colcon.colcon_notification.desktop_notification.notify2:Failed to initialize notify2: org.freedesktop.DBus.Error.NoReply: Did not receive a reply. Possible causes include: the remote application did not send a reply, the message bus security policy blocked the reply, the reply timeout expired, or the network connection was broken.
[29.893s] DEBUG:colcon.colcon_core.event_reactor:joined thread
[29.928s] INFO:colcon.colcon_core.plugin_system:Skipping extension 'colcon_core.shell.bat': Not used on non-Windows systems
[29.931s] INFO:colcon.colcon_core.shell:Creating prefix script '/root/label_goal/install/local_setup.ps1'
[29.939s] INFO:colcon.colcon_core.shell:Creating prefix util module '/root/label_goal/install/_local_setup_util_ps1.py'
[29.949s] INFO:colcon.colcon_core.shell:Creating prefix chain script '/root/label_goal/install/setup.ps1'
[29.963s] INFO:colcon.colcon_core.shell:Creating prefix script '/root/label_goal/install/local_setup.sh'
[29.967s] INFO:colcon.colcon_core.shell:Creating prefix util module '/root/label_goal/install/_local_setup_util_sh.py'
[29.971s] INFO:colcon.colcon_core.shell:Creating prefix chain script '/root/label_goal/install/setup.sh'
[29.985s] INFO:colcon.colcon_core.shell:Creating prefix script '/root/label_goal/install/local_setup.bash'
[29.990s] INFO:colcon.colcon_core.shell:Creating prefix chain script '/root/label_goal/install/setup.bash'
[30.002s] INFO:colcon.colcon_core.shell:Creating prefix script '/root/label_goal/install/local_setup.zsh'
[30.006s] INFO:colcon.colcon_core.shell:Creating prefix chain script '/root/label_goal/install/setup.zsh'
[30.017s] INFO:colcon.colcon_core.shell:Creating '/root/label_goal/install/spawn_shell.bash'
