running egg_info
writing ../../build/label_goal_package/label_goal_package.egg-info/PKG-INFO
writing dependency_links to ../../build/label_goal_package/label_goal_package.egg-info/dependency_links.txt
writing entry points to ../../build/label_goal_package/label_goal_package.egg-info/entry_points.txt
writing requirements to ../../build/label_goal_package/label_goal_package.egg-info/requires.txt
writing top-level names to ../../build/label_goal_package/label_goal_package.egg-info/top_level.txt
reading manifest file '../../build/label_goal_package/label_goal_package.egg-info/SOURCES.txt'
writing manifest file '../../build/label_goal_package/label_goal_package.egg-info/SOURCES.txt'
running build
running build_py
copying label_goal_package/navigation_label_node.py -> /root/label_goal/build/label_goal_package/build/lib/label_goal_package
running install
running install_lib
copying /root/label_goal/build/label_goal_package/build/lib/label_goal_package/navigation_label_node.py -> /root/label_goal/install/label_goal_package/lib/python3.10/site-packages/label_goal_package
byte-compiling /root/label_goal/install/label_goal_package/lib/python3.10/site-packages/label_goal_package/navigation_label_node.py to navigation_label_node.cpython-310.pyc
running install_data
running install_egg_info
removing '/root/label_goal/install/label_goal_package/lib/python3.10/site-packages/label_goal_package-0.0.0-py3.10.egg-info' (and everything under it)
Copying ../../build/label_goal_package/label_goal_package.egg-info to /root/label_goal/install/label_goal_package/lib/python3.10/site-packages/label_goal_package-0.0.0-py3.10.egg-info
running install_scripts
Installing label_goal_node script to /root/label_goal/install/label_goal_package/lib/label_goal_package
writing list of installed files to '/root/label_goal/build/label_goal_package/install.log'
