[4.188s] Invoking command in '/root/label_goal/src/label_goal_package': PYTHONPATH=/root/label_goal/build/label_goal_package/prefix_override:/usr/lib/python3/dist-packages/colcon_core/task/python/colcon_distutils_commands:/root/label_goal/install/label_goal_package/lib/python3.10/site-packages:${PYTHONPATH} /usr/bin/python3 -W ignore:setup.py install is deprecated -W ignore:easy_install command is deprecated setup.py egg_info --egg-base ../../build/label_goal_package build --build-base /root/label_goal/build/label_goal_package/build install --record /root/label_goal/build/label_goal_package/install.log --single-version-externally-managed install_data
[5.800s] running egg_info
[5.806s] writing ../../build/label_goal_package/label_goal_package.egg-info/PKG-INFO
[5.807s] writing dependency_links to ../../build/label_goal_package/label_goal_package.egg-info/dependency_links.txt
[5.808s] writing entry points to ../../build/label_goal_package/label_goal_package.egg-info/entry_points.txt
[5.809s] writing requirements to ../../build/label_goal_package/label_goal_package.egg-info/requires.txt
[5.809s] writing top-level names to ../../build/label_goal_package/label_goal_package.egg-info/top_level.txt
[5.819s] reading manifest file '../../build/label_goal_package/label_goal_package.egg-info/SOURCES.txt'
[5.824s] writing manifest file '../../build/label_goal_package/label_goal_package.egg-info/SOURCES.txt'
[5.825s] running build
[5.825s] running build_py
[5.826s] copying label_goal_package/navigation_label_node.py -> /root/label_goal/build/label_goal_package/build/lib/label_goal_package
[5.827s] running install
[5.828s] running install_lib
[5.832s] copying /root/label_goal/build/label_goal_package/build/lib/label_goal_package/navigation_label_node.py -> /root/label_goal/install/label_goal_package/lib/python3.10/site-packages/label_goal_package
[5.836s] byte-compiling /root/label_goal/install/label_goal_package/lib/python3.10/site-packages/label_goal_package/navigation_label_node.py to navigation_label_node.cpython-310.pyc
[5.839s] running install_data
[5.840s] running install_egg_info
[5.850s] removing '/root/label_goal/install/label_goal_package/lib/python3.10/site-packages/label_goal_package-0.0.0-py3.10.egg-info' (and everything under it)
[5.852s] Copying ../../build/label_goal_package/label_goal_package.egg-info to /root/label_goal/install/label_goal_package/lib/python3.10/site-packages/label_goal_package-0.0.0-py3.10.egg-info
[5.856s] running install_scripts
[5.980s] Installing label_goal_node script to /root/label_goal/install/label_goal_package/lib/label_goal_package
[5.982s] writing list of installed files to '/root/label_goal/build/label_goal_package/install.log'
[6.190s] Invoked command in '/root/label_goal/src/label_goal_package' returned '0': PYTHONPATH=/root/label_goal/build/label_goal_package/prefix_override:/usr/lib/python3/dist-packages/colcon_core/task/python/colcon_distutils_commands:/root/label_goal/install/label_goal_package/lib/python3.10/site-packages:${PYTHONPATH} /usr/bin/python3 -W ignore:setup.py install is deprecated -W ignore:easy_install command is deprecated setup.py egg_info --egg-base ../../build/label_goal_package build --build-base /root/label_goal/build/label_goal_package/build install --record /root/label_goal/build/label_goal_package/install.log --single-version-externally-managed install_data
