[4.442s] Invoking command in '/root/label_goal/src/label_goal_package': PYTHONPATH=/root/label_goal/build/label_goal_package/prefix_override:/usr/lib/python3/dist-packages/colcon_core/task/python/colcon_distutils_commands:/root/label_goal/install/label_goal_package/lib/python3.10/site-packages:${PYTHONPATH} /usr/bin/python3 -W ignore:setup.py install is deprecated -W ignore:easy_install command is deprecated setup.py egg_info --egg-base ../../build/label_goal_package build --build-base /root/label_goal/build/label_goal_package/build install --record /root/label_goal/build/label_goal_package/install.log --single-version-externally-managed install_data
[6.188s] running egg_info
[6.193s] writing ../../build/label_goal_package/label_goal_package.egg-info/PKG-INFO
[6.194s] writing dependency_links to ../../build/label_goal_package/label_goal_package.egg-info/dependency_links.txt
[6.195s] writing entry points to ../../build/label_goal_package/label_goal_package.egg-info/entry_points.txt
[6.196s] writing requirements to ../../build/label_goal_package/label_goal_package.egg-info/requires.txt
[6.197s] writing top-level names to ../../build/label_goal_package/label_goal_package.egg-info/top_level.txt
[6.207s] reading manifest file '../../build/label_goal_package/label_goal_package.egg-info/SOURCES.txt'
[6.212s] writing manifest file '../../build/label_goal_package/label_goal_package.egg-info/SOURCES.txt'
[6.213s] running build
[6.213s] running build_py
[6.214s] copying label_goal_package/navigation_label_node.py -> /root/label_goal/build/label_goal_package/build/lib/label_goal_package
[6.215s] running install
[6.217s] running install_lib
[6.221s] copying /root/label_goal/build/label_goal_package/build/lib/label_goal_package/navigation_label_node.py -> /root/label_goal/install/label_goal_package/lib/python3.10/site-packages/label_goal_package
[6.224s] byte-compiling /root/label_goal/install/label_goal_package/lib/python3.10/site-packages/label_goal_package/navigation_label_node.py to navigation_label_node.cpython-310.pyc
[6.231s] running install_data
[6.232s] running install_egg_info
[6.242s] removing '/root/label_goal/install/label_goal_package/lib/python3.10/site-packages/label_goal_package-0.0.0-py3.10.egg-info' (and everything under it)
[6.243s] Copying ../../build/label_goal_package/label_goal_package.egg-info to /root/label_goal/install/label_goal_package/lib/python3.10/site-packages/label_goal_package-0.0.0-py3.10.egg-info
[6.248s] running install_scripts
[6.379s] Installing label_goal_node script to /root/label_goal/install/label_goal_package/lib/label_goal_package
[6.381s] writing list of installed files to '/root/label_goal/build/label_goal_package/install.log'
[6.599s] Invoked command in '/root/label_goal/src/label_goal_package' returned '0': PYTHONPATH=/root/label_goal/build/label_goal_package/prefix_override:/usr/lib/python3/dist-packages/colcon_core/task/python/colcon_distutils_commands:/root/label_goal/install/label_goal_package/lib/python3.10/site-packages:${PYTHONPATH} /usr/bin/python3 -W ignore:setup.py install is deprecated -W ignore:easy_install command is deprecated setup.py egg_info --egg-base ../../build/label_goal_package build --build-base /root/label_goal/build/label_goal_package/build install --record /root/label_goal/build/label_goal_package/install.log --single-version-externally-managed install_data
