running egg_info
writing ../../build/fall_detection_pkg/fall_detection_pkg.egg-info/PKG-INFO
writing dependency_links to ../../build/fall_detection_pkg/fall_detection_pkg.egg-info/dependency_links.txt
writing entry points to ../../build/fall_detection_pkg/fall_detection_pkg.egg-info/entry_points.txt
writing requirements to ../../build/fall_detection_pkg/fall_detection_pkg.egg-info/requires.txt
writing top-level names to ../../build/fall_detection_pkg/fall_detection_pkg.egg-info/top_level.txt
reading manifest file '../../build/fall_detection_pkg/fall_detection_pkg.egg-info/SOURCES.txt'
writing manifest file '../../build/fall_detection_pkg/fall_detection_pkg.egg-info/SOURCES.txt'
running build
running build_py
copying fall_detection_pkg/camera_node.py -> /root/FallDetect2_ws/build/fall_detection_pkg/build/lib/fall_detection_pkg
copying fall_detection_pkg/__init__.py -> /root/FallDetect2_ws/build/fall_detection_pkg/build/lib/fall_detection_pkg
copying fall_detection_pkg/test_node.py -> /root/FallDetect2_ws/build/fall_detection_pkg/build/lib/fall_detection_pkg
copying fall_detection_pkg/fall_detection_node.py -> /root/FallDetect2_ws/build/fall_detection_pkg/build/lib/fall_detection_pkg
copying fall_detection_pkg/image_preview_node.py -> /root/FallDetect2_ws/build/fall_detection_pkg/build/lib/fall_detection_pkg
running install
running install_lib
running install_data
copying resource/fall_detection_pkg -> /root/FallDetect2_ws/install/fall_detection_pkg/share/ament_index/resource_index/packages
copying package.xml -> /root/FallDetect2_ws/install/fall_detection_pkg/share/fall_detection_pkg
copying launch/complete_system_launch.py -> /root/FallDetect2_ws/install/fall_detection_pkg/share/fall_detection_pkg/launch
copying launch/camera_launch.py -> /root/FallDetect2_ws/install/fall_detection_pkg/share/fall_detection_pkg/launch
copying launch/fall_detection_simple_launch.py -> /root/FallDetect2_ws/install/fall_detection_pkg/share/fall_detection_pkg/launch
copying launch/fall_detection_with_preview_launch.py -> /root/FallDetect2_ws/install/fall_detection_pkg/share/fall_detection_pkg/launch
copying launch/hf867_system_launch_fixed.py -> /root/FallDetect2_ws/install/fall_detection_pkg/share/fall_detection_pkg/launch
copying launch/fall_detection_launch.py -> /root/FallDetect2_ws/install/fall_detection_pkg/share/fall_detection_pkg/launch
copying launch/hf867_optimized_launch.py -> /root/FallDetect2_ws/install/fall_detection_pkg/share/fall_detection_pkg/launch
copying launch/hf867_system_launch.py -> /root/FallDetect2_ws/install/fall_detection_pkg/share/fall_detection_pkg/launch
copying config/hf867_camera_config.yaml -> /root/FallDetect2_ws/install/fall_detection_pkg/share/fall_detection_pkg/config
copying models/README.md -> /root/FallDetect2_ws/install/fall_detection_pkg/share/fall_detection_pkg/models
copying models/mobilenet_ssd.tflite -> /root/FallDetect2_ws/install/fall_detection_pkg/share/fall_detection_pkg/models
copying calibration_data/hf867_dist_coeffs.npy -> /root/FallDetect2_ws/install/fall_detection_pkg/share/fall_detection_pkg/calibration_data
copying calibration_data/hf867_camera_matrix.npy -> /root/FallDetect2_ws/install/fall_detection_pkg/share/fall_detection_pkg/calibration_data
copying calibration_data/README.md -> /root/FallDetect2_ws/install/fall_detection_pkg/share/fall_detection_pkg/calibration_data
copying scripts/hf867_camera_tuner.py -> /root/FallDetect2_ws/install/fall_detection_pkg/share/fall_detection_pkg/scripts
copying scripts/create_test_model.py -> /root/FallDetect2_ws/install/fall_detection_pkg/share/fall_detection_pkg/scripts
copying scripts/download_model.py -> /root/FallDetect2_ws/install/fall_detection_pkg/share/fall_detection_pkg/scripts
copying scripts/camera_calibration.py -> /root/FallDetect2_ws/install/fall_detection_pkg/share/fall_detection_pkg/scripts
copying scripts/preview_camera.py -> /root/FallDetect2_ws/install/fall_detection_pkg/share/fall_detection_pkg/scripts
copying scripts/hf867_calibration.py -> /root/FallDetect2_ws/install/fall_detection_pkg/share/fall_detection_pkg/scripts
copying scripts/camera_exposure_test.py -> /root/FallDetect2_ws/install/fall_detection_pkg/share/fall_detection_pkg/scripts
copying scripts/test_fall_detection.py -> /root/FallDetect2_ws/install/fall_detection_pkg/share/fall_detection_pkg/scripts
copying scripts/aggressive_exposure_fix.py -> /root/FallDetect2_ws/install/fall_detection_pkg/share/fall_detection_pkg/scripts
running install_egg_info
removing '/root/FallDetect2_ws/install/fall_detection_pkg/lib/python3.10/site-packages/fall_detection_pkg-1.0.0-py3.10.egg-info' (and everything under it)
Copying ../../build/fall_detection_pkg/fall_detection_pkg.egg-info to /root/FallDetect2_ws/install/fall_detection_pkg/lib/python3.10/site-packages/fall_detection_pkg-1.0.0-py3.10.egg-info
running install_scripts
Installing camera_node script to /root/FallDetect2_ws/install/fall_detection_pkg/bin
Installing fall_detection_node script to /root/FallDetect2_ws/install/fall_detection_pkg/bin
Installing image_preview_node script to /root/FallDetect2_ws/install/fall_detection_pkg/bin
Installing test_node script to /root/FallDetect2_ws/install/fall_detection_pkg/bin
writing list of installed files to '/root/FallDetect2_ws/build/fall_detection_pkg/install.log'
