[1.137s] Invoking command in '/root/FallDetect2_ws/src/fall_detection_pkg': PYTHONPATH=/root/FallDetect2_ws/build/fall_detection_pkg/prefix_override:/usr/lib/python3/dist-packages/colcon_core/task/python/colcon_distutils_commands:/root/FallDetect2_ws/install/fall_detection_pkg/lib/python3.10/site-packages:${PYTHONPATH} /usr/bin/python3 -W ignore:setup.py install is deprecated -W ignore:easy_install command is deprecated setup.py egg_info --egg-base ../../build/fall_detection_pkg build --build-base /root/FallDetect2_ws/build/fall_detection_pkg/build install --record /root/FallDetect2_ws/build/fall_detection_pkg/install.log --single-version-externally-managed install_data
[1.455s] running egg_info
[1.474s] writing ../../build/fall_detection_pkg/fall_detection_pkg.egg-info/PKG-INFO
[1.475s] writing dependency_links to ../../build/fall_detection_pkg/fall_detection_pkg.egg-info/dependency_links.txt
[1.503s] writing entry points to ../../build/fall_detection_pkg/fall_detection_pkg.egg-info/entry_points.txt
[1.530s] writing requirements to ../../build/fall_detection_pkg/fall_detection_pkg.egg-info/requires.txt
[1.546s] writing top-level names to ../../build/fall_detection_pkg/fall_detection_pkg.egg-info/top_level.txt
[1.614s] reading manifest file '../../build/fall_detection_pkg/fall_detection_pkg.egg-info/SOURCES.txt'
[1.617s] writing manifest file '../../build/fall_detection_pkg/fall_detection_pkg.egg-info/SOURCES.txt'
[1.618s] running build
[1.618s] running build_py
[1.619s] copying fall_detection_pkg/camera_node.py -> /root/FallDetect2_ws/build/fall_detection_pkg/build/lib/fall_detection_pkg
[1.619s] copying fall_detection_pkg/__init__.py -> /root/FallDetect2_ws/build/fall_detection_pkg/build/lib/fall_detection_pkg
[1.619s] copying fall_detection_pkg/test_node.py -> /root/FallDetect2_ws/build/fall_detection_pkg/build/lib/fall_detection_pkg
[1.620s] copying fall_detection_pkg/fall_detection_node.py -> /root/FallDetect2_ws/build/fall_detection_pkg/build/lib/fall_detection_pkg
[1.620s] copying fall_detection_pkg/image_preview_node.py -> /root/FallDetect2_ws/build/fall_detection_pkg/build/lib/fall_detection_pkg
[1.620s] running install
[1.626s] running install_lib
[1.647s] running install_data
[1.647s] copying resource/fall_detection_pkg -> /root/FallDetect2_ws/install/fall_detection_pkg/share/ament_index/resource_index/packages
[1.648s] copying package.xml -> /root/FallDetect2_ws/install/fall_detection_pkg/share/fall_detection_pkg
[1.648s] copying launch/complete_system_launch.py -> /root/FallDetect2_ws/install/fall_detection_pkg/share/fall_detection_pkg/launch
[1.649s] copying launch/camera_launch.py -> /root/FallDetect2_ws/install/fall_detection_pkg/share/fall_detection_pkg/launch
[1.649s] copying launch/fall_detection_simple_launch.py -> /root/FallDetect2_ws/install/fall_detection_pkg/share/fall_detection_pkg/launch
[1.649s] copying launch/fall_detection_with_preview_launch.py -> /root/FallDetect2_ws/install/fall_detection_pkg/share/fall_detection_pkg/launch
[1.650s] copying launch/hf867_system_launch_fixed.py -> /root/FallDetect2_ws/install/fall_detection_pkg/share/fall_detection_pkg/launch
[1.650s] copying launch/fall_detection_launch.py -> /root/FallDetect2_ws/install/fall_detection_pkg/share/fall_detection_pkg/launch
[1.650s] copying launch/hf867_optimized_launch.py -> /root/FallDetect2_ws/install/fall_detection_pkg/share/fall_detection_pkg/launch
[1.651s] copying launch/hf867_system_launch.py -> /root/FallDetect2_ws/install/fall_detection_pkg/share/fall_detection_pkg/launch
[1.651s] copying config/hf867_camera_config.yaml -> /root/FallDetect2_ws/install/fall_detection_pkg/share/fall_detection_pkg/config
[1.652s] copying models/README.md -> /root/FallDetect2_ws/install/fall_detection_pkg/share/fall_detection_pkg/models
[1.652s] copying models/mobilenet_ssd.tflite -> /root/FallDetect2_ws/install/fall_detection_pkg/share/fall_detection_pkg/models
[1.655s] copying calibration_data/hf867_dist_coeffs.npy -> /root/FallDetect2_ws/install/fall_detection_pkg/share/fall_detection_pkg/calibration_data
[1.655s] copying calibration_data/hf867_camera_matrix.npy -> /root/FallDetect2_ws/install/fall_detection_pkg/share/fall_detection_pkg/calibration_data
[1.656s] copying calibration_data/README.md -> /root/FallDetect2_ws/install/fall_detection_pkg/share/fall_detection_pkg/calibration_data
[1.657s] copying scripts/hf867_camera_tuner.py -> /root/FallDetect2_ws/install/fall_detection_pkg/share/fall_detection_pkg/scripts
[1.657s] copying scripts/create_test_model.py -> /root/FallDetect2_ws/install/fall_detection_pkg/share/fall_detection_pkg/scripts
[1.657s] copying scripts/download_model.py -> /root/FallDetect2_ws/install/fall_detection_pkg/share/fall_detection_pkg/scripts
[1.658s] copying scripts/camera_calibration.py -> /root/FallDetect2_ws/install/fall_detection_pkg/share/fall_detection_pkg/scripts
[1.658s] copying scripts/preview_camera.py -> /root/FallDetect2_ws/install/fall_detection_pkg/share/fall_detection_pkg/scripts
[1.658s] copying scripts/hf867_calibration.py -> /root/FallDetect2_ws/install/fall_detection_pkg/share/fall_detection_pkg/scripts
[1.659s] copying scripts/camera_exposure_test.py -> /root/FallDetect2_ws/install/fall_detection_pkg/share/fall_detection_pkg/scripts
[1.659s] copying scripts/test_fall_detection.py -> /root/FallDetect2_ws/install/fall_detection_pkg/share/fall_detection_pkg/scripts
[1.659s] copying scripts/aggressive_exposure_fix.py -> /root/FallDetect2_ws/install/fall_detection_pkg/share/fall_detection_pkg/scripts
[1.660s] running install_egg_info
[1.679s] removing '/root/FallDetect2_ws/install/fall_detection_pkg/lib/python3.10/site-packages/fall_detection_pkg-1.0.0-py3.10.egg-info' (and everything under it)
[1.680s] Copying ../../build/fall_detection_pkg/fall_detection_pkg.egg-info to /root/FallDetect2_ws/install/fall_detection_pkg/lib/python3.10/site-packages/fall_detection_pkg-1.0.0-py3.10.egg-info
[1.680s] running install_scripts
[1.831s] Installing camera_node script to /root/FallDetect2_ws/install/fall_detection_pkg/bin
[1.831s] Installing fall_detection_node script to /root/FallDetect2_ws/install/fall_detection_pkg/bin
[1.857s] Installing image_preview_node script to /root/FallDetect2_ws/install/fall_detection_pkg/bin
[1.883s] Installing test_node script to /root/FallDetect2_ws/install/fall_detection_pkg/bin
[1.913s] writing list of installed files to '/root/FallDetect2_ws/build/fall_detection_pkg/install.log'
[2.014s] Invoked command in '/root/FallDetect2_ws/src/fall_detection_pkg' returned '0': PYTHONPATH=/root/FallDetect2_ws/build/fall_detection_pkg/prefix_override:/usr/lib/python3/dist-packages/colcon_core/task/python/colcon_distutils_commands:/root/FallDetect2_ws/install/fall_detection_pkg/lib/python3.10/site-packages:${PYTHONPATH} /usr/bin/python3 -W ignore:setup.py install is deprecated -W ignore:easy_install command is deprecated setup.py egg_info --egg-base ../../build/fall_detection_pkg build --build-base /root/FallDetect2_ws/build/fall_detection_pkg/build install --record /root/FallDetect2_ws/build/fall_detection_pkg/install.log --single-version-externally-managed install_data
