[1.795s] DEBUG:colcon:Command line arguments: ['/usr/bin/colcon', 'build']
[1.803s] DEBUG:colcon:Parsed command line arguments: Namespace(log_base=None, log_level=None, verb_name='build', build_base='build', install_base='install', merge_install=False, symlink_install=False, test_result_base=None, continue_on_error=False, executor='parallel', parallel_workers=8, event_handlers=None, ignore_user_meta=False, metas=['./colcon.meta'], base_paths=['.'], packages_ignore=None, packages_ignore_regex=None, paths=None, packages_up_to=None, packages_up_to_regex=None, packages_above=None, packages_above_and_dependencies=None, packages_above_depth=None, packages_select_by_dep=None, packages_skip_by_dep=None, packages_skip_up_to=None, packages_select_build_failed=False, packages_skip_build_finished=False, packages_select_test_failures=False, packages_skip_test_passed=False, packages_select=None, packages_skip=None, packages_select_regex=None, packages_skip_regex=None, packages_start=None, packages_end=None, allow_overriding=[], bazel_args=None, bazel_task=None, cmake_args=None, cmake_target=None, cmake_target_skip_unavailable=False, cmake_clean_cache=False, cmake_clean_first=False, cmake_force_configure=False, meson_args=[], ament_cmake_args=None, catkin_cmake_args=None, catkin_skip_building_tests=False, mixin_files=None, mixin=None, verb_parser=<colcon_alias.argument_parser.alias.AliasArgumentDecorator object at 0xffffa148ca30>, verb_extension=<colcon_core.verb.build.BuildVerb object at 0xffffa170b280>, main=<bound method BuildVerb.main of <colcon_core.verb.build.BuildVerb object at 0xffffa170b280>>, mixin_verb=('build',))
[3.047s] Level 1:colcon.colcon_core.package_discovery:discover_packages(colcon_meta) check parameters
[3.048s] Level 1:colcon.colcon_core.package_discovery:discover_packages(recursive) check parameters
[3.048s] Level 1:colcon.colcon_core.package_discovery:discover_packages(ignore) check parameters
[3.048s] Level 1:colcon.colcon_core.package_discovery:discover_packages(path) check parameters
[3.049s] Level 1:colcon.colcon_core.package_discovery:discover_packages(colcon_meta) discover
[3.049s] Level 1:colcon.colcon_core.package_discovery:discover_packages(recursive) discover
[3.049s] INFO:colcon.colcon_core.package_discovery:Crawling recursively for packages in '/root/home_label'
[3.050s] Level 1:colcon.colcon_core.package_identification:_identify(.) by extensions ['ignore', 'ignore_ament_install']
[3.050s] Level 1:colcon.colcon_core.package_identification:_identify(.) by extension 'ignore'
[3.050s] Level 1:colcon.colcon_core.package_identification:_identify(.) by extension 'ignore_ament_install'
[3.051s] Level 1:colcon.colcon_core.package_identification:_identify(.) by extensions ['colcon_pkg']
[3.051s] Level 1:colcon.colcon_core.package_identification:_identify(.) by extension 'colcon_pkg'
[3.051s] Level 1:colcon.colcon_core.package_identification:_identify(.) by extensions ['colcon_meta']
[3.051s] Level 1:colcon.colcon_core.package_identification:_identify(.) by extension 'colcon_meta'
[3.052s] Level 1:colcon.colcon_core.package_identification:_identify(.) by extensions ['ros']
[3.052s] Level 1:colcon.colcon_core.package_identification:_identify(.) by extension 'ros'
[3.078s] Level 1:colcon.colcon_core.package_identification:_identify(.) by extensions ['bazel', 'cmake', 'meson', 'python']
[3.079s] Level 1:colcon.colcon_core.package_identification:_identify(.) by extension 'bazel'
[3.079s] Level 1:colcon.colcon_core.package_identification:_identify(.) by extension 'cmake'
[3.079s] Level 1:colcon.colcon_core.package_identification:_identify(.) by extension 'meson'
[3.080s] Level 1:colcon.colcon_core.package_identification:_identify(.) by extension 'python'
[3.080s] Level 1:colcon.colcon_core.package_identification:_identify(.) by extensions ['python_setup_py']
[3.080s] Level 1:colcon.colcon_core.package_identification:_identify(.) by extension 'python_setup_py'
[3.081s] Level 1:colcon.colcon_core.package_identification:_identify(build) by extensions ['ignore', 'ignore_ament_install']
[3.081s] Level 1:colcon.colcon_core.package_identification:_identify(build) by extension 'ignore'
[3.081s] Level 1:colcon.colcon_core.package_identification:_identify(build) ignored
[3.082s] Level 1:colcon.colcon_core.package_identification:_identify(install) by extensions ['ignore', 'ignore_ament_install']
[3.083s] Level 1:colcon.colcon_core.package_identification:_identify(install) by extension 'ignore'
[3.083s] Level 1:colcon.colcon_core.package_identification:_identify(install) ignored
[3.084s] Level 1:colcon.colcon_core.package_identification:_identify(log) by extensions ['ignore', 'ignore_ament_install']
[3.084s] Level 1:colcon.colcon_core.package_identification:_identify(log) by extension 'ignore'
[3.084s] Level 1:colcon.colcon_core.package_identification:_identify(log) ignored
[3.085s] Level 1:colcon.colcon_core.package_identification:_identify(src) by extensions ['ignore', 'ignore_ament_install']
[3.085s] Level 1:colcon.colcon_core.package_identification:_identify(src) by extension 'ignore'
[3.085s] Level 1:colcon.colcon_core.package_identification:_identify(src) by extension 'ignore_ament_install'
[3.086s] Level 1:colcon.colcon_core.package_identification:_identify(src) by extensions ['colcon_pkg']
[3.086s] Level 1:colcon.colcon_core.package_identification:_identify(src) by extension 'colcon_pkg'
[3.086s] Level 1:colcon.colcon_core.package_identification:_identify(src) by extensions ['colcon_meta']
[3.086s] Level 1:colcon.colcon_core.package_identification:_identify(src) by extension 'colcon_meta'
[3.086s] Level 1:colcon.colcon_core.package_identification:_identify(src) by extensions ['ros']
[3.087s] Level 1:colcon.colcon_core.package_identification:_identify(src) by extension 'ros'
[3.087s] Level 1:colcon.colcon_core.package_identification:_identify(src) by extensions ['bazel', 'cmake', 'meson', 'python']
[3.087s] Level 1:colcon.colcon_core.package_identification:_identify(src) by extension 'bazel'
[3.088s] Level 1:colcon.colcon_core.package_identification:_identify(src) by extension 'cmake'
[3.088s] Level 1:colcon.colcon_core.package_identification:_identify(src) by extension 'meson'
[3.088s] Level 1:colcon.colcon_core.package_identification:_identify(src) by extension 'python'
[3.088s] Level 1:colcon.colcon_core.package_identification:_identify(src) by extensions ['python_setup_py']
[3.089s] Level 1:colcon.colcon_core.package_identification:_identify(src) by extension 'python_setup_py'
[3.089s] Level 1:colcon.colcon_core.package_discovery:discover_packages(recursive) using defaults
[3.089s] Level 1:colcon.colcon_core.package_discovery:discover_packages(ignore) discover
[3.089s] Level 1:colcon.colcon_core.package_discovery:discover_packages(ignore) using defaults
[3.089s] Level 1:colcon.colcon_core.package_discovery:discover_packages(path) discover
[3.089s] Level 1:colcon.colcon_core.package_discovery:discover_packages(path) using defaults
[3.189s] Level 1:colcon.colcon_core.package_discovery:discover_packages(prefix_path) check parameters
[3.190s] Level 1:colcon.colcon_core.package_discovery:discover_packages(prefix_path) discover
[3.204s] DEBUG:colcon.colcon_installed_package_information.package_discovery:Found 3 installed packages in /root/uros_ws/install
[3.210s] DEBUG:colcon.colcon_installed_package_information.package_discovery:Found 15 installed packages in /userdata/dev_ws/install
[3.214s] DEBUG:colcon.colcon_installed_package_information.package_discovery:Found 55 installed packages in /opt/tros/humble
[3.225s] DEBUG:colcon.colcon_installed_package_information.package_discovery:Found 264 installed packages in /opt/ros/humble
[3.236s] Level 1:colcon.colcon_core.package_discovery:discover_packages(prefix_path) using defaults
[3.517s] INFO:colcon.colcon_core.executor:Executing jobs using 'parallel' executor
[3.522s] DEBUG:colcon.colcon_parallel_executor.executor.parallel:run_until_complete
[3.523s] DEBUG:colcon.colcon_parallel_executor.executor.parallel:closing loop
[3.524s] DEBUG:colcon.colcon_parallel_executor.executor.parallel:loop closed
[3.524s] DEBUG:colcon.colcon_parallel_executor.executor.parallel:run_until_complete finished with '0'
[3.524s] DEBUG:colcon.colcon_core.event_reactor:joining thread
[3.550s] INFO:colcon.colcon_core.plugin_system:Skipping extension 'colcon_notification.desktop_notification.notify_send': Could not find 'notify-send'
[3.550s] INFO:colcon.colcon_core.plugin_system:Skipping extension 'colcon_notification.desktop_notification.terminal_notifier': Not used on non-Darwin systems
[3.551s] INFO:colcon.colcon_core.plugin_system:Skipping extension 'colcon_notification.desktop_notification.win32': Not used on non-Windows systems
[3.551s] INFO:colcon.colcon_notification.desktop_notification:Sending desktop notification using 'notify2'
[28.565s] DEBUG:colcon.colcon_notification.desktop_notification.notify2:Failed to initialize notify2: org.freedesktop.DBus.Error.NoReply: Did not receive a reply. Possible causes include: the remote application did not send a reply, the message bus security policy blocked the reply, the reply timeout expired, or the network connection was broken.
[28.566s] DEBUG:colcon.colcon_core.event_reactor:joined thread
[28.582s] INFO:colcon.colcon_core.plugin_system:Skipping extension 'colcon_core.shell.bat': Not used on non-Windows systems
[28.585s] INFO:colcon.colcon_core.shell:Creating prefix script '/root/home_label/install/local_setup.ps1'
[28.592s] INFO:colcon.colcon_core.shell:Creating prefix util module '/root/home_label/install/_local_setup_util_ps1.py'
[28.602s] INFO:colcon.colcon_core.shell:Creating prefix chain script '/root/home_label/install/setup.ps1'
[28.613s] INFO:colcon.colcon_core.shell:Creating prefix script '/root/home_label/install/local_setup.sh'
[28.616s] INFO:colcon.colcon_core.shell:Creating prefix util module '/root/home_label/install/_local_setup_util_sh.py'
[28.621s] INFO:colcon.colcon_core.shell:Creating prefix chain script '/root/home_label/install/setup.sh'
[28.632s] INFO:colcon.colcon_core.shell:Creating prefix script '/root/home_label/install/local_setup.bash'
[28.635s] INFO:colcon.colcon_core.shell:Creating prefix chain script '/root/home_label/install/setup.bash'
[28.645s] INFO:colcon.colcon_core.shell:Creating prefix script '/root/home_label/install/local_setup.zsh'
[28.648s] INFO:colcon.colcon_core.shell:Creating prefix chain script '/root/home_label/install/setup.zsh'
[28.659s] INFO:colcon.colcon_core.shell:Creating '/root/home_label/install/spawn_shell.bash'
