[1.649s] DEBUG:colcon:Command line arguments: ['/usr/bin/colcon', 'build', '--packages-select', 'label_goal_package']
[1.656s] DEBUG:colcon:Parsed command line arguments: Namespace(log_base=None, log_level=None, verb_name='build', build_base='build', install_base='install', merge_install=False, symlink_install=False, test_result_base=None, continue_on_error=False, executor='parallel', parallel_workers=8, event_handlers=None, ignore_user_meta=False, metas=['./colcon.meta'], base_paths=['.'], packages_ignore=None, packages_ignore_regex=None, paths=None, packages_up_to=None, packages_up_to_regex=None, packages_above=None, packages_above_and_dependencies=None, packages_above_depth=None, packages_select_by_dep=None, packages_skip_by_dep=None, packages_skip_up_to=None, packages_select_build_failed=False, packages_skip_build_finished=False, packages_select_test_failures=False, packages_skip_test_passed=False, packages_select=['label_goal_package'], packages_skip=None, packages_select_regex=None, packages_skip_regex=None, packages_start=None, packages_end=None, allow_overriding=[], bazel_args=None, bazel_task=None, cmake_args=None, cmake_target=None, cmake_target_skip_unavailable=False, cmake_clean_cache=False, cmake_clean_first=False, cmake_force_configure=False, meson_args=[], ament_cmake_args=None, catkin_cmake_args=None, catkin_skip_building_tests=False, mixin_files=None, mixin=None, verb_parser=<colcon_alias.argument_parser.alias.AliasArgumentDecorator object at 0xffff9be91060>, verb_extension=<colcon_core.verb.build.BuildVerb object at 0xffff9c32b8e0>, main=<bound method BuildVerb.main of <colcon_core.verb.build.BuildVerb object at 0xffff9c32b8e0>>, mixin_verb=('build',))
[2.833s] Level 1:colcon.colcon_core.package_discovery:discover_packages(colcon_meta) check parameters
[2.833s] Level 1:colcon.colcon_core.package_discovery:discover_packages(recursive) check parameters
[2.834s] Level 1:colcon.colcon_core.package_discovery:discover_packages(ignore) check parameters
[2.834s] Level 1:colcon.colcon_core.package_discovery:discover_packages(path) check parameters
[2.834s] Level 1:colcon.colcon_core.package_discovery:discover_packages(colcon_meta) discover
[2.834s] Level 1:colcon.colcon_core.package_discovery:discover_packages(recursive) discover
[2.834s] INFO:colcon.colcon_core.package_discovery:Crawling recursively for packages in '/root/label_goal'
[2.835s] Level 1:colcon.colcon_core.package_identification:_identify(.) by extensions ['ignore', 'ignore_ament_install']
[2.835s] Level 1:colcon.colcon_core.package_identification:_identify(.) by extension 'ignore'
[2.836s] Level 1:colcon.colcon_core.package_identification:_identify(.) by extension 'ignore_ament_install'
[2.836s] Level 1:colcon.colcon_core.package_identification:_identify(.) by extensions ['colcon_pkg']
[2.836s] Level 1:colcon.colcon_core.package_identification:_identify(.) by extension 'colcon_pkg'
[2.837s] Level 1:colcon.colcon_core.package_identification:_identify(.) by extensions ['colcon_meta']
[2.837s] Level 1:colcon.colcon_core.package_identification:_identify(.) by extension 'colcon_meta'
[2.837s] Level 1:colcon.colcon_core.package_identification:_identify(.) by extensions ['ros']
[2.837s] Level 1:colcon.colcon_core.package_identification:_identify(.) by extension 'ros'
[2.851s] Level 1:colcon.colcon_core.package_identification:_identify(.) by extensions ['bazel', 'cmake', 'meson', 'python']
[2.851s] Level 1:colcon.colcon_core.package_identification:_identify(.) by extension 'bazel'
[2.851s] Level 1:colcon.colcon_core.package_identification:_identify(.) by extension 'cmake'
[2.852s] Level 1:colcon.colcon_core.package_identification:_identify(.) by extension 'meson'
[2.852s] Level 1:colcon.colcon_core.package_identification:_identify(.) by extension 'python'
[2.852s] Level 1:colcon.colcon_core.package_identification:_identify(.) by extensions ['python_setup_py']
[2.852s] Level 1:colcon.colcon_core.package_identification:_identify(.) by extension 'python_setup_py'
[2.853s] Level 1:colcon.colcon_core.package_identification:_identify(build) by extensions ['ignore', 'ignore_ament_install']
[2.854s] Level 1:colcon.colcon_core.package_identification:_identify(build) by extension 'ignore'
[2.854s] Level 1:colcon.colcon_core.package_identification:_identify(build) ignored
[2.854s] Level 1:colcon.colcon_core.package_identification:_identify(install) by extensions ['ignore', 'ignore_ament_install']
[2.855s] Level 1:colcon.colcon_core.package_identification:_identify(install) by extension 'ignore'
[2.855s] Level 1:colcon.colcon_core.package_identification:_identify(install) ignored
[2.855s] Level 1:colcon.colcon_core.package_identification:_identify(log) by extensions ['ignore', 'ignore_ament_install']
[2.856s] Level 1:colcon.colcon_core.package_identification:_identify(log) by extension 'ignore'
[2.856s] Level 1:colcon.colcon_core.package_identification:_identify(log) ignored
[2.857s] Level 1:colcon.colcon_core.package_identification:_identify(src) by extensions ['ignore', 'ignore_ament_install']
[2.857s] Level 1:colcon.colcon_core.package_identification:_identify(src) by extension 'ignore'
[2.857s] Level 1:colcon.colcon_core.package_identification:_identify(src) by extension 'ignore_ament_install'
[2.858s] Level 1:colcon.colcon_core.package_identification:_identify(src) by extensions ['colcon_pkg']
[2.858s] Level 1:colcon.colcon_core.package_identification:_identify(src) by extension 'colcon_pkg'
[2.858s] Level 1:colcon.colcon_core.package_identification:_identify(src) by extensions ['colcon_meta']
[2.858s] Level 1:colcon.colcon_core.package_identification:_identify(src) by extension 'colcon_meta'
[2.858s] Level 1:colcon.colcon_core.package_identification:_identify(src) by extensions ['ros']
[2.859s] Level 1:colcon.colcon_core.package_identification:_identify(src) by extension 'ros'
[2.859s] Level 1:colcon.colcon_core.package_identification:_identify(src) by extensions ['bazel', 'cmake', 'meson', 'python']
[2.859s] Level 1:colcon.colcon_core.package_identification:_identify(src) by extension 'bazel'
[2.860s] Level 1:colcon.colcon_core.package_identification:_identify(src) by extension 'cmake'
[2.860s] Level 1:colcon.colcon_core.package_identification:_identify(src) by extension 'meson'
[2.860s] Level 1:colcon.colcon_core.package_identification:_identify(src) by extension 'python'
[2.861s] Level 1:colcon.colcon_core.package_identification:_identify(src) by extensions ['python_setup_py']
[2.861s] Level 1:colcon.colcon_core.package_identification:_identify(src) by extension 'python_setup_py'
[2.861s] Level 1:colcon.colcon_core.package_identification:_identify(src/label_goal_package) by extensions ['ignore', 'ignore_ament_install']
[2.862s] Level 1:colcon.colcon_core.package_identification:_identify(src/label_goal_package) by extension 'ignore'
[2.862s] Level 1:colcon.colcon_core.package_identification:_identify(src/label_goal_package) by extension 'ignore_ament_install'
[2.862s] Level 1:colcon.colcon_core.package_identification:_identify(src/label_goal_package) by extensions ['colcon_pkg']
[2.862s] Level 1:colcon.colcon_core.package_identification:_identify(src/label_goal_package) by extension 'colcon_pkg'
[2.863s] Level 1:colcon.colcon_core.package_identification:_identify(src/label_goal_package) by extensions ['colcon_meta']
[2.863s] Level 1:colcon.colcon_core.package_identification:_identify(src/label_goal_package) by extension 'colcon_meta'
[2.863s] Level 1:colcon.colcon_core.package_identification:_identify(src/label_goal_package) by extensions ['ros']
[2.863s] Level 1:colcon.colcon_core.package_identification:_identify(src/label_goal_package) by extension 'ros'
[2.876s] DEBUG:colcon.colcon_core.package_identification:Package 'src/label_goal_package' with type 'ros.ament_python' and name 'label_goal_package'
[2.876s] Level 1:colcon.colcon_core.package_discovery:discover_packages(recursive) using defaults
[2.877s] Level 1:colcon.colcon_core.package_discovery:discover_packages(ignore) discover
[2.877s] Level 1:colcon.colcon_core.package_discovery:discover_packages(ignore) using defaults
[2.877s] Level 1:colcon.colcon_core.package_discovery:discover_packages(path) discover
[2.877s] Level 1:colcon.colcon_core.package_discovery:discover_packages(path) using defaults
[2.972s] Level 1:colcon.colcon_core.package_discovery:discover_packages(prefix_path) check parameters
[2.972s] Level 1:colcon.colcon_core.package_discovery:discover_packages(prefix_path) discover
[2.986s] DEBUG:colcon.colcon_installed_package_information.package_discovery:Found 1 installed packages in /root/label_goal/install
[2.989s] DEBUG:colcon.colcon_installed_package_information.package_discovery:Found 1 installed packages in /root/home_label/install
[2.991s] DEBUG:colcon.colcon_installed_package_information.package_discovery:Found 3 installed packages in /root/uros_ws/install
[2.996s] DEBUG:colcon.colcon_installed_package_information.package_discovery:Found 15 installed packages in /userdata/dev_ws/install
[2.999s] DEBUG:colcon.colcon_installed_package_information.package_discovery:Found 55 installed packages in /opt/tros/humble
[3.009s] DEBUG:colcon.colcon_installed_package_information.package_discovery:Found 265 installed packages in /opt/ros/humble
[3.020s] Level 1:colcon.colcon_core.package_discovery:discover_packages(prefix_path) using defaults
[3.373s] Level 5:colcon.colcon_core.verb:set package 'label_goal_package' build argument 'bazel_args' from command line to 'None'
[3.374s] Level 5:colcon.colcon_core.verb:set package 'label_goal_package' build argument 'bazel_task' from command line to 'None'
[3.374s] Level 5:colcon.colcon_core.verb:set package 'label_goal_package' build argument 'cmake_args' from command line to 'None'
[3.374s] Level 5:colcon.colcon_core.verb:set package 'label_goal_package' build argument 'cmake_target' from command line to 'None'
[3.374s] Level 5:colcon.colcon_core.verb:set package 'label_goal_package' build argument 'cmake_target_skip_unavailable' from command line to 'False'
[3.375s] Level 5:colcon.colcon_core.verb:set package 'label_goal_package' build argument 'cmake_clean_cache' from command line to 'False'
[3.375s] Level 5:colcon.colcon_core.verb:set package 'label_goal_package' build argument 'cmake_clean_first' from command line to 'False'
[3.375s] Level 5:colcon.colcon_core.verb:set package 'label_goal_package' build argument 'cmake_force_configure' from command line to 'False'
[3.375s] Level 5:colcon.colcon_core.verb:set package 'label_goal_package' build argument 'meson_args' from command line to '[]'
[3.375s] Level 5:colcon.colcon_core.verb:set package 'label_goal_package' build argument 'ament_cmake_args' from command line to 'None'
[3.375s] Level 5:colcon.colcon_core.verb:set package 'label_goal_package' build argument 'catkin_cmake_args' from command line to 'None'
[3.376s] Level 5:colcon.colcon_core.verb:set package 'label_goal_package' build argument 'catkin_skip_building_tests' from command line to 'False'
[3.376s] DEBUG:colcon.colcon_core.verb:Building package 'label_goal_package' with the following arguments: {'ament_cmake_args': None, 'bazel_args': None, 'bazel_task': None, 'build_base': '/root/label_goal/build/label_goal_package', 'catkin_cmake_args': None, 'catkin_skip_building_tests': False, 'cmake_args': None, 'cmake_clean_cache': False, 'cmake_clean_first': False, 'cmake_force_configure': False, 'cmake_target': None, 'cmake_target_skip_unavailable': False, 'install_base': '/root/label_goal/install/label_goal_package', 'merge_install': False, 'meson_args': [], 'path': '/root/label_goal/src/label_goal_package', 'symlink_install': False, 'test_result_base': None}
[3.377s] INFO:colcon.colcon_core.executor:Executing jobs using 'parallel' executor
[3.382s] DEBUG:colcon.colcon_parallel_executor.executor.parallel:run_until_complete
[3.383s] INFO:colcon.colcon_ros.task.ament_python.build:Building ROS package in '/root/label_goal/src/label_goal_package' with build type 'ament_python'
[3.384s] Level 1:colcon.colcon_core.shell:create_environment_hook('label_goal_package', 'ament_prefix_path')
[3.397s] INFO:colcon.colcon_core.plugin_system:Skipping extension 'colcon_core.shell.bat': Not used on non-Windows systems
[3.399s] INFO:colcon.colcon_core.shell:Creating environment hook '/root/label_goal/install/label_goal_package/share/label_goal_package/hook/ament_prefix_path.ps1'
[3.403s] INFO:colcon.colcon_core.shell:Creating environment descriptor '/root/label_goal/install/label_goal_package/share/label_goal_package/hook/ament_prefix_path.dsv'
[3.406s] INFO:colcon.colcon_core.shell:Creating environment hook '/root/label_goal/install/label_goal_package/share/label_goal_package/hook/ament_prefix_path.sh'
[3.411s] DEBUG:colcon.colcon_ros_domain_id_coordinator.shell.ros_domain_id:Allocated ROS_DOMAIN_ID=66 for '/root/label_goal/build/label_goal_package'
[3.411s] INFO:colcon.colcon_core.shell:Skip shell extension 'ros_domain_id' for command environment: 
[3.411s] INFO:colcon.colcon_core.shell:Skip shell extension 'powershell' for command environment: Not usable outside of PowerShell
[3.412s] DEBUG:colcon.colcon_core.shell:Skip shell extension 'dsv' for command environment
[5.157s] INFO:colcon.colcon_core.task.python.build:Building Python package in '/root/label_goal/src/label_goal_package'
[5.160s] DEBUG:colcon.colcon_ros_domain_id_coordinator.shell.ros_domain_id:Allocated ROS_DOMAIN_ID=66 for '/root/label_goal/build/label_goal_package'
[5.160s] INFO:colcon.colcon_core.shell:Skip shell extension 'ros_domain_id' for command environment: 
[5.160s] INFO:colcon.colcon_core.shell:Skip shell extension 'powershell' for command environment: Not usable outside of PowerShell
[5.160s] DEBUG:colcon.colcon_core.shell:Skip shell extension 'dsv' for command environment
[7.515s] DEBUG:colcon.colcon_core.event_handler.log_command:Invoking command in '/root/label_goal/src/label_goal_package': PYTHONPATH=/root/label_goal/build/label_goal_package/prefix_override:/usr/lib/python3/dist-packages/colcon_core/task/python/colcon_distutils_commands:/root/label_goal/install/label_goal_package/lib/python3.10/site-packages:${PYTHONPATH} /usr/bin/python3 -W ignore:setup.py install is deprecated -W ignore:easy_install command is deprecated setup.py egg_info --egg-base ../../build/label_goal_package build --build-base /root/label_goal/build/label_goal_package/build install --record /root/label_goal/build/label_goal_package/install.log --single-version-externally-managed install_data
[9.464s] DEBUG:colcon.colcon_core.event_handler.log_command:Invoked command in '/root/label_goal/src/label_goal_package' returned '0': PYTHONPATH=/root/label_goal/build/label_goal_package/prefix_override:/usr/lib/python3/dist-packages/colcon_core/task/python/colcon_distutils_commands:/root/label_goal/install/label_goal_package/lib/python3.10/site-packages:${PYTHONPATH} /usr/bin/python3 -W ignore:setup.py install is deprecated -W ignore:easy_install command is deprecated setup.py egg_info --egg-base ../../build/label_goal_package build --build-base /root/label_goal/build/label_goal_package/build install --record /root/label_goal/build/label_goal_package/install.log --single-version-externally-managed install_data
[9.489s] Level 1:colcon.colcon_core.environment:checking '/root/label_goal/install/label_goal_package' for CMake module files
[9.492s] Level 1:colcon.colcon_core.environment:checking '/root/label_goal/install/label_goal_package' for CMake config files
[9.495s] Level 1:colcon.colcon_core.environment:checking '/root/label_goal/install/label_goal_package/lib'
[9.496s] Level 1:colcon.colcon_core.environment:checking '/root/label_goal/install/label_goal_package/bin'
[9.496s] Level 1:colcon.colcon_core.environment:checking '/root/label_goal/install/label_goal_package/lib/pkgconfig/label_goal_package.pc'
[9.498s] Level 1:colcon.colcon_core.environment:checking '/root/label_goal/install/label_goal_package/lib/python3.10/site-packages'
[9.498s] Level 1:colcon.colcon_core.shell:create_environment_hook('label_goal_package', 'pythonpath')
[9.501s] INFO:colcon.colcon_core.shell:Creating environment hook '/root/label_goal/install/label_goal_package/share/label_goal_package/hook/pythonpath.ps1'
[9.505s] INFO:colcon.colcon_core.shell:Creating environment descriptor '/root/label_goal/install/label_goal_package/share/label_goal_package/hook/pythonpath.dsv'
[9.509s] INFO:colcon.colcon_core.shell:Creating environment hook '/root/label_goal/install/label_goal_package/share/label_goal_package/hook/pythonpath.sh'
[9.513s] Level 1:colcon.colcon_core.environment:checking '/root/label_goal/install/label_goal_package/bin'
[9.513s] Level 1:colcon.colcon_core.environment:create_environment_scripts_only(label_goal_package)
[9.516s] INFO:colcon.colcon_core.shell:Creating package script '/root/label_goal/install/label_goal_package/share/label_goal_package/package.ps1'
[9.523s] INFO:colcon.colcon_core.shell:Creating package descriptor '/root/label_goal/install/label_goal_package/share/label_goal_package/package.dsv'
[9.527s] INFO:colcon.colcon_core.shell:Creating package script '/root/label_goal/install/label_goal_package/share/label_goal_package/package.sh'
[9.533s] INFO:colcon.colcon_core.shell:Creating package script '/root/label_goal/install/label_goal_package/share/label_goal_package/package.bash'
[9.538s] INFO:colcon.colcon_core.shell:Creating package script '/root/label_goal/install/label_goal_package/share/label_goal_package/package.zsh'
[9.542s] Level 1:colcon.colcon_core.environment:create_file_with_runtime_dependencies(/root/label_goal/install/label_goal_package/share/colcon-core/packages/label_goal_package)
[9.544s] DEBUG:colcon.colcon_parallel_executor.executor.parallel:closing loop
[9.544s] DEBUG:colcon.colcon_ros_domain_id_coordinator.shell.ros_domain_id:Released ROS_DOMAIN_ID=66 for '/root/label_goal/build/label_goal_package'
[9.545s] DEBUG:colcon.colcon_parallel_executor.executor.parallel:loop closed
[9.546s] DEBUG:colcon.colcon_parallel_executor.executor.parallel:run_until_complete finished with '0'
[9.546s] DEBUG:colcon.colcon_core.event_reactor:joining thread
[9.574s] INFO:colcon.colcon_core.plugin_system:Skipping extension 'colcon_notification.desktop_notification.notify_send': Could not find 'notify-send'
[9.575s] INFO:colcon.colcon_core.plugin_system:Skipping extension 'colcon_notification.desktop_notification.terminal_notifier': Not used on non-Darwin systems
[9.575s] INFO:colcon.colcon_core.plugin_system:Skipping extension 'colcon_notification.desktop_notification.win32': Not used on non-Windows systems
[9.576s] INFO:colcon.colcon_notification.desktop_notification:Sending desktop notification using 'notify2'
[34.604s] DEBUG:colcon.colcon_notification.desktop_notification.notify2:Failed to initialize notify2: org.freedesktop.DBus.Error.NoReply: Did not receive a reply. Possible causes include: the remote application did not send a reply, the message bus security policy blocked the reply, the reply timeout expired, or the network connection was broken.
[34.604s] DEBUG:colcon.colcon_core.event_reactor:joined thread
[34.607s] INFO:colcon.colcon_core.shell:Creating prefix script '/root/label_goal/install/local_setup.ps1'
[34.613s] INFO:colcon.colcon_core.shell:Creating prefix util module '/root/label_goal/install/_local_setup_util_ps1.py'
[34.624s] INFO:colcon.colcon_core.shell:Creating prefix chain script '/root/label_goal/install/setup.ps1'
[34.637s] INFO:colcon.colcon_core.shell:Creating prefix script '/root/label_goal/install/local_setup.sh'
[34.641s] INFO:colcon.colcon_core.shell:Creating prefix util module '/root/label_goal/install/_local_setup_util_sh.py'
[34.646s] INFO:colcon.colcon_core.shell:Creating prefix chain script '/root/label_goal/install/setup.sh'
[34.659s] INFO:colcon.colcon_core.shell:Creating prefix script '/root/label_goal/install/local_setup.bash'
[34.663s] INFO:colcon.colcon_core.shell:Creating prefix chain script '/root/label_goal/install/setup.bash'
[34.674s] INFO:colcon.colcon_core.shell:Creating prefix script '/root/label_goal/install/local_setup.zsh'
[34.677s] INFO:colcon.colcon_core.shell:Creating prefix chain script '/root/label_goal/install/setup.zsh'
[34.688s] INFO:colcon.colcon_core.shell:Creating '/root/label_goal/install/spawn_shell.bash'
