[0.000000] (-) TimerEvent: {}
[0.000439] (fall_detection_pkg) JobQueued: {'identifier': 'fall_detection_pkg', 'dependencies': OrderedDict()}
[0.000645] (fall_detection_pkg) JobStarted: {'identifier': 'fall_detection_pkg'}
[0.098622] (-) TimerEvent: {}
[0.199384] (-) TimerEvent: {}
[0.300193] (-) TimerEvent: {}
[0.401134] (-) TimerEvent: {}
[0.501828] (-) TimerEvent: {}
[0.602697] (-) TimerEvent: {}
[0.703474] (-) TimerEvent: {}
[0.804218] (-) TimerEvent: {}
[0.904989] (-) TimerEvent: {}
[1.005814] (-) TimerEvent: {}
[1.022595] (fall_detection_pkg) Command: {'cmd': ['/usr/bin/python3', '-W', 'ignore:setup.py install is deprecated', '-W', 'ignore:easy_install command is deprecated', 'setup.py', 'egg_info', '--egg-base', '../../build/fall_detection_pkg', 'build', '--build-base', '/root/FallDetect2_ws/build/fall_detection_pkg/build', 'install', '--record', '/root/FallDetect2_ws/build/fall_detection_pkg/install.log', '--single-version-externally-managed', 'install_data'], 'cwd': '/root/FallDetect2_ws/src/fall_detection_pkg', 'env': {'UMS_MOUNTPOINT': '/mnt/ums', 'GST_V4L2_PREFERRED_FOURCC': 'NV12:YU12:NV16:YUY2', 'LANGUAGE': 'en_US.UTF-8', 'USER': 'root', 'SSH_CLIENT': '192.168.0.138 61842 22', 'XDG_SESSION_TYPE': 'tty', 'SHLVL': '2', 'USB_FUNCS': 'adb', 'LD_LIBRARY_PATH': '/opt/ros/humble/opt/rviz_ogre_vendor/lib:/opt/ros/humble/lib/aarch64-linux-gnu:/opt/ros/humble/lib', 'MOTD_SHOWN': 'pam', 'HOME': '/root', 'OLDPWD': '/root', 'SSH_TTY': '/dev/pts/1', 'GST_INSPECT_NO_COLORS': '1', 'GST_MPP_NO_RGA': '1', 'ROS_PYTHON_VERSION': '3', 'COGL_DRIVER': 'gles2', 'DBUS_SESSION_BUS_ADDRESS': 'unix:path=/run/user/0/bus', 'COLCON_PREFIX_PATH': '/root/FallDetect2_ws/install', 'GST_V4L2SRC_MAX_RESOLUTION': '3840x2160', 'ROS_DISTRO': 'humble', 'LOGNAME': 'root', '_': '/usr/bin/colcon', 'ROS_VERSION': '2', 'XDG_SESSION_CLASS': 'user', 'TERM': 'xterm', 'GST_GL_API': 'gles2', 'XDG_SESSION_ID': '10', 'GST_VIDEO_CONVERT_PREFERRED_FORMAT': 'NV12:NV16:I420:YUY2', 'GST_V4L2SRC_RK_DEVICES': '_mainpath:_selfpath:_bypass:_scale', 'ROS_LOCALHOST_ONLY': '0', 'PATH': '/opt/ros/humble/bin:/root/FallDetect2_ws/install/fall_detection_pkg/bin:/usr/local/sbin:/usr/local/bin:/usr/sbin:/usr/bin:/sbin:/bin:/usr/games:/usr/local/games:/snap/bin', 'XDG_RUNTIME_DIR': '/run/user/0', 'GST_GL_PLATFORM': 'egl', 'GST_DEBUG_NO_COLOR': '1', 'GST_V4L2SRC_DEFAULT_DEVICE': '/dev/video-camera0', 'DISPLAY': 'localhost:11.0', 'LANG': 'en_US.UTF-8', 'GST_V4L2_USE_LIBV4L2': '1', 'UMS_SIZE': '256M', 'AMENT_PREFIX_PATH': '/opt/ros/humble:/root/FallDetect2_ws/install/fall_detection_pkg', 'LC_MESSAGES': 'en_US.UTF-8', 'SHELL': '/bin/bash', 'UMS_RO': '0', 'UMS_FSTYPE': 'vfat', 'PWD': '/root/FallDetect2_ws/build/fall_detection_pkg', 'LC_ALL': 'en_US.UTF-8', 'SSH_CONNECTION': '192.168.0.138 61842 192.168.0.224 22', 'PYTHONPATH': '/root/FallDetect2_ws/build/fall_detection_pkg/prefix_override:/usr/lib/python3/dist-packages/colcon_core/task/python/colcon_distutils_commands:/root/FallDetect2_ws/install/fall_detection_pkg/lib/python3.10/site-packages:/root/FallDetect2_ws/build/fall_detection_pkg:/opt/ros/humble/lib/python3.10/site-packages:/opt/ros/humble/local/lib/python3.10/dist-packages:/root/FallDetect2_ws/install/fall_detection_pkg/lib/python3.10/site-packages', 'UMS_MOUNT': '0', 'COLCON': '1', 'UMS_FILE': '/userdata/ums_shared.img'}, 'shell': False}
[1.106050] (-) TimerEvent: {}
[1.206856] (-) TimerEvent: {}
[1.307559] (-) TimerEvent: {}
[1.349295] (fall_detection_pkg) StdoutLine: {'line': b'running egg_info\n'}
[1.368433] (fall_detection_pkg) StdoutLine: {'line': b'creating ../../build/fall_detection_pkg/fall_detection_pkg.egg-info\n'}
[1.369447] (fall_detection_pkg) StdoutLine: {'line': b'writing ../../build/fall_detection_pkg/fall_detection_pkg.egg-info/PKG-INFO\n'}
[1.370124] (fall_detection_pkg) StdoutLine: {'line': b'writing dependency_links to ../../build/fall_detection_pkg/fall_detection_pkg.egg-info/dependency_links.txt\n'}
[1.370804] (fall_detection_pkg) StdoutLine: {'line': b'writing entry points to ../../build/fall_detection_pkg/fall_detection_pkg.egg-info/entry_points.txt\n'}
[1.371257] (fall_detection_pkg) StdoutLine: {'line': b'writing requirements to ../../build/fall_detection_pkg/fall_detection_pkg.egg-info/requires.txt\n'}
[1.371648] (fall_detection_pkg) StdoutLine: {'line': b'writing top-level names to ../../build/fall_detection_pkg/fall_detection_pkg.egg-info/top_level.txt\n'}
[1.372022] (fall_detection_pkg) StdoutLine: {'line': b"writing manifest file '../../build/fall_detection_pkg/fall_detection_pkg.egg-info/SOURCES.txt'\n"}
[1.407726] (-) TimerEvent: {}
[1.410611] (fall_detection_pkg) StdoutLine: {'line': b"reading manifest file '../../build/fall_detection_pkg/fall_detection_pkg.egg-info/SOURCES.txt'\n"}
[1.412445] (fall_detection_pkg) StdoutLine: {'line': b"writing manifest file '../../build/fall_detection_pkg/fall_detection_pkg.egg-info/SOURCES.txt'\n"}
[1.413137] (fall_detection_pkg) StdoutLine: {'line': b'running build\n'}
[1.413790] (fall_detection_pkg) StdoutLine: {'line': b'running build_py\n'}
[1.414301] (fall_detection_pkg) StdoutLine: {'line': b'creating /root/FallDetect2_ws/build/fall_detection_pkg/build/lib/fall_detection_pkg\n'}
[1.414715] (fall_detection_pkg) StdoutLine: {'line': b'copying fall_detection_pkg/camera_node.py -> /root/FallDetect2_ws/build/fall_detection_pkg/build/lib/fall_detection_pkg\n'}
[1.415159] (fall_detection_pkg) StdoutLine: {'line': b'copying fall_detection_pkg/__init__.py -> /root/FallDetect2_ws/build/fall_detection_pkg/build/lib/fall_detection_pkg\n'}
[1.415511] (fall_detection_pkg) StdoutLine: {'line': b'copying fall_detection_pkg/test_node.py -> /root/FallDetect2_ws/build/fall_detection_pkg/build/lib/fall_detection_pkg\n'}
[1.415855] (fall_detection_pkg) StdoutLine: {'line': b'copying fall_detection_pkg/fall_detection_node.py -> /root/FallDetect2_ws/build/fall_detection_pkg/build/lib/fall_detection_pkg\n'}
[1.416199] (fall_detection_pkg) StdoutLine: {'line': b'copying fall_detection_pkg/image_preview_node.py -> /root/FallDetect2_ws/build/fall_detection_pkg/build/lib/fall_detection_pkg\n'}
[1.416537] (fall_detection_pkg) StdoutLine: {'line': b'running install\n'}
[1.421757] (fall_detection_pkg) StdoutLine: {'line': b'running install_lib\n'}
[1.441454] (fall_detection_pkg) StdoutLine: {'line': b'creating /root/FallDetect2_ws/install/fall_detection_pkg/lib/python3.10/site-packages/fall_detection_pkg\n'}
[1.442246] (fall_detection_pkg) StdoutLine: {'line': b'copying /root/FallDetect2_ws/build/fall_detection_pkg/build/lib/fall_detection_pkg/camera_node.py -> /root/FallDetect2_ws/install/fall_detection_pkg/lib/python3.10/site-packages/fall_detection_pkg\n'}
[1.442961] (fall_detection_pkg) StdoutLine: {'line': b'copying /root/FallDetect2_ws/build/fall_detection_pkg/build/lib/fall_detection_pkg/__init__.py -> /root/FallDetect2_ws/install/fall_detection_pkg/lib/python3.10/site-packages/fall_detection_pkg\n'}
[1.443443] (fall_detection_pkg) StdoutLine: {'line': b'copying /root/FallDetect2_ws/build/fall_detection_pkg/build/lib/fall_detection_pkg/test_node.py -> /root/FallDetect2_ws/install/fall_detection_pkg/lib/python3.10/site-packages/fall_detection_pkg\n'}
[1.443909] (fall_detection_pkg) StdoutLine: {'line': b'copying /root/FallDetect2_ws/build/fall_detection_pkg/build/lib/fall_detection_pkg/fall_detection_node.py -> /root/FallDetect2_ws/install/fall_detection_pkg/lib/python3.10/site-packages/fall_detection_pkg\n'}
[1.444320] (fall_detection_pkg) StdoutLine: {'line': b'copying /root/FallDetect2_ws/build/fall_detection_pkg/build/lib/fall_detection_pkg/image_preview_node.py -> /root/FallDetect2_ws/install/fall_detection_pkg/lib/python3.10/site-packages/fall_detection_pkg\n'}
[1.444706] (fall_detection_pkg) StdoutLine: {'line': b'byte-compiling /root/FallDetect2_ws/install/fall_detection_pkg/lib/python3.10/site-packages/fall_detection_pkg/camera_node.py to camera_node.cpython-310.pyc\n'}
[1.446788] (fall_detection_pkg) StdoutLine: {'line': b'byte-compiling /root/FallDetect2_ws/install/fall_detection_pkg/lib/python3.10/site-packages/fall_detection_pkg/__init__.py to __init__.cpython-310.pyc\n'}
[1.447470] (fall_detection_pkg) StdoutLine: {'line': b'byte-compiling /root/FallDetect2_ws/install/fall_detection_pkg/lib/python3.10/site-packages/fall_detection_pkg/test_node.py to test_node.cpython-310.pyc\n'}
[1.448083] (fall_detection_pkg) StdoutLine: {'line': b'byte-compiling /root/FallDetect2_ws/install/fall_detection_pkg/lib/python3.10/site-packages/fall_detection_pkg/fall_detection_node.py to fall_detection_node.cpython-310.pyc\n'}
[1.449834] (fall_detection_pkg) StdoutLine: {'line': b'byte-compiling /root/FallDetect2_ws/install/fall_detection_pkg/lib/python3.10/site-packages/fall_detection_pkg/image_preview_node.py to image_preview_node.cpython-310.pyc\n'}
[1.451182] (fall_detection_pkg) StdoutLine: {'line': b'running install_data\n'}
[1.451854] (fall_detection_pkg) StdoutLine: {'line': b'creating /root/FallDetect2_ws/install/fall_detection_pkg/share/ament_index/resource_index/packages\n'}
[1.452546] (fall_detection_pkg) StdoutLine: {'line': b'copying resource/fall_detection_pkg -> /root/FallDetect2_ws/install/fall_detection_pkg/share/ament_index/resource_index/packages\n'}
[1.453194] (fall_detection_pkg) StdoutLine: {'line': b'copying package.xml -> /root/FallDetect2_ws/install/fall_detection_pkg/share/fall_detection_pkg\n'}
[1.453855] (fall_detection_pkg) StdoutLine: {'line': b'creating /root/FallDetect2_ws/install/fall_detection_pkg/share/fall_detection_pkg/launch\n'}
[1.454263] (fall_detection_pkg) StdoutLine: {'line': b'copying launch/complete_system_launch.py -> /root/FallDetect2_ws/install/fall_detection_pkg/share/fall_detection_pkg/launch\n'}
[1.454655] (fall_detection_pkg) StdoutLine: {'line': b'copying launch/camera_launch.py -> /root/FallDetect2_ws/install/fall_detection_pkg/share/fall_detection_pkg/launch\n'}
[1.455091] (fall_detection_pkg) StdoutLine: {'line': b'copying launch/fall_detection_simple_launch.py -> /root/FallDetect2_ws/install/fall_detection_pkg/share/fall_detection_pkg/launch\n'}
[1.455466] (fall_detection_pkg) StdoutLine: {'line': b'copying launch/fall_detection_with_preview_launch.py -> /root/FallDetect2_ws/install/fall_detection_pkg/share/fall_detection_pkg/launch\n'}
[1.455832] (fall_detection_pkg) StdoutLine: {'line': b'copying launch/hf867_system_launch_fixed.py -> /root/FallDetect2_ws/install/fall_detection_pkg/share/fall_detection_pkg/launch\n'}
[1.456194] (fall_detection_pkg) StdoutLine: {'line': b'copying launch/fall_detection_launch.py -> /root/FallDetect2_ws/install/fall_detection_pkg/share/fall_detection_pkg/launch\n'}
[1.456546] (fall_detection_pkg) StdoutLine: {'line': b'copying launch/hf867_optimized_launch.py -> /root/FallDetect2_ws/install/fall_detection_pkg/share/fall_detection_pkg/launch\n'}
[1.456891] (fall_detection_pkg) StdoutLine: {'line': b'copying launch/hf867_system_launch.py -> /root/FallDetect2_ws/install/fall_detection_pkg/share/fall_detection_pkg/launch\n'}
[1.457283] (fall_detection_pkg) StdoutLine: {'line': b'creating /root/FallDetect2_ws/install/fall_detection_pkg/share/fall_detection_pkg/config\n'}
[1.457633] (fall_detection_pkg) StdoutLine: {'line': b'copying config/hf867_camera_config.yaml -> /root/FallDetect2_ws/install/fall_detection_pkg/share/fall_detection_pkg/config\n'}
[1.457979] (fall_detection_pkg) StdoutLine: {'line': b'creating /root/FallDetect2_ws/install/fall_detection_pkg/share/fall_detection_pkg/models\n'}
[1.458504] (fall_detection_pkg) StdoutLine: {'line': b'copying models/README.md -> /root/FallDetect2_ws/install/fall_detection_pkg/share/fall_detection_pkg/models\n'}
[1.459106] (fall_detection_pkg) StdoutLine: {'line': b'copying models/mobilenet_ssd.tflite -> /root/FallDetect2_ws/install/fall_detection_pkg/share/fall_detection_pkg/models\n'}
[1.459666] (fall_detection_pkg) StdoutLine: {'line': b'creating /root/FallDetect2_ws/install/fall_detection_pkg/share/fall_detection_pkg/calibration_data\n'}
[1.460159] (fall_detection_pkg) StdoutLine: {'line': b'copying calibration_data/hf867_dist_coeffs.npy -> /root/FallDetect2_ws/install/fall_detection_pkg/share/fall_detection_pkg/calibration_data\n'}
[1.460541] (fall_detection_pkg) StdoutLine: {'line': b'copying calibration_data/hf867_camera_matrix.npy -> /root/FallDetect2_ws/install/fall_detection_pkg/share/fall_detection_pkg/calibration_data\n'}
[1.460905] (fall_detection_pkg) StdoutLine: {'line': b'copying calibration_data/README.md -> /root/FallDetect2_ws/install/fall_detection_pkg/share/fall_detection_pkg/calibration_data\n'}
[1.461242] (fall_detection_pkg) StdoutLine: {'line': b'creating /root/FallDetect2_ws/install/fall_detection_pkg/share/fall_detection_pkg/scripts\n'}
[1.461579] (fall_detection_pkg) StdoutLine: {'line': b'copying scripts/hf867_camera_tuner.py -> /root/FallDetect2_ws/install/fall_detection_pkg/share/fall_detection_pkg/scripts\n'}
[1.461915] (fall_detection_pkg) StdoutLine: {'line': b'copying scripts/create_test_model.py -> /root/FallDetect2_ws/install/fall_detection_pkg/share/fall_detection_pkg/scripts\n'}
[1.462251] (fall_detection_pkg) StdoutLine: {'line': b'copying scripts/download_model.py -> /root/FallDetect2_ws/install/fall_detection_pkg/share/fall_detection_pkg/scripts\n'}
[1.462587] (fall_detection_pkg) StdoutLine: {'line': b'copying scripts/camera_calibration.py -> /root/FallDetect2_ws/install/fall_detection_pkg/share/fall_detection_pkg/scripts\n'}
[1.462925] (fall_detection_pkg) StdoutLine: {'line': b'copying scripts/preview_camera.py -> /root/FallDetect2_ws/install/fall_detection_pkg/share/fall_detection_pkg/scripts\n'}
[1.463260] (fall_detection_pkg) StdoutLine: {'line': b'copying scripts/hf867_calibration.py -> /root/FallDetect2_ws/install/fall_detection_pkg/share/fall_detection_pkg/scripts\n'}
[1.463597] (fall_detection_pkg) StdoutLine: {'line': b'copying scripts/camera_exposure_test.py -> /root/FallDetect2_ws/install/fall_detection_pkg/share/fall_detection_pkg/scripts\n'}
[1.463966] (fall_detection_pkg) StdoutLine: {'line': b'copying scripts/test_fall_detection.py -> /root/FallDetect2_ws/install/fall_detection_pkg/share/fall_detection_pkg/scripts\n'}
[1.464325] (fall_detection_pkg) StdoutLine: {'line': b'copying scripts/aggressive_exposure_fix.py -> /root/FallDetect2_ws/install/fall_detection_pkg/share/fall_detection_pkg/scripts\n'}
[1.464663] (fall_detection_pkg) StdoutLine: {'line': b'running install_egg_info\n'}
[1.480692] (fall_detection_pkg) StdoutLine: {'line': b'Copying ../../build/fall_detection_pkg/fall_detection_pkg.egg-info to /root/FallDetect2_ws/install/fall_detection_pkg/lib/python3.10/site-packages/fall_detection_pkg-1.0.0-py3.10.egg-info\n'}
[1.481520] (fall_detection_pkg) StdoutLine: {'line': b'running install_scripts\n'}
[1.507907] (-) TimerEvent: {}
[1.608744] (-) TimerEvent: {}
[1.630119] (fall_detection_pkg) StdoutLine: {'line': b'Installing camera_node script to /root/FallDetect2_ws/install/fall_detection_pkg/bin\n'}
[1.630988] (fall_detection_pkg) StdoutLine: {'line': b'Installing fall_detection_node script to /root/FallDetect2_ws/install/fall_detection_pkg/bin\n'}
[1.631805] (fall_detection_pkg) StdoutLine: {'line': b'Installing image_preview_node script to /root/FallDetect2_ws/install/fall_detection_pkg/bin\n'}
[1.632358] (fall_detection_pkg) StdoutLine: {'line': b'Installing test_node script to /root/FallDetect2_ws/install/fall_detection_pkg/bin\n'}
[1.632841] (fall_detection_pkg) StdoutLine: {'line': b"writing list of installed files to '/root/FallDetect2_ws/build/fall_detection_pkg/install.log'\n"}
[1.705129] (fall_detection_pkg) CommandEnded: {'returncode': 0}
[1.708869] (-) TimerEvent: {}
[1.759170] (fall_detection_pkg) JobEnded: {'identifier': 'fall_detection_pkg', 'rc': 0}
[1.760973] (-) EventReactorShutdown: {}
