running egg_info
writing ../../build/home_label_package/home_label_package.egg-info/PKG-INFO
writing dependency_links to ../../build/home_label_package/home_label_package.egg-info/dependency_links.txt
writing entry points to ../../build/home_label_package/home_label_package.egg-info/entry_points.txt
writing requirements to ../../build/home_label_package/home_label_package.egg-info/requires.txt
writing top-level names to ../../build/home_label_package/home_label_package.egg-info/top_level.txt
reading manifest file '../../build/home_label_package/home_label_package.egg-info/SOURCES.txt'
writing manifest file '../../build/home_label_package/home_label_package.egg-info/SOURCES.txt'
running build
running build_py
copying home_label_package/home_label_publisher.py -> /root/home_label/build/home_label_package/build/lib/home_label_package
running install
running install_lib
copying /root/home_label/build/home_label_package/build/lib/home_label_package/home_label_publisher.py -> /root/home_label/install/home_label_package/lib/python3.10/site-packages/home_label_package
byte-compiling /root/home_label/install/home_label_package/lib/python3.10/site-packages/home_label_package/home_label_publisher.py to home_label_publisher.cpython-310.pyc
running install_data
running install_egg_info
removing '/root/home_label/install/home_label_package/lib/python3.10/site-packages/home_label_package-0.0.0-py3.10.egg-info' (and everything under it)
Copying ../../build/home_label_package/home_label_package.egg-info to /root/home_label/install/home_label_package/lib/python3.10/site-packages/home_label_package-0.0.0-py3.10.egg-info
running install_scripts
Installing home_label_node script to /root/home_label/install/home_label_package/lib/home_label_package
writing list of installed files to '/root/home_label/build/home_label_package/install.log'
