[4.426s] Invoking command in '/root/home_label/src/home_label_package': PYTHONPATH=/root/home_label/build/home_label_package/prefix_override:/usr/lib/python3/dist-packages/colcon_core/task/python/colcon_distutils_commands:/root/home_label/install/home_label_package/lib/python3.10/site-packages:${PYTHONPATH} /usr/bin/python3 -W ignore:setup.py install is deprecated -W ignore:easy_install command is deprecated setup.py egg_info --egg-base ../../build/home_label_package build --build-base /root/home_label/build/home_label_package/build install --record /root/home_label/build/home_label_package/install.log --single-version-externally-managed install_data
[6.096s] running egg_info
[6.102s] writing ../../build/home_label_package/home_label_package.egg-info/PKG-INFO
[6.104s] writing dependency_links to ../../build/home_label_package/home_label_package.egg-info/dependency_links.txt
[6.105s] writing entry points to ../../build/home_label_package/home_label_package.egg-info/entry_points.txt
[6.106s] writing requirements to ../../build/home_label_package/home_label_package.egg-info/requires.txt
[6.106s] writing top-level names to ../../build/home_label_package/home_label_package.egg-info/top_level.txt
[6.117s] reading manifest file '../../build/home_label_package/home_label_package.egg-info/SOURCES.txt'
[6.122s] writing manifest file '../../build/home_label_package/home_label_package.egg-info/SOURCES.txt'
[6.123s] running build
[6.124s] running build_py
[6.125s] copying home_label_package/home_label_publisher.py -> /root/home_label/build/home_label_package/build/lib/home_label_package
[6.127s] running install
[6.129s] running install_lib
[6.133s] copying /root/home_label/build/home_label_package/build/lib/home_label_package/home_label_publisher.py -> /root/home_label/install/home_label_package/lib/python3.10/site-packages/home_label_package
[6.137s] byte-compiling /root/home_label/install/home_label_package/lib/python3.10/site-packages/home_label_package/home_label_publisher.py to home_label_publisher.cpython-310.pyc
[6.141s] running install_data
[6.142s] running install_egg_info
[6.152s] removing '/root/home_label/install/home_label_package/lib/python3.10/site-packages/home_label_package-0.0.0-py3.10.egg-info' (and everything under it)
[6.154s] Copying ../../build/home_label_package/home_label_package.egg-info to /root/home_label/install/home_label_package/lib/python3.10/site-packages/home_label_package-0.0.0-py3.10.egg-info
[6.159s] running install_scripts
[6.286s] Installing home_label_node script to /root/home_label/install/home_label_package/lib/home_label_package
[6.287s] writing list of installed files to '/root/home_label/build/home_label_package/install.log'
[6.505s] Invoked command in '/root/home_label/src/home_label_package' returned '0': PYTHONPATH=/root/home_label/build/home_label_package/prefix_override:/usr/lib/python3/dist-packages/colcon_core/task/python/colcon_distutils_commands:/root/home_label/install/home_label_package/lib/python3.10/site-packages:${PYTHONPATH} /usr/bin/python3 -W ignore:setup.py install is deprecated -W ignore:easy_install command is deprecated setup.py egg_info --egg-base ../../build/home_label_package build --build-base /root/home_label/build/home_label_package/build install --record /root/home_label/build/home_label_package/install.log --single-version-externally-managed install_data
