[1.979s] DEBUG:colcon:Command line arguments: ['/usr/bin/colcon', 'build', '--packages-select', 'mqtt_navigation']
[1.979s] DEBUG:colcon:Parsed command line arguments: Namespace(log_base=None, log_level=None, verb_name='build', build_base='build', install_base='install', merge_install=False, symlink_install=False, test_result_base=None, continue_on_error=False, executor='parallel', parallel_workers=8, event_handlers=None, ignore_user_meta=False, metas=['./colcon.meta'], base_paths=['.'], packages_ignore=None, packages_ignore_regex=None, paths=None, packages_up_to=None, packages_up_to_regex=None, packages_above=None, packages_above_and_dependencies=None, packages_above_depth=None, packages_select_by_dep=None, packages_skip_by_dep=None, packages_skip_up_to=None, packages_select_build_failed=False, packages_skip_build_finished=False, packages_select_test_failures=False, packages_skip_test_passed=False, packages_select=['mqtt_navigation'], packages_skip=None, packages_select_regex=None, packages_skip_regex=None, packages_start=None, packages_end=None, allow_overriding=[], bazel_args=None, bazel_task=None, cmake_args=None, cmake_target=None, cmake_target_skip_unavailable=False, cmake_clean_cache=False, cmake_clean_first=False, cmake_force_configure=False, meson_args=[], ament_cmake_args=None, catkin_cmake_args=None, catkin_skip_building_tests=False, mixin_files=None, mixin=None, verb_parser=<colcon_alias.argument_parser.alias.AliasArgumentDecorator object at 0xffffa2932770>, verb_extension=<colcon_core.verb.build.BuildVerb object at 0xffffa29319c0>, main=<bound method BuildVerb.main of <colcon_core.verb.build.BuildVerb object at 0xffffa29319c0>>, mixin_verb=('build',))
[3.298s] Level 1:colcon.colcon_core.package_discovery:discover_packages(colcon_meta) check parameters
[3.299s] Level 1:colcon.colcon_core.package_discovery:discover_packages(recursive) check parameters
[3.299s] Level 1:colcon.colcon_core.package_discovery:discover_packages(ignore) check parameters
[3.299s] Level 1:colcon.colcon_core.package_discovery:discover_packages(path) check parameters
[3.300s] Level 1:colcon.colcon_core.package_discovery:discover_packages(colcon_meta) discover
[3.300s] Level 1:colcon.colcon_core.package_discovery:discover_packages(recursive) discover
[3.300s] INFO:colcon.colcon_core.package_discovery:Crawling recursively for packages in '/root/mqtt_goal_ws'
[3.301s] Level 1:colcon.colcon_core.package_identification:_identify(.) by extensions ['ignore', 'ignore_ament_install']
[3.301s] Level 1:colcon.colcon_core.package_identification:_identify(.) by extension 'ignore'
[3.302s] Level 1:colcon.colcon_core.package_identification:_identify(.) by extension 'ignore_ament_install'
[3.302s] Level 1:colcon.colcon_core.package_identification:_identify(.) by extensions ['colcon_pkg']
[3.302s] Level 1:colcon.colcon_core.package_identification:_identify(.) by extension 'colcon_pkg'
[3.302s] Level 1:colcon.colcon_core.package_identification:_identify(.) by extensions ['colcon_meta']
[3.302s] Level 1:colcon.colcon_core.package_identification:_identify(.) by extension 'colcon_meta'
[3.303s] Level 1:colcon.colcon_core.package_identification:_identify(.) by extensions ['ros']
[3.303s] Level 1:colcon.colcon_core.package_identification:_identify(.) by extension 'ros'
[3.319s] Level 1:colcon.colcon_core.package_identification:_identify(.) by extensions ['bazel', 'cmake', 'meson', 'python']
[3.319s] Level 1:colcon.colcon_core.package_identification:_identify(.) by extension 'bazel'
[3.319s] Level 1:colcon.colcon_core.package_identification:_identify(.) by extension 'cmake'
[3.320s] Level 1:colcon.colcon_core.package_identification:_identify(.) by extension 'meson'
[3.320s] Level 1:colcon.colcon_core.package_identification:_identify(.) by extension 'python'
[3.320s] Level 1:colcon.colcon_core.package_identification:_identify(.) by extensions ['python_setup_py']
[3.321s] Level 1:colcon.colcon_core.package_identification:_identify(.) by extension 'python_setup_py'
[3.321s] Level 1:colcon.colcon_core.package_identification:_identify(build) by extensions ['ignore', 'ignore_ament_install']
[3.322s] Level 1:colcon.colcon_core.package_identification:_identify(build) by extension 'ignore'
[3.322s] Level 1:colcon.colcon_core.package_identification:_identify(build) ignored
[3.323s] Level 1:colcon.colcon_core.package_identification:_identify(install) by extensions ['ignore', 'ignore_ament_install']
[3.323s] Level 1:colcon.colcon_core.package_identification:_identify(install) by extension 'ignore'
[3.324s] Level 1:colcon.colcon_core.package_identification:_identify(install) ignored
[3.324s] Level 1:colcon.colcon_core.package_identification:_identify(log) by extensions ['ignore', 'ignore_ament_install']
[3.325s] Level 1:colcon.colcon_core.package_identification:_identify(log) by extension 'ignore'
[3.325s] Level 1:colcon.colcon_core.package_identification:_identify(log) ignored
[3.325s] Level 1:colcon.colcon_core.package_identification:_identify(src) by extensions ['ignore', 'ignore_ament_install']
[3.326s] Level 1:colcon.colcon_core.package_identification:_identify(src) by extension 'ignore'
[3.326s] Level 1:colcon.colcon_core.package_identification:_identify(src) by extension 'ignore_ament_install'
[3.326s] Level 1:colcon.colcon_core.package_identification:_identify(src) by extensions ['colcon_pkg']
[3.327s] Level 1:colcon.colcon_core.package_identification:_identify(src) by extension 'colcon_pkg'
[3.327s] Level 1:colcon.colcon_core.package_identification:_identify(src) by extensions ['colcon_meta']
[3.327s] Level 1:colcon.colcon_core.package_identification:_identify(src) by extension 'colcon_meta'
[3.328s] Level 1:colcon.colcon_core.package_identification:_identify(src) by extensions ['ros']
[3.328s] Level 1:colcon.colcon_core.package_identification:_identify(src) by extension 'ros'
[3.329s] Level 1:colcon.colcon_core.package_identification:_identify(src) by extensions ['bazel', 'cmake', 'meson', 'python']
[3.329s] Level 1:colcon.colcon_core.package_identification:_identify(src) by extension 'bazel'
[3.329s] Level 1:colcon.colcon_core.package_identification:_identify(src) by extension 'cmake'
[3.329s] Level 1:colcon.colcon_core.package_identification:_identify(src) by extension 'meson'
[3.330s] Level 1:colcon.colcon_core.package_identification:_identify(src) by extension 'python'
[3.330s] Level 1:colcon.colcon_core.package_identification:_identify(src) by extensions ['python_setup_py']
[3.330s] Level 1:colcon.colcon_core.package_identification:_identify(src) by extension 'python_setup_py'
[3.331s] Level 1:colcon.colcon_core.package_identification:_identify(src/mqtt_navigation) by extensions ['ignore', 'ignore_ament_install']
[3.331s] Level 1:colcon.colcon_core.package_identification:_identify(src/mqtt_navigation) by extension 'ignore'
[3.331s] Level 1:colcon.colcon_core.package_identification:_identify(src/mqtt_navigation) by extension 'ignore_ament_install'
[3.332s] Level 1:colcon.colcon_core.package_identification:_identify(src/mqtt_navigation) by extensions ['colcon_pkg']
[3.332s] Level 1:colcon.colcon_core.package_identification:_identify(src/mqtt_navigation) by extension 'colcon_pkg'
[3.332s] Level 1:colcon.colcon_core.package_identification:_identify(src/mqtt_navigation) by extensions ['colcon_meta']
[3.332s] Level 1:colcon.colcon_core.package_identification:_identify(src/mqtt_navigation) by extension 'colcon_meta'
[3.333s] Level 1:colcon.colcon_core.package_identification:_identify(src/mqtt_navigation) by extensions ['ros']
[3.333s] Level 1:colcon.colcon_core.package_identification:_identify(src/mqtt_navigation) by extension 'ros'
[3.350s] DEBUG:colcon.colcon_core.package_identification:Package 'src/mqtt_navigation' with type 'ros.ament_python' and name 'mqtt_navigation'
[3.350s] Level 1:colcon.colcon_core.package_discovery:discover_packages(recursive) using defaults
[3.351s] Level 1:colcon.colcon_core.package_discovery:discover_packages(ignore) discover
[3.351s] Level 1:colcon.colcon_core.package_discovery:discover_packages(ignore) using defaults
[3.351s] Level 1:colcon.colcon_core.package_discovery:discover_packages(path) discover
[3.351s] Level 1:colcon.colcon_core.package_discovery:discover_packages(path) using defaults
[3.457s] Level 1:colcon.colcon_core.package_discovery:discover_packages(prefix_path) check parameters
[3.457s] Level 1:colcon.colcon_core.package_discovery:discover_packages(prefix_path) discover
[3.476s] DEBUG:colcon.colcon_installed_package_information.package_discovery:Found 1 installed packages in /root/mqtt_goal_ws/install
[3.479s] DEBUG:colcon.colcon_installed_package_information.package_discovery:Found 1 installed packages in /root/us100_sensor_ws/install
[3.482s] DEBUG:colcon.colcon_installed_package_information.package_discovery:Found 7 installed packages in /root/ros2_ws/install
[3.485s] DEBUG:colcon.colcon_installed_package_information.package_discovery:Found 1 installed packages in /root/label_goal/install
[3.488s] DEBUG:colcon.colcon_installed_package_information.package_discovery:Found 1 installed packages in /root/home_label/install
[3.491s] DEBUG:colcon.colcon_installed_package_information.package_discovery:Found 3 installed packages in /root/uros_ws/install
[3.497s] DEBUG:colcon.colcon_installed_package_information.package_discovery:Found 15 installed packages in /userdata/dev_ws/install
[3.500s] DEBUG:colcon.colcon_installed_package_information.package_discovery:Found 55 installed packages in /opt/tros/humble
[3.512s] DEBUG:colcon.colcon_installed_package_information.package_discovery:Found 320 installed packages in /opt/ros/humble
[3.526s] Level 1:colcon.colcon_core.package_discovery:discover_packages(prefix_path) using defaults
[3.940s] Level 5:colcon.colcon_core.verb:set package 'mqtt_navigation' build argument 'bazel_args' from command line to 'None'
[3.940s] Level 5:colcon.colcon_core.verb:set package 'mqtt_navigation' build argument 'bazel_task' from command line to 'None'
[3.941s] Level 5:colcon.colcon_core.verb:set package 'mqtt_navigation' build argument 'cmake_args' from command line to 'None'
[3.941s] Level 5:colcon.colcon_core.verb:set package 'mqtt_navigation' build argument 'cmake_target' from command line to 'None'
[3.941s] Level 5:colcon.colcon_core.verb:set package 'mqtt_navigation' build argument 'cmake_target_skip_unavailable' from command line to 'False'
[3.941s] Level 5:colcon.colcon_core.verb:set package 'mqtt_navigation' build argument 'cmake_clean_cache' from command line to 'False'
[3.941s] Level 5:colcon.colcon_core.verb:set package 'mqtt_navigation' build argument 'cmake_clean_first' from command line to 'False'
[3.942s] Level 5:colcon.colcon_core.verb:set package 'mqtt_navigation' build argument 'cmake_force_configure' from command line to 'False'
[3.942s] Level 5:colcon.colcon_core.verb:set package 'mqtt_navigation' build argument 'meson_args' from command line to '[]'
[3.942s] Level 5:colcon.colcon_core.verb:set package 'mqtt_navigation' build argument 'ament_cmake_args' from command line to 'None'
[3.942s] Level 5:colcon.colcon_core.verb:set package 'mqtt_navigation' build argument 'catkin_cmake_args' from command line to 'None'
[3.942s] Level 5:colcon.colcon_core.verb:set package 'mqtt_navigation' build argument 'catkin_skip_building_tests' from command line to 'False'
[3.943s] DEBUG:colcon.colcon_core.verb:Building package 'mqtt_navigation' with the following arguments: {'ament_cmake_args': None, 'bazel_args': None, 'bazel_task': None, 'build_base': '/root/mqtt_goal_ws/build/mqtt_navigation', 'catkin_cmake_args': None, 'catkin_skip_building_tests': False, 'cmake_args': None, 'cmake_clean_cache': False, 'cmake_clean_first': False, 'cmake_force_configure': False, 'cmake_target': None, 'cmake_target_skip_unavailable': False, 'install_base': '/root/mqtt_goal_ws/install/mqtt_navigation', 'merge_install': False, 'meson_args': [], 'path': '/root/mqtt_goal_ws/src/mqtt_navigation', 'symlink_install': False, 'test_result_base': None}
[3.944s] INFO:colcon.colcon_core.executor:Executing jobs using 'parallel' executor
[3.949s] DEBUG:colcon.colcon_parallel_executor.executor.parallel:run_until_complete
[3.950s] INFO:colcon.colcon_ros.task.ament_python.build:Building ROS package in '/root/mqtt_goal_ws/src/mqtt_navigation' with build type 'ament_python'
[3.951s] Level 1:colcon.colcon_core.shell:create_environment_hook('mqtt_navigation', 'ament_prefix_path')
[3.969s] INFO:colcon.colcon_core.plugin_system:Skipping extension 'colcon_core.shell.bat': Not used on non-Windows systems
[3.970s] INFO:colcon.colcon_core.shell:Creating environment hook '/root/mqtt_goal_ws/install/mqtt_navigation/share/mqtt_navigation/hook/ament_prefix_path.ps1'
[3.974s] INFO:colcon.colcon_core.shell:Creating environment descriptor '/root/mqtt_goal_ws/install/mqtt_navigation/share/mqtt_navigation/hook/ament_prefix_path.dsv'
[3.978s] INFO:colcon.colcon_core.shell:Creating environment hook '/root/mqtt_goal_ws/install/mqtt_navigation/share/mqtt_navigation/hook/ament_prefix_path.sh'
[3.984s] DEBUG:colcon.colcon_ros_domain_id_coordinator.shell.ros_domain_id:Allocated ROS_DOMAIN_ID=26 for '/root/mqtt_goal_ws/build/mqtt_navigation'
[3.984s] INFO:colcon.colcon_core.shell:Skip shell extension 'ros_domain_id' for command environment: 
[3.984s] INFO:colcon.colcon_core.shell:Skip shell extension 'powershell' for command environment: Not usable outside of PowerShell
[3.984s] DEBUG:colcon.colcon_core.shell:Skip shell extension 'dsv' for command environment
[5.983s] INFO:colcon.colcon_core.task.python.build:Building Python package in '/root/mqtt_goal_ws/src/mqtt_navigation'
[5.985s] DEBUG:colcon.colcon_ros_domain_id_coordinator.shell.ros_domain_id:Allocated ROS_DOMAIN_ID=26 for '/root/mqtt_goal_ws/build/mqtt_navigation'
[5.985s] INFO:colcon.colcon_core.shell:Skip shell extension 'ros_domain_id' for command environment: 
[5.986s] INFO:colcon.colcon_core.shell:Skip shell extension 'powershell' for command environment: Not usable outside of PowerShell
[5.986s] DEBUG:colcon.colcon_core.shell:Skip shell extension 'dsv' for command environment
[8.636s] DEBUG:colcon.colcon_core.event_handler.log_command:Invoking command in '/root/mqtt_goal_ws/src/mqtt_navigation': PYTHONPATH=/root/mqtt_goal_ws/build/mqtt_navigation/prefix_override:/usr/lib/python3/dist-packages/colcon_core/task/python/colcon_distutils_commands:/root/mqtt_goal_ws/install/mqtt_navigation/lib/python3.10/site-packages:${PYTHONPATH} /usr/bin/python3 -W ignore:setup.py install is deprecated -W ignore:easy_install command is deprecated setup.py egg_info --egg-base ../../build/mqtt_navigation build --build-base /root/mqtt_goal_ws/build/mqtt_navigation/build install --record /root/mqtt_goal_ws/build/mqtt_navigation/install.log --single-version-externally-managed install_data
[10.936s] DEBUG:colcon.colcon_core.event_handler.log_command:Invoked command in '/root/mqtt_goal_ws/src/mqtt_navigation' returned '0': PYTHONPATH=/root/mqtt_goal_ws/build/mqtt_navigation/prefix_override:/usr/lib/python3/dist-packages/colcon_core/task/python/colcon_distutils_commands:/root/mqtt_goal_ws/install/mqtt_navigation/lib/python3.10/site-packages:${PYTHONPATH} /usr/bin/python3 -W ignore:setup.py install is deprecated -W ignore:easy_install command is deprecated setup.py egg_info --egg-base ../../build/mqtt_navigation build --build-base /root/mqtt_goal_ws/build/mqtt_navigation/build install --record /root/mqtt_goal_ws/build/mqtt_navigation/install.log --single-version-externally-managed install_data
[10.958s] Level 1:colcon.colcon_core.environment:checking '/root/mqtt_goal_ws/install/mqtt_navigation' for CMake module files
[10.962s] Level 1:colcon.colcon_core.environment:checking '/root/mqtt_goal_ws/install/mqtt_navigation' for CMake config files
[10.969s] Level 1:colcon.colcon_core.environment:checking '/root/mqtt_goal_ws/install/mqtt_navigation/lib'
[10.971s] Level 1:colcon.colcon_core.environment:checking '/root/mqtt_goal_ws/install/mqtt_navigation/bin'
[10.972s] Level 1:colcon.colcon_core.environment:checking '/root/mqtt_goal_ws/install/mqtt_navigation/lib/pkgconfig/mqtt_navigation.pc'
[10.973s] Level 1:colcon.colcon_core.environment:checking '/root/mqtt_goal_ws/install/mqtt_navigation/lib/python3.10/site-packages'
[10.974s] Level 1:colcon.colcon_core.shell:create_environment_hook('mqtt_navigation', 'pythonpath')
[10.976s] INFO:colcon.colcon_core.shell:Creating environment hook '/root/mqtt_goal_ws/install/mqtt_navigation/share/mqtt_navigation/hook/pythonpath.ps1'
[10.979s] INFO:colcon.colcon_core.shell:Creating environment descriptor '/root/mqtt_goal_ws/install/mqtt_navigation/share/mqtt_navigation/hook/pythonpath.dsv'
[10.981s] INFO:colcon.colcon_core.shell:Creating environment hook '/root/mqtt_goal_ws/install/mqtt_navigation/share/mqtt_navigation/hook/pythonpath.sh'
[10.985s] Level 1:colcon.colcon_core.environment:checking '/root/mqtt_goal_ws/install/mqtt_navigation/bin'
[10.986s] Level 1:colcon.colcon_core.environment:create_environment_scripts_only(mqtt_navigation)
[10.988s] INFO:colcon.colcon_core.shell:Creating package script '/root/mqtt_goal_ws/install/mqtt_navigation/share/mqtt_navigation/package.ps1'
[10.995s] INFO:colcon.colcon_core.shell:Creating package descriptor '/root/mqtt_goal_ws/install/mqtt_navigation/share/mqtt_navigation/package.dsv'
[10.999s] INFO:colcon.colcon_core.shell:Creating package script '/root/mqtt_goal_ws/install/mqtt_navigation/share/mqtt_navigation/package.sh'
[11.006s] INFO:colcon.colcon_core.shell:Creating package script '/root/mqtt_goal_ws/install/mqtt_navigation/share/mqtt_navigation/package.bash'
[11.012s] INFO:colcon.colcon_core.shell:Creating package script '/root/mqtt_goal_ws/install/mqtt_navigation/share/mqtt_navigation/package.zsh'
[11.016s] Level 1:colcon.colcon_core.environment:create_file_with_runtime_dependencies(/root/mqtt_goal_ws/install/mqtt_navigation/share/colcon-core/packages/mqtt_navigation)
[11.018s] DEBUG:colcon.colcon_parallel_executor.executor.parallel:closing loop
[11.019s] DEBUG:colcon.colcon_ros_domain_id_coordinator.shell.ros_domain_id:Released ROS_DOMAIN_ID=26 for '/root/mqtt_goal_ws/build/mqtt_navigation'
[11.020s] DEBUG:colcon.colcon_parallel_executor.executor.parallel:loop closed
[11.021s] DEBUG:colcon.colcon_parallel_executor.executor.parallel:run_until_complete finished with '0'
[11.022s] DEBUG:colcon.colcon_core.event_reactor:joining thread
[11.053s] INFO:colcon.colcon_core.plugin_system:Skipping extension 'colcon_notification.desktop_notification.notify_send': Could not find 'notify-send'
[11.054s] INFO:colcon.colcon_core.plugin_system:Skipping extension 'colcon_notification.desktop_notification.terminal_notifier': Not used on non-Darwin systems
[11.054s] INFO:colcon.colcon_core.plugin_system:Skipping extension 'colcon_notification.desktop_notification.win32': Not used on non-Windows systems
[11.055s] INFO:colcon.colcon_notification.desktop_notification:Sending desktop notification using 'notify2'
[36.078s] DEBUG:colcon.colcon_notification.desktop_notification.notify2:Failed to initialize notify2: org.freedesktop.DBus.Error.NoReply: Did not receive a reply. Possible causes include: the remote application did not send a reply, the message bus security policy blocked the reply, the reply timeout expired, or the network connection was broken.
[36.078s] DEBUG:colcon.colcon_core.event_reactor:joined thread
[36.081s] INFO:colcon.colcon_core.shell:Creating prefix script '/root/mqtt_goal_ws/install/local_setup.ps1'
[36.088s] INFO:colcon.colcon_core.shell:Creating prefix util module '/root/mqtt_goal_ws/install/_local_setup_util_ps1.py'
[36.100s] INFO:colcon.colcon_core.shell:Creating prefix chain script '/root/mqtt_goal_ws/install/setup.ps1'
[36.116s] INFO:colcon.colcon_core.shell:Creating prefix script '/root/mqtt_goal_ws/install/local_setup.sh'
[36.120s] INFO:colcon.colcon_core.shell:Creating prefix util module '/root/mqtt_goal_ws/install/_local_setup_util_sh.py'
[36.126s] INFO:colcon.colcon_core.shell:Creating prefix chain script '/root/mqtt_goal_ws/install/setup.sh'
[36.140s] INFO:colcon.colcon_core.shell:Creating prefix script '/root/mqtt_goal_ws/install/local_setup.bash'
[36.144s] INFO:colcon.colcon_core.shell:Creating prefix chain script '/root/mqtt_goal_ws/install/setup.bash'
[36.158s] INFO:colcon.colcon_core.shell:Creating prefix script '/root/mqtt_goal_ws/install/local_setup.zsh'
[36.161s] INFO:colcon.colcon_core.shell:Creating prefix chain script '/root/mqtt_goal_ws/install/setup.zsh'
[36.175s] INFO:colcon.colcon_core.shell:Creating '/root/mqtt_goal_ws/install/spawn_shell.bash'
