[1.681s] DEBUG:colcon:Command line arguments: ['/usr/bin/colcon', 'build', '--packages-select', 'home_label_package']
[1.681s] DEBUG:colcon:Parsed command line arguments: Namespace(log_base=None, log_level=None, verb_name='build', build_base='build', install_base='install', merge_install=False, symlink_install=False, test_result_base=None, continue_on_error=False, executor='parallel', parallel_workers=8, event_handlers=None, ignore_user_meta=False, metas=['./colcon.meta'], base_paths=['.'], packages_ignore=None, packages_ignore_regex=None, paths=None, packages_up_to=None, packages_up_to_regex=None, packages_above=None, packages_above_and_dependencies=None, packages_above_depth=None, packages_select_by_dep=None, packages_skip_by_dep=None, packages_skip_up_to=None, packages_select_build_failed=False, packages_skip_build_finished=False, packages_select_test_failures=False, packages_skip_test_passed=False, packages_select=['home_label_package'], packages_skip=None, packages_select_regex=None, packages_skip_regex=None, packages_start=None, packages_end=None, allow_overriding=[], bazel_args=None, bazel_task=None, cmake_args=None, cmake_target=None, cmake_target_skip_unavailable=False, cmake_clean_cache=False, cmake_clean_first=False, cmake_force_configure=False, meson_args=[], ament_cmake_args=None, catkin_cmake_args=None, catkin_skip_building_tests=False, mixin_files=None, mixin=None, verb_parser=<colcon_alias.argument_parser.alias.AliasArgumentDecorator object at 0xffffbb3a0cd0>, verb_extension=<colcon_core.verb.build.BuildVerb object at 0xffffbb83f5e0>, main=<bound method BuildVerb.main of <colcon_core.verb.build.BuildVerb object at 0xffffbb83f5e0>>, mixin_verb=('build',))
[2.857s] Level 1:colcon.colcon_core.package_discovery:discover_packages(colcon_meta) check parameters
[2.857s] Level 1:colcon.colcon_core.package_discovery:discover_packages(recursive) check parameters
[2.858s] Level 1:colcon.colcon_core.package_discovery:discover_packages(ignore) check parameters
[2.858s] Level 1:colcon.colcon_core.package_discovery:discover_packages(path) check parameters
[2.858s] Level 1:colcon.colcon_core.package_discovery:discover_packages(colcon_meta) discover
[2.858s] Level 1:colcon.colcon_core.package_discovery:discover_packages(recursive) discover
[2.859s] INFO:colcon.colcon_core.package_discovery:Crawling recursively for packages in '/root/home_label'
[2.859s] Level 1:colcon.colcon_core.package_identification:_identify(.) by extensions ['ignore', 'ignore_ament_install']
[2.860s] Level 1:colcon.colcon_core.package_identification:_identify(.) by extension 'ignore'
[2.860s] Level 1:colcon.colcon_core.package_identification:_identify(.) by extension 'ignore_ament_install'
[2.860s] Level 1:colcon.colcon_core.package_identification:_identify(.) by extensions ['colcon_pkg']
[2.861s] Level 1:colcon.colcon_core.package_identification:_identify(.) by extension 'colcon_pkg'
[2.861s] Level 1:colcon.colcon_core.package_identification:_identify(.) by extensions ['colcon_meta']
[2.861s] Level 1:colcon.colcon_core.package_identification:_identify(.) by extension 'colcon_meta'
[2.861s] Level 1:colcon.colcon_core.package_identification:_identify(.) by extensions ['ros']
[2.862s] Level 1:colcon.colcon_core.package_identification:_identify(.) by extension 'ros'
[2.875s] Level 1:colcon.colcon_core.package_identification:_identify(.) by extensions ['bazel', 'cmake', 'meson', 'python']
[2.876s] Level 1:colcon.colcon_core.package_identification:_identify(.) by extension 'bazel'
[2.876s] Level 1:colcon.colcon_core.package_identification:_identify(.) by extension 'cmake'
[2.877s] Level 1:colcon.colcon_core.package_identification:_identify(.) by extension 'meson'
[2.877s] Level 1:colcon.colcon_core.package_identification:_identify(.) by extension 'python'
[2.877s] Level 1:colcon.colcon_core.package_identification:_identify(.) by extensions ['python_setup_py']
[2.878s] Level 1:colcon.colcon_core.package_identification:_identify(.) by extension 'python_setup_py'
[2.878s] Level 1:colcon.colcon_core.package_identification:_identify(build) by extensions ['ignore', 'ignore_ament_install']
[2.879s] Level 1:colcon.colcon_core.package_identification:_identify(build) by extension 'ignore'
[2.879s] Level 1:colcon.colcon_core.package_identification:_identify(build) ignored
[2.880s] Level 1:colcon.colcon_core.package_identification:_identify(install) by extensions ['ignore', 'ignore_ament_install']
[2.880s] Level 1:colcon.colcon_core.package_identification:_identify(install) by extension 'ignore'
[2.880s] Level 1:colcon.colcon_core.package_identification:_identify(install) ignored
[2.881s] Level 1:colcon.colcon_core.package_identification:_identify(log) by extensions ['ignore', 'ignore_ament_install']
[2.882s] Level 1:colcon.colcon_core.package_identification:_identify(log) by extension 'ignore'
[2.882s] Level 1:colcon.colcon_core.package_identification:_identify(log) ignored
[2.883s] Level 1:colcon.colcon_core.package_identification:_identify(src) by extensions ['ignore', 'ignore_ament_install']
[2.883s] Level 1:colcon.colcon_core.package_identification:_identify(src) by extension 'ignore'
[2.884s] Level 1:colcon.colcon_core.package_identification:_identify(src) by extension 'ignore_ament_install'
[2.884s] Level 1:colcon.colcon_core.package_identification:_identify(src) by extensions ['colcon_pkg']
[2.884s] Level 1:colcon.colcon_core.package_identification:_identify(src) by extension 'colcon_pkg'
[2.884s] Level 1:colcon.colcon_core.package_identification:_identify(src) by extensions ['colcon_meta']
[2.885s] Level 1:colcon.colcon_core.package_identification:_identify(src) by extension 'colcon_meta'
[2.885s] Level 1:colcon.colcon_core.package_identification:_identify(src) by extensions ['ros']
[2.885s] Level 1:colcon.colcon_core.package_identification:_identify(src) by extension 'ros'
[2.886s] Level 1:colcon.colcon_core.package_identification:_identify(src) by extensions ['bazel', 'cmake', 'meson', 'python']
[2.886s] Level 1:colcon.colcon_core.package_identification:_identify(src) by extension 'bazel'
[2.886s] Level 1:colcon.colcon_core.package_identification:_identify(src) by extension 'cmake'
[2.886s] Level 1:colcon.colcon_core.package_identification:_identify(src) by extension 'meson'
[2.887s] Level 1:colcon.colcon_core.package_identification:_identify(src) by extension 'python'
[2.887s] Level 1:colcon.colcon_core.package_identification:_identify(src) by extensions ['python_setup_py']
[2.887s] Level 1:colcon.colcon_core.package_identification:_identify(src) by extension 'python_setup_py'
[2.888s] Level 1:colcon.colcon_core.package_identification:_identify(src/home_label_package) by extensions ['ignore', 'ignore_ament_install']
[2.889s] Level 1:colcon.colcon_core.package_identification:_identify(src/home_label_package) by extension 'ignore'
[2.889s] Level 1:colcon.colcon_core.package_identification:_identify(src/home_label_package) by extension 'ignore_ament_install'
[2.889s] Level 1:colcon.colcon_core.package_identification:_identify(src/home_label_package) by extensions ['colcon_pkg']
[2.890s] Level 1:colcon.colcon_core.package_identification:_identify(src/home_label_package) by extension 'colcon_pkg'
[2.890s] Level 1:colcon.colcon_core.package_identification:_identify(src/home_label_package) by extensions ['colcon_meta']
[2.890s] Level 1:colcon.colcon_core.package_identification:_identify(src/home_label_package) by extension 'colcon_meta'
[2.890s] Level 1:colcon.colcon_core.package_identification:_identify(src/home_label_package) by extensions ['ros']
[2.891s] Level 1:colcon.colcon_core.package_identification:_identify(src/home_label_package) by extension 'ros'
[2.905s] DEBUG:colcon.colcon_core.package_identification:Package 'src/home_label_package' with type 'ros.ament_python' and name 'home_label_package'
[2.905s] Level 1:colcon.colcon_core.package_discovery:discover_packages(recursive) using defaults
[2.905s] Level 1:colcon.colcon_core.package_discovery:discover_packages(ignore) discover
[2.906s] Level 1:colcon.colcon_core.package_discovery:discover_packages(ignore) using defaults
[2.906s] Level 1:colcon.colcon_core.package_discovery:discover_packages(path) discover
[2.906s] Level 1:colcon.colcon_core.package_discovery:discover_packages(path) using defaults
[3.003s] Level 1:colcon.colcon_core.package_discovery:discover_packages(prefix_path) check parameters
[3.004s] Level 1:colcon.colcon_core.package_discovery:discover_packages(prefix_path) discover
[3.017s] DEBUG:colcon.colcon_installed_package_information.package_discovery:Found 1 installed packages in /root/home_label/install
[3.020s] DEBUG:colcon.colcon_installed_package_information.package_discovery:Found 3 installed packages in /root/uros_ws/install
[3.025s] DEBUG:colcon.colcon_installed_package_information.package_discovery:Found 15 installed packages in /userdata/dev_ws/install
[3.029s] DEBUG:colcon.colcon_installed_package_information.package_discovery:Found 55 installed packages in /opt/tros/humble
[3.039s] DEBUG:colcon.colcon_installed_package_information.package_discovery:Found 264 installed packages in /opt/ros/humble
[3.050s] Level 1:colcon.colcon_core.package_discovery:discover_packages(prefix_path) using defaults
[3.403s] Level 5:colcon.colcon_core.verb:set package 'home_label_package' build argument 'bazel_args' from command line to 'None'
[3.404s] Level 5:colcon.colcon_core.verb:set package 'home_label_package' build argument 'bazel_task' from command line to 'None'
[3.404s] Level 5:colcon.colcon_core.verb:set package 'home_label_package' build argument 'cmake_args' from command line to 'None'
[3.404s] Level 5:colcon.colcon_core.verb:set package 'home_label_package' build argument 'cmake_target' from command line to 'None'
[3.404s] Level 5:colcon.colcon_core.verb:set package 'home_label_package' build argument 'cmake_target_skip_unavailable' from command line to 'False'
[3.405s] Level 5:colcon.colcon_core.verb:set package 'home_label_package' build argument 'cmake_clean_cache' from command line to 'False'
[3.405s] Level 5:colcon.colcon_core.verb:set package 'home_label_package' build argument 'cmake_clean_first' from command line to 'False'
[3.405s] Level 5:colcon.colcon_core.verb:set package 'home_label_package' build argument 'cmake_force_configure' from command line to 'False'
[3.405s] Level 5:colcon.colcon_core.verb:set package 'home_label_package' build argument 'meson_args' from command line to '[]'
[3.405s] Level 5:colcon.colcon_core.verb:set package 'home_label_package' build argument 'ament_cmake_args' from command line to 'None'
[3.405s] Level 5:colcon.colcon_core.verb:set package 'home_label_package' build argument 'catkin_cmake_args' from command line to 'None'
[3.406s] Level 5:colcon.colcon_core.verb:set package 'home_label_package' build argument 'catkin_skip_building_tests' from command line to 'False'
[3.406s] DEBUG:colcon.colcon_core.verb:Building package 'home_label_package' with the following arguments: {'ament_cmake_args': None, 'bazel_args': None, 'bazel_task': None, 'build_base': '/root/home_label/build/home_label_package', 'catkin_cmake_args': None, 'catkin_skip_building_tests': False, 'cmake_args': None, 'cmake_clean_cache': False, 'cmake_clean_first': False, 'cmake_force_configure': False, 'cmake_target': None, 'cmake_target_skip_unavailable': False, 'install_base': '/root/home_label/install/home_label_package', 'merge_install': False, 'meson_args': [], 'path': '/root/home_label/src/home_label_package', 'symlink_install': False, 'test_result_base': None}
[3.407s] INFO:colcon.colcon_core.executor:Executing jobs using 'parallel' executor
[3.412s] DEBUG:colcon.colcon_parallel_executor.executor.parallel:run_until_complete
[3.413s] INFO:colcon.colcon_ros.task.ament_python.build:Building ROS package in '/root/home_label/src/home_label_package' with build type 'ament_python'
[3.414s] Level 1:colcon.colcon_core.shell:create_environment_hook('home_label_package', 'ament_prefix_path')
[3.428s] INFO:colcon.colcon_core.plugin_system:Skipping extension 'colcon_core.shell.bat': Not used on non-Windows systems
[3.430s] INFO:colcon.colcon_core.shell:Creating environment hook '/root/home_label/install/home_label_package/share/home_label_package/hook/ament_prefix_path.ps1'
[3.434s] INFO:colcon.colcon_core.shell:Creating environment descriptor '/root/home_label/install/home_label_package/share/home_label_package/hook/ament_prefix_path.dsv'
[3.437s] INFO:colcon.colcon_core.shell:Creating environment hook '/root/home_label/install/home_label_package/share/home_label_package/hook/ament_prefix_path.sh'
[3.442s] DEBUG:colcon.colcon_ros_domain_id_coordinator.shell.ros_domain_id:Allocated ROS_DOMAIN_ID=5 for '/root/home_label/build/home_label_package'
[3.442s] INFO:colcon.colcon_core.shell:Skip shell extension 'ros_domain_id' for command environment: 
[3.442s] INFO:colcon.colcon_core.shell:Skip shell extension 'powershell' for command environment: Not usable outside of PowerShell
[3.443s] DEBUG:colcon.colcon_core.shell:Skip shell extension 'dsv' for command environment
[5.180s] INFO:colcon.colcon_core.task.python.build:Building Python package in '/root/home_label/src/home_label_package'
[5.182s] DEBUG:colcon.colcon_ros_domain_id_coordinator.shell.ros_domain_id:Allocated ROS_DOMAIN_ID=5 for '/root/home_label/build/home_label_package'
[5.183s] INFO:colcon.colcon_core.shell:Skip shell extension 'ros_domain_id' for command environment: 
[5.183s] INFO:colcon.colcon_core.shell:Skip shell extension 'powershell' for command environment: Not usable outside of PowerShell
[5.183s] DEBUG:colcon.colcon_core.shell:Skip shell extension 'dsv' for command environment
[7.566s] DEBUG:colcon.colcon_core.event_handler.log_command:Invoking command in '/root/home_label/src/home_label_package': PYTHONPATH=/root/home_label/build/home_label_package/prefix_override:/usr/lib/python3/dist-packages/colcon_core/task/python/colcon_distutils_commands:/root/home_label/install/home_label_package/lib/python3.10/site-packages:${PYTHONPATH} /usr/bin/python3 -W ignore:setup.py install is deprecated -W ignore:easy_install command is deprecated setup.py egg_info --egg-base ../../build/home_label_package build --build-base /root/home_label/build/home_label_package/build install --record /root/home_label/build/home_label_package/install.log --single-version-externally-managed install_data
[9.542s] DEBUG:colcon.colcon_core.event_handler.log_command:Invoked command in '/root/home_label/src/home_label_package' returned '0': PYTHONPATH=/root/home_label/build/home_label_package/prefix_override:/usr/lib/python3/dist-packages/colcon_core/task/python/colcon_distutils_commands:/root/home_label/install/home_label_package/lib/python3.10/site-packages:${PYTHONPATH} /usr/bin/python3 -W ignore:setup.py install is deprecated -W ignore:easy_install command is deprecated setup.py egg_info --egg-base ../../build/home_label_package build --build-base /root/home_label/build/home_label_package/build install --record /root/home_label/build/home_label_package/install.log --single-version-externally-managed install_data
[9.590s] Level 1:colcon.colcon_core.environment:checking '/root/home_label/install/home_label_package' for CMake module files
[9.597s] Level 1:colcon.colcon_core.environment:checking '/root/home_label/install/home_label_package' for CMake config files
[9.609s] Level 1:colcon.colcon_core.environment:checking '/root/home_label/install/home_label_package/lib'
[9.612s] Level 1:colcon.colcon_core.environment:checking '/root/home_label/install/home_label_package/bin'
[9.614s] Level 1:colcon.colcon_core.environment:checking '/root/home_label/install/home_label_package/lib/pkgconfig/home_label_package.pc'
[9.618s] Level 1:colcon.colcon_core.environment:checking '/root/home_label/install/home_label_package/lib/python3.10/site-packages'
[9.619s] Level 1:colcon.colcon_core.shell:create_environment_hook('home_label_package', 'pythonpath')
[9.623s] INFO:colcon.colcon_core.shell:Creating environment hook '/root/home_label/install/home_label_package/share/home_label_package/hook/pythonpath.ps1'
[9.627s] INFO:colcon.colcon_core.shell:Creating environment descriptor '/root/home_label/install/home_label_package/share/home_label_package/hook/pythonpath.dsv'
[9.631s] INFO:colcon.colcon_core.shell:Creating environment hook '/root/home_label/install/home_label_package/share/home_label_package/hook/pythonpath.sh'
[9.638s] Level 1:colcon.colcon_core.environment:checking '/root/home_label/install/home_label_package/bin'
[9.638s] Level 1:colcon.colcon_core.environment:create_environment_scripts_only(home_label_package)
[9.641s] INFO:colcon.colcon_core.shell:Creating package script '/root/home_label/install/home_label_package/share/home_label_package/package.ps1'
[9.648s] INFO:colcon.colcon_core.shell:Creating package descriptor '/root/home_label/install/home_label_package/share/home_label_package/package.dsv'
[9.652s] INFO:colcon.colcon_core.shell:Creating package script '/root/home_label/install/home_label_package/share/home_label_package/package.sh'
[9.658s] INFO:colcon.colcon_core.shell:Creating package script '/root/home_label/install/home_label_package/share/home_label_package/package.bash'
[9.663s] INFO:colcon.colcon_core.shell:Creating package script '/root/home_label/install/home_label_package/share/home_label_package/package.zsh'
[9.668s] Level 1:colcon.colcon_core.environment:create_file_with_runtime_dependencies(/root/home_label/install/home_label_package/share/colcon-core/packages/home_label_package)
[9.670s] DEBUG:colcon.colcon_parallel_executor.executor.parallel:closing loop
[9.670s] DEBUG:colcon.colcon_ros_domain_id_coordinator.shell.ros_domain_id:Released ROS_DOMAIN_ID=5 for '/root/home_label/build/home_label_package'
[9.671s] DEBUG:colcon.colcon_parallel_executor.executor.parallel:loop closed
[9.673s] DEBUG:colcon.colcon_parallel_executor.executor.parallel:run_until_complete finished with '0'
[9.674s] DEBUG:colcon.colcon_core.event_reactor:joining thread
[9.707s] INFO:colcon.colcon_core.plugin_system:Skipping extension 'colcon_notification.desktop_notification.notify_send': Could not find 'notify-send'
[9.708s] INFO:colcon.colcon_core.plugin_system:Skipping extension 'colcon_notification.desktop_notification.terminal_notifier': Not used on non-Darwin systems
[9.709s] INFO:colcon.colcon_core.plugin_system:Skipping extension 'colcon_notification.desktop_notification.win32': Not used on non-Windows systems
[9.709s] INFO:colcon.colcon_notification.desktop_notification:Sending desktop notification using 'notify2'
[34.733s] DEBUG:colcon.colcon_notification.desktop_notification.notify2:Failed to initialize notify2: org.freedesktop.DBus.Error.NoReply: Did not receive a reply. Possible causes include: the remote application did not send a reply, the message bus security policy blocked the reply, the reply timeout expired, or the network connection was broken.
[34.734s] DEBUG:colcon.colcon_core.event_reactor:joined thread
[34.736s] INFO:colcon.colcon_core.shell:Creating prefix script '/root/home_label/install/local_setup.ps1'
[34.743s] INFO:colcon.colcon_core.shell:Creating prefix util module '/root/home_label/install/_local_setup_util_ps1.py'
[34.754s] INFO:colcon.colcon_core.shell:Creating prefix chain script '/root/home_label/install/setup.ps1'
[34.766s] INFO:colcon.colcon_core.shell:Creating prefix script '/root/home_label/install/local_setup.sh'
[34.770s] INFO:colcon.colcon_core.shell:Creating prefix util module '/root/home_label/install/_local_setup_util_sh.py'
[34.775s] INFO:colcon.colcon_core.shell:Creating prefix chain script '/root/home_label/install/setup.sh'
[34.788s] INFO:colcon.colcon_core.shell:Creating prefix script '/root/home_label/install/local_setup.bash'
[34.792s] INFO:colcon.colcon_core.shell:Creating prefix chain script '/root/home_label/install/setup.bash'
[34.803s] INFO:colcon.colcon_core.shell:Creating prefix script '/root/home_label/install/local_setup.zsh'
[34.806s] INFO:colcon.colcon_core.shell:Creating prefix chain script '/root/home_label/install/setup.zsh'
[34.816s] INFO:colcon.colcon_core.shell:Creating '/root/home_label/install/spawn_shell.bash'
