[4.006s] Invoking command in '/root/label_goal/src/label_goal_package': PYTHONPATH=/root/label_goal/build/label_goal_package/prefix_override:/usr/lib/python3/dist-packages/colcon_core/task/python/colcon_distutils_commands:/root/label_goal/install/label_goal_package/lib/python3.10/site-packages:${PYTHONPATH} /usr/bin/python3 -W ignore:setup.py install is deprecated -W ignore:easy_install command is deprecated setup.py egg_info --egg-base ../../build/label_goal_package build --build-base /root/label_goal/build/label_goal_package/build install --record /root/label_goal/build/label_goal_package/install.log --single-version-externally-managed install_data
[5.540s] running egg_info
[5.545s] writing ../../build/label_goal_package/label_goal_package.egg-info/PKG-INFO
[5.546s] writing dependency_links to ../../build/label_goal_package/label_goal_package.egg-info/dependency_links.txt
[5.547s] writing entry points to ../../build/label_goal_package/label_goal_package.egg-info/entry_points.txt
[5.548s] writing requirements to ../../build/label_goal_package/label_goal_package.egg-info/requires.txt
[5.548s] writing top-level names to ../../build/label_goal_package/label_goal_package.egg-info/top_level.txt
[5.557s] reading manifest file '../../build/label_goal_package/label_goal_package.egg-info/SOURCES.txt'
[5.562s] writing manifest file '../../build/label_goal_package/label_goal_package.egg-info/SOURCES.txt'
[5.563s] running build
[5.563s] running build_py
[5.564s] running install
[5.566s] running install_lib
[5.572s] running install_data
[5.573s] running install_egg_info
[5.582s] removing '/root/label_goal/install/label_goal_package/lib/python3.10/site-packages/label_goal_package-0.0.0-py3.10.egg-info' (and everything under it)
[5.583s] Copying ../../build/label_goal_package/label_goal_package.egg-info to /root/label_goal/install/label_goal_package/lib/python3.10/site-packages/label_goal_package-0.0.0-py3.10.egg-info
[5.588s] running install_scripts
[5.705s] Installing label_goal_node script to /root/label_goal/install/label_goal_package/lib/label_goal_package
[5.707s] writing list of installed files to '/root/label_goal/build/label_goal_package/install.log'
[5.913s] Invoked command in '/root/label_goal/src/label_goal_package' returned '0': PYTHONPATH=/root/label_goal/build/label_goal_package/prefix_override:/usr/lib/python3/dist-packages/colcon_core/task/python/colcon_distutils_commands:/root/label_goal/install/label_goal_package/lib/python3.10/site-packages:${PYTHONPATH} /usr/bin/python3 -W ignore:setup.py install is deprecated -W ignore:easy_install command is deprecated setup.py egg_info --egg-base ../../build/label_goal_package build --build-base /root/label_goal/build/label_goal_package/build install --record /root/label_goal/build/label_goal_package/install.log --single-version-externally-managed install_data
