[0.000000] (-) TimerEvent: {}
[0.000657] (ultrasonic_sensors) JobQueued: {'identifier': 'ultrasonic_sensors', 'dependencies': OrderedDict()}
[0.000839] (ultrasonic_sensors) JobStarted: {'identifier': 'ultrasonic_sensors'}
[0.097154] (-) TimerEvent: {}
[0.198184] (-) TimerEvent: {}
[0.299018] (-) TimerEvent: {}
[0.399540] (-) TimerEvent: {}
[0.500054] (-) TimerEvent: {}
[0.605845] (-) TimerEvent: {}
[0.711169] (-) TimerEvent: {}
[0.812220] (-) TimerEvent: {}
[0.913263] (-) TimerEvent: {}
[1.014201] (-) TimerEvent: {}
[1.114955] (-) TimerEvent: {}
[1.215770] (-) TimerEvent: {}
[1.316326] (-) TimerEvent: {}
[1.416909] (-) TimerEvent: {}
[1.517914] (-) TimerEvent: {}
[1.618764] (-) TimerEvent: {}
[1.719333] (-) TimerEvent: {}
[1.728610] (ultrasonic_sensors) Command: {'cmd': ['/usr/bin/python3', '-W', 'ignore:setup.py install is deprecated', '-W', 'ignore:easy_install command is deprecated', 'setup.py', 'develop', '--editable', '--build-directory', '/root/ros2Ultrasonic_ws/build/ultrasonic_sensors/build', '--no-deps', 'symlink_data'], 'cwd': '/root/ros2Ultrasonic_ws/build/ultrasonic_sensors', 'env': {'UMS_MOUNTPOINT': '/mnt/ums', 'GST_V4L2_PREFERRED_FOURCC': 'NV12:YU12:NV16:YUY2', 'LANGUAGE': 'en_US.UTF-8', 'USER': 'root', 'SSH_CLIENT': '192.168.0.138 55555 22', 'XDG_SESSION_TYPE': 'tty', 'SHLVL': '1', 'USB_FUNCS': 'adb', 'LD_LIBRARY_PATH': '/opt/ros/humble/opt/rviz_ogre_vendor/lib:/opt/ros/humble/lib/aarch64-linux-gnu:/opt/ros/humble/lib', 'MOTD_SHOWN': 'pam', 'HOME': '/root', 'OLDPWD': '/root', 'SSH_TTY': '/dev/pts/0', 'GST_INSPECT_NO_COLORS': '1', 'GST_MPP_NO_RGA': '1', 'ROS_PYTHON_VERSION': '3', 'COGL_DRIVER': 'gles2', 'DBUS_SESSION_BUS_ADDRESS': 'unix:path=/run/user/0/bus', 'COLCON_PREFIX_PATH': '/root/ros2Ultrasonic_ws/install', 'GST_V4L2SRC_MAX_RESOLUTION': '3840x2160', 'ROS_DISTRO': 'humble', 'LOGNAME': 'root', '_': '/usr/bin/colcon', 'ROS_VERSION': '2', 'XDG_SESSION_CLASS': 'user', 'TERM': 'xterm', 'GST_GL_API': 'gles2', 'XDG_SESSION_ID': '7', 'GST_VIDEO_CONVERT_PREFERRED_FORMAT': 'NV12:NV16:I420:YUY2', 'GST_V4L2SRC_RK_DEVICES': '_mainpath:_selfpath:_bypass:_scale', 'ROS_LOCALHOST_ONLY': '0', 'PATH': '/opt/ros/humble/bin:/usr/local/sbin:/usr/local/bin:/usr/sbin:/usr/bin:/sbin:/bin:/usr/games:/usr/local/games:/snap/bin', 'XDG_RUNTIME_DIR': '/run/user/0', 'GST_GL_PLATFORM': 'egl', 'GST_DEBUG_NO_COLOR': '1', 'GST_V4L2SRC_DEFAULT_DEVICE': '/dev/video-camera0', 'DISPLAY': 'localhost:10.0', 'LANG': 'en_US.UTF-8', 'GST_V4L2_USE_LIBV4L2': '1', 'UMS_SIZE': '256M', 'AMENT_PREFIX_PATH': '/root/ros2Ultrasonic_ws/install/ultrasonic_sensors:/opt/ros/humble', 'LC_MESSAGES': 'en_US.UTF-8', 'SHELL': '/bin/bash', 'UMS_RO': '0', 'UMS_FSTYPE': 'vfat', 'PWD': '/root/ros2Ultrasonic_ws/build/ultrasonic_sensors', 'LC_ALL': 'en_US.UTF-8', 'SSH_CONNECTION': '192.168.0.138 55555 192.168.0.224 22', 'PYTHONPATH': '/root/ros2Ultrasonic_ws/build/ultrasonic_sensors/prefix_override:/usr/lib/python3/dist-packages/colcon_core/task/python/colcon_distutils_commands:/root/ros2Ultrasonic_ws/install/ultrasonic_sensors/lib/python3.10/site-packages:/root/ros2Ultrasonic_ws/build/ultrasonic_sensors:/root/ros2Ultrasonic_ws/install/ultrasonic_sensors/lib/python3.10/site-packages:/opt/ros/humble/lib/python3.10/site-packages:/opt/ros/humble/local/lib/python3.10/dist-packages', 'UMS_MOUNT': '0', 'COLCON': '1', 'UMS_FILE': '/userdata/ums_shared.img'}, 'shell': False}
[1.819704] (-) TimerEvent: {}
[1.920784] (-) TimerEvent: {}
[2.021841] (-) TimerEvent: {}
[2.122843] (-) TimerEvent: {}
[2.176591] (ultrasonic_sensors) StdoutLine: {'line': b'running develop\n'}
[2.223234] (-) TimerEvent: {}
[2.324287] (-) TimerEvent: {}
[2.416564] (ultrasonic_sensors) StdoutLine: {'line': b'running egg_info\n'}
[2.424553] (-) TimerEvent: {}
[2.434807] (ultrasonic_sensors) StdoutLine: {'line': b'writing ultrasonic_sensors.egg-info/PKG-INFO\n'}
[2.438657] (ultrasonic_sensors) StdoutLine: {'line': b'writing dependency_links to ultrasonic_sensors.egg-info/dependency_links.txt\n'}
[2.439355] (ultrasonic_sensors) StdoutLine: {'line': b'writing entry points to ultrasonic_sensors.egg-info/entry_points.txt\n'}
[2.443589] (ultrasonic_sensors) StdoutLine: {'line': b'writing requirements to ultrasonic_sensors.egg-info/requires.txt\n'}
[2.444434] (ultrasonic_sensors) StdoutLine: {'line': b'writing top-level names to ultrasonic_sensors.egg-info/top_level.txt\n'}
[2.501082] (ultrasonic_sensors) StdoutLine: {'line': b"reading manifest file 'ultrasonic_sensors.egg-info/SOURCES.txt'\n"}
[2.503759] (ultrasonic_sensors) StdoutLine: {'line': b"writing manifest file 'ultrasonic_sensors.egg-info/SOURCES.txt'\n"}
[2.525053] (ultrasonic_sensors) StdoutLine: {'line': b'running build_ext\n'}
[2.525794] (-) TimerEvent: {}
[2.526442] (ultrasonic_sensors) StdoutLine: {'line': b'Creating /root/ros2Ultrasonic_ws/install/ultrasonic_sensors/lib/python3.10/site-packages/ultrasonic-sensors.egg-link (link to .)\n'}
[2.527372] (ultrasonic_sensors) StdoutLine: {'line': b'Installing ultrasonic_node2 script to /root/ros2Ultrasonic_ws/install/ultrasonic_sensors/lib/ultrasonic_sensors\n'}
[2.533656] (ultrasonic_sensors) StdoutLine: {'line': b'\n'}
[2.534046] (ultrasonic_sensors) StdoutLine: {'line': b'Installed /root/ros2Ultrasonic_ws/build/ultrasonic_sensors\n'}
[2.534414] (ultrasonic_sensors) StdoutLine: {'line': b'running symlink_data\n'}
[2.626297] (-) TimerEvent: {}
[2.666157] (ultrasonic_sensors) CommandEnded: {'returncode': 0}
[2.727487] (-) TimerEvent: {}
[2.739020] (ultrasonic_sensors) JobEnded: {'identifier': 'ultrasonic_sensors', 'rc': 0}
[2.740832] (-) EventReactorShutdown: {}
