[0.466s] DEBUG:colcon:Command line arguments: ['/usr/bin/colcon', 'build', '--symlink-install', '--packages-select', 'ultrasonic_sensors']
[0.467s] DEBUG:colcon:Parsed command line arguments: Namespace(log_base=None, log_level=None, verb_name='build', build_base='build', install_base='install', merge_install=False, symlink_install=True, test_result_base=None, continue_on_error=False, executor='parallel', parallel_workers=8, event_handlers=None, ignore_user_meta=False, metas=['./colcon.meta'], base_paths=['.'], packages_ignore=None, packages_ignore_regex=None, paths=None, packages_up_to=None, packages_up_to_regex=None, packages_above=None, packages_above_and_dependencies=None, packages_above_depth=None, packages_select_by_dep=None, packages_skip_by_dep=None, packages_skip_up_to=None, packages_select_build_failed=False, packages_skip_build_finished=False, packages_select_test_failures=False, packages_skip_test_passed=False, packages_select=['ultrasonic_sensors'], packages_skip=None, packages_select_regex=None, packages_skip_regex=None, packages_start=None, packages_end=None, cmake_args=None, cmake_target=None, cmake_target_skip_unavailable=False, cmake_clean_cache=False, cmake_clean_first=False, cmake_force_configure=False, ament_cmake_args=None, catkin_cmake_args=None, catkin_skip_building_tests=False, mixin_files=None, mixin=None, verb_parser=<colcon_mixin.mixin.mixin_argument.MixinArgumentDecorator object at 0x7fa8e1eda0>, verb_extension=<colcon_core.verb.build.BuildVerb object at 0x7fa900cc70>, main=<bound method BuildVerb.main of <colcon_core.verb.build.BuildVerb object at 0x7fa900cc70>>, mixin_verb=('build',))
[0.667s] Level 1:colcon.colcon_core.package_discovery:discover_packages(colcon_meta) check parameters
[0.667s] Level 1:colcon.colcon_core.package_discovery:discover_packages(recursive) check parameters
[0.668s] Level 1:colcon.colcon_core.package_discovery:discover_packages(ignore) check parameters
[0.668s] Level 1:colcon.colcon_core.package_discovery:discover_packages(path) check parameters
[0.668s] Level 1:colcon.colcon_core.package_discovery:discover_packages(colcon_meta) discover
[0.668s] Level 1:colcon.colcon_core.package_discovery:discover_packages(recursive) discover
[0.668s] INFO:colcon.colcon_core.package_discovery:Crawling recursively for packages in '/root/ros2Ultrasonic_ws'
[0.668s] Level 1:colcon.colcon_core.package_identification:_identify(.) by extensions ['ignore', 'ignore_ament_install']
[0.668s] Level 1:colcon.colcon_core.package_identification:_identify(.) by extension 'ignore'
[0.668s] Level 1:colcon.colcon_core.package_identification:_identify(.) by extension 'ignore_ament_install'
[0.669s] Level 1:colcon.colcon_core.package_identification:_identify(.) by extensions ['colcon_pkg']
[0.669s] Level 1:colcon.colcon_core.package_identification:_identify(.) by extension 'colcon_pkg'
[0.669s] Level 1:colcon.colcon_core.package_identification:_identify(.) by extensions ['colcon_meta']
[0.669s] Level 1:colcon.colcon_core.package_identification:_identify(.) by extension 'colcon_meta'
[0.669s] Level 1:colcon.colcon_core.package_identification:_identify(.) by extensions ['ros']
[0.669s] Level 1:colcon.colcon_core.package_identification:_identify(.) by extension 'ros'
[0.730s] Level 1:colcon.colcon_core.package_identification:_identify(.) by extensions ['cmake', 'python']
[0.730s] Level 1:colcon.colcon_core.package_identification:_identify(.) by extension 'cmake'
[0.731s] Level 1:colcon.colcon_core.package_identification:_identify(.) by extension 'python'
[0.731s] Level 1:colcon.colcon_core.package_identification:_identify(.) by extensions ['python_setup_py']
[0.731s] Level 1:colcon.colcon_core.package_identification:_identify(.) by extension 'python_setup_py'
[0.731s] Level 1:colcon.colcon_core.package_identification:_identify(build) by extensions ['ignore', 'ignore_ament_install']
[0.731s] Level 1:colcon.colcon_core.package_identification:_identify(build) by extension 'ignore'
[0.731s] Level 1:colcon.colcon_core.package_identification:_identify(build) ignored
[0.731s] Level 1:colcon.colcon_core.package_identification:_identify(install) by extensions ['ignore', 'ignore_ament_install']
[0.732s] Level 1:colcon.colcon_core.package_identification:_identify(install) by extension 'ignore'
[0.732s] Level 1:colcon.colcon_core.package_identification:_identify(install) ignored
[0.732s] Level 1:colcon.colcon_core.package_identification:_identify(log) by extensions ['ignore', 'ignore_ament_install']
[0.732s] Level 1:colcon.colcon_core.package_identification:_identify(log) by extension 'ignore'
[0.732s] Level 1:colcon.colcon_core.package_identification:_identify(log) ignored
[0.732s] Level 1:colcon.colcon_core.package_identification:_identify(src) by extensions ['ignore', 'ignore_ament_install']
[0.732s] Level 1:colcon.colcon_core.package_identification:_identify(src) by extension 'ignore'
[0.732s] Level 1:colcon.colcon_core.package_identification:_identify(src) by extension 'ignore_ament_install'
[0.732s] Level 1:colcon.colcon_core.package_identification:_identify(src) by extensions ['colcon_pkg']
[0.732s] Level 1:colcon.colcon_core.package_identification:_identify(src) by extension 'colcon_pkg'
[0.732s] Level 1:colcon.colcon_core.package_identification:_identify(src) by extensions ['colcon_meta']
[0.732s] Level 1:colcon.colcon_core.package_identification:_identify(src) by extension 'colcon_meta'
[0.732s] Level 1:colcon.colcon_core.package_identification:_identify(src) by extensions ['ros']
[0.732s] Level 1:colcon.colcon_core.package_identification:_identify(src) by extension 'ros'
[0.732s] Level 1:colcon.colcon_core.package_identification:_identify(src) by extensions ['cmake', 'python']
[0.732s] Level 1:colcon.colcon_core.package_identification:_identify(src) by extension 'cmake'
[0.732s] Level 1:colcon.colcon_core.package_identification:_identify(src) by extension 'python'
[0.733s] Level 1:colcon.colcon_core.package_identification:_identify(src) by extensions ['python_setup_py']
[0.733s] Level 1:colcon.colcon_core.package_identification:_identify(src) by extension 'python_setup_py'
[0.733s] Level 1:colcon.colcon_core.package_identification:_identify(src/ultrasonic_sensors) by extensions ['ignore', 'ignore_ament_install']
[0.733s] Level 1:colcon.colcon_core.package_identification:_identify(src/ultrasonic_sensors) by extension 'ignore'
[0.733s] Level 1:colcon.colcon_core.package_identification:_identify(src/ultrasonic_sensors) by extension 'ignore_ament_install'
[0.733s] Level 1:colcon.colcon_core.package_identification:_identify(src/ultrasonic_sensors) by extensions ['colcon_pkg']
[0.733s] Level 1:colcon.colcon_core.package_identification:_identify(src/ultrasonic_sensors) by extension 'colcon_pkg'
[0.733s] Level 1:colcon.colcon_core.package_identification:_identify(src/ultrasonic_sensors) by extensions ['colcon_meta']
[0.733s] Level 1:colcon.colcon_core.package_identification:_identify(src/ultrasonic_sensors) by extension 'colcon_meta'
[0.733s] Level 1:colcon.colcon_core.package_identification:_identify(src/ultrasonic_sensors) by extensions ['ros']
[0.733s] Level 1:colcon.colcon_core.package_identification:_identify(src/ultrasonic_sensors) by extension 'ros'
[0.740s] DEBUG:colcon.colcon_core.package_identification:Package 'src/ultrasonic_sensors' with type 'ros.ament_python' and name 'ultrasonic_sensors'
[0.740s] Level 1:colcon.colcon_core.package_discovery:discover_packages(recursive) using defaults
[0.740s] Level 1:colcon.colcon_core.package_discovery:discover_packages(ignore) discover
[0.740s] Level 1:colcon.colcon_core.package_discovery:discover_packages(ignore) using defaults
[0.740s] Level 1:colcon.colcon_core.package_discovery:discover_packages(path) discover
[0.740s] Level 1:colcon.colcon_core.package_discovery:discover_packages(path) using defaults
[0.833s] Level 5:colcon.colcon_core.verb:set package 'ultrasonic_sensors' build argument 'cmake_args' from command line to 'None'
[0.833s] Level 5:colcon.colcon_core.verb:set package 'ultrasonic_sensors' build argument 'cmake_target' from command line to 'None'
[0.833s] Level 5:colcon.colcon_core.verb:set package 'ultrasonic_sensors' build argument 'cmake_target_skip_unavailable' from command line to 'False'
[0.833s] Level 5:colcon.colcon_core.verb:set package 'ultrasonic_sensors' build argument 'cmake_clean_cache' from command line to 'False'
[0.833s] Level 5:colcon.colcon_core.verb:set package 'ultrasonic_sensors' build argument 'cmake_clean_first' from command line to 'False'
[0.834s] Level 5:colcon.colcon_core.verb:set package 'ultrasonic_sensors' build argument 'cmake_force_configure' from command line to 'False'
[0.834s] Level 5:colcon.colcon_core.verb:set package 'ultrasonic_sensors' build argument 'ament_cmake_args' from command line to 'None'
[0.834s] Level 5:colcon.colcon_core.verb:set package 'ultrasonic_sensors' build argument 'catkin_cmake_args' from command line to 'None'
[0.834s] Level 5:colcon.colcon_core.verb:set package 'ultrasonic_sensors' build argument 'catkin_skip_building_tests' from command line to 'False'
[0.834s] DEBUG:colcon.colcon_core.verb:Building package 'ultrasonic_sensors' with the following arguments: {'ament_cmake_args': None, 'build_base': '/root/ros2Ultrasonic_ws/build/ultrasonic_sensors', 'catkin_cmake_args': None, 'catkin_skip_building_tests': False, 'cmake_args': None, 'cmake_clean_cache': False, 'cmake_clean_first': False, 'cmake_force_configure': False, 'cmake_target': None, 'cmake_target_skip_unavailable': False, 'install_base': '/root/ros2Ultrasonic_ws/install/ultrasonic_sensors', 'merge_install': False, 'path': '/root/ros2Ultrasonic_ws/src/ultrasonic_sensors', 'symlink_install': True, 'test_result_base': None}
[0.834s] INFO:colcon.colcon_core.executor:Executing jobs using 'parallel' executor
[0.837s] DEBUG:colcon.colcon_parallel_executor.executor.parallel:run_until_complete
[0.838s] INFO:colcon.colcon_ros.task.ament_python.build:Building ROS package in '/root/ros2Ultrasonic_ws/src/ultrasonic_sensors' with build type 'ament_python'
[0.838s] Level 1:colcon.colcon_core.shell:create_environment_hook('ultrasonic_sensors', 'ament_prefix_path')
[0.852s] INFO:colcon.colcon_core.plugin_system:Skipping extension 'colcon_core.shell.bat': Not used on non-Windows systems
[0.852s] INFO:colcon.colcon_core.shell:Creating environment hook '/root/ros2Ultrasonic_ws/install/ultrasonic_sensors/share/ultrasonic_sensors/hook/ament_prefix_path.ps1'
[0.855s] INFO:colcon.colcon_core.shell:Creating environment descriptor '/root/ros2Ultrasonic_ws/install/ultrasonic_sensors/share/ultrasonic_sensors/hook/ament_prefix_path.dsv'
[0.870s] INFO:colcon.colcon_core.shell:Creating environment hook '/root/ros2Ultrasonic_ws/install/ultrasonic_sensors/share/ultrasonic_sensors/hook/ament_prefix_path.sh'
[0.876s] INFO:colcon.colcon_core.shell:Skip shell extension 'powershell' for command environment: Not usable outside of PowerShell
[0.876s] DEBUG:colcon.colcon_core.shell:Skip shell extension 'dsv' for command environment
[1.299s] INFO:colcon.colcon_core.task.python.build:Building Python package in '/root/ros2Ultrasonic_ws/src/ultrasonic_sensors'
[1.301s] INFO:colcon.colcon_core.shell:Skip shell extension 'powershell' for command environment: Not usable outside of PowerShell
[1.301s] DEBUG:colcon.colcon_core.shell:Skip shell extension 'dsv' for command environment
[2.569s] DEBUG:colcon.colcon_core.event_handler.log_command:Invoking command in '/root/ros2Ultrasonic_ws/build/ultrasonic_sensors': PYTHONPATH=/root/ros2Ultrasonic_ws/build/ultrasonic_sensors/prefix_override:/usr/lib/python3/dist-packages/colcon_core/task/python/colcon_distutils_commands:/root/ros2Ultrasonic_ws/install/ultrasonic_sensors/lib/python3.10/site-packages:${PYTHONPATH} /usr/bin/python3 -W ignore:setup.py install is deprecated -W ignore:easy_install command is deprecated setup.py develop --editable --build-directory /root/ros2Ultrasonic_ws/build/ultrasonic_sensors/build --no-deps symlink_data
[3.504s] Level 1:colcon.colcon_core.shell:create_environment_hook('ultrasonic_sensors', 'pythonpath_develop')
[3.506s] INFO:colcon.colcon_core.shell:Creating environment hook '/root/ros2Ultrasonic_ws/build/ultrasonic_sensors/share/ultrasonic_sensors/hook/pythonpath_develop.ps1'
[3.507s] DEBUG:colcon.colcon_core.event_handler.log_command:Invoked command in '/root/ros2Ultrasonic_ws/build/ultrasonic_sensors' returned '0': PYTHONPATH=/root/ros2Ultrasonic_ws/build/ultrasonic_sensors/prefix_override:/usr/lib/python3/dist-packages/colcon_core/task/python/colcon_distutils_commands:/root/ros2Ultrasonic_ws/install/ultrasonic_sensors/lib/python3.10/site-packages:${PYTHONPATH} /usr/bin/python3 -W ignore:setup.py install is deprecated -W ignore:easy_install command is deprecated setup.py develop --editable --build-directory /root/ros2Ultrasonic_ws/build/ultrasonic_sensors/build --no-deps symlink_data
[3.508s] INFO:colcon.colcon_core.shell:Creating environment descriptor '/root/ros2Ultrasonic_ws/build/ultrasonic_sensors/share/ultrasonic_sensors/hook/pythonpath_develop.dsv'
[3.522s] INFO:colcon.colcon_core.shell:Creating environment hook '/root/ros2Ultrasonic_ws/build/ultrasonic_sensors/share/ultrasonic_sensors/hook/pythonpath_develop.sh'
[3.538s] Level 1:colcon.colcon_core.environment:checking '/root/ros2Ultrasonic_ws/install/ultrasonic_sensors' for CMake module files
[3.539s] Level 1:colcon.colcon_core.environment:checking '/root/ros2Ultrasonic_ws/install/ultrasonic_sensors' for CMake config files
[3.541s] Level 1:colcon.colcon_core.environment:checking '/root/ros2Ultrasonic_ws/install/ultrasonic_sensors/lib'
[3.541s] Level 1:colcon.colcon_core.environment:checking '/root/ros2Ultrasonic_ws/install/ultrasonic_sensors/bin'
[3.541s] Level 1:colcon.colcon_core.environment:checking '/root/ros2Ultrasonic_ws/install/ultrasonic_sensors/lib/pkgconfig/ultrasonic_sensors.pc'
[3.542s] Level 1:colcon.colcon_core.environment:checking '/root/ros2Ultrasonic_ws/install/ultrasonic_sensors/lib/python3.10/site-packages'
[3.542s] Level 1:colcon.colcon_core.shell:create_environment_hook('ultrasonic_sensors', 'pythonpath')
[3.543s] INFO:colcon.colcon_core.shell:Creating environment hook '/root/ros2Ultrasonic_ws/install/ultrasonic_sensors/share/ultrasonic_sensors/hook/pythonpath.ps1'
[3.544s] INFO:colcon.colcon_core.shell:Creating environment descriptor '/root/ros2Ultrasonic_ws/install/ultrasonic_sensors/share/ultrasonic_sensors/hook/pythonpath.dsv'
[3.546s] INFO:colcon.colcon_core.shell:Creating environment hook '/root/ros2Ultrasonic_ws/install/ultrasonic_sensors/share/ultrasonic_sensors/hook/pythonpath.sh'
[3.547s] Level 1:colcon.colcon_core.environment:checking '/root/ros2Ultrasonic_ws/install/ultrasonic_sensors/bin'
[3.547s] Level 1:colcon.colcon_core.environment:create_environment_scripts_only(ultrasonic_sensors)
[3.548s] INFO:colcon.colcon_core.shell:Creating package script '/root/ros2Ultrasonic_ws/install/ultrasonic_sensors/share/ultrasonic_sensors/package.ps1'
[3.551s] INFO:colcon.colcon_core.shell:Creating package descriptor '/root/ros2Ultrasonic_ws/install/ultrasonic_sensors/share/ultrasonic_sensors/package.dsv'
[3.556s] INFO:colcon.colcon_core.shell:Creating package script '/root/ros2Ultrasonic_ws/install/ultrasonic_sensors/share/ultrasonic_sensors/package.sh'
[3.560s] INFO:colcon.colcon_core.shell:Creating package script '/root/ros2Ultrasonic_ws/install/ultrasonic_sensors/share/ultrasonic_sensors/package.bash'
[3.567s] INFO:colcon.colcon_core.shell:Creating package script '/root/ros2Ultrasonic_ws/install/ultrasonic_sensors/share/ultrasonic_sensors/package.zsh'
[3.575s] Level 1:colcon.colcon_core.environment:create_file_with_runtime_dependencies(/root/ros2Ultrasonic_ws/install/ultrasonic_sensors/share/colcon-core/packages/ultrasonic_sensors)
[3.577s] DEBUG:colcon.colcon_parallel_executor.executor.parallel:closing loop
[3.577s] DEBUG:colcon.colcon_parallel_executor.executor.parallel:loop closed
[3.577s] DEBUG:colcon.colcon_parallel_executor.executor.parallel:run_until_complete finished with '0'
[3.577s] DEBUG:colcon.colcon_core.event_reactor:joining thread
[3.594s] INFO:colcon.colcon_core.plugin_system:Skipping extension 'colcon_notification.desktop_notification.terminal_notifier': Not used on non-Darwin systems
[3.594s] INFO:colcon.colcon_core.plugin_system:Skipping extension 'colcon_notification.desktop_notification.win32': Not used on non-Windows systems
[3.594s] INFO:colcon.colcon_notification.desktop_notification:Sending desktop notification using 'notify2'
[3.752s] DEBUG:colcon.colcon_core.event_reactor:joined thread
[3.753s] INFO:colcon.colcon_core.shell:Creating prefix script '/root/ros2Ultrasonic_ws/install/local_setup.ps1'
[3.756s] INFO:colcon.colcon_core.shell:Creating prefix util module '/root/ros2Ultrasonic_ws/install/_local_setup_util_ps1.py'
[3.765s] INFO:colcon.colcon_core.shell:Creating prefix chain script '/root/ros2Ultrasonic_ws/install/setup.ps1'
[3.772s] INFO:colcon.colcon_core.shell:Creating prefix script '/root/ros2Ultrasonic_ws/install/local_setup.sh'
[3.778s] INFO:colcon.colcon_core.shell:Creating prefix util module '/root/ros2Ultrasonic_ws/install/_local_setup_util_sh.py'
[3.781s] INFO:colcon.colcon_core.shell:Creating prefix chain script '/root/ros2Ultrasonic_ws/install/setup.sh'
[3.787s] INFO:colcon.colcon_core.shell:Creating prefix script '/root/ros2Ultrasonic_ws/install/local_setup.bash'
[3.794s] INFO:colcon.colcon_core.shell:Creating prefix chain script '/root/ros2Ultrasonic_ws/install/setup.bash'
[3.801s] INFO:colcon.colcon_core.shell:Creating prefix script '/root/ros2Ultrasonic_ws/install/local_setup.zsh'
[3.805s] INFO:colcon.colcon_core.shell:Creating prefix chain script '/root/ros2Ultrasonic_ws/install/setup.zsh'
