[0.000000] (-) TimerEvent: {}
[0.000765] (orange_pi_camera) JobQueued: {'identifier': 'orange_pi_camera', 'dependencies': OrderedDict()}
[0.001017] (orange_pi_camera) JobStarted: {'identifier': 'orange_pi_camera'}
[0.097694] (-) TimerEvent: {}
[0.198708] (-) TimerEvent: {}
[0.299751] (-) TimerEvent: {}
[0.400667] (-) TimerEvent: {}
[0.501746] (-) TimerEvent: {}
[0.602785] (-) TimerEvent: {}
[0.703861] (-) TimerEvent: {}
[0.804876] (-) TimerEvent: {}
[0.905892] (-) TimerEvent: {}
[1.006838] (-) TimerEvent: {}
[1.107712] (-) TimerEvent: {}
[1.208771] (-) TimerEvent: {}
[1.242713] (orange_pi_camera) Command: {'cmd': ['/usr/bin/python3', '-W', 'ignore:setup.py install is deprecated', '-W', 'ignore:easy_install command is deprecated', 'setup.py', 'develop', '--editable', '--build-directory', '/root/fallDetect_ws/build/orange_pi_camera/build', '--no-deps', 'symlink_data'], 'cwd': '/root/fallDetect_ws/build/orange_pi_camera', 'env': {'UMS_MOUNTPOINT': '/mnt/ums', 'GST_V4L2_PREFERRED_FOURCC': 'NV12:YU12:NV16:YUY2', 'LANGUAGE': 'en_US.UTF-8', 'USER': 'root', 'SSH_CLIENT': '192.168.0.138 64742 22', 'XDG_SESSION_TYPE': 'tty', 'SHLVL': '1', 'USB_FUNCS': 'adb', 'LD_LIBRARY_PATH': '/opt/ros/humble/opt/rviz_ogre_vendor/lib:/opt/ros/humble/lib/aarch64-linux-gnu:/opt/ros/humble/lib', 'MOTD_SHOWN': 'pam', 'HOME': '/root', 'OLDPWD': '/root', 'SSH_TTY': '/dev/pts/0', 'GST_INSPECT_NO_COLORS': '1', 'GST_MPP_NO_RGA': '1', 'ROS_PYTHON_VERSION': '3', 'COGL_DRIVER': 'gles2', 'DBUS_SESSION_BUS_ADDRESS': 'unix:path=/run/user/0/bus', 'COLCON_PREFIX_PATH': '/root/fallDetect_ws/install', 'GST_V4L2SRC_MAX_RESOLUTION': '3840x2160', 'ROS_DISTRO': 'humble', 'LOGNAME': 'root', '_': '/usr/bin/colcon', 'ROS_VERSION': '2', 'XDG_SESSION_CLASS': 'user', 'TERM': 'xterm', 'GST_GL_API': 'gles2', 'XDG_SESSION_ID': '7', 'GST_VIDEO_CONVERT_PREFERRED_FORMAT': 'NV12:NV16:I420:YUY2', 'GST_V4L2SRC_RK_DEVICES': '_mainpath:_selfpath:_bypass:_scale', 'ROS_LOCALHOST_ONLY': '0', 'PATH': '/opt/ros/humble/bin:/usr/local/sbin:/usr/local/bin:/usr/sbin:/usr/bin:/sbin:/bin:/usr/games:/usr/local/games:/snap/bin', 'XDG_RUNTIME_DIR': '/run/user/0', 'GST_GL_PLATFORM': 'egl', 'GST_DEBUG_NO_COLOR': '1', 'GST_V4L2SRC_DEFAULT_DEVICE': '/dev/video-camera0', 'DISPLAY': 'localhost:10.0', 'LANG': 'en_US.UTF-8', 'GST_V4L2_USE_LIBV4L2': '1', 'UMS_SIZE': '256M', 'AMENT_PREFIX_PATH': '/opt/ros/humble:/root/fallDetect_ws/install/orange_pi_camera', 'LC_MESSAGES': 'en_US.UTF-8', 'SHELL': '/bin/bash', 'UMS_RO': '0', 'UMS_FSTYPE': 'vfat', 'PWD': '/root/fallDetect_ws/build/orange_pi_camera', 'LC_ALL': 'en_US.UTF-8', 'SSH_CONNECTION': '192.168.0.138 64742 192.168.0.224 22', 'PYTHONPATH': '/root/fallDetect_ws/build/orange_pi_camera/prefix_override:/usr/lib/python3/dist-packages/colcon_core/task/python/colcon_distutils_commands:/root/fallDetect_ws/install/orange_pi_camera/lib/python3.10/site-packages:/opt/ros/humble/lib/python3.10/site-packages:/opt/ros/humble/local/lib/python3.10/dist-packages:/root/fallDetect_ws/build/orange_pi_camera:/root/fallDetect_ws/install/orange_pi_camera/lib/python3.10/site-packages', 'UMS_MOUNT': '0', 'COLCON': '1', 'UMS_FILE': '/userdata/ums_shared.img'}, 'shell': False}
[1.309081] (-) TimerEvent: {}
[1.410125] (-) TimerEvent: {}
[1.511140] (-) TimerEvent: {}
[1.612159] (-) TimerEvent: {}
[1.687648] (orange_pi_camera) StdoutLine: {'line': b'running develop\n'}
[1.712204] (-) TimerEvent: {}
[1.812563] (-) TimerEvent: {}
[1.912851] (-) TimerEvent: {}
[1.928269] (orange_pi_camera) StdoutLine: {'line': b'running egg_info\n'}
[1.947190] (orange_pi_camera) StdoutLine: {'line': b'creating orange_pi_camera.egg-info\n'}
[1.947570] (orange_pi_camera) StdoutLine: {'line': b'writing orange_pi_camera.egg-info/PKG-INFO\n'}
[1.948323] (orange_pi_camera) StdoutLine: {'line': b'writing dependency_links to orange_pi_camera.egg-info/dependency_links.txt\n'}
[1.948652] (orange_pi_camera) StdoutLine: {'line': b'writing entry points to orange_pi_camera.egg-info/entry_points.txt\n'}
[1.948812] (orange_pi_camera) StdoutLine: {'line': b'writing requirements to orange_pi_camera.egg-info/requires.txt\n'}
[1.949139] (orange_pi_camera) StdoutLine: {'line': b'writing top-level names to orange_pi_camera.egg-info/top_level.txt\n'}
[1.949305] (orange_pi_camera) StdoutLine: {'line': b"writing manifest file 'orange_pi_camera.egg-info/SOURCES.txt'\n"}
[1.989909] (orange_pi_camera) StdoutLine: {'line': b"reading manifest file 'orange_pi_camera.egg-info/SOURCES.txt'\n"}
[1.991342] (orange_pi_camera) StdoutLine: {'line': b"writing manifest file 'orange_pi_camera.egg-info/SOURCES.txt'\n"}
[2.012388] (orange_pi_camera) StdoutLine: {'line': b'running build_ext\n'}
[2.012746] (orange_pi_camera) StdoutLine: {'line': b'Creating /root/fallDetect_ws/install/orange_pi_camera/lib/python3.10/site-packages/orange-pi-camera.egg-link (link to .)\n'}
[2.012904] (-) TimerEvent: {}
[2.014029] (orange_pi_camera) StdoutLine: {'line': b'Installing camera_node script to /root/fallDetect_ws/install/orange_pi_camera/lib/orange_pi_camera\n'}
[2.014353] (orange_pi_camera) StdoutLine: {'line': b'Installing fall_detection_node script to /root/fallDetect_ws/install/orange_pi_camera/lib/orange_pi_camera\n'}
[2.014698] (orange_pi_camera) StdoutLine: {'line': b'\n'}
[2.014854] (orange_pi_camera) StdoutLine: {'line': b'Installed /root/fallDetect_ws/build/orange_pi_camera\n'}
[2.014922] (orange_pi_camera) StdoutLine: {'line': b'running symlink_data\n'}
[2.015201] (orange_pi_camera) StdoutLine: {'line': b'creating /root/fallDetect_ws/install/orange_pi_camera/share/ament_index/resource_index/packages\n'}
[2.015524] (orange_pi_camera) StdoutLine: {'line': b'symbolically linking /root/fallDetect_ws/build/orange_pi_camera/resource/orange_pi_camera -> /root/fallDetect_ws/install/orange_pi_camera/share/ament_index/resource_index/packages\n'}
[2.015675] (orange_pi_camera) StdoutLine: {'line': b'symbolically linking /root/fallDetect_ws/build/orange_pi_camera/package.xml -> /root/fallDetect_ws/install/orange_pi_camera/share/orange_pi_camera\n'}
[2.015806] (orange_pi_camera) StdoutLine: {'line': b'creating /root/fallDetect_ws/install/orange_pi_camera/share/orange_pi_camera/models\n'}
[2.015948] (orange_pi_camera) StdoutLine: {'line': b'symbolically linking /root/fallDetect_ws/build/orange_pi_camera/models/mobilenet_ssd.tflite -> /root/fallDetect_ws/install/orange_pi_camera/share/orange_pi_camera/models\n'}
[2.113078] (-) TimerEvent: {}
[2.150270] (orange_pi_camera) CommandEnded: {'returncode': 0}
[2.175934] (orange_pi_camera) JobEnded: {'identifier': 'orange_pi_camera', 'rc': 0}
[2.177808] (-) EventReactorShutdown: {}
