[0.153s] DEBUG:colcon:Command line arguments: ['/usr/bin/colcon', 'build', '--symlink-install', '--packages-select', 'orange_pi_camera']
[0.153s] DEBUG:colcon:Parsed command line arguments: Namespace(log_base=None, log_level=None, verb_name='build', build_base='build', install_base='install', merge_install=False, symlink_install=True, test_result_base=None, continue_on_error=False, executor='parallel', parallel_workers=8, event_handlers=None, ignore_user_meta=False, metas=['./colcon.meta'], base_paths=['.'], packages_ignore=None, packages_ignore_regex=None, paths=None, packages_up_to=None, packages_up_to_regex=None, packages_above=None, packages_above_and_dependencies=None, packages_above_depth=None, packages_select_by_dep=None, packages_skip_by_dep=None, packages_skip_up_to=None, packages_select_build_failed=False, packages_skip_build_finished=False, packages_select_test_failures=False, packages_skip_test_passed=False, packages_select=['orange_pi_camera'], packages_skip=None, packages_select_regex=None, packages_skip_regex=None, packages_start=None, packages_end=None, cmake_args=None, cmake_target=None, cmake_target_skip_unavailable=False, cmake_clean_cache=False, cmake_clean_first=False, cmake_force_configure=False, ament_cmake_args=None, catkin_cmake_args=None, catkin_skip_building_tests=False, mixin_files=None, mixin=None, verb_parser=<colcon_mixin.mixin.mixin_argument.MixinArgumentDecorator object at 0x7f9cd2efe0>, verb_extension=<colcon_core.verb.build.BuildVerb object at 0x7f9cf18eb0>, main=<bound method BuildVerb.main of <colcon_core.verb.build.BuildVerb object at 0x7f9cf18eb0>>, mixin_verb=('build',))
[0.210s] Level 1:colcon.colcon_core.package_discovery:discover_packages(colcon_meta) check parameters
[0.211s] Level 1:colcon.colcon_core.package_discovery:discover_packages(recursive) check parameters
[0.211s] Level 1:colcon.colcon_core.package_discovery:discover_packages(ignore) check parameters
[0.211s] Level 1:colcon.colcon_core.package_discovery:discover_packages(path) check parameters
[0.211s] Level 1:colcon.colcon_core.package_discovery:discover_packages(colcon_meta) discover
[0.211s] Level 1:colcon.colcon_core.package_discovery:discover_packages(recursive) discover
[0.211s] INFO:colcon.colcon_core.package_discovery:Crawling recursively for packages in '/root/fallDetect_ws'
[0.211s] Level 1:colcon.colcon_core.package_identification:_identify(.) by extensions ['ignore', 'ignore_ament_install']
[0.211s] Level 1:colcon.colcon_core.package_identification:_identify(.) by extension 'ignore'
[0.211s] Level 1:colcon.colcon_core.package_identification:_identify(.) by extension 'ignore_ament_install'
[0.212s] Level 1:colcon.colcon_core.package_identification:_identify(.) by extensions ['colcon_pkg']
[0.212s] Level 1:colcon.colcon_core.package_identification:_identify(.) by extension 'colcon_pkg'
[0.212s] Level 1:colcon.colcon_core.package_identification:_identify(.) by extensions ['colcon_meta']
[0.212s] Level 1:colcon.colcon_core.package_identification:_identify(.) by extension 'colcon_meta'
[0.212s] Level 1:colcon.colcon_core.package_identification:_identify(.) by extensions ['ros']
[0.212s] Level 1:colcon.colcon_core.package_identification:_identify(.) by extension 'ros'
[0.235s] Level 1:colcon.colcon_core.package_identification:_identify(.) by extensions ['cmake', 'python']
[0.235s] Level 1:colcon.colcon_core.package_identification:_identify(.) by extension 'cmake'
[0.235s] Level 1:colcon.colcon_core.package_identification:_identify(.) by extension 'python'
[0.235s] Level 1:colcon.colcon_core.package_identification:_identify(.) by extensions ['python_setup_py']
[0.235s] Level 1:colcon.colcon_core.package_identification:_identify(.) by extension 'python_setup_py'
[0.236s] Level 1:colcon.colcon_core.package_identification:_identify(build) by extensions ['ignore', 'ignore_ament_install']
[0.236s] Level 1:colcon.colcon_core.package_identification:_identify(build) by extension 'ignore'
[0.236s] Level 1:colcon.colcon_core.package_identification:_identify(build) ignored
[0.236s] Level 1:colcon.colcon_core.package_identification:_identify(install) by extensions ['ignore', 'ignore_ament_install']
[0.236s] Level 1:colcon.colcon_core.package_identification:_identify(install) by extension 'ignore'
[0.236s] Level 1:colcon.colcon_core.package_identification:_identify(install) ignored
[0.236s] Level 1:colcon.colcon_core.package_identification:_identify(log) by extensions ['ignore', 'ignore_ament_install']
[0.236s] Level 1:colcon.colcon_core.package_identification:_identify(log) by extension 'ignore'
[0.237s] Level 1:colcon.colcon_core.package_identification:_identify(log) ignored
[0.237s] Level 1:colcon.colcon_core.package_identification:_identify(src) by extensions ['ignore', 'ignore_ament_install']
[0.237s] Level 1:colcon.colcon_core.package_identification:_identify(src) by extension 'ignore'
[0.237s] Level 1:colcon.colcon_core.package_identification:_identify(src) by extension 'ignore_ament_install'
[0.237s] Level 1:colcon.colcon_core.package_identification:_identify(src) by extensions ['colcon_pkg']
[0.237s] Level 1:colcon.colcon_core.package_identification:_identify(src) by extension 'colcon_pkg'
[0.237s] Level 1:colcon.colcon_core.package_identification:_identify(src) by extensions ['colcon_meta']
[0.237s] Level 1:colcon.colcon_core.package_identification:_identify(src) by extension 'colcon_meta'
[0.237s] Level 1:colcon.colcon_core.package_identification:_identify(src) by extensions ['ros']
[0.237s] Level 1:colcon.colcon_core.package_identification:_identify(src) by extension 'ros'
[0.237s] Level 1:colcon.colcon_core.package_identification:_identify(src) by extensions ['cmake', 'python']
[0.237s] Level 1:colcon.colcon_core.package_identification:_identify(src) by extension 'cmake'
[0.237s] Level 1:colcon.colcon_core.package_identification:_identify(src) by extension 'python'
[0.237s] Level 1:colcon.colcon_core.package_identification:_identify(src) by extensions ['python_setup_py']
[0.237s] Level 1:colcon.colcon_core.package_identification:_identify(src) by extension 'python_setup_py'
[0.237s] Level 1:colcon.colcon_core.package_identification:_identify(src/orange_pi_camera) by extensions ['ignore', 'ignore_ament_install']
[0.237s] Level 1:colcon.colcon_core.package_identification:_identify(src/orange_pi_camera) by extension 'ignore'
[0.237s] Level 1:colcon.colcon_core.package_identification:_identify(src/orange_pi_camera) by extension 'ignore_ament_install'
[0.238s] Level 1:colcon.colcon_core.package_identification:_identify(src/orange_pi_camera) by extensions ['colcon_pkg']
[0.238s] Level 1:colcon.colcon_core.package_identification:_identify(src/orange_pi_camera) by extension 'colcon_pkg'
[0.238s] Level 1:colcon.colcon_core.package_identification:_identify(src/orange_pi_camera) by extensions ['colcon_meta']
[0.238s] Level 1:colcon.colcon_core.package_identification:_identify(src/orange_pi_camera) by extension 'colcon_meta'
[0.238s] Level 1:colcon.colcon_core.package_identification:_identify(src/orange_pi_camera) by extensions ['ros']
[0.238s] Level 1:colcon.colcon_core.package_identification:_identify(src/orange_pi_camera) by extension 'ros'
[0.242s] DEBUG:colcon.colcon_core.package_identification:Package 'src/orange_pi_camera' with type 'ros.ament_python' and name 'orange_pi_camera'
[0.242s] Level 1:colcon.colcon_core.package_discovery:discover_packages(recursive) using defaults
[0.242s] Level 1:colcon.colcon_core.package_discovery:discover_packages(ignore) discover
[0.242s] Level 1:colcon.colcon_core.package_discovery:discover_packages(ignore) using defaults
[0.242s] Level 1:colcon.colcon_core.package_discovery:discover_packages(path) discover
[0.242s] Level 1:colcon.colcon_core.package_discovery:discover_packages(path) using defaults
[0.273s] Level 5:colcon.colcon_core.verb:set package 'orange_pi_camera' build argument 'cmake_args' from command line to 'None'
[0.273s] Level 5:colcon.colcon_core.verb:set package 'orange_pi_camera' build argument 'cmake_target' from command line to 'None'
[0.273s] Level 5:colcon.colcon_core.verb:set package 'orange_pi_camera' build argument 'cmake_target_skip_unavailable' from command line to 'False'
[0.273s] Level 5:colcon.colcon_core.verb:set package 'orange_pi_camera' build argument 'cmake_clean_cache' from command line to 'False'
[0.274s] Level 5:colcon.colcon_core.verb:set package 'orange_pi_camera' build argument 'cmake_clean_first' from command line to 'False'
[0.274s] Level 5:colcon.colcon_core.verb:set package 'orange_pi_camera' build argument 'cmake_force_configure' from command line to 'False'
[0.274s] Level 5:colcon.colcon_core.verb:set package 'orange_pi_camera' build argument 'ament_cmake_args' from command line to 'None'
[0.274s] Level 5:colcon.colcon_core.verb:set package 'orange_pi_camera' build argument 'catkin_cmake_args' from command line to 'None'
[0.274s] Level 5:colcon.colcon_core.verb:set package 'orange_pi_camera' build argument 'catkin_skip_building_tests' from command line to 'False'
[0.274s] DEBUG:colcon.colcon_core.verb:Building package 'orange_pi_camera' with the following arguments: {'ament_cmake_args': None, 'build_base': '/root/fallDetect_ws/build/orange_pi_camera', 'catkin_cmake_args': None, 'catkin_skip_building_tests': False, 'cmake_args': None, 'cmake_clean_cache': False, 'cmake_clean_first': False, 'cmake_force_configure': False, 'cmake_target': None, 'cmake_target_skip_unavailable': False, 'install_base': '/root/fallDetect_ws/install/orange_pi_camera', 'merge_install': False, 'path': '/root/fallDetect_ws/src/orange_pi_camera', 'symlink_install': True, 'test_result_base': None}
[0.274s] INFO:colcon.colcon_core.executor:Executing jobs using 'parallel' executor
[0.276s] DEBUG:colcon.colcon_parallel_executor.executor.parallel:run_until_complete
[0.277s] INFO:colcon.colcon_ros.task.ament_python.build:Building ROS package in '/root/fallDetect_ws/src/orange_pi_camera' with build type 'ament_python'
[0.277s] Level 1:colcon.colcon_core.shell:create_environment_hook('orange_pi_camera', 'ament_prefix_path')
[0.281s] INFO:colcon.colcon_core.plugin_system:Skipping extension 'colcon_core.shell.bat': Not used on non-Windows systems
[0.281s] INFO:colcon.colcon_core.shell:Creating environment hook '/root/fallDetect_ws/install/orange_pi_camera/share/orange_pi_camera/hook/ament_prefix_path.ps1'
[0.282s] INFO:colcon.colcon_core.shell:Creating environment descriptor '/root/fallDetect_ws/install/orange_pi_camera/share/orange_pi_camera/hook/ament_prefix_path.dsv'
[0.283s] INFO:colcon.colcon_core.shell:Creating environment hook '/root/fallDetect_ws/install/orange_pi_camera/share/orange_pi_camera/hook/ament_prefix_path.sh'
[0.284s] INFO:colcon.colcon_core.shell:Skip shell extension 'powershell' for command environment: Not usable outside of PowerShell
[0.284s] DEBUG:colcon.colcon_core.shell:Skip shell extension 'dsv' for command environment
[0.666s] INFO:colcon.colcon_core.task.python.build:Building Python package in '/root/fallDetect_ws/src/orange_pi_camera'
[0.668s] INFO:colcon.colcon_core.shell:Skip shell extension 'powershell' for command environment: Not usable outside of PowerShell
[0.668s] DEBUG:colcon.colcon_core.shell:Skip shell extension 'dsv' for command environment
[1.525s] DEBUG:colcon.colcon_core.event_handler.log_command:Invoking command in '/root/fallDetect_ws/build/orange_pi_camera': PYTHONPATH=/root/fallDetect_ws/build/orange_pi_camera/prefix_override:/usr/lib/python3/dist-packages/colcon_core/task/python/colcon_distutils_commands:/root/fallDetect_ws/install/orange_pi_camera/lib/python3.10/site-packages:${PYTHONPATH} /usr/bin/python3 -W ignore:setup.py install is deprecated -W ignore:easy_install command is deprecated setup.py develop --editable --build-directory /root/fallDetect_ws/build/orange_pi_camera/build --no-deps symlink_data
[2.428s] Level 1:colcon.colcon_core.shell:create_environment_hook('orange_pi_camera', 'pythonpath_develop')
[2.429s] DEBUG:colcon.colcon_core.event_handler.log_command:Invoked command in '/root/fallDetect_ws/build/orange_pi_camera' returned '0': PYTHONPATH=/root/fallDetect_ws/build/orange_pi_camera/prefix_override:/usr/lib/python3/dist-packages/colcon_core/task/python/colcon_distutils_commands:/root/fallDetect_ws/install/orange_pi_camera/lib/python3.10/site-packages:${PYTHONPATH} /usr/bin/python3 -W ignore:setup.py install is deprecated -W ignore:easy_install command is deprecated setup.py develop --editable --build-directory /root/fallDetect_ws/build/orange_pi_camera/build --no-deps symlink_data
[2.430s] INFO:colcon.colcon_core.shell:Creating environment hook '/root/fallDetect_ws/build/orange_pi_camera/share/orange_pi_camera/hook/pythonpath_develop.ps1'
[2.432s] INFO:colcon.colcon_core.shell:Creating environment descriptor '/root/fallDetect_ws/build/orange_pi_camera/share/orange_pi_camera/hook/pythonpath_develop.dsv'
[2.433s] INFO:colcon.colcon_core.shell:Creating environment hook '/root/fallDetect_ws/build/orange_pi_camera/share/orange_pi_camera/hook/pythonpath_develop.sh'
[2.439s] Level 1:colcon.colcon_core.environment:checking '/root/fallDetect_ws/install/orange_pi_camera' for CMake module files
[2.440s] Level 1:colcon.colcon_core.environment:checking '/root/fallDetect_ws/install/orange_pi_camera' for CMake config files
[2.441s] Level 1:colcon.colcon_core.environment:checking '/root/fallDetect_ws/install/orange_pi_camera/lib'
[2.441s] Level 1:colcon.colcon_core.environment:checking '/root/fallDetect_ws/install/orange_pi_camera/bin'
[2.441s] Level 1:colcon.colcon_core.environment:checking '/root/fallDetect_ws/install/orange_pi_camera/lib/pkgconfig/orange_pi_camera.pc'
[2.442s] Level 1:colcon.colcon_core.environment:checking '/root/fallDetect_ws/install/orange_pi_camera/lib/python3.10/site-packages'
[2.442s] Level 1:colcon.colcon_core.shell:create_environment_hook('orange_pi_camera', 'pythonpath')
[2.443s] INFO:colcon.colcon_core.shell:Creating environment hook '/root/fallDetect_ws/install/orange_pi_camera/share/orange_pi_camera/hook/pythonpath.ps1'
[2.444s] INFO:colcon.colcon_core.shell:Creating environment descriptor '/root/fallDetect_ws/install/orange_pi_camera/share/orange_pi_camera/hook/pythonpath.dsv'
[2.444s] INFO:colcon.colcon_core.shell:Creating environment hook '/root/fallDetect_ws/install/orange_pi_camera/share/orange_pi_camera/hook/pythonpath.sh'
[2.446s] Level 1:colcon.colcon_core.environment:checking '/root/fallDetect_ws/install/orange_pi_camera/bin'
[2.446s] Level 1:colcon.colcon_core.environment:create_environment_scripts_only(orange_pi_camera)
[2.447s] INFO:colcon.colcon_core.shell:Creating package script '/root/fallDetect_ws/install/orange_pi_camera/share/orange_pi_camera/package.ps1'
[2.449s] INFO:colcon.colcon_core.shell:Creating package descriptor '/root/fallDetect_ws/install/orange_pi_camera/share/orange_pi_camera/package.dsv'
[2.450s] INFO:colcon.colcon_core.shell:Creating package script '/root/fallDetect_ws/install/orange_pi_camera/share/orange_pi_camera/package.sh'
[2.451s] INFO:colcon.colcon_core.shell:Creating package script '/root/fallDetect_ws/install/orange_pi_camera/share/orange_pi_camera/package.bash'
[2.452s] INFO:colcon.colcon_core.shell:Creating package script '/root/fallDetect_ws/install/orange_pi_camera/share/orange_pi_camera/package.zsh'
[2.453s] Level 1:colcon.colcon_core.environment:create_file_with_runtime_dependencies(/root/fallDetect_ws/install/orange_pi_camera/share/colcon-core/packages/orange_pi_camera)
[2.454s] DEBUG:colcon.colcon_parallel_executor.executor.parallel:closing loop
[2.454s] DEBUG:colcon.colcon_parallel_executor.executor.parallel:loop closed
[2.454s] DEBUG:colcon.colcon_parallel_executor.executor.parallel:run_until_complete finished with '0'
[2.454s] DEBUG:colcon.colcon_core.event_reactor:joining thread
[2.476s] INFO:colcon.colcon_core.plugin_system:Skipping extension 'colcon_notification.desktop_notification.terminal_notifier': Not used on non-Darwin systems
[2.476s] INFO:colcon.colcon_core.plugin_system:Skipping extension 'colcon_notification.desktop_notification.win32': Not used on non-Windows systems
[2.476s] INFO:colcon.colcon_notification.desktop_notification:Sending desktop notification using 'notify2'
[2.495s] DEBUG:colcon.colcon_core.event_reactor:joined thread
[2.497s] INFO:colcon.colcon_core.shell:Creating prefix script '/root/fallDetect_ws/install/local_setup.ps1'
[2.502s] INFO:colcon.colcon_core.shell:Creating prefix util module '/root/fallDetect_ws/install/_local_setup_util_ps1.py'
[2.505s] INFO:colcon.colcon_core.shell:Creating prefix chain script '/root/fallDetect_ws/install/setup.ps1'
[2.507s] INFO:colcon.colcon_core.shell:Creating prefix script '/root/fallDetect_ws/install/local_setup.sh'
[2.508s] INFO:colcon.colcon_core.shell:Creating prefix util module '/root/fallDetect_ws/install/_local_setup_util_sh.py'
[2.509s] INFO:colcon.colcon_core.shell:Creating prefix chain script '/root/fallDetect_ws/install/setup.sh'
[2.511s] INFO:colcon.colcon_core.shell:Creating prefix script '/root/fallDetect_ws/install/local_setup.bash'
[2.512s] INFO:colcon.colcon_core.shell:Creating prefix chain script '/root/fallDetect_ws/install/setup.bash'
[2.513s] INFO:colcon.colcon_core.shell:Creating prefix script '/root/fallDetect_ws/install/local_setup.zsh'
[2.514s] INFO:colcon.colcon_core.shell:Creating prefix chain script '/root/fallDetect_ws/install/setup.zsh'
