[4.825s] Invoking command in '/root/home_label/src/home_label_package': PYTHONPATH=/root/home_label/build/home_label_package/prefix_override:/usr/lib/python3/dist-packages/colcon_core/task/python/colcon_distutils_commands:/root/home_label/install/home_label_package/lib/python3.10/site-packages:${PYTHONPATH} /usr/bin/python3 -W ignore:setup.py install is deprecated -W ignore:easy_install command is deprecated setup.py egg_info --egg-base ../../build/home_label_package build --build-base /root/home_label/build/home_label_package/build install --record /root/home_label/build/home_label_package/install.log --single-version-externally-managed install_data
[6.731s] running egg_info
[6.736s] writing ../../build/home_label_package/home_label_package.egg-info/PKG-INFO
[6.738s] writing dependency_links to ../../build/home_label_package/home_label_package.egg-info/dependency_links.txt
[6.739s] writing entry points to ../../build/home_label_package/home_label_package.egg-info/entry_points.txt
[6.740s] writing requirements to ../../build/home_label_package/home_label_package.egg-info/requires.txt
[6.740s] writing top-level names to ../../build/home_label_package/home_label_package.egg-info/top_level.txt
[6.754s] reading manifest file '../../build/home_label_package/home_label_package.egg-info/SOURCES.txt'
[6.759s] writing manifest file '../../build/home_label_package/home_label_package.egg-info/SOURCES.txt'
[6.759s] running build
[6.760s] running build_py
[6.760s] copying home_label_package/home_label_publisher.py -> /root/home_label/build/home_label_package/build/lib/home_label_package
[6.761s] running install
[6.763s] running install_lib
[6.769s] copying /root/home_label/build/home_label_package/build/lib/home_label_package/home_label_publisher.py -> /root/home_label/install/home_label_package/lib/python3.10/site-packages/home_label_package
[6.773s] byte-compiling /root/home_label/install/home_label_package/lib/python3.10/site-packages/home_label_package/home_label_publisher.py to home_label_publisher.cpython-310.pyc
[6.778s] running install_data
[6.779s] running install_egg_info
[6.797s] removing '/root/home_label/install/home_label_package/lib/python3.10/site-packages/home_label_package-0.0.0-py3.10.egg-info' (and everything under it)
[6.799s] Copying ../../build/home_label_package/home_label_package.egg-info to /root/home_label/install/home_label_package/lib/python3.10/site-packages/home_label_package-0.0.0-py3.10.egg-info
[6.804s] running install_scripts
[6.944s] Installing home_label_node script to /root/home_label/install/home_label_package/lib/home_label_package
[6.946s] writing list of installed files to '/root/home_label/build/home_label_package/install.log'
[7.186s] Invoked command in '/root/home_label/src/home_label_package' returned '0': PYTHONPATH=/root/home_label/build/home_label_package/prefix_override:/usr/lib/python3/dist-packages/colcon_core/task/python/colcon_distutils_commands:/root/home_label/install/home_label_package/lib/python3.10/site-packages:${PYTHONPATH} /usr/bin/python3 -W ignore:setup.py install is deprecated -W ignore:easy_install command is deprecated setup.py egg_info --egg-base ../../build/home_label_package build --build-base /root/home_label/build/home_label_package/build install --record /root/home_label/build/home_label_package/install.log --single-version-externally-managed install_data
