[1.788s] DEBUG:colcon:Command line arguments: ['/usr/bin/colcon', 'build']
[1.796s] DEBUG:colcon:Parsed command line arguments: Namespace(log_base=None, log_level=None, verb_name='build', build_base='build', install_base='install', merge_install=False, symlink_install=False, test_result_base=None, continue_on_error=False, executor='parallel', parallel_workers=8, event_handlers=None, ignore_user_meta=False, metas=['./colcon.meta'], base_paths=['.'], packages_ignore=None, packages_ignore_regex=None, paths=None, packages_up_to=None, packages_up_to_regex=None, packages_above=None, packages_above_and_dependencies=None, packages_above_depth=None, packages_select_by_dep=None, packages_skip_by_dep=None, packages_skip_up_to=None, packages_select_build_failed=False, packages_skip_build_finished=False, packages_select_test_failures=False, packages_skip_test_passed=False, packages_select=None, packages_skip=None, packages_select_regex=None, packages_skip_regex=None, packages_start=None, packages_end=None, allow_overriding=[], bazel_args=None, bazel_task=None, cmake_args=None, cmake_target=None, cmake_target_skip_unavailable=False, cmake_clean_cache=False, cmake_clean_first=False, cmake_force_configure=False, meson_args=[], ament_cmake_args=None, catkin_cmake_args=None, catkin_skip_building_tests=False, mixin_files=None, mixin=None, verb_parser=<colcon_alias.argument_parser.alias.AliasArgumentDecorator object at 0xffff9029ca00>, verb_extension=<colcon_core.verb.build.BuildVerb object at 0xffff9051b280>, main=<bound method BuildVerb.main of <colcon_core.verb.build.BuildVerb object at 0xffff9051b280>>, mixin_verb=('build',))
[3.026s] Level 1:colcon.colcon_core.package_discovery:discover_packages(colcon_meta) check parameters
[3.027s] Level 1:colcon.colcon_core.package_discovery:discover_packages(recursive) check parameters
[3.027s] Level 1:colcon.colcon_core.package_discovery:discover_packages(ignore) check parameters
[3.027s] Level 1:colcon.colcon_core.package_discovery:discover_packages(path) check parameters
[3.027s] Level 1:colcon.colcon_core.package_discovery:discover_packages(colcon_meta) discover
[3.028s] Level 1:colcon.colcon_core.package_discovery:discover_packages(recursive) discover
[3.028s] INFO:colcon.colcon_core.package_discovery:Crawling recursively for packages in '/root/home_label'
[3.029s] Level 1:colcon.colcon_core.package_identification:_identify(.) by extensions ['ignore', 'ignore_ament_install']
[3.029s] Level 1:colcon.colcon_core.package_identification:_identify(.) by extension 'ignore'
[3.030s] Level 1:colcon.colcon_core.package_identification:_identify(.) by extension 'ignore_ament_install'
[3.030s] Level 1:colcon.colcon_core.package_identification:_identify(.) by extensions ['colcon_pkg']
[3.030s] Level 1:colcon.colcon_core.package_identification:_identify(.) by extension 'colcon_pkg'
[3.030s] Level 1:colcon.colcon_core.package_identification:_identify(.) by extensions ['colcon_meta']
[3.031s] Level 1:colcon.colcon_core.package_identification:_identify(.) by extension 'colcon_meta'
[3.031s] Level 1:colcon.colcon_core.package_identification:_identify(.) by extensions ['ros']
[3.031s] Level 1:colcon.colcon_core.package_identification:_identify(.) by extension 'ros'
[3.057s] Level 1:colcon.colcon_core.package_identification:_identify(.) by extensions ['bazel', 'cmake', 'meson', 'python']
[3.057s] Level 1:colcon.colcon_core.package_identification:_identify(.) by extension 'bazel'
[3.058s] Level 1:colcon.colcon_core.package_identification:_identify(.) by extension 'cmake'
[3.058s] Level 1:colcon.colcon_core.package_identification:_identify(.) by extension 'meson'
[3.058s] Level 1:colcon.colcon_core.package_identification:_identify(.) by extension 'python'
[3.058s] Level 1:colcon.colcon_core.package_identification:_identify(.) by extensions ['python_setup_py']
[3.059s] Level 1:colcon.colcon_core.package_identification:_identify(.) by extension 'python_setup_py'
[3.059s] Level 1:colcon.colcon_core.package_identification:_identify(build) by extensions ['ignore', 'ignore_ament_install']
[3.060s] Level 1:colcon.colcon_core.package_identification:_identify(build) by extension 'ignore'
[3.060s] Level 1:colcon.colcon_core.package_identification:_identify(build) ignored
[3.061s] Level 1:colcon.colcon_core.package_identification:_identify(install) by extensions ['ignore', 'ignore_ament_install']
[3.062s] Level 1:colcon.colcon_core.package_identification:_identify(install) by extension 'ignore'
[3.062s] Level 1:colcon.colcon_core.package_identification:_identify(install) ignored
[3.062s] Level 1:colcon.colcon_core.package_identification:_identify(log) by extensions ['ignore', 'ignore_ament_install']
[3.063s] Level 1:colcon.colcon_core.package_identification:_identify(log) by extension 'ignore'
[3.063s] Level 1:colcon.colcon_core.package_identification:_identify(log) ignored
[3.063s] Level 1:colcon.colcon_core.package_identification:_identify(src) by extensions ['ignore', 'ignore_ament_install']
[3.064s] Level 1:colcon.colcon_core.package_identification:_identify(src) by extension 'ignore'
[3.064s] Level 1:colcon.colcon_core.package_identification:_identify(src) by extension 'ignore_ament_install'
[3.064s] Level 1:colcon.colcon_core.package_identification:_identify(src) by extensions ['colcon_pkg']
[3.065s] Level 1:colcon.colcon_core.package_identification:_identify(src) by extension 'colcon_pkg'
[3.065s] Level 1:colcon.colcon_core.package_identification:_identify(src) by extensions ['colcon_meta']
[3.065s] Level 1:colcon.colcon_core.package_identification:_identify(src) by extension 'colcon_meta'
[3.066s] Level 1:colcon.colcon_core.package_identification:_identify(src) by extensions ['ros']
[3.066s] Level 1:colcon.colcon_core.package_identification:_identify(src) by extension 'ros'
[3.066s] Level 1:colcon.colcon_core.package_identification:_identify(src) by extensions ['bazel', 'cmake', 'meson', 'python']
[3.067s] Level 1:colcon.colcon_core.package_identification:_identify(src) by extension 'bazel'
[3.067s] Level 1:colcon.colcon_core.package_identification:_identify(src) by extension 'cmake'
[3.067s] Level 1:colcon.colcon_core.package_identification:_identify(src) by extension 'meson'
[3.067s] Level 1:colcon.colcon_core.package_identification:_identify(src) by extension 'python'
[3.068s] Level 1:colcon.colcon_core.package_identification:_identify(src) by extensions ['python_setup_py']
[3.068s] Level 1:colcon.colcon_core.package_identification:_identify(src) by extension 'python_setup_py'
[3.069s] Level 1:colcon.colcon_core.package_identification:_identify(src/home_label_publisher) by extensions ['ignore', 'ignore_ament_install']
[3.069s] Level 1:colcon.colcon_core.package_identification:_identify(src/home_label_publisher) by extension 'ignore'
[3.069s] Level 1:colcon.colcon_core.package_identification:_identify(src/home_label_publisher) by extension 'ignore_ament_install'
[3.070s] Level 1:colcon.colcon_core.package_identification:_identify(src/home_label_publisher) by extensions ['colcon_pkg']
[3.070s] Level 1:colcon.colcon_core.package_identification:_identify(src/home_label_publisher) by extension 'colcon_pkg'
[3.070s] Level 1:colcon.colcon_core.package_identification:_identify(src/home_label_publisher) by extensions ['colcon_meta']
[3.070s] Level 1:colcon.colcon_core.package_identification:_identify(src/home_label_publisher) by extension 'colcon_meta'
[3.071s] Level 1:colcon.colcon_core.package_identification:_identify(src/home_label_publisher) by extensions ['ros']
[3.071s] Level 1:colcon.colcon_core.package_identification:_identify(src/home_label_publisher) by extension 'ros'
[3.071s] Level 1:colcon.colcon_core.package_identification:_identify(src/home_label_publisher) by extensions ['bazel', 'cmake', 'meson', 'python']
[3.072s] Level 1:colcon.colcon_core.package_identification:_identify(src/home_label_publisher) by extension 'bazel'
[3.072s] Level 1:colcon.colcon_core.package_identification:_identify(src/home_label_publisher) by extension 'cmake'
[3.072s] Level 1:colcon.colcon_core.package_identification:_identify(src/home_label_publisher) by extension 'meson'
[3.073s] Level 1:colcon.colcon_core.package_identification:_identify(src/home_label_publisher) by extension 'python'
[3.073s] Level 1:colcon.colcon_core.package_identification:_identify(src/home_label_publisher) by extensions ['python_setup_py']
[3.073s] Level 1:colcon.colcon_core.package_identification:_identify(src/home_label_publisher) by extension 'python_setup_py'
[3.073s] Level 1:colcon.colcon_core.package_discovery:discover_packages(recursive) using defaults
[3.074s] Level 1:colcon.colcon_core.package_discovery:discover_packages(ignore) discover
[3.074s] Level 1:colcon.colcon_core.package_discovery:discover_packages(ignore) using defaults
[3.074s] Level 1:colcon.colcon_core.package_discovery:discover_packages(path) discover
[3.074s] Level 1:colcon.colcon_core.package_discovery:discover_packages(path) using defaults
[3.172s] Level 1:colcon.colcon_core.package_discovery:discover_packages(prefix_path) check parameters
[3.173s] Level 1:colcon.colcon_core.package_discovery:discover_packages(prefix_path) discover
[3.186s] DEBUG:colcon.colcon_installed_package_information.package_discovery:Found 3 installed packages in /root/uros_ws/install
[3.192s] DEBUG:colcon.colcon_installed_package_information.package_discovery:Found 15 installed packages in /userdata/dev_ws/install
[3.196s] DEBUG:colcon.colcon_installed_package_information.package_discovery:Found 55 installed packages in /opt/tros/humble
[3.207s] DEBUG:colcon.colcon_installed_package_information.package_discovery:Found 264 installed packages in /opt/ros/humble
[3.218s] Level 1:colcon.colcon_core.package_discovery:discover_packages(prefix_path) using defaults
[3.493s] INFO:colcon.colcon_core.executor:Executing jobs using 'parallel' executor
[3.498s] DEBUG:colcon.colcon_parallel_executor.executor.parallel:run_until_complete
[3.499s] DEBUG:colcon.colcon_parallel_executor.executor.parallel:closing loop
[3.500s] DEBUG:colcon.colcon_parallel_executor.executor.parallel:loop closed
[3.500s] DEBUG:colcon.colcon_parallel_executor.executor.parallel:run_until_complete finished with '0'
[3.500s] DEBUG:colcon.colcon_core.event_reactor:joining thread
[3.527s] INFO:colcon.colcon_core.plugin_system:Skipping extension 'colcon_notification.desktop_notification.notify_send': Could not find 'notify-send'
[3.527s] INFO:colcon.colcon_core.plugin_system:Skipping extension 'colcon_notification.desktop_notification.terminal_notifier': Not used on non-Darwin systems
[3.528s] INFO:colcon.colcon_core.plugin_system:Skipping extension 'colcon_notification.desktop_notification.win32': Not used on non-Windows systems
[3.528s] INFO:colcon.colcon_notification.desktop_notification:Sending desktop notification using 'notify2'
[28.535s] DEBUG:colcon.colcon_notification.desktop_notification.notify2:Failed to initialize notify2: org.freedesktop.DBus.Error.NoReply: Did not receive a reply. Possible causes include: the remote application did not send a reply, the message bus security policy blocked the reply, the reply timeout expired, or the network connection was broken.
[28.536s] DEBUG:colcon.colcon_core.event_reactor:joined thread
[28.551s] INFO:colcon.colcon_core.plugin_system:Skipping extension 'colcon_core.shell.bat': Not used on non-Windows systems
[28.554s] INFO:colcon.colcon_core.shell:Creating prefix script '/root/home_label/install/local_setup.ps1'
[28.560s] INFO:colcon.colcon_core.shell:Creating prefix util module '/root/home_label/install/_local_setup_util_ps1.py'
[28.569s] INFO:colcon.colcon_core.shell:Creating prefix chain script '/root/home_label/install/setup.ps1'
[28.580s] INFO:colcon.colcon_core.shell:Creating prefix script '/root/home_label/install/local_setup.sh'
[28.584s] INFO:colcon.colcon_core.shell:Creating prefix util module '/root/home_label/install/_local_setup_util_sh.py'
[28.588s] INFO:colcon.colcon_core.shell:Creating prefix chain script '/root/home_label/install/setup.sh'
[28.599s] INFO:colcon.colcon_core.shell:Creating prefix script '/root/home_label/install/local_setup.bash'
[28.602s] INFO:colcon.colcon_core.shell:Creating prefix chain script '/root/home_label/install/setup.bash'
[28.613s] INFO:colcon.colcon_core.shell:Creating prefix script '/root/home_label/install/local_setup.zsh'
[28.617s] INFO:colcon.colcon_core.shell:Creating prefix chain script '/root/home_label/install/setup.zsh'
[28.627s] INFO:colcon.colcon_core.shell:Creating '/root/home_label/install/spawn_shell.bash'
