running egg_info
writing ../../build/us100_sensor_pkg/us100_sensor_pkg.egg-info/PKG-INFO
writing dependency_links to ../../build/us100_sensor_pkg/us100_sensor_pkg.egg-info/dependency_links.txt
writing entry points to ../../build/us100_sensor_pkg/us100_sensor_pkg.egg-info/entry_points.txt
writing requirements to ../../build/us100_sensor_pkg/us100_sensor_pkg.egg-info/requires.txt
writing top-level names to ../../build/us100_sensor_pkg/us100_sensor_pkg.egg-info/top_level.txt
reading manifest file '../../build/us100_sensor_pkg/us100_sensor_pkg.egg-info/SOURCES.txt'
writing manifest file '../../build/us100_sensor_pkg/us100_sensor_pkg.egg-info/SOURCES.txt'
running build
running build_py
copying us100_sensor_pkg/us100_sensor_node.py -> /root/us100_sensor_ws/build/us100_sensor_pkg/build/lib/us100_sensor_pkg
running install
running install_lib
copying /root/us100_sensor_ws/build/us100_sensor_pkg/build/lib/us100_sensor_pkg/us100_sensor_node.py -> /root/us100_sensor_ws/install/us100_sensor_pkg/lib/python3.10/site-packages/us100_sensor_pkg
byte-compiling /root/us100_sensor_ws/install/us100_sensor_pkg/lib/python3.10/site-packages/us100_sensor_pkg/us100_sensor_node.py to us100_sensor_node.cpython-310.pyc
running install_data
running install_egg_info
removing '/root/us100_sensor_ws/install/us100_sensor_pkg/lib/python3.10/site-packages/us100_sensor_pkg-0.0.0-py3.10.egg-info' (and everything under it)
Copying ../../build/us100_sensor_pkg/us100_sensor_pkg.egg-info to /root/us100_sensor_ws/install/us100_sensor_pkg/lib/python3.10/site-packages/us100_sensor_pkg-0.0.0-py3.10.egg-info
running install_scripts
Installing us100_sensor_node script to /root/us100_sensor_ws/install/us100_sensor_pkg/lib/us100_sensor_pkg
writing list of installed files to '/root/us100_sensor_ws/build/us100_sensor_pkg/install.log'
