running egg_info
creating ../../build/label_goal_package/label_goal_package.egg-info
writing ../../build/label_goal_package/label_goal_package.egg-info/PKG-INFO
writing dependency_links to ../../build/label_goal_package/label_goal_package.egg-info/dependency_links.txt
writing entry points to ../../build/label_goal_package/label_goal_package.egg-info/entry_points.txt
writing requirements to ../../build/label_goal_package/label_goal_package.egg-info/requires.txt
writing top-level names to ../../build/label_goal_package/label_goal_package.egg-info/top_level.txt
writing manifest file '../../build/label_goal_package/label_goal_package.egg-info/SOURCES.txt'
reading manifest file '../../build/label_goal_package/label_goal_package.egg-info/SOURCES.txt'
writing manifest file '../../build/label_goal_package/label_goal_package.egg-info/SOURCES.txt'
running build
running build_py
creating /root/label_goal/build/label_goal_package/build
creating /root/label_goal/build/label_goal_package/build/lib
creating /root/label_goal/build/label_goal_package/build/lib/label_goal_package
copying label_goal_package/navigation_label_node.py -> /root/label_goal/build/label_goal_package/build/lib/label_goal_package
copying label_goal_package/__init__.py -> /root/label_goal/build/label_goal_package/build/lib/label_goal_package
running install
running install_lib
creating /root/label_goal/install/label_goal_package/lib/python3.10/site-packages/label_goal_package
copying /root/label_goal/build/label_goal_package/build/lib/label_goal_package/navigation_label_node.py -> /root/label_goal/install/label_goal_package/lib/python3.10/site-packages/label_goal_package
copying /root/label_goal/build/label_goal_package/build/lib/label_goal_package/__init__.py -> /root/label_goal/install/label_goal_package/lib/python3.10/site-packages/label_goal_package
byte-compiling /root/label_goal/install/label_goal_package/lib/python3.10/site-packages/label_goal_package/navigation_label_node.py to navigation_label_node.cpython-310.pyc
byte-compiling /root/label_goal/install/label_goal_package/lib/python3.10/site-packages/label_goal_package/__init__.py to __init__.cpython-310.pyc
running install_data
creating /root/label_goal/install/label_goal_package/share/ament_index
creating /root/label_goal/install/label_goal_package/share/ament_index/resource_index
creating /root/label_goal/install/label_goal_package/share/ament_index/resource_index/packages
copying resource/label_goal_package -> /root/label_goal/install/label_goal_package/share/ament_index/resource_index/packages
copying package.xml -> /root/label_goal/install/label_goal_package/share/label_goal_package
running install_egg_info
Copying ../../build/label_goal_package/label_goal_package.egg-info to /root/label_goal/install/label_goal_package/lib/python3.10/site-packages/label_goal_package-0.0.0-py3.10.egg-info
running install_scripts
Installing label_goal_node script to /root/label_goal/install/label_goal_package/lib/label_goal_package
writing list of installed files to '/root/label_goal/build/label_goal_package/install.log'
