[4.019s] Invoking command in '/root/label_goal/src/label_goal_package': PYTHONPATH=/root/label_goal/build/label_goal_package/prefix_override:/usr/lib/python3/dist-packages/colcon_core/task/python/colcon_distutils_commands:/root/label_goal/install/label_goal_package/lib/python3.10/site-packages:${PYTHONPATH} /usr/bin/python3 -W ignore:setup.py install is deprecated -W ignore:easy_install command is deprecated setup.py egg_info --egg-base ../../build/label_goal_package build --build-base /root/label_goal/build/label_goal_package/build install --record /root/label_goal/build/label_goal_package/install.log --single-version-externally-managed install_data
[5.555s] running egg_info
[5.559s] creating ../../build/label_goal_package/label_goal_package.egg-info
[5.560s] writing ../../build/label_goal_package/label_goal_package.egg-info/PKG-INFO
[5.561s] writing dependency_links to ../../build/label_goal_package/label_goal_package.egg-info/dependency_links.txt
[5.562s] writing entry points to ../../build/label_goal_package/label_goal_package.egg-info/entry_points.txt
[5.562s] writing requirements to ../../build/label_goal_package/label_goal_package.egg-info/requires.txt
[5.563s] writing top-level names to ../../build/label_goal_package/label_goal_package.egg-info/top_level.txt
[5.563s] writing manifest file '../../build/label_goal_package/label_goal_package.egg-info/SOURCES.txt'
[5.572s] reading manifest file '../../build/label_goal_package/label_goal_package.egg-info/SOURCES.txt'
[5.576s] writing manifest file '../../build/label_goal_package/label_goal_package.egg-info/SOURCES.txt'
[5.576s] running build
[5.577s] running build_py
[5.578s] creating /root/label_goal/build/label_goal_package/build
[5.578s] creating /root/label_goal/build/label_goal_package/build/lib
[5.579s] creating /root/label_goal/build/label_goal_package/build/lib/label_goal_package
[5.579s] copying label_goal_package/navigation_label_node.py -> /root/label_goal/build/label_goal_package/build/lib/label_goal_package
[5.580s] copying label_goal_package/__init__.py -> /root/label_goal/build/label_goal_package/build/lib/label_goal_package
[5.580s] running install
[5.581s] running install_lib
[5.585s] creating /root/label_goal/install/label_goal_package/lib/python3.10/site-packages/label_goal_package
[5.585s] copying /root/label_goal/build/label_goal_package/build/lib/label_goal_package/navigation_label_node.py -> /root/label_goal/install/label_goal_package/lib/python3.10/site-packages/label_goal_package
[5.586s] copying /root/label_goal/build/label_goal_package/build/lib/label_goal_package/__init__.py -> /root/label_goal/install/label_goal_package/lib/python3.10/site-packages/label_goal_package
[5.589s] byte-compiling /root/label_goal/install/label_goal_package/lib/python3.10/site-packages/label_goal_package/navigation_label_node.py to navigation_label_node.cpython-310.pyc
[5.592s] byte-compiling /root/label_goal/install/label_goal_package/lib/python3.10/site-packages/label_goal_package/__init__.py to __init__.cpython-310.pyc
[5.593s] running install_data
[5.594s] creating /root/label_goal/install/label_goal_package/share/ament_index
[5.594s] creating /root/label_goal/install/label_goal_package/share/ament_index/resource_index
[5.595s] creating /root/label_goal/install/label_goal_package/share/ament_index/resource_index/packages
[5.595s] copying resource/label_goal_package -> /root/label_goal/install/label_goal_package/share/ament_index/resource_index/packages
[5.596s] copying package.xml -> /root/label_goal/install/label_goal_package/share/label_goal_package
[5.596s] running install_egg_info
[5.605s] Copying ../../build/label_goal_package/label_goal_package.egg-info to /root/label_goal/install/label_goal_package/lib/python3.10/site-packages/label_goal_package-0.0.0-py3.10.egg-info
[5.608s] running install_scripts
[5.725s] Installing label_goal_node script to /root/label_goal/install/label_goal_package/lib/label_goal_package
[5.726s] writing list of installed files to '/root/label_goal/build/label_goal_package/install.log'
[5.932s] Invoked command in '/root/label_goal/src/label_goal_package' returned '0': PYTHONPATH=/root/label_goal/build/label_goal_package/prefix_override:/usr/lib/python3/dist-packages/colcon_core/task/python/colcon_distutils_commands:/root/label_goal/install/label_goal_package/lib/python3.10/site-packages:${PYTHONPATH} /usr/bin/python3 -W ignore:setup.py install is deprecated -W ignore:easy_install command is deprecated setup.py egg_info --egg-base ../../build/label_goal_package build --build-base /root/label_goal/build/label_goal_package/build install --record /root/label_goal/build/label_goal_package/install.log --single-version-externally-managed install_data
