[4.933s] Invoking command in '/root/mqtt_goal_ws/src/mqtt_navigation': PYTHONPATH=/root/mqtt_goal_ws/build/mqtt_navigation/prefix_override:/usr/lib/python3/dist-packages/colcon_core/task/python/colcon_distutils_commands:/root/mqtt_goal_ws/install/mqtt_navigation/lib/python3.10/site-packages:${PYTHONPATH} /usr/bin/python3 -W ignore:setup.py install is deprecated -W ignore:easy_install command is deprecated setup.py egg_info --egg-base ../../build/mqtt_navigation build --build-base /root/mqtt_goal_ws/build/mqtt_navigation/build install --record /root/mqtt_goal_ws/build/mqtt_navigation/install.log --single-version-externally-managed install_data
[6.741s] running egg_info
[6.745s] writing ../../build/mqtt_navigation/mqtt_navigation.egg-info/PKG-INFO
[6.746s] writing dependency_links to ../../build/mqtt_navigation/mqtt_navigation.egg-info/dependency_links.txt
[6.747s] writing entry points to ../../build/mqtt_navigation/mqtt_navigation.egg-info/entry_points.txt
[6.748s] writing requirements to ../../build/mqtt_navigation/mqtt_navigation.egg-info/requires.txt
[6.749s] writing top-level names to ../../build/mqtt_navigation/mqtt_navigation.egg-info/top_level.txt
[6.759s] reading manifest file '../../build/mqtt_navigation/mqtt_navigation.egg-info/SOURCES.txt'
[6.765s] writing manifest file '../../build/mqtt_navigation/mqtt_navigation.egg-info/SOURCES.txt'
[6.765s] running build
[6.766s] running build_py
[6.766s] copying mqtt_navigation/mqtt_navigation_node.py -> /root/mqtt_goal_ws/build/mqtt_navigation/build/lib/mqtt_navigation
[6.767s] running install
[6.769s] running install_lib
[6.773s] copying /root/mqtt_goal_ws/build/mqtt_navigation/build/lib/mqtt_navigation/mqtt_navigation_node.py -> /root/mqtt_goal_ws/install/mqtt_navigation/lib/python3.10/site-packages/mqtt_navigation
[6.777s] byte-compiling /root/mqtt_goal_ws/install/mqtt_navigation/lib/python3.10/site-packages/mqtt_navigation/mqtt_navigation_node.py to mqtt_navigation_node.cpython-310.pyc
[6.795s] running install_data
[6.796s] copying package.xml -> /root/mqtt_goal_ws/install/mqtt_navigation/share/mqtt_navigation
[6.797s] running install_egg_info
[6.807s] removing '/root/mqtt_goal_ws/install/mqtt_navigation/lib/python3.10/site-packages/mqtt_navigation-0.0.1-py3.10.egg-info' (and everything under it)
[6.809s] Copying ../../build/mqtt_navigation/mqtt_navigation.egg-info to /root/mqtt_goal_ws/install/mqtt_navigation/lib/python3.10/site-packages/mqtt_navigation-0.0.1-py3.10.egg-info
[6.813s] running install_scripts
[6.936s] Installing mqtt_navigation_node script to /root/mqtt_goal_ws/install/mqtt_navigation/lib/mqtt_navigation
[6.938s] writing list of installed files to '/root/mqtt_goal_ws/build/mqtt_navigation/install.log'
[7.158s] Invoked command in '/root/mqtt_goal_ws/src/mqtt_navigation' returned '0': PYTHONPATH=/root/mqtt_goal_ws/build/mqtt_navigation/prefix_override:/usr/lib/python3/dist-packages/colcon_core/task/python/colcon_distutils_commands:/root/mqtt_goal_ws/install/mqtt_navigation/lib/python3.10/site-packages:${PYTHONPATH} /usr/bin/python3 -W ignore:setup.py install is deprecated -W ignore:easy_install command is deprecated setup.py egg_info --egg-base ../../build/mqtt_navigation build --build-base /root/mqtt_goal_ws/build/mqtt_navigation/build install --record /root/mqtt_goal_ws/build/mqtt_navigation/install.log --single-version-externally-managed install_data
