running egg_info
creating ../../build/us100_sensor_pkg/us100_sensor_pkg.egg-info
writing ../../build/us100_sensor_pkg/us100_sensor_pkg.egg-info/PKG-INFO
writing dependency_links to ../../build/us100_sensor_pkg/us100_sensor_pkg.egg-info/dependency_links.txt
writing entry points to ../../build/us100_sensor_pkg/us100_sensor_pkg.egg-info/entry_points.txt
writing requirements to ../../build/us100_sensor_pkg/us100_sensor_pkg.egg-info/requires.txt
writing top-level names to ../../build/us100_sensor_pkg/us100_sensor_pkg.egg-info/top_level.txt
writing manifest file '../../build/us100_sensor_pkg/us100_sensor_pkg.egg-info/SOURCES.txt'
reading manifest file '../../build/us100_sensor_pkg/us100_sensor_pkg.egg-info/SOURCES.txt'
writing manifest file '../../build/us100_sensor_pkg/us100_sensor_pkg.egg-info/SOURCES.txt'
running build
running build_py
creating /root/us100_sensor_ws/build/us100_sensor_pkg/build
creating /root/us100_sensor_ws/build/us100_sensor_pkg/build/lib
creating /root/us100_sensor_ws/build/us100_sensor_pkg/build/lib/us100_sensor_pkg
copying us100_sensor_pkg/us100_sensor_node.py -> /root/us100_sensor_ws/build/us100_sensor_pkg/build/lib/us100_sensor_pkg
copying us100_sensor_pkg/__init__.py -> /root/us100_sensor_ws/build/us100_sensor_pkg/build/lib/us100_sensor_pkg
running install
running install_lib
creating /root/us100_sensor_ws/install/us100_sensor_pkg/lib/python3.10/site-packages/us100_sensor_pkg
copying /root/us100_sensor_ws/build/us100_sensor_pkg/build/lib/us100_sensor_pkg/us100_sensor_node.py -> /root/us100_sensor_ws/install/us100_sensor_pkg/lib/python3.10/site-packages/us100_sensor_pkg
copying /root/us100_sensor_ws/build/us100_sensor_pkg/build/lib/us100_sensor_pkg/__init__.py -> /root/us100_sensor_ws/install/us100_sensor_pkg/lib/python3.10/site-packages/us100_sensor_pkg
byte-compiling /root/us100_sensor_ws/install/us100_sensor_pkg/lib/python3.10/site-packages/us100_sensor_pkg/us100_sensor_node.py to us100_sensor_node.cpython-310.pyc
byte-compiling /root/us100_sensor_ws/install/us100_sensor_pkg/lib/python3.10/site-packages/us100_sensor_pkg/__init__.py to __init__.cpython-310.pyc
running install_data
creating /root/us100_sensor_ws/install/us100_sensor_pkg/share/ament_index
creating /root/us100_sensor_ws/install/us100_sensor_pkg/share/ament_index/resource_index
creating /root/us100_sensor_ws/install/us100_sensor_pkg/share/ament_index/resource_index/packages
copying resource/us100_sensor_pkg -> /root/us100_sensor_ws/install/us100_sensor_pkg/share/ament_index/resource_index/packages
copying package.xml -> /root/us100_sensor_ws/install/us100_sensor_pkg/share/us100_sensor_pkg
running install_egg_info
Copying ../../build/us100_sensor_pkg/us100_sensor_pkg.egg-info to /root/us100_sensor_ws/install/us100_sensor_pkg/lib/python3.10/site-packages/us100_sensor_pkg-0.0.0-py3.10.egg-info
running install_scripts
Installing us100_sensor_node script to /root/us100_sensor_ws/install/us100_sensor_pkg/lib/us100_sensor_pkg
writing list of installed files to '/root/us100_sensor_ws/build/us100_sensor_pkg/install.log'
