[5.238s] Invoking command in '/root/us100_sensor_ws/src/us100_sensor_pkg': PYTHONPATH=/root/us100_sensor_ws/build/us100_sensor_pkg/prefix_override:/usr/lib/python3/dist-packages/colcon_core/task/python/colcon_distutils_commands:/root/us100_sensor_ws/install/us100_sensor_pkg/lib/python3.10/site-packages:${PYTHONPATH} /usr/bin/python3 -W ignore:setup.py install is deprecated -W ignore:easy_install command is deprecated setup.py egg_info --egg-base ../../build/us100_sensor_pkg build --build-base /root/us100_sensor_ws/build/us100_sensor_pkg/build install --record /root/us100_sensor_ws/build/us100_sensor_pkg/install.log --single-version-externally-managed install_data
[7.249s] running egg_info
[7.252s] creating ../../build/us100_sensor_pkg/us100_sensor_pkg.egg-info
[7.253s] writing ../../build/us100_sensor_pkg/us100_sensor_pkg.egg-info/PKG-INFO
[7.254s] writing dependency_links to ../../build/us100_sensor_pkg/us100_sensor_pkg.egg-info/dependency_links.txt
[7.255s] writing entry points to ../../build/us100_sensor_pkg/us100_sensor_pkg.egg-info/entry_points.txt
[7.256s] writing requirements to ../../build/us100_sensor_pkg/us100_sensor_pkg.egg-info/requires.txt
[7.256s] writing top-level names to ../../build/us100_sensor_pkg/us100_sensor_pkg.egg-info/top_level.txt
[7.257s] writing manifest file '../../build/us100_sensor_pkg/us100_sensor_pkg.egg-info/SOURCES.txt'
[7.268s] reading manifest file '../../build/us100_sensor_pkg/us100_sensor_pkg.egg-info/SOURCES.txt'
[7.272s] writing manifest file '../../build/us100_sensor_pkg/us100_sensor_pkg.egg-info/SOURCES.txt'
[7.273s] running build
[7.274s] running build_py
[7.274s] creating /root/us100_sensor_ws/build/us100_sensor_pkg/build
[7.275s] creating /root/us100_sensor_ws/build/us100_sensor_pkg/build/lib
[7.275s] creating /root/us100_sensor_ws/build/us100_sensor_pkg/build/lib/us100_sensor_pkg
[7.276s] copying us100_sensor_pkg/us100_sensor_node.py -> /root/us100_sensor_ws/build/us100_sensor_pkg/build/lib/us100_sensor_pkg
[7.276s] copying us100_sensor_pkg/__init__.py -> /root/us100_sensor_ws/build/us100_sensor_pkg/build/lib/us100_sensor_pkg
[7.277s] running install
[7.278s] running install_lib
[7.284s] creating /root/us100_sensor_ws/install/us100_sensor_pkg/lib/python3.10/site-packages/us100_sensor_pkg
[7.284s] copying /root/us100_sensor_ws/build/us100_sensor_pkg/build/lib/us100_sensor_pkg/us100_sensor_node.py -> /root/us100_sensor_ws/install/us100_sensor_pkg/lib/python3.10/site-packages/us100_sensor_pkg
[7.285s] copying /root/us100_sensor_ws/build/us100_sensor_pkg/build/lib/us100_sensor_pkg/__init__.py -> /root/us100_sensor_ws/install/us100_sensor_pkg/lib/python3.10/site-packages/us100_sensor_pkg
[7.289s] byte-compiling /root/us100_sensor_ws/install/us100_sensor_pkg/lib/python3.10/site-packages/us100_sensor_pkg/us100_sensor_node.py to us100_sensor_node.cpython-310.pyc
[7.295s] byte-compiling /root/us100_sensor_ws/install/us100_sensor_pkg/lib/python3.10/site-packages/us100_sensor_pkg/__init__.py to __init__.cpython-310.pyc
[7.296s] running install_data
[7.297s] creating /root/us100_sensor_ws/install/us100_sensor_pkg/share/ament_index
[7.298s] creating /root/us100_sensor_ws/install/us100_sensor_pkg/share/ament_index/resource_index
[7.299s] creating /root/us100_sensor_ws/install/us100_sensor_pkg/share/ament_index/resource_index/packages
[7.299s] copying resource/us100_sensor_pkg -> /root/us100_sensor_ws/install/us100_sensor_pkg/share/ament_index/resource_index/packages
[7.300s] copying package.xml -> /root/us100_sensor_ws/install/us100_sensor_pkg/share/us100_sensor_pkg
[7.301s] running install_egg_info
[7.321s] Copying ../../build/us100_sensor_pkg/us100_sensor_pkg.egg-info to /root/us100_sensor_ws/install/us100_sensor_pkg/lib/python3.10/site-packages/us100_sensor_pkg-0.0.0-py3.10.egg-info
[7.325s] running install_scripts
[7.458s] Installing us100_sensor_node script to /root/us100_sensor_ws/install/us100_sensor_pkg/lib/us100_sensor_pkg
[7.460s] writing list of installed files to '/root/us100_sensor_ws/build/us100_sensor_pkg/install.log'
[7.695s] Invoked command in '/root/us100_sensor_ws/src/us100_sensor_pkg' returned '0': PYTHONPATH=/root/us100_sensor_ws/build/us100_sensor_pkg/prefix_override:/usr/lib/python3/dist-packages/colcon_core/task/python/colcon_distutils_commands:/root/us100_sensor_ws/install/us100_sensor_pkg/lib/python3.10/site-packages:${PYTHONPATH} /usr/bin/python3 -W ignore:setup.py install is deprecated -W ignore:easy_install command is deprecated setup.py egg_info --egg-base ../../build/us100_sensor_pkg build --build-base /root/us100_sensor_ws/build/us100_sensor_pkg/build install --record /root/us100_sensor_ws/build/us100_sensor_pkg/install.log --single-version-externally-managed install_data
