[1.878s] DEBUG:colcon:Command line arguments: ['/usr/bin/colcon', 'build', '--packages-select', 'mqtt_navigation']
[1.879s] DEBUG:colcon:Parsed command line arguments: Namespace(log_base=None, log_level=None, verb_name='build', build_base='build', install_base='install', merge_install=False, symlink_install=False, test_result_base=None, continue_on_error=False, executor='parallel', parallel_workers=8, event_handlers=None, ignore_user_meta=False, metas=['./colcon.meta'], base_paths=['.'], packages_ignore=None, packages_ignore_regex=None, paths=None, packages_up_to=None, packages_up_to_regex=None, packages_above=None, packages_above_and_dependencies=None, packages_above_depth=None, packages_select_by_dep=None, packages_skip_by_dep=None, packages_skip_up_to=None, packages_select_build_failed=False, packages_skip_build_finished=False, packages_select_test_failures=False, packages_skip_test_passed=False, packages_select=['mqtt_navigation'], packages_skip=None, packages_select_regex=None, packages_skip_regex=None, packages_start=None, packages_end=None, allow_overriding=[], bazel_args=None, bazel_task=None, cmake_args=None, cmake_target=None, cmake_target_skip_unavailable=False, cmake_clean_cache=False, cmake_clean_first=False, cmake_force_configure=False, meson_args=[], ament_cmake_args=None, catkin_cmake_args=None, catkin_skip_building_tests=False, mixin_files=None, mixin=None, verb_parser=<colcon_alias.argument_parser.alias.AliasArgumentDecorator object at 0xffffae6727a0>, verb_extension=<colcon_core.verb.build.BuildVerb object at 0xffffae6719f0>, main=<bound method BuildVerb.main of <colcon_core.verb.build.BuildVerb object at 0xffffae6719f0>>, mixin_verb=('build',))
[3.238s] Level 1:colcon.colcon_core.package_discovery:discover_packages(colcon_meta) check parameters
[3.238s] Level 1:colcon.colcon_core.package_discovery:discover_packages(recursive) check parameters
[3.239s] Level 1:colcon.colcon_core.package_discovery:discover_packages(ignore) check parameters
[3.239s] Level 1:colcon.colcon_core.package_discovery:discover_packages(path) check parameters
[3.239s] Level 1:colcon.colcon_core.package_discovery:discover_packages(colcon_meta) discover
[3.239s] Level 1:colcon.colcon_core.package_discovery:discover_packages(recursive) discover
[3.240s] INFO:colcon.colcon_core.package_discovery:Crawling recursively for packages in '/root/mqtt_goal_ws'
[3.240s] Level 1:colcon.colcon_core.package_identification:_identify(.) by extensions ['ignore', 'ignore_ament_install']
[3.241s] Level 1:colcon.colcon_core.package_identification:_identify(.) by extension 'ignore'
[3.241s] Level 1:colcon.colcon_core.package_identification:_identify(.) by extension 'ignore_ament_install'
[3.242s] Level 1:colcon.colcon_core.package_identification:_identify(.) by extensions ['colcon_pkg']
[3.242s] Level 1:colcon.colcon_core.package_identification:_identify(.) by extension 'colcon_pkg'
[3.242s] Level 1:colcon.colcon_core.package_identification:_identify(.) by extensions ['colcon_meta']
[3.242s] Level 1:colcon.colcon_core.package_identification:_identify(.) by extension 'colcon_meta'
[3.243s] Level 1:colcon.colcon_core.package_identification:_identify(.) by extensions ['ros']
[3.243s] Level 1:colcon.colcon_core.package_identification:_identify(.) by extension 'ros'
[3.261s] Level 1:colcon.colcon_core.package_identification:_identify(.) by extensions ['bazel', 'cmake', 'meson', 'python']
[3.261s] Level 1:colcon.colcon_core.package_identification:_identify(.) by extension 'bazel'
[3.262s] Level 1:colcon.colcon_core.package_identification:_identify(.) by extension 'cmake'
[3.262s] Level 1:colcon.colcon_core.package_identification:_identify(.) by extension 'meson'
[3.262s] Level 1:colcon.colcon_core.package_identification:_identify(.) by extension 'python'
[3.263s] Level 1:colcon.colcon_core.package_identification:_identify(.) by extensions ['python_setup_py']
[3.263s] Level 1:colcon.colcon_core.package_identification:_identify(.) by extension 'python_setup_py'
[3.264s] Level 1:colcon.colcon_core.package_identification:_identify(build) by extensions ['ignore', 'ignore_ament_install']
[3.264s] Level 1:colcon.colcon_core.package_identification:_identify(build) by extension 'ignore'
[3.265s] Level 1:colcon.colcon_core.package_identification:_identify(build) ignored
[3.266s] Level 1:colcon.colcon_core.package_identification:_identify(install) by extensions ['ignore', 'ignore_ament_install']
[3.266s] Level 1:colcon.colcon_core.package_identification:_identify(install) by extension 'ignore'
[3.266s] Level 1:colcon.colcon_core.package_identification:_identify(install) ignored
[3.267s] Level 1:colcon.colcon_core.package_identification:_identify(log) by extensions ['ignore', 'ignore_ament_install']
[3.267s] Level 1:colcon.colcon_core.package_identification:_identify(log) by extension 'ignore'
[3.268s] Level 1:colcon.colcon_core.package_identification:_identify(log) ignored
[3.268s] Level 1:colcon.colcon_core.package_identification:_identify(src) by extensions ['ignore', 'ignore_ament_install']
[3.269s] Level 1:colcon.colcon_core.package_identification:_identify(src) by extension 'ignore'
[3.269s] Level 1:colcon.colcon_core.package_identification:_identify(src) by extension 'ignore_ament_install'
[3.269s] Level 1:colcon.colcon_core.package_identification:_identify(src) by extensions ['colcon_pkg']
[3.269s] Level 1:colcon.colcon_core.package_identification:_identify(src) by extension 'colcon_pkg'
[3.270s] Level 1:colcon.colcon_core.package_identification:_identify(src) by extensions ['colcon_meta']
[3.270s] Level 1:colcon.colcon_core.package_identification:_identify(src) by extension 'colcon_meta'
[3.270s] Level 1:colcon.colcon_core.package_identification:_identify(src) by extensions ['ros']
[3.270s] Level 1:colcon.colcon_core.package_identification:_identify(src) by extension 'ros'
[3.271s] Level 1:colcon.colcon_core.package_identification:_identify(src) by extensions ['bazel', 'cmake', 'meson', 'python']
[3.271s] Level 1:colcon.colcon_core.package_identification:_identify(src) by extension 'bazel'
[3.271s] Level 1:colcon.colcon_core.package_identification:_identify(src) by extension 'cmake'
[3.272s] Level 1:colcon.colcon_core.package_identification:_identify(src) by extension 'meson'
[3.272s] Level 1:colcon.colcon_core.package_identification:_identify(src) by extension 'python'
[3.272s] Level 1:colcon.colcon_core.package_identification:_identify(src) by extensions ['python_setup_py']
[3.272s] Level 1:colcon.colcon_core.package_identification:_identify(src) by extension 'python_setup_py'
[3.273s] Level 1:colcon.colcon_core.package_identification:_identify(src/mqtt_navigation) by extensions ['ignore', 'ignore_ament_install']
[3.274s] Level 1:colcon.colcon_core.package_identification:_identify(src/mqtt_navigation) by extension 'ignore'
[3.274s] Level 1:colcon.colcon_core.package_identification:_identify(src/mqtt_navigation) by extension 'ignore_ament_install'
[3.275s] Level 1:colcon.colcon_core.package_identification:_identify(src/mqtt_navigation) by extensions ['colcon_pkg']
[3.275s] Level 1:colcon.colcon_core.package_identification:_identify(src/mqtt_navigation) by extension 'colcon_pkg'
[3.275s] Level 1:colcon.colcon_core.package_identification:_identify(src/mqtt_navigation) by extensions ['colcon_meta']
[3.275s] Level 1:colcon.colcon_core.package_identification:_identify(src/mqtt_navigation) by extension 'colcon_meta'
[3.276s] Level 1:colcon.colcon_core.package_identification:_identify(src/mqtt_navigation) by extensions ['ros']
[3.276s] Level 1:colcon.colcon_core.package_identification:_identify(src/mqtt_navigation) by extension 'ros'
[3.292s] DEBUG:colcon.colcon_core.package_identification:Package 'src/mqtt_navigation' with type 'ros.ament_python' and name 'mqtt_navigation'
[3.293s] Level 1:colcon.colcon_core.package_discovery:discover_packages(recursive) using defaults
[3.293s] Level 1:colcon.colcon_core.package_discovery:discover_packages(ignore) discover
[3.293s] Level 1:colcon.colcon_core.package_discovery:discover_packages(ignore) using defaults
[3.293s] Level 1:colcon.colcon_core.package_discovery:discover_packages(path) discover
[3.293s] Level 1:colcon.colcon_core.package_discovery:discover_packages(path) using defaults
[3.402s] Level 1:colcon.colcon_core.package_discovery:discover_packages(prefix_path) check parameters
[3.403s] Level 1:colcon.colcon_core.package_discovery:discover_packages(prefix_path) discover
[3.420s] DEBUG:colcon.colcon_installed_package_information.package_discovery:Found 1 installed packages in /root/mqtt_goal_ws/install
[3.423s] DEBUG:colcon.colcon_installed_package_information.package_discovery:Found 1 installed packages in /root/us100_sensor_ws/install
[3.426s] DEBUG:colcon.colcon_installed_package_information.package_discovery:Found 7 installed packages in /root/ros2_ws/install
[3.430s] DEBUG:colcon.colcon_installed_package_information.package_discovery:Found 1 installed packages in /root/label_goal/install
[3.433s] DEBUG:colcon.colcon_installed_package_information.package_discovery:Found 1 installed packages in /root/home_label/install
[3.435s] DEBUG:colcon.colcon_installed_package_information.package_discovery:Found 3 installed packages in /root/uros_ws/install
[3.441s] DEBUG:colcon.colcon_installed_package_information.package_discovery:Found 15 installed packages in /userdata/dev_ws/install
[3.444s] DEBUG:colcon.colcon_installed_package_information.package_discovery:Found 55 installed packages in /opt/tros/humble
[3.456s] DEBUG:colcon.colcon_installed_package_information.package_discovery:Found 320 installed packages in /opt/ros/humble
[3.470s] Level 1:colcon.colcon_core.package_discovery:discover_packages(prefix_path) using defaults
[3.897s] Level 5:colcon.colcon_core.verb:set package 'mqtt_navigation' build argument 'bazel_args' from command line to 'None'
[3.897s] Level 5:colcon.colcon_core.verb:set package 'mqtt_navigation' build argument 'bazel_task' from command line to 'None'
[3.898s] Level 5:colcon.colcon_core.verb:set package 'mqtt_navigation' build argument 'cmake_args' from command line to 'None'
[3.898s] Level 5:colcon.colcon_core.verb:set package 'mqtt_navigation' build argument 'cmake_target' from command line to 'None'
[3.898s] Level 5:colcon.colcon_core.verb:set package 'mqtt_navigation' build argument 'cmake_target_skip_unavailable' from command line to 'False'
[3.898s] Level 5:colcon.colcon_core.verb:set package 'mqtt_navigation' build argument 'cmake_clean_cache' from command line to 'False'
[3.898s] Level 5:colcon.colcon_core.verb:set package 'mqtt_navigation' build argument 'cmake_clean_first' from command line to 'False'
[3.899s] Level 5:colcon.colcon_core.verb:set package 'mqtt_navigation' build argument 'cmake_force_configure' from command line to 'False'
[3.899s] Level 5:colcon.colcon_core.verb:set package 'mqtt_navigation' build argument 'meson_args' from command line to '[]'
[3.899s] Level 5:colcon.colcon_core.verb:set package 'mqtt_navigation' build argument 'ament_cmake_args' from command line to 'None'
[3.899s] Level 5:colcon.colcon_core.verb:set package 'mqtt_navigation' build argument 'catkin_cmake_args' from command line to 'None'
[3.899s] Level 5:colcon.colcon_core.verb:set package 'mqtt_navigation' build argument 'catkin_skip_building_tests' from command line to 'False'
[3.900s] DEBUG:colcon.colcon_core.verb:Building package 'mqtt_navigation' with the following arguments: {'ament_cmake_args': None, 'bazel_args': None, 'bazel_task': None, 'build_base': '/root/mqtt_goal_ws/build/mqtt_navigation', 'catkin_cmake_args': None, 'catkin_skip_building_tests': False, 'cmake_args': None, 'cmake_clean_cache': False, 'cmake_clean_first': False, 'cmake_force_configure': False, 'cmake_target': None, 'cmake_target_skip_unavailable': False, 'install_base': '/root/mqtt_goal_ws/install/mqtt_navigation', 'merge_install': False, 'meson_args': [], 'path': '/root/mqtt_goal_ws/src/mqtt_navigation', 'symlink_install': False, 'test_result_base': None}
[3.901s] INFO:colcon.colcon_core.executor:Executing jobs using 'parallel' executor
[3.906s] DEBUG:colcon.colcon_parallel_executor.executor.parallel:run_until_complete
[3.907s] INFO:colcon.colcon_ros.task.ament_python.build:Building ROS package in '/root/mqtt_goal_ws/src/mqtt_navigation' with build type 'ament_python'
[3.908s] Level 1:colcon.colcon_core.shell:create_environment_hook('mqtt_navigation', 'ament_prefix_path')
[3.925s] INFO:colcon.colcon_core.plugin_system:Skipping extension 'colcon_core.shell.bat': Not used on non-Windows systems
[3.926s] INFO:colcon.colcon_core.shell:Creating environment hook '/root/mqtt_goal_ws/install/mqtt_navigation/share/mqtt_navigation/hook/ament_prefix_path.ps1'
[3.930s] INFO:colcon.colcon_core.shell:Creating environment descriptor '/root/mqtt_goal_ws/install/mqtt_navigation/share/mqtt_navigation/hook/ament_prefix_path.dsv'
[3.933s] INFO:colcon.colcon_core.shell:Creating environment hook '/root/mqtt_goal_ws/install/mqtt_navigation/share/mqtt_navigation/hook/ament_prefix_path.sh'
[3.939s] DEBUG:colcon.colcon_ros_domain_id_coordinator.shell.ros_domain_id:Allocated ROS_DOMAIN_ID=76 for '/root/mqtt_goal_ws/build/mqtt_navigation'
[3.939s] INFO:colcon.colcon_core.shell:Skip shell extension 'ros_domain_id' for command environment: 
[3.939s] INFO:colcon.colcon_core.shell:Skip shell extension 'powershell' for command environment: Not usable outside of PowerShell
[3.940s] DEBUG:colcon.colcon_core.shell:Skip shell extension 'dsv' for command environment
[5.907s] INFO:colcon.colcon_core.task.python.build:Building Python package in '/root/mqtt_goal_ws/src/mqtt_navigation'
[5.909s] DEBUG:colcon.colcon_ros_domain_id_coordinator.shell.ros_domain_id:Allocated ROS_DOMAIN_ID=76 for '/root/mqtt_goal_ws/build/mqtt_navigation'
[5.910s] INFO:colcon.colcon_core.shell:Skip shell extension 'ros_domain_id' for command environment: 
[5.910s] INFO:colcon.colcon_core.shell:Skip shell extension 'powershell' for command environment: Not usable outside of PowerShell
[5.910s] DEBUG:colcon.colcon_core.shell:Skip shell extension 'dsv' for command environment
[8.553s] DEBUG:colcon.colcon_core.event_handler.log_command:Invoking command in '/root/mqtt_goal_ws/src/mqtt_navigation': PYTHONPATH=/root/mqtt_goal_ws/build/mqtt_navigation/prefix_override:/usr/lib/python3/dist-packages/colcon_core/task/python/colcon_distutils_commands:/root/mqtt_goal_ws/install/mqtt_navigation/lib/python3.10/site-packages:${PYTHONPATH} /usr/bin/python3 -W ignore:setup.py install is deprecated -W ignore:easy_install command is deprecated setup.py egg_info --egg-base ../../build/mqtt_navigation build --build-base /root/mqtt_goal_ws/build/mqtt_navigation/build install --record /root/mqtt_goal_ws/build/mqtt_navigation/install.log --single-version-externally-managed install_data
[10.742s] DEBUG:colcon.colcon_core.event_handler.log_command:Invoked command in '/root/mqtt_goal_ws/src/mqtt_navigation' returned '0': PYTHONPATH=/root/mqtt_goal_ws/build/mqtt_navigation/prefix_override:/usr/lib/python3/dist-packages/colcon_core/task/python/colcon_distutils_commands:/root/mqtt_goal_ws/install/mqtt_navigation/lib/python3.10/site-packages:${PYTHONPATH} /usr/bin/python3 -W ignore:setup.py install is deprecated -W ignore:easy_install command is deprecated setup.py egg_info --egg-base ../../build/mqtt_navigation build --build-base /root/mqtt_goal_ws/build/mqtt_navigation/build install --record /root/mqtt_goal_ws/build/mqtt_navigation/install.log --single-version-externally-managed install_data
[10.765s] Level 1:colcon.colcon_core.environment:checking '/root/mqtt_goal_ws/install/mqtt_navigation' for CMake module files
[10.768s] Level 1:colcon.colcon_core.environment:checking '/root/mqtt_goal_ws/install/mqtt_navigation' for CMake config files
[10.771s] Level 1:colcon.colcon_core.environment:checking '/root/mqtt_goal_ws/install/mqtt_navigation/lib'
[10.772s] Level 1:colcon.colcon_core.environment:checking '/root/mqtt_goal_ws/install/mqtt_navigation/bin'
[10.773s] Level 1:colcon.colcon_core.environment:checking '/root/mqtt_goal_ws/install/mqtt_navigation/lib/pkgconfig/mqtt_navigation.pc'
[10.775s] Level 1:colcon.colcon_core.environment:checking '/root/mqtt_goal_ws/install/mqtt_navigation/lib/python3.10/site-packages'
[10.775s] Level 1:colcon.colcon_core.shell:create_environment_hook('mqtt_navigation', 'pythonpath')
[10.778s] INFO:colcon.colcon_core.shell:Creating environment hook '/root/mqtt_goal_ws/install/mqtt_navigation/share/mqtt_navigation/hook/pythonpath.ps1'
[10.781s] INFO:colcon.colcon_core.shell:Creating environment descriptor '/root/mqtt_goal_ws/install/mqtt_navigation/share/mqtt_navigation/hook/pythonpath.dsv'
[10.783s] INFO:colcon.colcon_core.shell:Creating environment hook '/root/mqtt_goal_ws/install/mqtt_navigation/share/mqtt_navigation/hook/pythonpath.sh'
[10.787s] Level 1:colcon.colcon_core.environment:checking '/root/mqtt_goal_ws/install/mqtt_navigation/bin'
[10.788s] Level 1:colcon.colcon_core.environment:create_environment_scripts_only(mqtt_navigation)
[10.790s] INFO:colcon.colcon_core.shell:Creating package script '/root/mqtt_goal_ws/install/mqtt_navigation/share/mqtt_navigation/package.ps1'
[10.797s] INFO:colcon.colcon_core.shell:Creating package descriptor '/root/mqtt_goal_ws/install/mqtt_navigation/share/mqtt_navigation/package.dsv'
[10.802s] INFO:colcon.colcon_core.shell:Creating package script '/root/mqtt_goal_ws/install/mqtt_navigation/share/mqtt_navigation/package.sh'
[10.808s] INFO:colcon.colcon_core.shell:Creating package script '/root/mqtt_goal_ws/install/mqtt_navigation/share/mqtt_navigation/package.bash'
[10.812s] INFO:colcon.colcon_core.shell:Creating package script '/root/mqtt_goal_ws/install/mqtt_navigation/share/mqtt_navigation/package.zsh'
[10.817s] Level 1:colcon.colcon_core.environment:create_file_with_runtime_dependencies(/root/mqtt_goal_ws/install/mqtt_navigation/share/colcon-core/packages/mqtt_navigation)
[10.818s] DEBUG:colcon.colcon_parallel_executor.executor.parallel:closing loop
[10.819s] DEBUG:colcon.colcon_ros_domain_id_coordinator.shell.ros_domain_id:Released ROS_DOMAIN_ID=76 for '/root/mqtt_goal_ws/build/mqtt_navigation'
[10.819s] DEBUG:colcon.colcon_parallel_executor.executor.parallel:loop closed
[10.820s] DEBUG:colcon.colcon_parallel_executor.executor.parallel:run_until_complete finished with '0'
[10.821s] DEBUG:colcon.colcon_core.event_reactor:joining thread
[10.853s] INFO:colcon.colcon_core.plugin_system:Skipping extension 'colcon_notification.desktop_notification.notify_send': Could not find 'notify-send'
[10.854s] INFO:colcon.colcon_core.plugin_system:Skipping extension 'colcon_notification.desktop_notification.terminal_notifier': Not used on non-Darwin systems
[10.854s] INFO:colcon.colcon_core.plugin_system:Skipping extension 'colcon_notification.desktop_notification.win32': Not used on non-Windows systems
[10.854s] INFO:colcon.colcon_notification.desktop_notification:Sending desktop notification using 'notify2'
[35.877s] DEBUG:colcon.colcon_notification.desktop_notification.notify2:Failed to initialize notify2: org.freedesktop.DBus.Error.NoReply: Did not receive a reply. Possible causes include: the remote application did not send a reply, the message bus security policy blocked the reply, the reply timeout expired, or the network connection was broken.
[35.878s] DEBUG:colcon.colcon_core.event_reactor:joined thread
[35.884s] INFO:colcon.colcon_core.shell:Creating prefix script '/root/mqtt_goal_ws/install/local_setup.ps1'
[35.890s] INFO:colcon.colcon_core.shell:Creating prefix util module '/root/mqtt_goal_ws/install/_local_setup_util_ps1.py'
[35.899s] INFO:colcon.colcon_core.shell:Creating prefix chain script '/root/mqtt_goal_ws/install/setup.ps1'
[35.913s] INFO:colcon.colcon_core.shell:Creating prefix script '/root/mqtt_goal_ws/install/local_setup.sh'
[35.916s] INFO:colcon.colcon_core.shell:Creating prefix util module '/root/mqtt_goal_ws/install/_local_setup_util_sh.py'
[35.921s] INFO:colcon.colcon_core.shell:Creating prefix chain script '/root/mqtt_goal_ws/install/setup.sh'
[35.935s] INFO:colcon.colcon_core.shell:Creating prefix script '/root/mqtt_goal_ws/install/local_setup.bash'
[35.938s] INFO:colcon.colcon_core.shell:Creating prefix chain script '/root/mqtt_goal_ws/install/setup.bash'
[35.952s] INFO:colcon.colcon_core.shell:Creating prefix script '/root/mqtt_goal_ws/install/local_setup.zsh'
[35.955s] INFO:colcon.colcon_core.shell:Creating prefix chain script '/root/mqtt_goal_ws/install/setup.zsh'
[35.969s] INFO:colcon.colcon_core.shell:Creating '/root/mqtt_goal_ws/install/spawn_shell.bash'
