[0.000000] (-) TimerEvent: {}
[0.001897] (home_label_package) JobQueued: {'identifier': 'home_label_package', 'dependencies': OrderedDict()}
[0.002707] (home_label_package) JobStarted: {'identifier': 'home_label_package'}
[0.098690] (-) TimerEvent: {}
[0.199500] (-) TimerEvent: {}
[0.300289] (-) TimerEvent: {}
[0.401119] (-) TimerEvent: {}
[0.501951] (-) TimerEvent: {}
[0.602750] (-) TimerEvent: {}
[0.703550] (-) TimerEvent: {}
[0.804388] (-) TimerEvent: {}
[0.905164] (-) TimerEvent: {}
[1.005954] (-) TimerEvent: {}
[1.106753] (-) TimerEvent: {}
[1.207560] (-) TimerEvent: {}
[1.308369] (-) TimerEvent: {}
[1.409165] (-) TimerEvent: {}
[1.509931] (-) TimerEvent: {}
[1.610751] (-) TimerEvent: {}
[1.711665] (-) TimerEvent: {}
[1.812822] (-) TimerEvent: {}
[1.914427] (-) TimerEvent: {}
[2.015293] (-) TimerEvent: {}
[2.116115] (-) TimerEvent: {}
[2.216943] (-) TimerEvent: {}
[2.317752] (-) TimerEvent: {}
[2.418568] (-) TimerEvent: {}
[2.519414] (-) TimerEvent: {}
[2.620241] (-) TimerEvent: {}
[2.721091] (-) TimerEvent: {}
[2.821884] (-) TimerEvent: {}
[2.922668] (-) TimerEvent: {}
[3.023440] (-) TimerEvent: {}
[3.124256] (-) TimerEvent: {}
[3.225047] (-) TimerEvent: {}
[3.325828] (-) TimerEvent: {}
[3.426630] (-) TimerEvent: {}
[3.527411] (-) TimerEvent: {}
[3.628205] (-) TimerEvent: {}
[3.728988] (-) TimerEvent: {}
[3.829772] (-) TimerEvent: {}
[3.930608] (-) TimerEvent: {}
[4.031467] (-) TimerEvent: {}
[4.132298] (-) TimerEvent: {}
[4.182221] (home_label_package) Command: {'cmd': ['/usr/bin/python3', '-W', 'ignore:setup.py install is deprecated', '-W', 'ignore:easy_install command is deprecated', 'setup.py', 'egg_info', '--egg-base', '../../build/home_label_package', 'build', '--build-base', '/root/home_label/build/home_label_package/build', 'install', '--record', '/root/home_label/build/home_label_package/install.log', '--single-version-externally-managed', 'install_data'], 'cwd': '/root/home_label/src/home_label_package', 'env': {'MAIL': '/var/mail/root', 'LANGUAGE': 'en_US.UTF-8', 'USER': 'root', 'XDG_SESSION_TYPE': 'tty', 'SHLVL': '1', 'LD_LIBRARY_PATH': '/userdata/dev_ws/install/serial/lib:/userdata/dev_ws/install/originbot_msgs/lib:/root/uros_ws/install/micro_ros_agent/lib:/root/uros_ws/install/micro_ros_msgs/lib:/opt/tros/humble/lib/aarch64-linux-gnu:/opt/tros/humble/lib:/opt/ros/humble/opt/rviz_ogre_vendor/lib:/opt/ros/humble/lib/aarch64-linux-gnu:/opt/ros/humble/lib:/usr/hobot/lib:/app/lib:/app/pub/lib:/middleware/lib:/middleware/pub/lib:/usr/hobot/lib/sensor:/system/lib:/system/usr/lib:/lib:', 'MOTD_SHOWN': 'pam', 'HOME': '/root', 'OLDPWD': '/root', 'HUSHLOGIN': 'FALSE', 'ROS_PYTHON_VERSION': '3', 'SYSTEMD_EXEC_PID': '1124', 'DBUS_SESSION_BUS_ADDRESS': 'unix:path=/run/user/0/bus', 'DEBUGINFOD_URLS': '', 'TROS_DISTRO': 'humble', 'COLCON_PREFIX_PATH': '/root/home_label/install:/root/uros_ws/install:/userdata/dev_ws/install', 'ROS_DISTRO': 'humble', 'LOGNAME': 'root', 'JOURNAL_STREAM': '8:10616', '_': '/usr/bin/colcon', 'ROS_VERSION': '2', 'XDG_SESSION_CLASS': 'user', 'TERM': 'vt220', 'XDG_SESSION_ID': '2', 'ROS_LOCALHOST_ONLY': '0', 'PATH': '/opt/tros/humble/bin:/opt/ros/humble/bin:/usr/hobot/bin/:/usr/local/sbin:/usr/local/bin:/usr/sbin:/usr/bin:/sbin:/bin:/usr/games:/usr/local/games:/snap/bin', 'INVOCATION_ID': 'ad5e9dcbd6b0495486bffc840ad0ad93', 'CAM_TYPE': 'usb', 'XDG_RUNTIME_DIR': '/run/user/0', 'LANG': 'en_US.UTF-8', 'LS_COLORS': '', 'AMENT_PREFIX_PATH': '/userdata/dev_ws/install/vp100_ros2:/userdata/dev_ws/install/originbot_base:/userdata/dev_ws/install/serial:/userdata/dev_ws/install/originbot_teleop:/userdata/dev_ws/install/originbot_send_goal:/userdata/dev_ws/install/originbot_qrcode_detect:/userdata/dev_ws/install/originbot_navigation:/userdata/dev_ws/install/originbot_linefollower:/userdata/dev_ws/install/originbot_demo:/userdata/dev_ws/install/originbot_msgs:/userdata/dev_ws/install/originbot_bringup:/userdata/dev_ws/install/line_follower_perception:/userdata/dev_ws/install/gesture_control:/userdata/dev_ws/install/body_tracking:/root/uros_ws/install/micro_ros_setup:/root/uros_ws/install/micro_ros_agent:/root/uros_ws/install/micro_ros_msgs:/root/home_label/install/home_label_package:/opt/tros/humble:/opt/ros/humble', 'ROS_DOMAIN_ID': '90', 'SHELL': '/bin/bash', 'PWD': '/root/home_label/build/home_label_package', 'XDG_DATA_DIRS': '/usr/local/share:/usr/share:/var/lib/snapd/desktop', 'PYTHONPATH': '/root/home_label/build/home_label_package/prefix_override:/usr/lib/python3/dist-packages/colcon_core/task/python/colcon_distutils_commands:/root/home_label/install/home_label_package/lib/python3.10/site-packages:/userdata/dev_ws/install/originbot_linefollower/lib/python3.10/site-packages:/userdata/dev_ws/install/originbot_demo/lib/python3.10/site-packages:/userdata/dev_ws/install/originbot_msgs/local/lib/python3.10/dist-packages:/root/uros_ws/install/micro_ros_msgs/local/lib/python3.10/dist-packages:/root/home_label/install/home_label_package/lib/python3.10/site-packages:/opt/tros/humble/lib/python3.10/site-packages:/opt/tros/humble/local/lib/python3.10/dist-packages:/opt/ros/humble/lib/python3.10/site-packages:/opt/ros/humble/local/lib/python3.10/dist-packages', 'COLCON': '1', 'CMAKE_PREFIX_PATH': '/userdata/dev_ws/install/vp100_ros2:/userdata/dev_ws/install/originbot_base:/userdata/dev_ws/install/serial:/userdata/dev_ws/install/originbot_teleop:/userdata/dev_ws/install/originbot_send_goal:/userdata/dev_ws/install/originbot_qrcode_detect:/userdata/dev_ws/install/originbot_navigation:/userdata/dev_ws/install/originbot_msgs:/userdata/dev_ws/install/originbot_bringup:/userdata/dev_ws/install/line_follower_perception:/userdata/dev_ws/install/gesture_control:/userdata/dev_ws/install/body_tracking:/root/uros_ws/install/micro_ros_setup:/root/uros_ws/install/micro_ros_agent:/root/uros_ws/install/micro_ros_msgs'}, 'shell': False}
[4.232460] (-) TimerEvent: {}
[4.333243] (-) TimerEvent: {}
[4.434057] (-) TimerEvent: {}
[4.534854] (-) TimerEvent: {}
[4.635634] (-) TimerEvent: {}
[4.736469] (-) TimerEvent: {}
[4.837244] (-) TimerEvent: {}
[4.938006] (-) TimerEvent: {}
[5.038782] (-) TimerEvent: {}
[5.139547] (-) TimerEvent: {}
[5.240316] (-) TimerEvent: {}
[5.341108] (-) TimerEvent: {}
[5.441899] (-) TimerEvent: {}
[5.542687] (-) TimerEvent: {}
[5.643461] (-) TimerEvent: {}
[5.744283] (-) TimerEvent: {}
[5.806325] (home_label_package) StdoutLine: {'line': b'running egg_info\n'}
[5.812729] (home_label_package) StdoutLine: {'line': b'writing ../../build/home_label_package/home_label_package.egg-info/PKG-INFO\n'}
[5.813972] (home_label_package) StdoutLine: {'line': b'writing dependency_links to ../../build/home_label_package/home_label_package.egg-info/dependency_links.txt\n'}
[5.814926] (home_label_package) StdoutLine: {'line': b'writing entry points to ../../build/home_label_package/home_label_package.egg-info/entry_points.txt\n'}
[5.815668] (home_label_package) StdoutLine: {'line': b'writing requirements to ../../build/home_label_package/home_label_package.egg-info/requires.txt\n'}
[5.816231] (home_label_package) StdoutLine: {'line': b'writing top-level names to ../../build/home_label_package/home_label_package.egg-info/top_level.txt\n'}
[5.826333] (home_label_package) StdoutLine: {'line': b"reading manifest file '../../build/home_label_package/home_label_package.egg-info/SOURCES.txt'\n"}
[5.831494] (home_label_package) StdoutLine: {'line': b"writing manifest file '../../build/home_label_package/home_label_package.egg-info/SOURCES.txt'\n"}
[5.832170] (home_label_package) StdoutLine: {'line': b'running build\n'}
[5.832629] (home_label_package) StdoutLine: {'line': b'running build_py\n'}
[5.833125] (home_label_package) StdoutLine: {'line': b'copying home_label_package/home_label_publisher.py -> /root/home_label/build/home_label_package/build/lib/home_label_package\n'}
[5.834332] (home_label_package) StdoutLine: {'line': b'running install\n'}
[5.836097] (home_label_package) StdoutLine: {'line': b'running install_lib\n'}
[5.839846] (home_label_package) StdoutLine: {'line': b'copying /root/home_label/build/home_label_package/build/lib/home_label_package/home_label_publisher.py -> /root/home_label/install/home_label_package/lib/python3.10/site-packages/home_label_package\n'}
[5.843098] (home_label_package) StdoutLine: {'line': b'byte-compiling /root/home_label/install/home_label_package/lib/python3.10/site-packages/home_label_package/home_label_publisher.py to home_label_publisher.cpython-310.pyc\n'}
[5.844365] (-) TimerEvent: {}
[5.846968] (home_label_package) StdoutLine: {'line': b'running install_data\n'}
[5.847679] (home_label_package) StdoutLine: {'line': b'running install_egg_info\n'}
[5.857922] (home_label_package) StdoutLine: {'line': b"removing '/root/home_label/install/home_label_package/lib/python3.10/site-packages/home_label_package-0.0.0-py3.10.egg-info' (and everything under it)\n"}
[5.859538] (home_label_package) StdoutLine: {'line': b'Copying ../../build/home_label_package/home_label_package.egg-info to /root/home_label/install/home_label_package/lib/python3.10/site-packages/home_label_package-0.0.0-py3.10.egg-info\n'}
[5.864083] (home_label_package) StdoutLine: {'line': b'running install_scripts\n'}
[5.944575] (-) TimerEvent: {}
[5.989288] (home_label_package) StdoutLine: {'line': b'Installing home_label_node script to /root/home_label/install/home_label_package/lib/home_label_package\n'}
[5.991094] (home_label_package) StdoutLine: {'line': b"writing list of installed files to '/root/home_label/build/home_label_package/install.log'\n"}
[6.044796] (-) TimerEvent: {}
[6.145686] (-) TimerEvent: {}
[6.196643] (home_label_package) CommandEnded: {'returncode': 0}
[6.245989] (-) TimerEvent: {}
[6.282997] (home_label_package) JobEnded: {'identifier': 'home_label_package', 'rc': 0}
[6.286007] (-) EventReactorShutdown: {}
