[1.604s] DEBUG:colcon:Command line arguments: ['/usr/bin/colcon', 'build']
[1.611s] DEBUG:colcon:Parsed command line arguments: Namespace(log_base=None, log_level=None, verb_name='build', build_base='build', install_base='install', merge_install=False, symlink_install=False, test_result_base=None, continue_on_error=False, executor='parallel', parallel_workers=8, event_handlers=None, ignore_user_meta=False, metas=['./colcon.meta'], base_paths=['.'], packages_ignore=None, packages_ignore_regex=None, paths=None, packages_up_to=None, packages_up_to_regex=None, packages_above=None, packages_above_and_dependencies=None, packages_above_depth=None, packages_select_by_dep=None, packages_skip_by_dep=None, packages_skip_up_to=None, packages_select_build_failed=False, packages_skip_build_finished=False, packages_select_test_failures=False, packages_skip_test_passed=False, packages_select=None, packages_skip=None, packages_select_regex=None, packages_skip_regex=None, packages_start=None, packages_end=None, allow_overriding=[], bazel_args=None, bazel_task=None, cmake_args=None, cmake_target=None, cmake_target_skip_unavailable=False, cmake_clean_cache=False, cmake_clean_first=False, cmake_force_configure=False, meson_args=[], ament_cmake_args=None, catkin_cmake_args=None, catkin_skip_building_tests=False, mixin_files=None, mixin=None, verb_parser=<colcon_alias.argument_parser.alias.AliasArgumentDecorator object at 0xffff97db1030>, verb_extension=<colcon_core.verb.build.BuildVerb object at 0xffff9824b8b0>, main=<bound method BuildVerb.main of <colcon_core.verb.build.BuildVerb object at 0xffff9824b8b0>>, mixin_verb=('build',))
[2.751s] Level 1:colcon.colcon_core.package_discovery:discover_packages(colcon_meta) check parameters
[2.752s] Level 1:colcon.colcon_core.package_discovery:discover_packages(recursive) check parameters
[2.752s] Level 1:colcon.colcon_core.package_discovery:discover_packages(ignore) check parameters
[2.752s] Level 1:colcon.colcon_core.package_discovery:discover_packages(path) check parameters
[2.752s] Level 1:colcon.colcon_core.package_discovery:discover_packages(colcon_meta) discover
[2.753s] Level 1:colcon.colcon_core.package_discovery:discover_packages(recursive) discover
[2.753s] INFO:colcon.colcon_core.package_discovery:Crawling recursively for packages in '/root/label_goal'
[2.753s] Level 1:colcon.colcon_core.package_identification:_identify(.) by extensions ['ignore', 'ignore_ament_install']
[2.754s] Level 1:colcon.colcon_core.package_identification:_identify(.) by extension 'ignore'
[2.754s] Level 1:colcon.colcon_core.package_identification:_identify(.) by extension 'ignore_ament_install'
[2.755s] Level 1:colcon.colcon_core.package_identification:_identify(.) by extensions ['colcon_pkg']
[2.755s] Level 1:colcon.colcon_core.package_identification:_identify(.) by extension 'colcon_pkg'
[2.755s] Level 1:colcon.colcon_core.package_identification:_identify(.) by extensions ['colcon_meta']
[2.755s] Level 1:colcon.colcon_core.package_identification:_identify(.) by extension 'colcon_meta'
[2.755s] Level 1:colcon.colcon_core.package_identification:_identify(.) by extensions ['ros']
[2.756s] Level 1:colcon.colcon_core.package_identification:_identify(.) by extension 'ros'
[2.769s] Level 1:colcon.colcon_core.package_identification:_identify(.) by extensions ['bazel', 'cmake', 'meson', 'python']
[2.769s] Level 1:colcon.colcon_core.package_identification:_identify(.) by extension 'bazel'
[2.770s] Level 1:colcon.colcon_core.package_identification:_identify(.) by extension 'cmake'
[2.770s] Level 1:colcon.colcon_core.package_identification:_identify(.) by extension 'meson'
[2.770s] Level 1:colcon.colcon_core.package_identification:_identify(.) by extension 'python'
[2.770s] Level 1:colcon.colcon_core.package_identification:_identify(.) by extensions ['python_setup_py']
[2.771s] Level 1:colcon.colcon_core.package_identification:_identify(.) by extension 'python_setup_py'
[2.771s] Level 1:colcon.colcon_core.package_identification:_identify(build) by extensions ['ignore', 'ignore_ament_install']
[2.772s] Level 1:colcon.colcon_core.package_identification:_identify(build) by extension 'ignore'
[2.772s] Level 1:colcon.colcon_core.package_identification:_identify(build) ignored
[2.773s] Level 1:colcon.colcon_core.package_identification:_identify(install) by extensions ['ignore', 'ignore_ament_install']
[2.773s] Level 1:colcon.colcon_core.package_identification:_identify(install) by extension 'ignore'
[2.773s] Level 1:colcon.colcon_core.package_identification:_identify(install) ignored
[2.774s] Level 1:colcon.colcon_core.package_identification:_identify(log) by extensions ['ignore', 'ignore_ament_install']
[2.774s] Level 1:colcon.colcon_core.package_identification:_identify(log) by extension 'ignore'
[2.774s] Level 1:colcon.colcon_core.package_identification:_identify(log) ignored
[2.775s] Level 1:colcon.colcon_core.package_identification:_identify(src) by extensions ['ignore', 'ignore_ament_install']
[2.775s] Level 1:colcon.colcon_core.package_identification:_identify(src) by extension 'ignore'
[2.775s] Level 1:colcon.colcon_core.package_identification:_identify(src) by extension 'ignore_ament_install'
[2.776s] Level 1:colcon.colcon_core.package_identification:_identify(src) by extensions ['colcon_pkg']
[2.776s] Level 1:colcon.colcon_core.package_identification:_identify(src) by extension 'colcon_pkg'
[2.776s] Level 1:colcon.colcon_core.package_identification:_identify(src) by extensions ['colcon_meta']
[2.776s] Level 1:colcon.colcon_core.package_identification:_identify(src) by extension 'colcon_meta'
[2.777s] Level 1:colcon.colcon_core.package_identification:_identify(src) by extensions ['ros']
[2.777s] Level 1:colcon.colcon_core.package_identification:_identify(src) by extension 'ros'
[2.777s] Level 1:colcon.colcon_core.package_identification:_identify(src) by extensions ['bazel', 'cmake', 'meson', 'python']
[2.777s] Level 1:colcon.colcon_core.package_identification:_identify(src) by extension 'bazel'
[2.778s] Level 1:colcon.colcon_core.package_identification:_identify(src) by extension 'cmake'
[2.778s] Level 1:colcon.colcon_core.package_identification:_identify(src) by extension 'meson'
[2.778s] Level 1:colcon.colcon_core.package_identification:_identify(src) by extension 'python'
[2.779s] Level 1:colcon.colcon_core.package_identification:_identify(src) by extensions ['python_setup_py']
[2.779s] Level 1:colcon.colcon_core.package_identification:_identify(src) by extension 'python_setup_py'
[2.779s] Level 1:colcon.colcon_core.package_identification:_identify(src/label_goal_package) by extensions ['ignore', 'ignore_ament_install']
[2.780s] Level 1:colcon.colcon_core.package_identification:_identify(src/label_goal_package) by extension 'ignore'
[2.780s] Level 1:colcon.colcon_core.package_identification:_identify(src/label_goal_package) by extension 'ignore_ament_install'
[2.780s] Level 1:colcon.colcon_core.package_identification:_identify(src/label_goal_package) by extensions ['colcon_pkg']
[2.780s] Level 1:colcon.colcon_core.package_identification:_identify(src/label_goal_package) by extension 'colcon_pkg'
[2.781s] Level 1:colcon.colcon_core.package_identification:_identify(src/label_goal_package) by extensions ['colcon_meta']
[2.781s] Level 1:colcon.colcon_core.package_identification:_identify(src/label_goal_package) by extension 'colcon_meta'
[2.781s] Level 1:colcon.colcon_core.package_identification:_identify(src/label_goal_package) by extensions ['ros']
[2.781s] Level 1:colcon.colcon_core.package_identification:_identify(src/label_goal_package) by extension 'ros'
[2.794s] DEBUG:colcon.colcon_core.package_identification:Package 'src/label_goal_package' with type 'ros.ament_python' and name 'label_goal_package'
[2.795s] Level 1:colcon.colcon_core.package_identification:_identify(src/label_goal_package2) by extensions ['ignore', 'ignore_ament_install']
[2.795s] Level 1:colcon.colcon_core.package_identification:_identify(src/label_goal_package2) by extension 'ignore'
[2.795s] Level 1:colcon.colcon_core.package_identification:_identify(src/label_goal_package2) by extension 'ignore_ament_install'
[2.796s] Level 1:colcon.colcon_core.package_identification:_identify(src/label_goal_package2) by extensions ['colcon_pkg']
[2.796s] Level 1:colcon.colcon_core.package_identification:_identify(src/label_goal_package2) by extension 'colcon_pkg'
[2.796s] Level 1:colcon.colcon_core.package_identification:_identify(src/label_goal_package2) by extensions ['colcon_meta']
[2.796s] Level 1:colcon.colcon_core.package_identification:_identify(src/label_goal_package2) by extension 'colcon_meta'
[2.797s] Level 1:colcon.colcon_core.package_identification:_identify(src/label_goal_package2) by extensions ['ros']
[2.797s] Level 1:colcon.colcon_core.package_identification:_identify(src/label_goal_package2) by extension 'ros'
[2.797s] Level 1:colcon.colcon_core.package_identification:_identify(src/label_goal_package2) by extensions ['bazel', 'cmake', 'meson', 'python']
[2.798s] Level 1:colcon.colcon_core.package_identification:_identify(src/label_goal_package2) by extension 'bazel'
[2.798s] Level 1:colcon.colcon_core.package_identification:_identify(src/label_goal_package2) by extension 'cmake'
[2.798s] Level 1:colcon.colcon_core.package_identification:_identify(src/label_goal_package2) by extension 'meson'
[2.798s] Level 1:colcon.colcon_core.package_identification:_identify(src/label_goal_package2) by extension 'python'
[2.799s] Level 1:colcon.colcon_core.package_identification:_identify(src/label_goal_package2) by extensions ['python_setup_py']
[2.799s] Level 1:colcon.colcon_core.package_identification:_identify(src/label_goal_package2) by extension 'python_setup_py'
[2.799s] Level 1:colcon.colcon_core.package_discovery:discover_packages(recursive) using defaults
[2.799s] Level 1:colcon.colcon_core.package_discovery:discover_packages(ignore) discover
[2.799s] Level 1:colcon.colcon_core.package_discovery:discover_packages(ignore) using defaults
[2.800s] Level 1:colcon.colcon_core.package_discovery:discover_packages(path) discover
[2.800s] Level 1:colcon.colcon_core.package_discovery:discover_packages(path) using defaults
[2.893s] Level 1:colcon.colcon_core.package_discovery:discover_packages(prefix_path) check parameters
[2.893s] Level 1:colcon.colcon_core.package_discovery:discover_packages(prefix_path) discover
[2.898s] WARNING:colcon.colcon_core.prefix_path.colcon:The path '/root/label_goal_ws/install/install' in the environment variable COLCON_PREFIX_PATH doesn't exist
[2.898s] WARNING:colcon.colcon_core.prefix_path.colcon:The path '/root/label_goal/install/install' in the environment variable COLCON_PREFIX_PATH doesn't exist
[2.898s] WARNING:colcon.colcon_core.prefix_path.colcon:The path '/root/label_goal_ws/install' in the environment variable COLCON_PREFIX_PATH doesn't exist
[2.899s] WARNING:colcon.colcon_ros.prefix_path.ament:The path '/root/label_goal_ws/install/label_goal' in the environment variable AMENT_PREFIX_PATH doesn't exist
[2.908s] DEBUG:colcon.colcon_installed_package_information.package_discovery:Found 3 installed packages in /root/uros_ws/install
[2.913s] DEBUG:colcon.colcon_installed_package_information.package_discovery:Found 15 installed packages in /userdata/dev_ws/install
[2.916s] DEBUG:colcon.colcon_installed_package_information.package_discovery:Found 1 installed packages in /root/home_label/install
[2.919s] DEBUG:colcon.colcon_installed_package_information.package_discovery:Found 55 installed packages in /opt/tros/humble
[2.928s] DEBUG:colcon.colcon_installed_package_information.package_discovery:Found 264 installed packages in /opt/ros/humble
[2.939s] Level 1:colcon.colcon_core.package_discovery:discover_packages(prefix_path) using defaults
[3.281s] Level 5:colcon.colcon_core.verb:set package 'label_goal_package' build argument 'bazel_args' from command line to 'None'
[3.281s] Level 5:colcon.colcon_core.verb:set package 'label_goal_package' build argument 'bazel_task' from command line to 'None'
[3.282s] Level 5:colcon.colcon_core.verb:set package 'label_goal_package' build argument 'cmake_args' from command line to 'None'
[3.282s] Level 5:colcon.colcon_core.verb:set package 'label_goal_package' build argument 'cmake_target' from command line to 'None'
[3.282s] Level 5:colcon.colcon_core.verb:set package 'label_goal_package' build argument 'cmake_target_skip_unavailable' from command line to 'False'
[3.282s] Level 5:colcon.colcon_core.verb:set package 'label_goal_package' build argument 'cmake_clean_cache' from command line to 'False'
[3.282s] Level 5:colcon.colcon_core.verb:set package 'label_goal_package' build argument 'cmake_clean_first' from command line to 'False'
[3.282s] Level 5:colcon.colcon_core.verb:set package 'label_goal_package' build argument 'cmake_force_configure' from command line to 'False'
[3.283s] Level 5:colcon.colcon_core.verb:set package 'label_goal_package' build argument 'meson_args' from command line to '[]'
[3.283s] Level 5:colcon.colcon_core.verb:set package 'label_goal_package' build argument 'ament_cmake_args' from command line to 'None'
[3.283s] Level 5:colcon.colcon_core.verb:set package 'label_goal_package' build argument 'catkin_cmake_args' from command line to 'None'
[3.283s] Level 5:colcon.colcon_core.verb:set package 'label_goal_package' build argument 'catkin_skip_building_tests' from command line to 'False'
[3.283s] DEBUG:colcon.colcon_core.verb:Building package 'label_goal_package' with the following arguments: {'ament_cmake_args': None, 'bazel_args': None, 'bazel_task': None, 'build_base': '/root/label_goal/build/label_goal_package', 'catkin_cmake_args': None, 'catkin_skip_building_tests': False, 'cmake_args': None, 'cmake_clean_cache': False, 'cmake_clean_first': False, 'cmake_force_configure': False, 'cmake_target': None, 'cmake_target_skip_unavailable': False, 'install_base': '/root/label_goal/install/label_goal_package', 'merge_install': False, 'meson_args': [], 'path': '/root/label_goal/src/label_goal_package', 'symlink_install': False, 'test_result_base': None}
[3.284s] INFO:colcon.colcon_core.executor:Executing jobs using 'parallel' executor
[3.289s] DEBUG:colcon.colcon_parallel_executor.executor.parallel:run_until_complete
[3.290s] INFO:colcon.colcon_ros.task.ament_python.build:Building ROS package in '/root/label_goal/src/label_goal_package' with build type 'ament_python'
[3.291s] Level 1:colcon.colcon_core.shell:create_environment_hook('label_goal_package', 'ament_prefix_path')
[3.303s] INFO:colcon.colcon_core.plugin_system:Skipping extension 'colcon_core.shell.bat': Not used on non-Windows systems
[3.306s] INFO:colcon.colcon_core.shell:Creating environment hook '/root/label_goal/install/label_goal_package/share/label_goal_package/hook/ament_prefix_path.ps1'
[3.309s] INFO:colcon.colcon_core.shell:Creating environment descriptor '/root/label_goal/install/label_goal_package/share/label_goal_package/hook/ament_prefix_path.dsv'
[3.312s] INFO:colcon.colcon_core.shell:Creating environment hook '/root/label_goal/install/label_goal_package/share/label_goal_package/hook/ament_prefix_path.sh'
[3.317s] DEBUG:colcon.colcon_ros_domain_id_coordinator.shell.ros_domain_id:Allocated ROS_DOMAIN_ID=30 for '/root/label_goal/build/label_goal_package'
[3.317s] INFO:colcon.colcon_core.shell:Skip shell extension 'ros_domain_id' for command environment: 
[3.317s] INFO:colcon.colcon_core.shell:Skip shell extension 'powershell' for command environment: Not usable outside of PowerShell
[3.318s] DEBUG:colcon.colcon_core.shell:Skip shell extension 'dsv' for command environment
[5.008s] INFO:colcon.colcon_core.task.python.build:Building Python package in '/root/label_goal/src/label_goal_package'
[5.010s] DEBUG:colcon.colcon_ros_domain_id_coordinator.shell.ros_domain_id:Allocated ROS_DOMAIN_ID=30 for '/root/label_goal/build/label_goal_package'
[5.010s] INFO:colcon.colcon_core.shell:Skip shell extension 'ros_domain_id' for command environment: 
[5.011s] INFO:colcon.colcon_core.shell:Skip shell extension 'powershell' for command environment: Not usable outside of PowerShell
[5.011s] DEBUG:colcon.colcon_core.shell:Skip shell extension 'dsv' for command environment
[7.300s] DEBUG:colcon.colcon_core.event_handler.log_command:Invoking command in '/root/label_goal/src/label_goal_package': PYTHONPATH=/root/label_goal/build/label_goal_package/prefix_override:/usr/lib/python3/dist-packages/colcon_core/task/python/colcon_distutils_commands:/root/label_goal/install/label_goal_package/lib/python3.10/site-packages:${PYTHONPATH} /usr/bin/python3 -W ignore:setup.py install is deprecated -W ignore:easy_install command is deprecated setup.py egg_info --egg-base ../../build/label_goal_package build --build-base /root/label_goal/build/label_goal_package/build install --record /root/label_goal/build/label_goal_package/install.log --single-version-externally-managed install_data
[9.207s] DEBUG:colcon.colcon_core.event_handler.log_command:Invoked command in '/root/label_goal/src/label_goal_package' returned '0': PYTHONPATH=/root/label_goal/build/label_goal_package/prefix_override:/usr/lib/python3/dist-packages/colcon_core/task/python/colcon_distutils_commands:/root/label_goal/install/label_goal_package/lib/python3.10/site-packages:${PYTHONPATH} /usr/bin/python3 -W ignore:setup.py install is deprecated -W ignore:easy_install command is deprecated setup.py egg_info --egg-base ../../build/label_goal_package build --build-base /root/label_goal/build/label_goal_package/build install --record /root/label_goal/build/label_goal_package/install.log --single-version-externally-managed install_data
[9.230s] Level 1:colcon.colcon_core.environment:checking '/root/label_goal/install/label_goal_package' for CMake module files
[9.234s] Level 1:colcon.colcon_core.environment:checking '/root/label_goal/install/label_goal_package' for CMake config files
[9.240s] Level 1:colcon.colcon_core.environment:checking '/root/label_goal/install/label_goal_package/lib'
[9.242s] Level 1:colcon.colcon_core.environment:checking '/root/label_goal/install/label_goal_package/bin'
[9.243s] Level 1:colcon.colcon_core.environment:checking '/root/label_goal/install/label_goal_package/lib/pkgconfig/label_goal_package.pc'
[9.244s] Level 1:colcon.colcon_core.environment:checking '/root/label_goal/install/label_goal_package/lib/python3.10/site-packages'
[9.244s] Level 1:colcon.colcon_core.shell:create_environment_hook('label_goal_package', 'pythonpath')
[9.246s] INFO:colcon.colcon_core.shell:Creating environment hook '/root/label_goal/install/label_goal_package/share/label_goal_package/hook/pythonpath.ps1'
[9.248s] INFO:colcon.colcon_core.shell:Creating environment descriptor '/root/label_goal/install/label_goal_package/share/label_goal_package/hook/pythonpath.dsv'
[9.250s] INFO:colcon.colcon_core.shell:Creating environment hook '/root/label_goal/install/label_goal_package/share/label_goal_package/hook/pythonpath.sh'
[9.253s] Level 1:colcon.colcon_core.environment:checking '/root/label_goal/install/label_goal_package/bin'
[9.254s] Level 1:colcon.colcon_core.environment:create_environment_scripts_only(label_goal_package)
[9.257s] INFO:colcon.colcon_core.shell:Creating package script '/root/label_goal/install/label_goal_package/share/label_goal_package/package.ps1'
[9.263s] INFO:colcon.colcon_core.shell:Creating package descriptor '/root/label_goal/install/label_goal_package/share/label_goal_package/package.dsv'
[9.268s] INFO:colcon.colcon_core.shell:Creating package script '/root/label_goal/install/label_goal_package/share/label_goal_package/package.sh'
[9.273s] INFO:colcon.colcon_core.shell:Creating package script '/root/label_goal/install/label_goal_package/share/label_goal_package/package.bash'
[9.278s] INFO:colcon.colcon_core.shell:Creating package script '/root/label_goal/install/label_goal_package/share/label_goal_package/package.zsh'
[9.283s] Level 1:colcon.colcon_core.environment:create_file_with_runtime_dependencies(/root/label_goal/install/label_goal_package/share/colcon-core/packages/label_goal_package)
[9.284s] DEBUG:colcon.colcon_parallel_executor.executor.parallel:closing loop
[9.285s] DEBUG:colcon.colcon_ros_domain_id_coordinator.shell.ros_domain_id:Released ROS_DOMAIN_ID=30 for '/root/label_goal/build/label_goal_package'
[9.286s] DEBUG:colcon.colcon_parallel_executor.executor.parallel:loop closed
[9.286s] DEBUG:colcon.colcon_parallel_executor.executor.parallel:run_until_complete finished with '0'
[9.287s] DEBUG:colcon.colcon_core.event_reactor:joining thread
[9.319s] INFO:colcon.colcon_core.plugin_system:Skipping extension 'colcon_notification.desktop_notification.notify_send': Could not find 'notify-send'
[9.320s] INFO:colcon.colcon_core.plugin_system:Skipping extension 'colcon_notification.desktop_notification.terminal_notifier': Not used on non-Darwin systems
[9.321s] INFO:colcon.colcon_core.plugin_system:Skipping extension 'colcon_notification.desktop_notification.win32': Not used on non-Windows systems
[9.321s] INFO:colcon.colcon_notification.desktop_notification:Sending desktop notification using 'notify2'
[34.349s] DEBUG:colcon.colcon_notification.desktop_notification.notify2:Failed to initialize notify2: org.freedesktop.DBus.Error.NoReply: Did not receive a reply. Possible causes include: the remote application did not send a reply, the message bus security policy blocked the reply, the reply timeout expired, or the network connection was broken.
[34.350s] DEBUG:colcon.colcon_core.event_reactor:joined thread
[34.353s] INFO:colcon.colcon_core.shell:Creating prefix script '/root/label_goal/install/local_setup.ps1'
[34.359s] INFO:colcon.colcon_core.shell:Creating prefix util module '/root/label_goal/install/_local_setup_util_ps1.py'
[34.370s] INFO:colcon.colcon_core.shell:Creating prefix chain script '/root/label_goal/install/setup.ps1'
[34.382s] INFO:colcon.colcon_core.shell:Creating prefix script '/root/label_goal/install/local_setup.sh'
[34.386s] INFO:colcon.colcon_core.shell:Creating prefix util module '/root/label_goal/install/_local_setup_util_sh.py'
[34.391s] INFO:colcon.colcon_core.shell:Creating prefix chain script '/root/label_goal/install/setup.sh'
[34.403s] INFO:colcon.colcon_core.shell:Creating prefix script '/root/label_goal/install/local_setup.bash'
[34.407s] INFO:colcon.colcon_core.shell:Creating prefix chain script '/root/label_goal/install/setup.bash'
[34.418s] INFO:colcon.colcon_core.shell:Creating prefix script '/root/label_goal/install/local_setup.zsh'
[34.420s] INFO:colcon.colcon_core.shell:Creating prefix chain script '/root/label_goal/install/setup.zsh'
[34.431s] INFO:colcon.colcon_core.shell:Creating '/root/label_goal/install/spawn_shell.bash'
