[6.360s] Invoking command in '/root/mqtt_goal_ws/src/mqtt_navigation': PYTHONPATH=/root/mqtt_goal_ws/build/mqtt_navigation/prefix_override:/usr/lib/python3/dist-packages/colcon_core/task/python/colcon_distutils_commands:/root/mqtt_goal_ws/install/mqtt_navigation/lib/python3.10/site-packages:${PYTHONPATH} /usr/bin/python3 -W ignore:setup.py install is deprecated -W ignore:easy_install command is deprecated setup.py egg_info --egg-base ../../build/mqtt_navigation build --build-base /root/mqtt_goal_ws/build/mqtt_navigation/build install --record /root/mqtt_goal_ws/build/mqtt_navigation/install.log --single-version-externally-managed install_data
[8.873s] running egg_info
[8.879s] writing ../../build/mqtt_navigation/mqtt_navigation.egg-info/PKG-INFO
[8.880s] writing dependency_links to ../../build/mqtt_navigation/mqtt_navigation.egg-info/dependency_links.txt
[8.884s] writing entry points to ../../build/mqtt_navigation/mqtt_navigation.egg-info/entry_points.txt
[8.887s] writing requirements to ../../build/mqtt_navigation/mqtt_navigation.egg-info/requires.txt
[8.887s] writing top-level names to ../../build/mqtt_navigation/mqtt_navigation.egg-info/top_level.txt
[8.899s] reading manifest file '../../build/mqtt_navigation/mqtt_navigation.egg-info/SOURCES.txt'
[8.906s] writing manifest file '../../build/mqtt_navigation/mqtt_navigation.egg-info/SOURCES.txt'
[8.907s] running build
[8.908s] running build_py
[8.910s] copying mqtt_navigation/mqtt_navigation_node.py -> /root/mqtt_goal_ws/build/mqtt_navigation/build/lib/mqtt_navigation
[8.911s] running install
[8.913s] running install_lib
[8.917s] copying /root/mqtt_goal_ws/build/mqtt_navigation/build/lib/mqtt_navigation/mqtt_navigation_node.py -> /root/mqtt_goal_ws/install/mqtt_navigation/lib/python3.10/site-packages/mqtt_navigation
[8.921s] byte-compiling /root/mqtt_goal_ws/install/mqtt_navigation/lib/python3.10/site-packages/mqtt_navigation/mqtt_navigation_node.py to mqtt_navigation_node.cpython-310.pyc
[8.929s] running install_data
[8.930s] running install_egg_info
[8.953s] removing '/root/mqtt_goal_ws/install/mqtt_navigation/lib/python3.10/site-packages/mqtt_navigation-0.0.1-py3.10.egg-info' (and everything under it)
[8.954s] Copying ../../build/mqtt_navigation/mqtt_navigation.egg-info to /root/mqtt_goal_ws/install/mqtt_navigation/lib/python3.10/site-packages/mqtt_navigation-0.0.1-py3.10.egg-info
[8.961s] running install_scripts
[9.113s] Installing mqtt_navigation_node script to /root/mqtt_goal_ws/install/mqtt_navigation/lib/mqtt_navigation
[9.116s] writing list of installed files to '/root/mqtt_goal_ws/build/mqtt_navigation/install.log'
[9.384s] Invoked command in '/root/mqtt_goal_ws/src/mqtt_navigation' returned '0': PYTHONPATH=/root/mqtt_goal_ws/build/mqtt_navigation/prefix_override:/usr/lib/python3/dist-packages/colcon_core/task/python/colcon_distutils_commands:/root/mqtt_goal_ws/install/mqtt_navigation/lib/python3.10/site-packages:${PYTHONPATH} /usr/bin/python3 -W ignore:setup.py install is deprecated -W ignore:easy_install command is deprecated setup.py egg_info --egg-base ../../build/mqtt_navigation build --build-base /root/mqtt_goal_ws/build/mqtt_navigation/build install --record /root/mqtt_goal_ws/build/mqtt_navigation/install.log --single-version-externally-managed install_data
