[0.000000] (-) TimerEvent: {}
[0.001577] (fall_detection_pkg) JobQueued: {'identifier': 'fall_detection_pkg', 'dependencies': OrderedDict()}
[0.001849] (fall_detection_pkg) JobStarted: {'identifier': 'fall_detection_pkg'}
[0.099375] (-) TimerEvent: {}
[0.200118] (-) TimerEvent: {}
[0.300834] (-) TimerEvent: {}
[0.401548] (-) TimerEvent: {}
[0.502376] (-) TimerEvent: {}
[0.603129] (-) TimerEvent: {}
[0.703924] (-) TimerEvent: {}
[0.804617] (-) TimerEvent: {}
[0.905352] (-) TimerEvent: {}
[1.006090] (-) TimerEvent: {}
[1.106988] (-) TimerEvent: {}
[1.132909] (fall_detection_pkg) Command: {'cmd': ['/usr/bin/python3', '-W', 'ignore:setup.py install is deprecated', '-W', 'ignore:easy_install command is deprecated', 'setup.py', 'egg_info', '--egg-base', '../../build/fall_detection_pkg', 'build', '--build-base', '/root/FallDetect2_ws/build/fall_detection_pkg/build', 'install', '--record', '/root/FallDetect2_ws/build/fall_detection_pkg/install.log', '--single-version-externally-managed', 'install_data'], 'cwd': '/root/FallDetect2_ws/src/fall_detection_pkg', 'env': {'UMS_MOUNTPOINT': '/mnt/ums', 'GST_V4L2_PREFERRED_FOURCC': 'NV12:YU12:NV16:YUY2', 'LANGUAGE': 'en_US.UTF-8', 'USER': 'root', 'SSH_CLIENT': '192.168.0.138 61842 22', 'XDG_SESSION_TYPE': 'tty', 'SHLVL': '1', 'USB_FUNCS': 'adb', 'LD_LIBRARY_PATH': '/opt/ros/humble/opt/rviz_ogre_vendor/lib:/opt/ros/humble/lib/aarch64-linux-gnu:/opt/ros/humble/lib', 'MOTD_SHOWN': 'pam', 'HOME': '/root', 'OLDPWD': '/root', 'SSH_TTY': '/dev/pts/1', 'GST_INSPECT_NO_COLORS': '1', 'GST_MPP_NO_RGA': '1', 'ROS_PYTHON_VERSION': '3', 'COGL_DRIVER': 'gles2', 'DBUS_SESSION_BUS_ADDRESS': 'unix:path=/run/user/0/bus', 'COLCON_PREFIX_PATH': '/root/FallDetect2_ws/install', 'GST_V4L2SRC_MAX_RESOLUTION': '3840x2160', 'ROS_DISTRO': 'humble', 'LOGNAME': 'root', '_': '/usr/bin/colcon', 'ROS_VERSION': '2', 'XDG_SESSION_CLASS': 'user', 'TERM': 'xterm', 'GST_GL_API': 'gles2', 'XDG_SESSION_ID': '10', 'GST_VIDEO_CONVERT_PREFERRED_FORMAT': 'NV12:NV16:I420:YUY2', 'GST_V4L2SRC_RK_DEVICES': '_mainpath:_selfpath:_bypass:_scale', 'ROS_LOCALHOST_ONLY': '0', 'PATH': '/opt/ros/humble/bin:/root/FallDetect2_ws/install/fall_detection_pkg/bin:/usr/local/sbin:/usr/local/bin:/usr/sbin:/usr/bin:/sbin:/bin:/usr/games:/usr/local/games:/snap/bin', 'XDG_RUNTIME_DIR': '/run/user/0', 'GST_GL_PLATFORM': 'egl', 'GST_DEBUG_NO_COLOR': '1', 'GST_V4L2SRC_DEFAULT_DEVICE': '/dev/video-camera0', 'DISPLAY': 'localhost:11.0', 'LANG': 'en_US.UTF-8', 'GST_V4L2_USE_LIBV4L2': '1', 'UMS_SIZE': '256M', 'AMENT_PREFIX_PATH': '/opt/ros/humble:/root/FallDetect2_ws/install/fall_detection_pkg', 'LC_MESSAGES': 'en_US.UTF-8', 'SHELL': '/bin/bash', 'UMS_RO': '0', 'UMS_FSTYPE': 'vfat', 'PWD': '/root/FallDetect2_ws/build/fall_detection_pkg', 'LC_ALL': 'en_US.UTF-8', 'SSH_CONNECTION': '192.168.0.138 61842 192.168.0.224 22', 'PYTHONPATH': '/root/FallDetect2_ws/build/fall_detection_pkg/prefix_override:/usr/lib/python3/dist-packages/colcon_core/task/python/colcon_distutils_commands:/root/FallDetect2_ws/install/fall_detection_pkg/lib/python3.10/site-packages:/root/FallDetect2_ws/build/fall_detection_pkg:/opt/ros/humble/lib/python3.10/site-packages:/opt/ros/humble/local/lib/python3.10/dist-packages:/root/FallDetect2_ws/install/fall_detection_pkg/lib/python3.10/site-packages', 'UMS_MOUNT': '0', 'COLCON': '1', 'UMS_FILE': '/userdata/ums_shared.img'}, 'shell': False}
[1.207251] (-) TimerEvent: {}
[1.307995] (-) TimerEvent: {}
[1.408675] (-) TimerEvent: {}
[1.456738] (fall_detection_pkg) StdoutLine: {'line': b'running egg_info\n'}
[1.476046] (fall_detection_pkg) StdoutLine: {'line': b'writing ../../build/fall_detection_pkg/fall_detection_pkg.egg-info/PKG-INFO\n'}
[1.476851] (fall_detection_pkg) StdoutLine: {'line': b'writing dependency_links to ../../build/fall_detection_pkg/fall_detection_pkg.egg-info/dependency_links.txt\n'}
[1.504717] (fall_detection_pkg) StdoutLine: {'line': b'writing entry points to ../../build/fall_detection_pkg/fall_detection_pkg.egg-info/entry_points.txt\n'}
[1.508836] (-) TimerEvent: {}
[1.531823] (fall_detection_pkg) StdoutLine: {'line': b'writing requirements to ../../build/fall_detection_pkg/fall_detection_pkg.egg-info/requires.txt\n'}
[1.547815] (fall_detection_pkg) StdoutLine: {'line': b'writing top-level names to ../../build/fall_detection_pkg/fall_detection_pkg.egg-info/top_level.txt\n'}
[1.609095] (-) TimerEvent: {}
[1.615954] (fall_detection_pkg) StdoutLine: {'line': b"reading manifest file '../../build/fall_detection_pkg/fall_detection_pkg.egg-info/SOURCES.txt'\n"}
[1.618504] (fall_detection_pkg) StdoutLine: {'line': b"writing manifest file '../../build/fall_detection_pkg/fall_detection_pkg.egg-info/SOURCES.txt'\n"}
[1.619101] (fall_detection_pkg) StdoutLine: {'line': b'running build\n'}
[1.619744] (fall_detection_pkg) StdoutLine: {'line': b'running build_py\n'}
[1.620193] (fall_detection_pkg) StdoutLine: {'line': b'copying fall_detection_pkg/camera_node.py -> /root/FallDetect2_ws/build/fall_detection_pkg/build/lib/fall_detection_pkg\n'}
[1.620606] (fall_detection_pkg) StdoutLine: {'line': b'copying fall_detection_pkg/__init__.py -> /root/FallDetect2_ws/build/fall_detection_pkg/build/lib/fall_detection_pkg\n'}
[1.620947] (fall_detection_pkg) StdoutLine: {'line': b'copying fall_detection_pkg/test_node.py -> /root/FallDetect2_ws/build/fall_detection_pkg/build/lib/fall_detection_pkg\n'}
[1.621279] (fall_detection_pkg) StdoutLine: {'line': b'copying fall_detection_pkg/fall_detection_node.py -> /root/FallDetect2_ws/build/fall_detection_pkg/build/lib/fall_detection_pkg\n'}
[1.621614] (fall_detection_pkg) StdoutLine: {'line': b'copying fall_detection_pkg/image_preview_node.py -> /root/FallDetect2_ws/build/fall_detection_pkg/build/lib/fall_detection_pkg\n'}
[1.621947] (fall_detection_pkg) StdoutLine: {'line': b'running install\n'}
[1.627792] (fall_detection_pkg) StdoutLine: {'line': b'running install_lib\n'}
[1.647986] (fall_detection_pkg) StdoutLine: {'line': b'running install_data\n'}
[1.648742] (fall_detection_pkg) StdoutLine: {'line': b'copying resource/fall_detection_pkg -> /root/FallDetect2_ws/install/fall_detection_pkg/share/ament_index/resource_index/packages\n'}
[1.649355] (fall_detection_pkg) StdoutLine: {'line': b'copying package.xml -> /root/FallDetect2_ws/install/fall_detection_pkg/share/fall_detection_pkg\n'}
[1.649868] (fall_detection_pkg) StdoutLine: {'line': b'copying launch/complete_system_launch.py -> /root/FallDetect2_ws/install/fall_detection_pkg/share/fall_detection_pkg/launch\n'}
[1.650317] (fall_detection_pkg) StdoutLine: {'line': b'copying launch/camera_launch.py -> /root/FallDetect2_ws/install/fall_detection_pkg/share/fall_detection_pkg/launch\n'}
[1.650787] (fall_detection_pkg) StdoutLine: {'line': b'copying launch/fall_detection_simple_launch.py -> /root/FallDetect2_ws/install/fall_detection_pkg/share/fall_detection_pkg/launch\n'}
[1.651136] (fall_detection_pkg) StdoutLine: {'line': b'copying launch/fall_detection_with_preview_launch.py -> /root/FallDetect2_ws/install/fall_detection_pkg/share/fall_detection_pkg/launch\n'}
[1.651484] (fall_detection_pkg) StdoutLine: {'line': b'copying launch/hf867_system_launch_fixed.py -> /root/FallDetect2_ws/install/fall_detection_pkg/share/fall_detection_pkg/launch\n'}
[1.651852] (fall_detection_pkg) StdoutLine: {'line': b'copying launch/fall_detection_launch.py -> /root/FallDetect2_ws/install/fall_detection_pkg/share/fall_detection_pkg/launch\n'}
[1.652198] (fall_detection_pkg) StdoutLine: {'line': b'copying launch/hf867_optimized_launch.py -> /root/FallDetect2_ws/install/fall_detection_pkg/share/fall_detection_pkg/launch\n'}
[1.652567] (fall_detection_pkg) StdoutLine: {'line': b'copying launch/hf867_system_launch.py -> /root/FallDetect2_ws/install/fall_detection_pkg/share/fall_detection_pkg/launch\n'}
[1.652955] (fall_detection_pkg) StdoutLine: {'line': b'copying config/hf867_camera_config.yaml -> /root/FallDetect2_ws/install/fall_detection_pkg/share/fall_detection_pkg/config\n'}
[1.653327] (fall_detection_pkg) StdoutLine: {'line': b'copying models/README.md -> /root/FallDetect2_ws/install/fall_detection_pkg/share/fall_detection_pkg/models\n'}
[1.653692] (fall_detection_pkg) StdoutLine: {'line': b'copying models/mobilenet_ssd.tflite -> /root/FallDetect2_ws/install/fall_detection_pkg/share/fall_detection_pkg/models\n'}
[1.656312] (fall_detection_pkg) StdoutLine: {'line': b'copying calibration_data/hf867_dist_coeffs.npy -> /root/FallDetect2_ws/install/fall_detection_pkg/share/fall_detection_pkg/calibration_data\n'}
[1.656988] (fall_detection_pkg) StdoutLine: {'line': b'copying calibration_data/hf867_camera_matrix.npy -> /root/FallDetect2_ws/install/fall_detection_pkg/share/fall_detection_pkg/calibration_data\n'}
[1.657494] (fall_detection_pkg) StdoutLine: {'line': b'copying calibration_data/README.md -> /root/FallDetect2_ws/install/fall_detection_pkg/share/fall_detection_pkg/calibration_data\n'}
[1.658117] (fall_detection_pkg) StdoutLine: {'line': b'copying scripts/hf867_camera_tuner.py -> /root/FallDetect2_ws/install/fall_detection_pkg/share/fall_detection_pkg/scripts\n'}
[1.658673] (fall_detection_pkg) StdoutLine: {'line': b'copying scripts/create_test_model.py -> /root/FallDetect2_ws/install/fall_detection_pkg/share/fall_detection_pkg/scripts\n'}
[1.659130] (fall_detection_pkg) StdoutLine: {'line': b'copying scripts/download_model.py -> /root/FallDetect2_ws/install/fall_detection_pkg/share/fall_detection_pkg/scripts\n'}
[1.659471] (fall_detection_pkg) StdoutLine: {'line': b'copying scripts/camera_calibration.py -> /root/FallDetect2_ws/install/fall_detection_pkg/share/fall_detection_pkg/scripts\n'}
[1.659805] (fall_detection_pkg) StdoutLine: {'line': b'copying scripts/preview_camera.py -> /root/FallDetect2_ws/install/fall_detection_pkg/share/fall_detection_pkg/scripts\n'}
[1.660138] (fall_detection_pkg) StdoutLine: {'line': b'copying scripts/hf867_calibration.py -> /root/FallDetect2_ws/install/fall_detection_pkg/share/fall_detection_pkg/scripts\n'}
[1.660489] (fall_detection_pkg) StdoutLine: {'line': b'copying scripts/camera_exposure_test.py -> /root/FallDetect2_ws/install/fall_detection_pkg/share/fall_detection_pkg/scripts\n'}
[1.660878] (fall_detection_pkg) StdoutLine: {'line': b'copying scripts/test_fall_detection.py -> /root/FallDetect2_ws/install/fall_detection_pkg/share/fall_detection_pkg/scripts\n'}
[1.661212] (fall_detection_pkg) StdoutLine: {'line': b'copying scripts/aggressive_exposure_fix.py -> /root/FallDetect2_ws/install/fall_detection_pkg/share/fall_detection_pkg/scripts\n'}
[1.661546] (fall_detection_pkg) StdoutLine: {'line': b'running install_egg_info\n'}
[1.680870] (fall_detection_pkg) StdoutLine: {'line': b"removing '/root/FallDetect2_ws/install/fall_detection_pkg/lib/python3.10/site-packages/fall_detection_pkg-1.0.0-py3.10.egg-info' (and everything under it)\n"}
[1.681586] (fall_detection_pkg) StdoutLine: {'line': b'Copying ../../build/fall_detection_pkg/fall_detection_pkg.egg-info to /root/FallDetect2_ws/install/fall_detection_pkg/lib/python3.10/site-packages/fall_detection_pkg-1.0.0-py3.10.egg-info\n'}
[1.682121] (fall_detection_pkg) StdoutLine: {'line': b'running install_scripts\n'}
[1.709321] (-) TimerEvent: {}
[1.810078] (-) TimerEvent: {}
[1.832214] (fall_detection_pkg) StdoutLine: {'line': b'Installing camera_node script to /root/FallDetect2_ws/install/fall_detection_pkg/bin\n'}
[1.832910] (fall_detection_pkg) StdoutLine: {'line': b'Installing fall_detection_node script to /root/FallDetect2_ws/install/fall_detection_pkg/bin\n'}
[1.858178] (fall_detection_pkg) StdoutLine: {'line': b'Installing image_preview_node script to /root/FallDetect2_ws/install/fall_detection_pkg/bin\n'}
[1.884523] (fall_detection_pkg) StdoutLine: {'line': b'Installing test_node script to /root/FallDetect2_ws/install/fall_detection_pkg/bin\n'}
[1.910332] (-) TimerEvent: {}
[1.914870] (fall_detection_pkg) StdoutLine: {'line': b"writing list of installed files to '/root/FallDetect2_ws/build/fall_detection_pkg/install.log'\n"}
[2.010655] (-) TimerEvent: {}
[2.014729] (fall_detection_pkg) CommandEnded: {'returncode': 0}
[2.110904] (-) TimerEvent: {}
[2.211716] (-) TimerEvent: {}
[2.315276] (-) TimerEvent: {}
[2.416030] (-) TimerEvent: {}
[2.421562] (fall_detection_pkg) JobEnded: {'identifier': 'fall_detection_pkg', 'rc': 0}
[2.447655] (-) EventReactorShutdown: {}
