[4.757s] Invoking command in '/root/home_label/src/home_label_package': PYTHONPATH=/root/home_label/build/home_label_package/prefix_override:/usr/lib/python3/dist-packages/colcon_core/task/python/colcon_distutils_commands:/root/home_label/install/home_label_package/lib/python3.10/site-packages:${PYTHONPATH} /usr/bin/python3 -W ignore:setup.py install is deprecated -W ignore:easy_install command is deprecated setup.py egg_info --egg-base ../../build/home_label_package build --build-base /root/home_label/build/home_label_package/build install --record /root/home_label/build/home_label_package/install.log --single-version-externally-managed install_data
[6.599s] running egg_info
[6.604s] writing ../../build/home_label_package/home_label_package.egg-info/PKG-INFO
[6.605s] writing dependency_links to ../../build/home_label_package/home_label_package.egg-info/dependency_links.txt
[6.606s] writing entry points to ../../build/home_label_package/home_label_package.egg-info/entry_points.txt
[6.607s] writing requirements to ../../build/home_label_package/home_label_package.egg-info/requires.txt
[6.608s] writing top-level names to ../../build/home_label_package/home_label_package.egg-info/top_level.txt
[6.618s] reading manifest file '../../build/home_label_package/home_label_package.egg-info/SOURCES.txt'
[6.623s] writing manifest file '../../build/home_label_package/home_label_package.egg-info/SOURCES.txt'
[6.624s] running build
[6.625s] running build_py
[6.626s] running install
[6.627s] running install_lib
[6.636s] running install_data
[6.636s] running install_egg_info
[6.648s] removing '/root/home_label/install/home_label_package/lib/python3.10/site-packages/home_label_package-0.0.0-py3.10.egg-info' (and everything under it)
[6.649s] Copying ../../build/home_label_package/home_label_package.egg-info to /root/home_label/install/home_label_package/lib/python3.10/site-packages/home_label_package-0.0.0-py3.10.egg-info
[6.653s] running install_scripts
[6.789s] Installing home_label_node script to /root/home_label/install/home_label_package/lib/home_label_package
[6.791s] writing list of installed files to '/root/home_label/build/home_label_package/install.log'
[7.019s] Invoked command in '/root/home_label/src/home_label_package' returned '0': PYTHONPATH=/root/home_label/build/home_label_package/prefix_override:/usr/lib/python3/dist-packages/colcon_core/task/python/colcon_distutils_commands:/root/home_label/install/home_label_package/lib/python3.10/site-packages:${PYTHONPATH} /usr/bin/python3 -W ignore:setup.py install is deprecated -W ignore:easy_install command is deprecated setup.py egg_info --egg-base ../../build/home_label_package build --build-base /root/home_label/build/home_label_package/build install --record /root/home_label/build/home_label_package/install.log --single-version-externally-managed install_data
