[3.060s] DEBUG:colcon:Command line arguments: ['/usr/bin/colcon', 'build', '--packages-select', 'mqtt_navigation']
[3.061s] DEBUG:colcon:Parsed command line arguments: Namespace(log_base=None, log_level=None, verb_name='build', build_base='build', install_base='install', merge_install=False, symlink_install=False, test_result_base=None, continue_on_error=False, executor='parallel', parallel_workers=8, event_handlers=None, ignore_user_meta=False, metas=['./colcon.meta'], base_paths=['.'], packages_ignore=None, packages_ignore_regex=None, paths=None, packages_up_to=None, packages_up_to_regex=None, packages_above=None, packages_above_and_dependencies=None, packages_above_depth=None, packages_select_by_dep=None, packages_skip_by_dep=None, packages_skip_up_to=None, packages_select_build_failed=False, packages_skip_build_finished=False, packages_select_test_failures=False, packages_skip_test_passed=False, packages_select=['mqtt_navigation'], packages_skip=None, packages_select_regex=None, packages_skip_regex=None, packages_start=None, packages_end=None, allow_overriding=[], bazel_args=None, bazel_task=None, cmake_args=None, cmake_target=None, cmake_target_skip_unavailable=False, cmake_clean_cache=False, cmake_clean_first=False, cmake_force_configure=False, meson_args=[], ament_cmake_args=None, catkin_cmake_args=None, catkin_skip_building_tests=False, mixin_files=None, mixin=None, verb_parser=<colcon_alias.argument_parser.alias.AliasArgumentDecorator object at 0xffff96a72770>, verb_extension=<colcon_core.verb.build.BuildVerb object at 0xffff96a719c0>, main=<bound method BuildVerb.main of <colcon_core.verb.build.BuildVerb object at 0xffff96a719c0>>, mixin_verb=('build',))
[5.339s] Level 1:colcon.colcon_core.package_discovery:discover_packages(colcon_meta) check parameters
[5.340s] Level 1:colcon.colcon_core.package_discovery:discover_packages(recursive) check parameters
[5.341s] Level 1:colcon.colcon_core.package_discovery:discover_packages(ignore) check parameters
[5.341s] Level 1:colcon.colcon_core.package_discovery:discover_packages(path) check parameters
[5.341s] Level 1:colcon.colcon_core.package_discovery:discover_packages(colcon_meta) discover
[5.342s] Level 1:colcon.colcon_core.package_discovery:discover_packages(recursive) discover
[5.342s] INFO:colcon.colcon_core.package_discovery:Crawling recursively for packages in '/root/mqtt_goal_ws'
[5.343s] Level 1:colcon.colcon_core.package_identification:_identify(.) by extensions ['ignore', 'ignore_ament_install']
[5.344s] Level 1:colcon.colcon_core.package_identification:_identify(.) by extension 'ignore'
[5.344s] Level 1:colcon.colcon_core.package_identification:_identify(.) by extension 'ignore_ament_install'
[5.345s] Level 1:colcon.colcon_core.package_identification:_identify(.) by extensions ['colcon_pkg']
[5.345s] Level 1:colcon.colcon_core.package_identification:_identify(.) by extension 'colcon_pkg'
[5.346s] Level 1:colcon.colcon_core.package_identification:_identify(.) by extensions ['colcon_meta']
[5.346s] Level 1:colcon.colcon_core.package_identification:_identify(.) by extension 'colcon_meta'
[5.346s] Level 1:colcon.colcon_core.package_identification:_identify(.) by extensions ['ros']
[5.347s] Level 1:colcon.colcon_core.package_identification:_identify(.) by extension 'ros'
[5.372s] Level 1:colcon.colcon_core.package_identification:_identify(.) by extensions ['bazel', 'cmake', 'meson', 'python']
[5.373s] Level 1:colcon.colcon_core.package_identification:_identify(.) by extension 'bazel'
[5.374s] Level 1:colcon.colcon_core.package_identification:_identify(.) by extension 'cmake'
[5.374s] Level 1:colcon.colcon_core.package_identification:_identify(.) by extension 'meson'
[5.375s] Level 1:colcon.colcon_core.package_identification:_identify(.) by extension 'python'
[5.376s] Level 1:colcon.colcon_core.package_identification:_identify(.) by extensions ['python_setup_py']
[5.376s] Level 1:colcon.colcon_core.package_identification:_identify(.) by extension 'python_setup_py'
[5.378s] Level 1:colcon.colcon_core.package_identification:_identify(build) by extensions ['ignore', 'ignore_ament_install']
[5.379s] Level 1:colcon.colcon_core.package_identification:_identify(build) by extension 'ignore'
[5.379s] Level 1:colcon.colcon_core.package_identification:_identify(build) ignored
[5.380s] Level 1:colcon.colcon_core.package_identification:_identify(install) by extensions ['ignore', 'ignore_ament_install']
[5.381s] Level 1:colcon.colcon_core.package_identification:_identify(install) by extension 'ignore'
[5.381s] Level 1:colcon.colcon_core.package_identification:_identify(install) ignored
[5.382s] Level 1:colcon.colcon_core.package_identification:_identify(log) by extensions ['ignore', 'ignore_ament_install']
[5.382s] Level 1:colcon.colcon_core.package_identification:_identify(log) by extension 'ignore'
[5.383s] Level 1:colcon.colcon_core.package_identification:_identify(log) ignored
[5.383s] Level 1:colcon.colcon_core.package_identification:_identify(src) by extensions ['ignore', 'ignore_ament_install']
[5.384s] Level 1:colcon.colcon_core.package_identification:_identify(src) by extension 'ignore'
[5.384s] Level 1:colcon.colcon_core.package_identification:_identify(src) by extension 'ignore_ament_install'
[5.385s] Level 1:colcon.colcon_core.package_identification:_identify(src) by extensions ['colcon_pkg']
[5.385s] Level 1:colcon.colcon_core.package_identification:_identify(src) by extension 'colcon_pkg'
[5.386s] Level 1:colcon.colcon_core.package_identification:_identify(src) by extensions ['colcon_meta']
[5.386s] Level 1:colcon.colcon_core.package_identification:_identify(src) by extension 'colcon_meta'
[5.387s] Level 1:colcon.colcon_core.package_identification:_identify(src) by extensions ['ros']
[5.387s] Level 1:colcon.colcon_core.package_identification:_identify(src) by extension 'ros'
[5.388s] Level 1:colcon.colcon_core.package_identification:_identify(src) by extensions ['bazel', 'cmake', 'meson', 'python']
[5.388s] Level 1:colcon.colcon_core.package_identification:_identify(src) by extension 'bazel'
[5.389s] Level 1:colcon.colcon_core.package_identification:_identify(src) by extension 'cmake'
[5.389s] Level 1:colcon.colcon_core.package_identification:_identify(src) by extension 'meson'
[5.390s] Level 1:colcon.colcon_core.package_identification:_identify(src) by extension 'python'
[5.391s] Level 1:colcon.colcon_core.package_identification:_identify(src) by extensions ['python_setup_py']
[5.391s] Level 1:colcon.colcon_core.package_identification:_identify(src) by extension 'python_setup_py'
[5.392s] Level 1:colcon.colcon_core.package_identification:_identify(src/mqtt_navigation) by extensions ['ignore', 'ignore_ament_install']
[5.393s] Level 1:colcon.colcon_core.package_identification:_identify(src/mqtt_navigation) by extension 'ignore'
[5.393s] Level 1:colcon.colcon_core.package_identification:_identify(src/mqtt_navigation) by extension 'ignore_ament_install'
[5.394s] Level 1:colcon.colcon_core.package_identification:_identify(src/mqtt_navigation) by extensions ['colcon_pkg']
[5.394s] Level 1:colcon.colcon_core.package_identification:_identify(src/mqtt_navigation) by extension 'colcon_pkg'
[5.394s] Level 1:colcon.colcon_core.package_identification:_identify(src/mqtt_navigation) by extensions ['colcon_meta']
[5.394s] Level 1:colcon.colcon_core.package_identification:_identify(src/mqtt_navigation) by extension 'colcon_meta'
[5.395s] Level 1:colcon.colcon_core.package_identification:_identify(src/mqtt_navigation) by extensions ['ros']
[5.395s] Level 1:colcon.colcon_core.package_identification:_identify(src/mqtt_navigation) by extension 'ros'
[5.415s] DEBUG:colcon.colcon_core.package_identification:Package 'src/mqtt_navigation' with type 'ros.ament_python' and name 'mqtt_navigation'
[5.416s] Level 1:colcon.colcon_core.package_discovery:discover_packages(recursive) using defaults
[5.416s] Level 1:colcon.colcon_core.package_discovery:discover_packages(ignore) discover
[5.417s] Level 1:colcon.colcon_core.package_discovery:discover_packages(ignore) using defaults
[5.417s] Level 1:colcon.colcon_core.package_discovery:discover_packages(path) discover
[5.417s] Level 1:colcon.colcon_core.package_discovery:discover_packages(path) using defaults
[5.591s] Level 1:colcon.colcon_core.package_discovery:discover_packages(prefix_path) check parameters
[5.591s] Level 1:colcon.colcon_core.package_discovery:discover_packages(prefix_path) discover
[5.621s] DEBUG:colcon.colcon_installed_package_information.package_discovery:Found 1 installed packages in /root/mqtt_goal_ws/install
[5.624s] DEBUG:colcon.colcon_installed_package_information.package_discovery:Found 1 installed packages in /root/us100_sensor_ws/install
[5.629s] DEBUG:colcon.colcon_installed_package_information.package_discovery:Found 7 installed packages in /root/ros2_ws/install
[5.634s] DEBUG:colcon.colcon_installed_package_information.package_discovery:Found 1 installed packages in /root/label_goal/install
[5.638s] DEBUG:colcon.colcon_installed_package_information.package_discovery:Found 1 installed packages in /root/home_label/install
[5.643s] DEBUG:colcon.colcon_installed_package_information.package_discovery:Found 3 installed packages in /root/uros_ws/install
[5.650s] DEBUG:colcon.colcon_installed_package_information.package_discovery:Found 15 installed packages in /userdata/dev_ws/install
[5.654s] DEBUG:colcon.colcon_installed_package_information.package_discovery:Found 55 installed packages in /opt/tros/humble
[5.667s] DEBUG:colcon.colcon_installed_package_information.package_discovery:Found 320 installed packages in /opt/ros/humble
[5.682s] Level 1:colcon.colcon_core.package_discovery:discover_packages(prefix_path) using defaults
[6.282s] Level 5:colcon.colcon_core.verb:set package 'mqtt_navigation' build argument 'bazel_args' from command line to 'None'
[6.283s] Level 5:colcon.colcon_core.verb:set package 'mqtt_navigation' build argument 'bazel_task' from command line to 'None'
[6.283s] Level 5:colcon.colcon_core.verb:set package 'mqtt_navigation' build argument 'cmake_args' from command line to 'None'
[6.283s] Level 5:colcon.colcon_core.verb:set package 'mqtt_navigation' build argument 'cmake_target' from command line to 'None'
[6.284s] Level 5:colcon.colcon_core.verb:set package 'mqtt_navigation' build argument 'cmake_target_skip_unavailable' from command line to 'False'
[6.284s] Level 5:colcon.colcon_core.verb:set package 'mqtt_navigation' build argument 'cmake_clean_cache' from command line to 'False'
[6.284s] Level 5:colcon.colcon_core.verb:set package 'mqtt_navigation' build argument 'cmake_clean_first' from command line to 'False'
[6.284s] Level 5:colcon.colcon_core.verb:set package 'mqtt_navigation' build argument 'cmake_force_configure' from command line to 'False'
[6.284s] Level 5:colcon.colcon_core.verb:set package 'mqtt_navigation' build argument 'meson_args' from command line to '[]'
[6.285s] Level 5:colcon.colcon_core.verb:set package 'mqtt_navigation' build argument 'ament_cmake_args' from command line to 'None'
[6.285s] Level 5:colcon.colcon_core.verb:set package 'mqtt_navigation' build argument 'catkin_cmake_args' from command line to 'None'
[6.285s] Level 5:colcon.colcon_core.verb:set package 'mqtt_navigation' build argument 'catkin_skip_building_tests' from command line to 'False'
[6.285s] DEBUG:colcon.colcon_core.verb:Building package 'mqtt_navigation' with the following arguments: {'ament_cmake_args': None, 'bazel_args': None, 'bazel_task': None, 'build_base': '/root/mqtt_goal_ws/build/mqtt_navigation', 'catkin_cmake_args': None, 'catkin_skip_building_tests': False, 'cmake_args': None, 'cmake_clean_cache': False, 'cmake_clean_first': False, 'cmake_force_configure': False, 'cmake_target': None, 'cmake_target_skip_unavailable': False, 'install_base': '/root/mqtt_goal_ws/install/mqtt_navigation', 'merge_install': False, 'meson_args': [], 'path': '/root/mqtt_goal_ws/src/mqtt_navigation', 'symlink_install': False, 'test_result_base': None}
[6.287s] INFO:colcon.colcon_core.executor:Executing jobs using 'parallel' executor
[6.295s] DEBUG:colcon.colcon_parallel_executor.executor.parallel:run_until_complete
[6.297s] INFO:colcon.colcon_ros.task.ament_python.build:Building ROS package in '/root/mqtt_goal_ws/src/mqtt_navigation' with build type 'ament_python'
[6.299s] Level 1:colcon.colcon_core.shell:create_environment_hook('mqtt_navigation', 'ament_prefix_path')
[6.346s] INFO:colcon.colcon_core.plugin_system:Skipping extension 'colcon_core.shell.bat': Not used on non-Windows systems
[6.347s] INFO:colcon.colcon_core.shell:Creating environment hook '/root/mqtt_goal_ws/install/mqtt_navigation/share/mqtt_navigation/hook/ament_prefix_path.ps1'
[6.354s] INFO:colcon.colcon_core.shell:Creating environment descriptor '/root/mqtt_goal_ws/install/mqtt_navigation/share/mqtt_navigation/hook/ament_prefix_path.dsv'
[6.358s] INFO:colcon.colcon_core.shell:Creating environment hook '/root/mqtt_goal_ws/install/mqtt_navigation/share/mqtt_navigation/hook/ament_prefix_path.sh'
[6.366s] DEBUG:colcon.colcon_ros_domain_id_coordinator.shell.ros_domain_id:Allocated ROS_DOMAIN_ID=55 for '/root/mqtt_goal_ws/build/mqtt_navigation'
[6.366s] INFO:colcon.colcon_core.shell:Skip shell extension 'ros_domain_id' for command environment: 
[6.367s] INFO:colcon.colcon_core.shell:Skip shell extension 'powershell' for command environment: Not usable outside of PowerShell
[6.367s] DEBUG:colcon.colcon_core.shell:Skip shell extension 'dsv' for command environment
[8.810s] INFO:colcon.colcon_core.task.python.build:Building Python package in '/root/mqtt_goal_ws/src/mqtt_navigation'
[8.812s] DEBUG:colcon.colcon_ros_domain_id_coordinator.shell.ros_domain_id:Allocated ROS_DOMAIN_ID=55 for '/root/mqtt_goal_ws/build/mqtt_navigation'
[8.813s] INFO:colcon.colcon_core.shell:Skip shell extension 'ros_domain_id' for command environment: 
[8.813s] INFO:colcon.colcon_core.shell:Skip shell extension 'powershell' for command environment: Not usable outside of PowerShell
[8.814s] DEBUG:colcon.colcon_core.shell:Skip shell extension 'dsv' for command environment
[12.290s] DEBUG:colcon.colcon_core.event_handler.log_command:Invoking command in '/root/mqtt_goal_ws/src/mqtt_navigation': PYTHONPATH=/root/mqtt_goal_ws/build/mqtt_navigation/prefix_override:/usr/lib/python3/dist-packages/colcon_core/task/python/colcon_distutils_commands:/root/mqtt_goal_ws/install/mqtt_navigation/lib/python3.10/site-packages:${PYTHONPATH} /usr/bin/python3 -W ignore:setup.py install is deprecated -W ignore:easy_install command is deprecated setup.py egg_info --egg-base ../../build/mqtt_navigation build --build-base /root/mqtt_goal_ws/build/mqtt_navigation/build install --record /root/mqtt_goal_ws/build/mqtt_navigation/install.log --single-version-externally-managed install_data
[15.480s] DEBUG:colcon.colcon_core.event_handler.log_command:Invoked command in '/root/mqtt_goal_ws/src/mqtt_navigation' returned '0': PYTHONPATH=/root/mqtt_goal_ws/build/mqtt_navigation/prefix_override:/usr/lib/python3/dist-packages/colcon_core/task/python/colcon_distutils_commands:/root/mqtt_goal_ws/install/mqtt_navigation/lib/python3.10/site-packages:${PYTHONPATH} /usr/bin/python3 -W ignore:setup.py install is deprecated -W ignore:easy_install command is deprecated setup.py egg_info --egg-base ../../build/mqtt_navigation build --build-base /root/mqtt_goal_ws/build/mqtt_navigation/build install --record /root/mqtt_goal_ws/build/mqtt_navigation/install.log --single-version-externally-managed install_data
[15.515s] Level 1:colcon.colcon_core.environment:checking '/root/mqtt_goal_ws/install/mqtt_navigation' for CMake module files
[15.519s] Level 1:colcon.colcon_core.environment:checking '/root/mqtt_goal_ws/install/mqtt_navigation' for CMake config files
[15.524s] Level 1:colcon.colcon_core.environment:checking '/root/mqtt_goal_ws/install/mqtt_navigation/lib'
[15.526s] Level 1:colcon.colcon_core.environment:checking '/root/mqtt_goal_ws/install/mqtt_navigation/bin'
[15.526s] Level 1:colcon.colcon_core.environment:checking '/root/mqtt_goal_ws/install/mqtt_navigation/lib/pkgconfig/mqtt_navigation.pc'
[15.528s] Level 1:colcon.colcon_core.environment:checking '/root/mqtt_goal_ws/install/mqtt_navigation/lib/python3.10/site-packages'
[15.529s] Level 1:colcon.colcon_core.shell:create_environment_hook('mqtt_navigation', 'pythonpath')
[15.532s] INFO:colcon.colcon_core.shell:Creating environment hook '/root/mqtt_goal_ws/install/mqtt_navigation/share/mqtt_navigation/hook/pythonpath.ps1'
[15.536s] INFO:colcon.colcon_core.shell:Creating environment descriptor '/root/mqtt_goal_ws/install/mqtt_navigation/share/mqtt_navigation/hook/pythonpath.dsv'
[15.540s] INFO:colcon.colcon_core.shell:Creating environment hook '/root/mqtt_goal_ws/install/mqtt_navigation/share/mqtt_navigation/hook/pythonpath.sh'
[15.545s] Level 1:colcon.colcon_core.environment:checking '/root/mqtt_goal_ws/install/mqtt_navigation/bin'
[15.546s] Level 1:colcon.colcon_core.environment:create_environment_scripts_only(mqtt_navigation)
[15.550s] INFO:colcon.colcon_core.shell:Creating package script '/root/mqtt_goal_ws/install/mqtt_navigation/share/mqtt_navigation/package.ps1'
[15.560s] INFO:colcon.colcon_core.shell:Creating package descriptor '/root/mqtt_goal_ws/install/mqtt_navigation/share/mqtt_navigation/package.dsv'
[15.566s] INFO:colcon.colcon_core.shell:Creating package script '/root/mqtt_goal_ws/install/mqtt_navigation/share/mqtt_navigation/package.sh'
[15.573s] INFO:colcon.colcon_core.shell:Creating package script '/root/mqtt_goal_ws/install/mqtt_navigation/share/mqtt_navigation/package.bash'
[15.579s] INFO:colcon.colcon_core.shell:Creating package script '/root/mqtt_goal_ws/install/mqtt_navigation/share/mqtt_navigation/package.zsh'
[15.586s] Level 1:colcon.colcon_core.environment:create_file_with_runtime_dependencies(/root/mqtt_goal_ws/install/mqtt_navigation/share/colcon-core/packages/mqtt_navigation)
[15.589s] DEBUG:colcon.colcon_parallel_executor.executor.parallel:closing loop
[15.590s] DEBUG:colcon.colcon_ros_domain_id_coordinator.shell.ros_domain_id:Released ROS_DOMAIN_ID=55 for '/root/mqtt_goal_ws/build/mqtt_navigation'
[15.590s] DEBUG:colcon.colcon_parallel_executor.executor.parallel:loop closed
[15.592s] DEBUG:colcon.colcon_parallel_executor.executor.parallel:run_until_complete finished with '0'
[15.594s] DEBUG:colcon.colcon_core.event_reactor:joining thread
[15.653s] INFO:colcon.colcon_core.plugin_system:Skipping extension 'colcon_notification.desktop_notification.notify_send': Could not find 'notify-send'
[15.654s] INFO:colcon.colcon_core.plugin_system:Skipping extension 'colcon_notification.desktop_notification.terminal_notifier': Not used on non-Darwin systems
[15.655s] INFO:colcon.colcon_core.plugin_system:Skipping extension 'colcon_notification.desktop_notification.win32': Not used on non-Windows systems
[15.656s] INFO:colcon.colcon_notification.desktop_notification:Sending desktop notification using 'notify2'
[40.764s] DEBUG:colcon.colcon_notification.desktop_notification.notify2:Failed to initialize notify2: org.freedesktop.DBus.Error.NoReply: Did not receive a reply. Possible causes include: the remote application did not send a reply, the message bus security policy blocked the reply, the reply timeout expired, or the network connection was broken.
[40.764s] DEBUG:colcon.colcon_core.event_reactor:joined thread
[40.766s] INFO:colcon.colcon_core.shell:Creating prefix script '/root/mqtt_goal_ws/install/local_setup.ps1'
[40.774s] INFO:colcon.colcon_core.shell:Creating prefix util module '/root/mqtt_goal_ws/install/_local_setup_util_ps1.py'
[40.785s] INFO:colcon.colcon_core.shell:Creating prefix chain script '/root/mqtt_goal_ws/install/setup.ps1'
[40.804s] INFO:colcon.colcon_core.shell:Creating prefix script '/root/mqtt_goal_ws/install/local_setup.sh'
[40.812s] INFO:colcon.colcon_core.shell:Creating prefix util module '/root/mqtt_goal_ws/install/_local_setup_util_sh.py'
[40.821s] INFO:colcon.colcon_core.shell:Creating prefix chain script '/root/mqtt_goal_ws/install/setup.sh'
[40.838s] INFO:colcon.colcon_core.shell:Creating prefix script '/root/mqtt_goal_ws/install/local_setup.bash'
[40.842s] INFO:colcon.colcon_core.shell:Creating prefix chain script '/root/mqtt_goal_ws/install/setup.bash'
[40.858s] INFO:colcon.colcon_core.shell:Creating prefix script '/root/mqtt_goal_ws/install/local_setup.zsh'
[40.864s] INFO:colcon.colcon_core.shell:Creating prefix chain script '/root/mqtt_goal_ws/install/setup.zsh'
[40.883s] INFO:colcon.colcon_core.shell:Creating '/root/mqtt_goal_ws/install/spawn_shell.bash'
